Log file open, 05/13/16 15:27:15
LogInit:Display: Running engine for game: MechProject2
LogPlatformFile: Not using cached read wrapper
LogInit:Display: RandInit(-1482690703) SRandInit(-1482690702).
LogTaskGraph: Started task graph with 4 named threads and 11 total threads.
LogStats: Stats thread started at 0.127873
LogInit: Version: 4.11.2-2946394+++UE4+Release-4.11
LogInit: API Version: 2927265
LogInit: Compiled (64-bit): Apr 18 2016 02:18:46
LogInit: Compiled with Visual C++: 19.00.23026.00
LogInit: Build Configuration: Development
LogInit: Branch Name: ++UE4+Release-4.11
LogInit: Command line:  
LogInit: Base directory: F:/Programs/Epic Games/4.11/Engine/Binaries/Win64/
LogInit: Installed Engine Build: 1
LogInit: Using libcurl 7.41.0
LogInit:  - built for x86_64-pc-win32
LogInit:  - supports SSL with WinSSL
LogInit:  - other features:
LogInit:      CURL_VERSION_SSL
LogInit:      CURL_VERSION_IPV6
LogInit:      CURL_VERSION_ASYNCHDNS
LogInit:      CURL_VERSION_LARGEFILE
LogInit:      CURL_VERSION_IDN
LogInit:  CurlRequestOptions (configurable via config and command line):
LogInit:  - bVerifyPeer = true  - Libcurl will verify peer certificate
LogInit:  - bUseHttpProxy = false  - Libcurl will NOT use HTTP proxy
LogInit:  - bDontReuseConnections = false  - Libcurl will reuse connections
LogInit:  - CertBundlePath = nullptr  - Libcurl will use whatever was configured at build time.
LogInit: Presizing for max 16777216 objects, including 0 objects not considered by GC, pre-allocating 0 bytes for permanent pool.
LogInit: Object subsystem initialized
[2016.05.13-19.27.15:919][  0]LogInit: Selected Device Profile: [Windows]
[2016.05.13-19.27.15:919][  0]LogInit: Applying CVar settings loaded from the selected device profile: [Windows]
[2016.05.13-19.27.15:933][  0]LogInit: Computer: Z600-PC
[2016.05.13-19.27.15:933][  0]LogInit: User: Z600
[2016.05.13-19.27.15:933][  0]LogInit: CPU Page size=65536, Cores=8
[2016.05.13-19.27.15:933][  0]LogInit: High frequency timer resolution =2.597705 MHz
[2016.05.13-19.27.15:933][  0]LogMemory: Memory total: Physical=12.0GB (12GB approx)
[2016.05.13-19.27.15:933][  0]LogMemory: Platform Memory Stats for Windows
[2016.05.13-19.27.15:933][  0]LogMemory: Process Physical Memory: 316.10 MB used, 316.10 MB peak
[2016.05.13-19.27.15:933][  0]LogMemory: Process Virtual Memory: 319.94 MB used, 319.94 MB peak
[2016.05.13-19.27.15:933][  0]LogMemory: Physical Memory: 4967.21 MB used, 12271.22 MB total
[2016.05.13-19.27.15:933][  0]LogMemory: Virtual Memory: 622.92 MB used, 8388608.00 MB total
[2016.05.13-19.27.16:020][  0]LogTextLocalizationManager: No specific translations for ('en-US') exist, so ('en') translations will be used.
[2016.05.13-19.27.16:568][  0]LogD3D11RHI: D3D11 adapters:
[2016.05.13-19.27.16:592][  0]LogD3D11RHI:    0. 'NVIDIA GeForce GTX 750 Ti' (Feature Level 11_0)
[2016.05.13-19.27.16:592][  0]LogD3D11RHI:       1992MB of dedicated video memory, 0MB of dedicated system memory, and 2048MB of shared system memory, 2 output[s]
[2016.05.13-19.27.16:592][  0]LogD3D11RHI: Chosen D3D11 Adapter: 0
[2016.05.13-19.27.16:597][  0]LogD3D11RHI: Creating new Direct3DDevice
[2016.05.13-19.27.16:597][  0]LogD3D11RHI:     Adapter Name: NVIDIA GeForce GTX 750 Ti
[2016.05.13-19.27.16:597][  0]LogD3D11RHI:   Driver Version: Unknown (internal Unknown)
[2016.05.13-19.27.16:597][  0]LogD3D11RHI:      Driver Date: Unknown
[2016.05.13-19.27.16:598][  0]LogRHI: Texture pool is 1361 MB (70% of 1945 MB)
[2016.05.13-19.27.16:612][  0]LogD3D11RHI: Async texture creation enabled
[2016.05.13-19.27.16:629][  0]LogShaderCompilers: Guid format shader working directory is 0 characters bigger than the processId version (../../../../../../UnrealProjects/MechProject2/Intermediate/Shaders/WorkingDirectory/4604/).
[2016.05.13-19.27.16:629][  0]LogShaderCompilers: Cleaned the shader compiler working directory 'C:/Users/Z600/AppData/Local/Temp/UnrealShaderWorkingDir/3E0E50AD4BB0574FC41C21AF7AB1CA14/'.
[2016.05.13-19.27.16:629][  0]LogShaderCompilers:Display: Using Local Shader Compiler.
[2016.05.13-19.27.18:295][  0]LogTemp:Display: Loaded TP AllDesktopTargetPlatform
[2016.05.13-19.27.18:302][  0]LogTemp:Display: Loaded TP WindowsClientTargetPlatform
[2016.05.13-19.27.18:309][  0]LogTemp:Display: Loaded TP WindowsNoEditorTargetPlatform
[2016.05.13-19.27.18:315][  0]LogTemp:Display: Loaded TP WindowsServerTargetPlatform
[2016.05.13-19.27.18:321][  0]LogTemp:Display: Loaded TP WindowsTargetPlatform
[2016.05.13-19.27.18:326][  0]LogTemp:Display: Loaded TP AndroidTargetPlatform
[2016.05.13-19.27.18:331][  0]LogTemp:Display: Loaded TP Android_ASTCTargetPlatform
[2016.05.13-19.27.18:336][  0]LogTemp:Display: Loaded TP Android_ATCTargetPlatform
[2016.05.13-19.27.18:341][  0]LogTemp:Display: Loaded TP Android_DXTTargetPlatform
[2016.05.13-19.27.18:346][  0]LogTemp:Display: Loaded TP Android_ETC1TargetPlatform
[2016.05.13-19.27.18:351][  0]LogTemp:Display: Loaded TP Android_ETC2TargetPlatform
[2016.05.13-19.27.18:367][  0]LogTemp:Display: Loaded TP Android_MultiTargetPlatform
[2016.05.13-19.27.18:367][  0]LogTemp:Display: Loaded TP Android_PVRTCTargetPlatform
[2016.05.13-19.27.18:370][  0]LogTemp:Display: Loaded TP HTML5TargetPlatform
[2016.05.13-19.27.18:392][  0]LogTemp:Display: Loaded TP IOSTargetPlatform
[2016.05.13-19.27.18:396][  0]LogTemp:Display: Loaded TP TVOSTargetPlatform
[2016.05.13-19.27.18:401][  0]LogTemp:Display: Loaded TP LinuxNoEditorTargetPlatform
[2016.05.13-19.27.18:405][  0]LogTemp:Display: Loaded TP LinuxServerTargetPlatform
[2016.05.13-19.27.18:410][  0]LogTemp:Display: Loaded TP LinuxTargetPlatform
[2016.05.13-19.27.18:410][  0]LogTargetPlatformManager:Display: Building Assets For Windows
[2016.05.13-19.27.18:541][  0]LogDerivedDataCache:Display: Max Cache Size: 512 MB
[2016.05.13-19.27.19:231][  0]LogDerivedDataCache: Loaded boot cache 0.69s 46MB C:/Users/Z600/AppData/Local/UnrealEngine/4.11/DerivedDataCache/Boot.ddc.
[2016.05.13-19.27.19:232][  0]LogDerivedDataCache:Display: Loaded Boot cache: C:/Users/Z600/AppData/Local/UnrealEngine/4.11/DerivedDataCache/Boot.ddc
[2016.05.13-19.27.19:232][  0]LogDerivedDataCache: FDerivedDataBackendGraph:  Pak pak cache file ../../../../../../UnrealProjects/MechProject2/DerivedDataCache/DDC.ddp not found, will not use a pak cache.
[2016.05.13-19.27.19:232][  0]LogDerivedDataCache: Unable to find inner node Pak for hierarchical cache Hierarchy.
[2016.05.13-19.27.19:232][  0]LogDerivedDataCache: FDerivedDataBackendGraph:  CompressedPak pak cache file ../../../../../../UnrealProjects/MechProject2/DerivedDataCache/Compressed.ddp not found, will not use a pak cache.
[2016.05.13-19.27.19:232][  0]LogDerivedDataCache: Unable to find inner node CompressedPak for hierarchical cache Hierarchy.
[2016.05.13-19.27.19:267][  0]LogDerivedDataCache:Display: Pak cache opened for reading ../../../Engine/DerivedDataCache/Compressed.ddp.
[2016.05.13-19.27.19:279][  0]LogDerivedDataCache: Using Local data cache path C:/Users/Z600/AppData/Local/UnrealEngine/Common/DerivedDataCache: Writable
[2016.05.13-19.27.19:588][  0]LogInit: Selected Device Profile: [Windows]
[2016.05.13-19.27.19:589][  0]LogContentStreaming: Texture pool size is 0.00 MB
[2016.05.13-19.27.19:648][  0]LogMaterial: Uniform references updated for custom material expression Custom.
[2016.05.13-19.27.19:880][  0]LogMeshUtilities: No automatic mesh reduction module available
[2016.05.13-19.27.19:880][  0]LogMeshUtilities: No automatic mesh merging module available
[2016.05.13-19.27.19:880][  0]LogMeshUtilities: No distributed automatic mesh merging module available
[2016.05.13-19.27.20:299][  0]LogUObjectArray: 27679 objects as part of root set at end of initial load.
[2016.05.13-19.27.20:299][  0]LogUObjectAllocator: 5591592 out of 0 bytes used by permanent object pool.
[2016.05.13-19.27.20:299][  0]LogUObjectArray: CloseDisregardForGC: 0/0 objects in disregard for GC pool
[2016.05.13-19.27.20:307][  0]LogInit: WinSock: version 1.1 (2.2), MaxSocks=32767, MaxUdp=65467
[2016.05.13-19.27.20:578][  0]LogSlate: SlateFontCache - WITH_FREETYPE: 1, WITH_HARFBUZZ: 1
[2016.05.13-19.27.20:578][  0]LogSlate: SlateFontCache - WITH_FREETYPE: 1, WITH_HARFBUZZ: 1
[2016.05.13-19.27.21:739][  0]LogStreaming:Warning: Failed to read file '../../../Engine/Content/Editor/Slate/Common/Selection_16x.png' error.
[2016.05.13-19.27.21:739][  0]LogSlate: Could not find file for Slate resource: ../../../Engine/Content/Editor/Slate/Common/Selection_16x.png
[2016.05.13-19.27.21:739][  0]LogStreaming:Warning: Failed to read file '../../../Engine/Content/Editor/Slate/Common/Selection_16x.png' error.
[2016.05.13-19.27.21:739][  0]LogSlate: Could not find file for Slate resource: ../../../Engine/Content/Editor/Slate/Common/Selection_16x.png
[2016.05.13-19.27.21:739][  0]LogStreaming:Warning: Failed to read file '../../../Engine/Content/Editor/Slate/Common/Selection_16x.png' error.
[2016.05.13-19.27.21:739][  0]LogSlate: Could not find file for Slate resource: ../../../Engine/Content/Editor/Slate/Common/Selection_16x.png
[2016.05.13-19.27.25:667][  0]LogUdpMessaging: Initializing bridge on interface 0.0.0.0:0 to multicast group 230.0.0.1:6666.
[2016.05.13-19.27.25:916][  0]LogAssetRegistry: FAssetRegistry took 0.0206 seconds to start up
[2016.05.13-19.27.26:160][  0]SourceControl: Info Source control is disabled
[2016.05.13-19.27.26:173][  0]SourceControl: Info Source control is disabled
[2016.05.13-19.27.26:183][  0]SourceControl: Info Source control is disabled
[2016.05.13-19.27.26:194][  0]SourceControl: Info Source control is disabled
[2016.05.13-19.27.26:594][  0]LogHMD: Failed to initialize OpenVR with code 110
[2016.05.13-19.27.26:753][  0]LogEngine: Initializing Engine...
[2016.05.13-19.27.26:967][  0]LogAIModule: Creating AISystem for world NewWorld
[2016.05.13-19.27.26:980][  0]LogInit: XAudio2 using 'Speakers (Realtek High Definition Audio)' : 2 channels at 48 kHz using 32 bits per sample (channel mask 0x3)
[2016.05.13-19.27.26:995][  0]LogInit: FAudioDevice initialized.
[2016.05.13-19.27.27:039][  0]LogDerivedDataCache: Saved boot cache 0.04s 46MB C:/Users/Z600/AppData/Local/UnrealEngine/4.11/DerivedDataCache/Boot.ddc.
[2016.05.13-19.27.27:049][  0]LogInit: Texture streaming: Enabled
[2016.05.13-19.27.27:094][  0]LogInit: Transaction tracking system initialized
[2016.05.13-19.27.27:128][  0]BlueprintLog: New page: Editor Load
[2016.05.13-19.27.27:289][  0]LocalizationService: Info Localization service is disabled
[2016.05.13-19.27.27:577][  0]LogConsoleResponse:Display: 
[2016.05.13-19.27.27:846][  0]LogCook:Display: Max memory allowance for cook 8192mb
[2016.05.13-19.27.27:846][  0]LogCook:Display: Mobile HDR setting 1
[2016.05.13-19.27.27:846][  0]LogCook:Display: Done creating registry. It took  0.00s.
[2016.05.13-19.27.28:192][  0]LogFileCache: Scanning file cache for directory 'F:/UnrealProjects/MechProject2/Content/' took 0.02s
[2016.05.13-19.27.28:192][  0]SourceControl: Info Source control is disabled
[2016.05.13-19.27.28:192][  0]Cmd: MAP LOAD FILE="../../../../../../UnrealProjects/MechProject2/Content/ThirdPersonBP/Maps/TutorialCourse.umap" TEMPLATE=0 SHOWPROGRESS=1 FEATURELEVEL=3
[2016.05.13-19.27.28:238][  0]LightingResults: New page: Lighting Build
[2016.05.13-19.27.28:242][  0]MapCheck: New page: Map Check
[2016.05.13-19.27.28:242][  0]LightingResults: New page: Lighting Build
[2016.05.13-19.27.41:092][  0]LogAIModule: Creating AISystem for world TutorialCourse
[2016.05.13-19.27.41:152][  0]LogEditorServer: Finished looking for orphan Actors (0.000 secs)
[2016.05.13-19.27.41:153][  0]Cmd: MAP CHECKDEP NOCLEARLOG
[2016.05.13-19.27.41:236][  0]MapCheck: Info Map check complete: 0 Error(s), 0 Warning(s), took 82.981ms to complete.
[2016.05.13-19.27.41:236][  0]LogFileHelpers: Loading map 'TutorialCourse' took 13.044
[2016.05.13-19.27.41:468][  0]LogCollectionManager: Loaded 0 collections in 0.001948 seconds
[2016.05.13-19.27.41:514][  0]LogFileCache: Scanning file cache for directory 'F:/UnrealProjects/MechProject2/Saved/Collections/' took 0.01s
[2016.05.13-19.27.41:514][  0]LogFileCache: Scanning file cache for directory 'F:/UnrealProjects/MechProject2/Content/Developers/Z600/Collections/' took 0.01s
[2016.05.13-19.27.41:514][  0]LogFileCache: Scanning file cache for directory 'F:/UnrealProjects/MechProject2/Content/Collections/' took 0.01s
[2016.05.13-19.27.41:514][  0]LogCollectionManager: Rebuilt the GUID cache for 0 collections in 0.000007 seconds
[2016.05.13-19.27.41:525][  0]LogContentBrowser: Native class hierarchy populated in 0.0108 seconds. Added 1979 classes and 343 folders.
[2016.05.13-19.27.41:530][  0]LogStats: UGameplayTagsManager::ConstructGameplayTagTree: Construct from data asset -  0.000 s
[2016.05.13-19.27.41:530][  0]LogStats: UGameplayTagsManager::ConstructGameplayTagTree: GameplayTagTreeChangedEvent.Broadcast -  0.000 s
[2016.05.13-19.27.41:531][  0]LogContentBrowser: Native class hierarchy updated for 'GameplayTags' in 0.0005 seconds. Added 12 classes and 0 folders.
[2016.05.13-19.27.41:536][  0]LogContentBrowser: Native class hierarchy updated for 'WidgetCarousel' in 0.0004 seconds. Added 0 classes and 0 folders.
[2016.05.13-19.27.41:720][  0]LogContentBrowser: Native class hierarchy updated for 'SuperSearch' in 0.0006 seconds. Added 1 classes and 2 folders.
[2016.05.13-19.27.44:040][  0]LogContentBrowser: Native class hierarchy updated for 'AddContentDialog' in 0.0007 seconds. Added 0 classes and 0 folders.
[2016.05.13-19.27.44:051][  0]LogContentBrowser: Native class hierarchy updated for 'SceneOutliner' in 0.0009 seconds. Added 1 classes and 2 folders.
[2016.05.13-19.27.44:305][  0]LogCrashTracker: Crashtracker disabled due to settings.
[2016.05.13-19.27.44:313][  0]LogUObjectGlobals:Warning: Failed to find object 'Class None.'
[2016.05.13-19.27.44:345][  0]LogContentBrowser: Native class hierarchy updated for 'HierarchicalLODOutliner' in 0.0007 seconds. Added 1 classes and 2 folders.
[2016.05.13-19.27.44:345][  0]LogLoad: Full Startup: 32.32 seconds (BP compile: 1.30 seconds)
[2016.05.13-19.27.44:345][  0]LogExternalProfiler:Warning: No registered external profiler was matched with a command-line switch (or the DLL could not be loaded).  External profiling features will not be available.
[2016.05.13-19.27.44:355][  0]LogOcInput: OculusInput pre-init called
[2016.05.13-19.27.44:406][  0]LogContentStreaming: Texture pool size now 1000 MB
[2016.05.13-19.27.44:661][  0]LogRenderer: Reallocating scene render targets to support 1204x576 (Frame:2).
[2016.05.13-19.27.46:007][ 72]LogAssetRegistry: Asset discovery search completed in 20.1101 seconds
[2016.05.13-19.27.46:007][ 72]LogCollectionManager: Rebuilt the object cache for 0 collections in 0.000002 seconds (found 0 objects)
[2016.05.13-19.27.46:007][ 72]LogCollectionManager: Fixed up redirectors for 0 collections in 0.000168 seconds (updated 0 objects)
[2016.05.13-19.27.49:812][237]LogPlayLevel: PlayLevel: No blueprints needed recompiling
[2016.05.13-19.27.49:860][237]PIE: New page: PIE session: TutorialCourse (May 13, 2016, 10:27:49 AM)
[2016.05.13-19.27.49:860][237]LogPlayLevel: Creating play world package: /Game/ThirdPersonBP/Maps/UEDPIE_0_TutorialCourse
[2016.05.13-19.27.49:878][237]LogPlayLevel: PIE: StaticDuplicateObject took: (0.017668s)
[2016.05.13-19.27.49:881][237]LogAIModule: Creating AISystem for world TutorialCourse
[2016.05.13-19.27.49:881][237]LogPlayLevel: PIE: World Init took: (0.002946s)
[2016.05.13-19.27.49:881][237]LogPlayLevel: PIE: Created PIE world by copying editor world from /Game/ThirdPersonBP/Maps/TutorialCourse.TutorialCourse to /Game/ThirdPersonBP/Maps/UEDPIE_0_TutorialCourse.TutorialCourse (0.020904s)
[2016.05.13-19.27.49:881][237]LogActorComponent: UnregisterComponent: (/Engine/Transient.CharMoveComp) Not registered. Aborting.
[2016.05.13-19.27.50:026][237]LogInit: XAudio2 using 'Speakers (Realtek High Definition Audio)' : 2 channels at 48 kHz using 32 bits per sample (channel mask 0x3)
[2016.05.13-19.27.50:039][237]LogInit: FAudioDevice initialized.
[2016.05.13-19.28.13:221][237]LogWorld: Game class is 'MechGame_C'
[2016.05.13-19.28.13:239][237]LogWorld: Bringing World /Game/ThirdPersonBP/Maps/UEDPIE_0_TutorialCourse.TutorialCourse up for play (max tick rate 3) at 2016.05.13-15.28.13
[2016.05.13-19.28.13:242][237]LogBlueprintUserMessages: [MechChara2_1583] wallruncollide
[2016.05.13-19.28.13:244][237]LogBlueprintUserMessages: [MechChara_1164] wallruncollide
[2016.05.13-19.28.13:244][237]LogWorld: Bringing up level for play took: 0.018451
[2016.05.13-19.28.13:246][237]LogSpawn:Warning: SpawnActor failed because no class was specified
[2016.05.13-19.28.13:250][237]LogContentBrowser: Native class hierarchy updated for 'MovieSceneCapture' in 0.0005 seconds. Added 9 classes and 0 folders.
[2016.05.13-19.28.13:255][237]LogBlueprintUserMessages: [MechChara_C_50] wallruncollide
[2016.05.13-19.28.13:270][237]PIE: Info Play in editor start time for /Game/ThirdPersonBP/Maps/UEDPIE_0_TutorialCourse 23.881
[2016.05.13-19.28.13:327][238]LogRenderer: Reallocating scene render targets to support 1280x720 (Frame:240).
[2016.05.13-19.28.33:785][ 22]Cmd: MAP LOAD FILE="../../../../../../UnrealProjects/MechProject2/Content/ThirdPersonBP/Maps/DEMOmap.umap" TEMPLATE=0 SHOWPROGRESS=1 FEATURELEVEL=3
[2016.05.13-19.28.33:839][ 22]LightingResults: New page: Lighting Build
[2016.05.13-19.28.33:866][ 22]LoadErrors: New page: Loading map: DEMOmap.umap
[2016.05.13-19.28.33:867][ 22]MapCheck: New page: Map Check
[2016.05.13-19.28.33:867][ 22]LightingResults: New page: Lighting Build
[2016.05.13-19.28.34:184][ 22]LogAIModule: Creating AISystem for world DEMOmap
[2016.05.13-19.28.34:193][ 22]LogMaterial:Warning: Material /Game/StarterContent/Materials/M_Basic_Floor.M_Basic_Floor needed to have new flag set bUsedWithSkeletalMesh !
[2016.05.13-19.28.34:201][ 22]LogMaterial: Missing cached shader map for material M_Basic_Floor, compiling. 
[2016.05.13-19.28.34:286][ 22]MapCheck:Warning: Warning M_Basic_Floor Material /Game/StarterContent/Materials/M_Basic_Floor.M_Basic_Floor was missing the usage flag bUsedWithSkeletalMesh. If the material asset is not re-saved, it may not render correctly when run outside the editor. Fix
[2016.05.13-19.28.34:290][ 22]LogMaterial: 0.00 seconds spent updating 1 materials, 1 interfaces, 0 instances, 0 with static permutations.
[2016.05.13-19.28.34:579][ 22]LogEditorServer: Finished looking for orphan Actors (0.000 secs)
[2016.05.13-19.28.34:621][ 22]Cmd: MAP CHECKDEP NOCLEARLOG
[2016.05.13-19.28.34:704][ 22]MapCheck: Info Map check complete: 0 Error(s), 1 Warning(s), took 83.496ms to complete.
[2016.05.13-19.28.34:713][ 22]LogFileHelpers: Loading map 'DEMOmap' took 0.930
[2016.05.13-19.28.43:652][796]LogPlayLevel: PlayLevel: No blueprints needed recompiling
[2016.05.13-19.28.43:652][796]PIE: New page: PIE session: DEMOmap (May 13, 2016, 10:28:43 AM)
[2016.05.13-19.28.43:652][796]LogPlayLevel: Creating play world package: /Game/ThirdPersonBP/Maps/UEDPIE_0_DEMOmap
[2016.05.13-19.28.43:687][796]LogPlayLevel: PIE: StaticDuplicateObject took: (0.034531s)
[2016.05.13-19.28.43:687][796]LogAIModule: Creating AISystem for world DEMOmap
[2016.05.13-19.28.43:688][796]LogPlayLevel: PIE: World Init took: (0.000874s)
[2016.05.13-19.28.43:688][796]LogPlayLevel: PIE: Created PIE world by copying editor world from /Game/ThirdPersonBP/Maps/DEMOmap.DEMOmap to /Game/ThirdPersonBP/Maps/UEDPIE_0_DEMOmap.DEMOmap (0.035663s)
[2016.05.13-19.28.43:719][796]LogInit: XAudio2 using 'Speakers (Realtek High Definition Audio)' : 2 channels at 48 kHz using 32 bits per sample (channel mask 0x3)
[2016.05.13-19.28.43:731][796]LogInit: FAudioDevice initialized.
[2016.05.13-19.28.43:785][796]LogWorld: Game class is 'MechGame_C'
[2016.05.13-19.28.43:941][796]LogWorld: Bringing World /Game/ThirdPersonBP/Maps/UEDPIE_0_DEMOmap.DEMOmap up for play (max tick rate 0) at 2016.05.13-15.28.43
[2016.05.13-19.28.43:943][796]LogBlueprintUserMessages: [MechChara11_4728] wallruncollide
[2016.05.13-19.28.43:944][796]LogBlueprintUserMessages: [MechChara10_4327] wallruncollide
[2016.05.13-19.28.43:946][796]LogBlueprintUserMessages: [MechChara12_5016] wallruncollide
[2016.05.13-19.28.43:947][796]LogBlueprintUserMessages: [MechChara13_5588] wallruncollide
[2016.05.13-19.28.43:948][796]LogBlueprintUserMessages: [MechChara14] wallruncollide
[2016.05.13-19.28.43:949][796]LogBlueprintUserMessages: [MechChara15] wallruncollide
[2016.05.13-19.28.43:950][796]LogBlueprintUserMessages: [MechChara16] wallruncollide
[2016.05.13-19.28.43:951][796]LogBlueprintUserMessages: [MechChara17] wallruncollide
[2016.05.13-19.28.43:952][796]LogBlueprintUserMessages: [MechChara2] wallruncollide
[2016.05.13-19.28.43:953][796]LogBlueprintUserMessages: [MechChara3] wallruncollide
[2016.05.13-19.28.43:954][796]LogBlueprintUserMessages: [MechChara4_17492] wallruncollide
[2016.05.13-19.28.43:955][796]LogBlueprintUserMessages: [MechChara5] wallruncollide
[2016.05.13-19.28.43:956][796]LogBlueprintUserMessages: [MechChara5] wallruncollide
[2016.05.13-19.28.43:956][796]LogBlueprintUserMessages: [MechChara6] wallruncollide
[2016.05.13-19.28.43:957][796]LogBlueprintUserMessages: [MechChara7] wallruncollide
[2016.05.13-19.28.43:959][796]LogBlueprintUserMessages: [MechChara8_441] wallruncollide
[2016.05.13-19.28.43:960][796]LogBlueprintUserMessages: [MechChara9_3888] wallruncollide
[2016.05.13-19.28.43:961][796]LogBlueprintUserMessages: [MechChara_5996] wallruncollide
[2016.05.13-19.28.43:962][796]LogWorld: Bringing up level for play took: 0.173368
[2016.05.13-19.28.43:963][796]LogSpawn:Warning: SpawnActor failed because no class was specified
[2016.05.13-19.28.43:968][796]LogBlueprintUserMessages: [MechChara_C_442] wallruncollide
[2016.05.13-19.28.44:000][796]PIE: Info Play in editor start time for /Game/ThirdPersonBP/Maps/UEDPIE_0_DEMOmap 0.61
[2016.05.13-19.29.44:656][618]LogBlueprintUserMessages: [MechChara_C_442] wallruncollide
[2016.05.13-19.29.44:656][618]LogBlueprintUserMessages: [MechChara_C_442] leftOn
[2016.05.13-19.29.44:800][625]LogBlueprintUserMessages: [MechChara_C_442] LeftOff
[2016.05.13-19.30.05:612][618]LogBlueprintUserMessages: [MechChara_C_442] wallruncollide
[2016.05.13-19.30.05:612][618]LogBlueprintUserMessages: [MechChara_C_442] RightOn
[2016.05.13-19.30.05:801][627]LogBlueprintUserMessages: [MechChara_C_442] Hello
[2016.05.13-19.30.06:578][664]LogBlueprintUserMessages: [MechChara_C_442] RightOff
[2016.05.13-19.30.06:799][675]LogBlueprintUserMessages: [MechChara_C_442] 1
[2016.05.13-19.30.07:070][688]LogBlueprintUserMessages: [MechChara_C_442] wallruncollide
[2016.05.13-19.30.07:070][688]LogBlueprintUserMessages: [MechChara_C_442] leftOn
[2016.05.13-19.30.07:315][700]LogBlueprintUserMessages: [MechChara_C_442] LeftOff
[2016.05.13-19.30.08:916][777]LogBlueprintUserMessages: [MechChara_C_442] wallruncollide
[2016.05.13-19.30.08:916][777]LogBlueprintUserMessages: [MechChara_C_442] leftOn
[2016.05.13-19.30.09:215][792]LogBlueprintUserMessages: [MechChara_C_442] Hello
[2016.05.13-19.30.10:214][841]LogBlueprintUserMessages: [MechChara_C_442] 1
[2016.05.13-19.30.11:656][911]LogBlueprintUserMessages: [MechChara_C_442] LeftOff
[2016.05.13-19.30.21:040][362]LogBlueprintUserMessages: [MechChara_C_442] No Target
[2016.05.13-19.30.23:410][476]LogBlueprintUserMessages: [MechChara_C_442] No Target
[2016.05.13-19.30.23:697][489]LogBlueprintUserMessages: [MechChara_C_442] No Target
[2016.05.13-19.30.23:915][499]LogBlueprintUserMessages: [MechChara_C_442] No Target
[2016.05.13-19.30.24:148][510]LogBlueprintUserMessages: [MechChara_C_442] No Target
[2016.05.13-19.30.24:418][522]LogBlueprintUserMessages: [MechChara_C_442] No Target
[2016.05.13-19.30.24:805][529]LogBlueprintUserMessages: [MechChara_C_442] wallruncollide
[2016.05.13-19.30.24:805][529]LogBlueprintUserMessages: [MechChara2] wallruncollide
[2016.05.13-19.30.24:839][530]LogBlueprintUserMessages: [MechChara_C_442] Control
[2016.05.13-19.30.24:862][530]LogScript:Warning: Accessed None trying to read property CallFunc_GetController_ReturnValue
	MechChara_C /Game/ThirdPersonBP/Maps/UEDPIE_0_DEMOmap.DEMOmap:PersistentLevel.MechChara_C_442
	Function /Game/MechaInsurgent/MechaInsurgent/MechChara.MechChara_C:ExecuteUbergraph_MechChara:6254
[2016.05.13-19.30.24:862][530]PIE:Error: Error Blueprint Runtime Error: Accessed None trying to read property CallFunc_GetController_ReturnValue from function: 'ExecuteUbergraph_MechChara' from node: Set Control Rotation in graph: EventGraph in object: MechChara
[2016.05.13-19.30.28:401][697]LogBlueprintUserMessages: [MechChara_5996] wallruncollide
[2016.05.13-19.30.28:401][697]LogBlueprintUserMessages: [MechChara2] wallruncollide
[2016.05.13-19.30.28:424][698]LogBlueprintUserMessages: [MechChara_5996] wallruncollide
[2016.05.13-19.30.28:506][702]LogBlueprintUserMessages: [MechChara2] wallruncollide
[2016.05.13-19.30.28:634][708]LogBlueprintUserMessages: [MechChara_5996] wallruncollide
[2016.05.13-19.30.28:634][708]LogBlueprintUserMessages: [MechChara_C_442] wallruncollide
[2016.05.13-19.30.28:634][708]LogBlueprintUserMessages: [MechChara_5996] wallruncollide
[2016.05.13-19.30.28:655][709]LogBlueprintUserMessages: [MechChara_C_442] wallruncollide
[2016.05.13-19.30.29:066][728]LogBlueprintUserMessages: [MechChara_5996] wallruncollide
[2016.05.13-19.30.29:066][728]LogBlueprintUserMessages: [MechChara_C_442] wallruncollide
[2016.05.13-19.30.34:924][  2]LogBlueprintUserMessages: [MechChara_5996] Control
[2016.05.13-19.30.34:924][  2]LogScript:Warning: Accessed None trying to read property CallFunc_GetController_ReturnValue
	MechChara_C /Game/ThirdPersonBP/Maps/UEDPIE_0_DEMOmap.DEMOmap:PersistentLevel.MechChara_5996
	Function /Game/MechaInsurgent/MechaInsurgent/MechChara.MechChara_C:ExecuteUbergraph_MechChara:6254
[2016.05.13-19.30.34:924][  2]PIE:Error: Error Blueprint Runtime Error: Accessed None trying to read property CallFunc_GetController_ReturnValue from function: 'ExecuteUbergraph_MechChara' from node: Set Control Rotation in graph: EventGraph in object: MechChara
[2016.05.13-19.30.38:155][149]LogBlueprintUserMessages: [MechChara3] wallruncollide
[2016.05.13-19.30.38:661][172]LogBlueprintUserMessages: [MechChara3] wallruncollide
[2016.05.13-19.30.38:661][172]LogBlueprintUserMessages: [MechChara_C_442] wallruncollide
[2016.05.13-19.30.38:682][173]LogBlueprintUserMessages: [MechChara3] wallruncollide
[2016.05.13-19.30.38:682][173]LogBlueprintUserMessages: [MechChara_C_442] wallruncollide
[2016.05.13-19.30.38:704][174]LogBlueprintUserMessages: [MechChara3] wallruncollide
[2016.05.13-19.30.38:704][174]LogBlueprintUserMessages: [MechChara2] wallruncollide
[2016.05.13-19.30.38:752][176]LogBlueprintUserMessages: [MechChara3] wallruncollide
[2016.05.13-19.30.38:796][178]LogBlueprintUserMessages: [MechChara3] wallruncollide
[2016.05.13-19.30.38:796][178]LogBlueprintUserMessages: [MechChara_C_442] wallruncollide
[2016.05.13-19.30.39:459][208]LogBlueprintUserMessages: [MechChara3] No Target
[2016.05.13-19.30.39:921][228]LogBlueprintUserMessages: [MechChara3] No Target
[2016.05.13-19.30.39:985][231]LogBlueprintUserMessages: [MechChara3] wallruncollide
[2016.05.13-19.30.39:985][231]LogBlueprintUserMessages: [MechChara2] wallruncollide
[2016.05.13-19.30.40:028][233]LogBlueprintUserMessages: [MechChara3] wallruncollide
[2016.05.13-19.30.40:028][233]LogBlueprintUserMessages: [MechChara_C_442] wallruncollide
[2016.05.13-19.30.40:054][234]LogBlueprintUserMessages: [MechChara3] wallruncollide
[2016.05.13-19.30.40:401][250]LogBlueprintUserMessages: [MechChara_C_442] wallruncollide
[2016.05.13-19.30.40:820][269]LogBlueprintUserMessages: [MechChara3] wallruncollide
[2016.05.13-19.30.40:820][269]LogBlueprintUserMessages: [MechChara2] wallruncollide
[2016.05.13-19.30.41:578][303]LogBlueprintUserMessages: [MechChara3] wallruncollide
[2016.05.13-19.30.42:317][337]LogBlueprintUserMessages: [MechChara3] No Target
[2016.05.13-19.30.43:722][400]LogBlueprintUserMessages: [MechChara_5996] wallruncollide
[2016.05.13-19.30.43:722][400]LogBlueprintUserMessages: [MechChara3] wallruncollide
[2016.05.13-19.30.43:723][400]LogBlueprintUserMessages: [MechChara3] wallruncollide
[2016.05.13-19.30.43:723][400]LogBlueprintUserMessages: [MechChara_5996] wallruncollide
[2016.05.13-19.30.44:102][418]LogBlueprintUserMessages: [MechChara3] No Target
[2016.05.13-19.30.44:993][461]LogBlueprintUserMessages: [MechChara3] No Target
[2016.05.13-19.30.45:283][475]LogBlueprintUserMessages: [MechChara3] No Target
[2016.05.13-19.30.45:564][489]LogBlueprintUserMessages: [MechChara3] No Target
[2016.05.13-19.30.45:854][503]LogBlueprintUserMessages: [MechChara3] No Target
[2016.05.13-19.30.46:084][514]LogBlueprintUserMessages: [MechChara_5996] wallruncollide
[2016.05.13-19.30.46:084][514]LogBlueprintUserMessages: [MechChara3] wallruncollide
[2016.05.13-19.30.46:084][514]LogBlueprintUserMessages: [MechChara_5996] wallruncollide
[2016.05.13-19.30.46:104][515]LogBlueprintUserMessages: [MechChara3] wallruncollide
[2016.05.13-19.30.46:147][517]LogBlueprintUserMessages: [MechChara3] No Target
[2016.05.13-19.30.46:461][532]LogBlueprintUserMessages: [MechChara3] No Target
[2016.05.13-19.30.46:858][550]LogBlueprintUserMessages: [MechChara3] No Target
[2016.05.13-19.30.47:187][565]LogBlueprintUserMessages: [MechChara3] No Target
[2016.05.13-19.30.47:187][565]LogBlueprintUserMessages: [MechChara3] wallruncollide
[2016.05.13-19.30.47:187][565]LogBlueprintUserMessages: [MechChara_5996] wallruncollide
[2016.05.13-19.30.47:705][588]LogBlueprintUserMessages: [MechChara3] Control
[2016.05.13-19.30.47:705][588]LogScript:Warning: Accessed None trying to read property CallFunc_GetController_ReturnValue
	MechChara_C /Game/ThirdPersonBP/Maps/UEDPIE_0_DEMOmap.DEMOmap:PersistentLevel.MechChara3
	Function /Game/MechaInsurgent/MechaInsurgent/MechChara.MechChara_C:ExecuteUbergraph_MechChara:6254
[2016.05.13-19.30.47:706][588]PIE:Error: Error Blueprint Runtime Error: Accessed None trying to read property CallFunc_GetController_ReturnValue from function: 'ExecuteUbergraph_MechChara' from node: Set Control Rotation in graph: EventGraph in object: MechChara
[2016.05.13-19.30.54:089][883]LogBlueprintUserMessages: [MechChara_5996] wallruncollide
[2016.05.13-19.30.54:133][885]LogBlueprintUserMessages: [MechChara_5996] wallruncollide
[2016.05.13-19.30.54:133][885]LogBlueprintUserMessages: [MechChara_C_442] wallruncollide
[2016.05.13-19.30.54:155][886]LogBlueprintUserMessages: [MechChara_C_442] wallruncollide
[2016.05.13-19.30.54:199][888]LogBlueprintUserMessages: [MechChara_5996] wallruncollide
[2016.05.13-19.30.54:199][888]LogBlueprintUserMessages: [MechChara2] wallruncollide
[2016.05.13-19.30.54:221][889]LogBlueprintUserMessages: [MechChara2] wallruncollide
[2016.05.13-19.30.54:221][889]LogBlueprintUserMessages: [MechChara_5996] wallruncollide
[2016.05.13-19.30.54:401][897]LogBlueprintUserMessages: [MechChara_5996] wallruncollide
[2016.05.13-19.30.54:401][897]LogBlueprintUserMessages: [MechChara_C_442] wallruncollide
[2016.05.13-19.30.54:714][911]LogBlueprintUserMessages: [MechChara_5996] wallruncollide
[2016.05.13-19.30.54:714][911]LogBlueprintUserMessages: [MechChara_5996] wallruncollide
[2016.05.13-19.30.54:714][911]LogBlueprintUserMessages: [MechChara_C_442] wallruncollide
[2016.05.13-19.31.00:232][241]LogEditorViewport: Clicking on Actor (LMB): StaticMeshActor (Cube8)
[2016.05.13-19.31.01:897][330]Cmd: OBJ SAVEPACKAGE PACKAGE="/Game/ThirdPersonBP/Maps/DEMOmap" FILE="../../../../../../UnrealProjects/MechProject2/Content/ThirdPersonBP/Maps/DEMOmap.umap" SILENT=true AUTOSAVING=false KEEPDIRTY=false
[2016.05.13-19.31.01:901][330]LogActorComponent: UnregisterComponent: (/Engine/Transient.CharMoveComp) Not registered. Aborting.
[2016.05.13-19.31.02:316][330]LogSavePackage: Save=382.45ms
[2016.05.13-19.31.02:318][330]LogSavePackage: Moving '../../../../../../UnrealProjects/MechProject2/Saved/DEMOmap7096A6044D8FCCA04600B89155807C08.tmp' to '../../../../../../UnrealProjects/MechProject2/Content/ThirdPersonBP/Maps/DEMOmap.umap'
[2016.05.13-19.31.02:322][330]LogSavePackage: Total save time: 395.65ms
[2016.05.13-19.31.02:322][330]LogSavePackage:Display: Finished SavePackage ../../../../../../UnrealProjects/MechProject2/Content/ThirdPersonBP/Maps/DEMOmap.umap
[2016.05.13-19.38.33:590][ 10]LogContentBrowser: Native class hierarchy updated for 'BlueprintGraph' in 0.0016 seconds. Added 108 classes and 0 folders.
[2016.05.13-19.38.34:424][ 10]LogSkeletalMesh: InitArticulated: Bodies already created (/Engine/Transient.DebugSkelMeshComponent_0) - call TermArticulated first.
[2016.05.13-19.38.34:731][ 10]LogContentBrowser:Verbose: The majority of assets in the view are of type: AnimSequence
[2016.05.13-19.38.49:420][700]LogUObjectBase:Warning: Object is not registered
[2016.05.13-19.38.49:692][700]LogStats: FPlatformStackWalk::StackWalkAndDump -  0.272 s
[2016.05.13-19.38.49:692][700]LogOutputDevice:Warning: === Handled error: ===

Ensure condition failed: false [File:D:\BuildFarm\buildmachine_++UE4+Release-4.11\Engine\Source\Editor\UnrealEd\Private\Kismet2\KismetDebugUtilities.cpp] [Line: 925]
Error: Invalid (but non-null) property associated with pin; cannot get variable value
Stack: 
UE4Editor-Core.dll
UE4Editor-Core.dll
UE4Editor-Core.dll
UE4Editor-UnrealEd.dll
UE4Editor-BlueprintGraph.dll
UE4Editor-GraphEditor.dll
UE4Editor-GraphEditor.dll
UE4Editor-GraphEditor.dll
UE4Editor-GraphEditor.dll
UE4Editor-Slate.dll
UE4Editor-Slate.dll
UE4Editor-Slate.dll
UE4Editor-Slate.dll
UE4Editor-Slate.dll
UE4Editor-Slate.dll
UE4Editor-Core.dll
UE4Editor-Core.dll
UE4Editor-Core.dll
UE4Editor-Core.dll
USER32.dll
USER32.dll
UE4Editor-Core.dll
UE4Editor.exe
UE4Editor.exe
UE4Editor.exe
UE4Editor.exe
UE4Editor.exe
kernel32.dll
ntdll.dll
ntdll.dll

[2016.05.13-19.38.49:703][700]LogStats:                SubmitErrorReport -  0.010 s
[2016.05.13-19.38.55:071][700]LogStats:                    SendNewReport -  5.367 s
[2016.05.13-19.38.55:071][700]LogStats:             FDebug::EnsureFailed -  5.650 s
[2016.05.13-19.38.55:071][700]LogUObjectBase:Warning: Object is not registered
[2016.05.13-19.38.58:446][955]LogUObjectBase:Warning: Object is not registered
[2016.05.13-19.38.58:446][955]LogUObjectBase:Warning: Object is not registered
[2016.05.13-19.38.58:450][955]LogUObjectBase:Warning: Object is not registered
[2016.05.13-19.38.58:454][955]LogUObjectBase:Warning: Object is not registered
[2016.05.13-19.38.58:460][956]LogUObjectBase:Warning: Object is not registered
[2016.05.13-19.38.58:463][956]LogUObjectBase:Warning: Object is not registered
[2016.05.13-19.38.58:467][956]LogUObjectBase:Warning: Object is not registered
[2016.05.13-19.38.58:473][957]LogUObjectBase:Warning: Object is not registered
[2016.05.13-19.38.58:476][957]LogUObjectBase:Warning: Object is not registered
[2016.05.13-19.38.58:479][957]LogUObjectBase:Warning: Object is not registered
[2016.05.13-19.38.58:485][958]LogUObjectBase:Warning: Object is not registered
[2016.05.13-19.38.58:489][958]LogUObjectBase:Warning: Object is not registered
[2016.05.13-19.38.58:492][958]LogUObjectBase:Warning: Object is not registered
[2016.05.13-19.38.58:499][959]LogUObjectBase:Warning: Object is not registered
[2016.05.13-19.38.58:501][959]LogUObjectBase:Warning: Object is not registered
[2016.05.13-19.38.58:505][959]LogUObjectBase:Warning: Object is not registered
[2016.05.13-19.38.58:511][960]LogUObjectBase:Warning: Object is not registered
[2016.05.13-19.38.58:515][960]LogUObjectBase:Warning: Object is not registered
[2016.05.13-19.38.58:518][960]LogUObjectBase:Warning: Object is not registered
[2016.05.13-19.38.58:524][961]LogUObjectBase:Warning: Object is not registered
[2016.05.13-19.38.58:527][961]LogUObjectBase:Warning: Object is not registered
[2016.05.13-19.38.58:531][961]LogUObjectBase:Warning: Object is not registered
[2016.05.13-19.38.58:540][962]LogUObjectBase:Warning: Object is not registered
[2016.05.13-19.38.58:544][962]LogUObjectBase:Warning: Object is not registered
[2016.05.13-19.38.58:550][963]LogUObjectBase:Warning: Object is not registered
[2016.05.13-19.38.58:553][963]LogUObjectBase:Warning: Object is not registered
[2016.05.13-19.38.58:558][963]LogUObjectBase:Warning: Object is not registered
[2016.05.13-19.38.58:566][964]LogUObjectBase:Warning: Object is not registered
[2016.05.13-19.38.58:566][964]LogUObjectBase:Warning: Object is not registered
[2016.05.13-19.38.58:570][964]LogUObjectBase:Warning: Object is not registered
[2016.05.13-19.38.58:574][964]LogUObjectBase:Warning: Object is not registered
[2016.05.13-19.38.58:837][982]LogUObjectBase:Warning: Object is not registered
[2016.05.13-19.38.58:837][982]LogUObjectBase:Warning: Object is not registered
[2016.05.13-19.38.58:838][982]LogUObjectBase:Warning: Object is not registered
[2016.05.13-19.38.58:842][982]LogUObjectBase:Warning: Object is not registered
[2016.05.13-19.38.58:846][982]LogUObjectBase:Warning: Object is not registered
[2016.05.13-19.39.00:383][ 85]LogUObjectBase:Warning: Object is not registered
[2016.05.13-19.39.00:383][ 85]LogUObjectBase:Warning: Object is not registered
[2016.05.13-19.39.03:975][341]LogUObjectBase:Warning: Object is not registered
[2016.05.13-19.39.03:976][341]LogUObjectBase:Warning: Object is not registered
[2016.05.13-19.39.03:977][341]LogUObjectBase:Warning: Object is not registered
[2016.05.13-19.39.04:999][406]BlueprintLog: New page: Compile FirstPersonAnim
[2016.05.13-19.39.05:068][406]LogActorComponent: UnregisterComponent: (/Engine/Transient.CharMoveComp) Not registered. Aborting.
[2016.05.13-19.39.05:231][406]BlueprintEditorCompileResults: Info [0713.19] Compile of FirstPersonAnim successful! [in 232 ms]
[2016.05.13-19.39.06:477][483]LogPlayLevel: PlayLevel: No blueprints needed recompiling
[2016.05.13-19.39.06:478][483]PIE: New page: PIE session: DEMOmap (May 13, 2016, 10:39:06 AM)
[2016.05.13-19.39.06:478][483]LogPlayLevel: Creating play world package: /Game/ThirdPersonBP/Maps/UEDPIE_0_DEMOmap
[2016.05.13-19.39.06:512][483]LogPlayLevel: PIE: StaticDuplicateObject took: (0.034083s)
[2016.05.13-19.39.06:513][483]LogAIModule: Creating AISystem for world DEMOmap
[2016.05.13-19.39.06:513][483]LogPlayLevel: PIE: World Init took: (0.000955s)
[2016.05.13-19.39.06:513][483]LogPlayLevel: PIE: Created PIE world by copying editor world from /Game/ThirdPersonBP/Maps/DEMOmap.DEMOmap to /Game/ThirdPersonBP/Maps/UEDPIE_0_DEMOmap.DEMOmap (0.035327s)
[2016.05.13-19.39.06:559][483]LogInit: XAudio2 using 'Speakers (Realtek High Definition Audio)' : 2 channels at 48 kHz using 32 bits per sample (channel mask 0x3)
[2016.05.13-19.39.06:570][483]LogInit: FAudioDevice initialized.
[2016.05.13-19.39.06:618][483]LogWorld: Game class is 'MechGame_C'
[2016.05.13-19.39.06:665][483]LogWorld: Bringing World /Game/ThirdPersonBP/Maps/UEDPIE_0_DEMOmap.DEMOmap up for play (max tick rate 0) at 2016.05.13-15.39.06
[2016.05.13-19.39.06:667][483]LogBlueprintUserMessages: [MechChara11_4728] wallruncollide
[2016.05.13-19.39.06:668][483]LogBlueprintUserMessages: [MechChara10_4327] wallruncollide
[2016.05.13-19.39.06:669][483]LogBlueprintUserMessages: [MechChara12_5016] wallruncollide
[2016.05.13-19.39.06:670][483]LogBlueprintUserMessages: [MechChara13_5588] wallruncollide
[2016.05.13-19.39.06:671][483]LogBlueprintUserMessages: [MechChara14] wallruncollide
[2016.05.13-19.39.06:672][483]LogBlueprintUserMessages: [MechChara15] wallruncollide
[2016.05.13-19.39.06:674][483]LogBlueprintUserMessages: [MechChara16] wallruncollide
[2016.05.13-19.39.06:675][483]LogBlueprintUserMessages: [MechChara17] wallruncollide
[2016.05.13-19.39.06:676][483]LogBlueprintUserMessages: [MechChara2] wallruncollide
[2016.05.13-19.39.06:677][483]LogBlueprintUserMessages: [MechChara3] wallruncollide
[2016.05.13-19.39.06:678][483]LogBlueprintUserMessages: [MechChara4_17492] wallruncollide
[2016.05.13-19.39.06:679][483]LogBlueprintUserMessages: [MechChara5] wallruncollide
[2016.05.13-19.39.06:680][483]LogBlueprintUserMessages: [MechChara5] wallruncollide
[2016.05.13-19.39.06:680][483]LogBlueprintUserMessages: [MechChara6] wallruncollide
[2016.05.13-19.39.06:681][483]LogBlueprintUserMessages: [MechChara7] wallruncollide
[2016.05.13-19.39.06:682][483]LogBlueprintUserMessages: [MechChara8_441] wallruncollide
[2016.05.13-19.39.06:683][483]LogBlueprintUserMessages: [MechChara9_3888] wallruncollide
[2016.05.13-19.39.06:684][483]LogBlueprintUserMessages: [MechChara_5996] wallruncollide
[2016.05.13-19.39.06:685][483]LogWorld: Bringing up level for play took: 0.065036
[2016.05.13-19.39.06:686][483]LogSpawn:Warning: SpawnActor failed because no class was specified
[2016.05.13-19.39.06:691][483]LogBlueprintUserMessages: [MechChara_C_443] wallruncollide
[2016.05.13-19.39.06:723][483]PIE: Info Play in editor start time for /Game/ThirdPersonBP/Maps/UEDPIE_0_DEMOmap -0.677
[2016.05.13-19.39.21:833][ 89]LogPlayLevel: PlayLevel: No blueprints needed recompiling
[2016.05.13-19.39.21:833][ 89]PIE: New page: PIE session: DEMOmap (May 13, 2016, 10:39:21 AM)
[2016.05.13-19.39.21:833][ 89]LogPlayLevel: Creating play world package: /Game/ThirdPersonBP/Maps/UEDPIE_0_DEMOmap
[2016.05.13-19.39.21:867][ 89]LogPlayLevel: PIE: StaticDuplicateObject took: (0.033920s)
[2016.05.13-19.39.21:868][ 89]LogAIModule: Creating AISystem for world DEMOmap
[2016.05.13-19.39.21:868][ 89]LogPlayLevel: PIE: World Init took: (0.000837s)
[2016.05.13-19.39.21:868][ 89]LogPlayLevel: PIE: Created PIE world by copying editor world from /Game/ThirdPersonBP/Maps/DEMOmap.DEMOmap to /Game/ThirdPersonBP/Maps/UEDPIE_0_DEMOmap.DEMOmap (0.035009s)
[2016.05.13-19.39.21:917][ 89]LogInit: XAudio2 using 'Speakers (Realtek High Definition Audio)' : 2 channels at 48 kHz using 32 bits per sample (channel mask 0x3)
[2016.05.13-19.39.21:928][ 89]LogInit: FAudioDevice initialized.
[2016.05.13-19.39.21:978][ 89]LogWorld: Game class is 'MechGame_C'
[2016.05.13-19.39.22:024][ 89]LogWorld: Bringing World /Game/ThirdPersonBP/Maps/UEDPIE_0_DEMOmap.DEMOmap up for play (max tick rate 0) at 2016.05.13-15.39.22
[2016.05.13-19.39.22:026][ 89]LogBlueprintUserMessages: [MechChara11_4728] wallruncollide
[2016.05.13-19.39.22:027][ 89]LogBlueprintUserMessages: [MechChara10_4327] wallruncollide
[2016.05.13-19.39.22:028][ 89]LogBlueprintUserMessages: [MechChara12_5016] wallruncollide
[2016.05.13-19.39.22:029][ 89]LogBlueprintUserMessages: [MechChara13_5588] wallruncollide
[2016.05.13-19.39.22:030][ 89]LogBlueprintUserMessages: [MechChara14] wallruncollide
[2016.05.13-19.39.22:032][ 89]LogBlueprintUserMessages: [MechChara15] wallruncollide
[2016.05.13-19.39.22:033][ 89]LogBlueprintUserMessages: [MechChara16] wallruncollide
[2016.05.13-19.39.22:034][ 89]LogBlueprintUserMessages: [MechChara17] wallruncollide
[2016.05.13-19.39.22:035][ 89]LogBlueprintUserMessages: [MechChara2] wallruncollide
[2016.05.13-19.39.22:036][ 89]LogBlueprintUserMessages: [MechChara3] wallruncollide
[2016.05.13-19.39.22:037][ 89]LogBlueprintUserMessages: [MechChara4_17492] wallruncollide
[2016.05.13-19.39.22:038][ 89]LogBlueprintUserMessages: [MechChara5] wallruncollide
[2016.05.13-19.39.22:039][ 89]LogBlueprintUserMessages: [MechChara5] wallruncollide
[2016.05.13-19.39.22:039][ 89]LogBlueprintUserMessages: [MechChara6] wallruncollide
[2016.05.13-19.39.22:040][ 89]LogBlueprintUserMessages: [MechChara7] wallruncollide
[2016.05.13-19.39.22:041][ 89]LogBlueprintUserMessages: [MechChara8_441] wallruncollide
[2016.05.13-19.39.22:042][ 89]LogBlueprintUserMessages: [MechChara9_3888] wallruncollide
[2016.05.13-19.39.22:043][ 89]LogBlueprintUserMessages: [MechChara_5996] wallruncollide
[2016.05.13-19.39.22:044][ 89]LogWorld: Bringing up level for play took: 0.063565
[2016.05.13-19.39.22:045][ 89]LogSpawn:Warning: SpawnActor failed because no class was specified
[2016.05.13-19.39.22:050][ 89]LogBlueprintUserMessages: [MechChara_C_444] wallruncollide
[2016.05.13-19.39.22:079][ 89]PIE: Info Play in editor start time for /Game/ThirdPersonBP/Maps/UEDPIE_0_DEMOmap 0.678
[2016.05.13-19.40.23:149][120]LogBlueprintUserMessages: [MechChara_C_445] wallruncollide
[2016.05.13-19.41.27:197][659]LogActorComponent: UnregisterComponent: (/Engine/Transient.CharMoveComp) Not registered. Aborting.
[2016.05.13-19.41.27:248][659]LogFileHelpers: Editor autosave (incl. sublevels) for '/Game/ThirdPersonBP/Maps/DEMOmap' took 0.051
[2016.05.13-19.41.27:268][659]OBJ SavePackage: Generating thumbnails for [1] asset(s) in package [/Game/MechaInsurgent/MechaInsurgent/MechChara] ([1] browsable assets)...
[2016.05.13-19.41.27:337][659]OBJ SavePackage:     Rendered thumbnail for [Blueprint /Game/MechaInsurgent/MechaInsurgent/MechChara.MechChara]
[2016.05.13-19.41.27:337][659]OBJ SavePackage: Finished generating thumbnails for package [/Game/MechaInsurgent/MechaInsurgent/MechChara]
[2016.05.13-19.41.31:190][659]LogSavePackage: Save=3525.36ms
[2016.05.13-19.41.31:192][659]LogSavePackage: Moving '../../../../../../UnrealProjects/MechProject2/Saved/MechChara_Auto1F4ECEA4B4FBDED87DD630BBEF7F87594.tmp' to '../../../../../../UnrealProjects/MechProject2/Saved/Autosaves/Game/MechaInsurgent/MechaInsurgent/MechChara_Auto1.uasset'
[2016.05.13-19.41.31:199][659]LogSavePackage: Total save time: 3857.05ms
[2016.05.13-19.41.31:199][659]LogSavePackage:Display: Finished SavePackage ../../../../../../UnrealProjects/MechProject2/Saved/Autosaves/Game/MechaInsurgent/MechaInsurgent/MechChara_Auto1.uasset
[2016.05.13-19.41.31:206][659]OBJ SavePackage: Generating thumbnails for [1] asset(s) in package [/Game/MechaInsurgent/MechaInsurgent/FirstPersonAnim] ([1] browsable assets)...
[2016.05.13-19.41.31:272][659]OBJ SavePackage:     Rendered thumbnail for [AnimBlueprint /Game/MechaInsurgent/MechaInsurgent/FirstPersonAnim.FirstPersonAnim]
[2016.05.13-19.41.31:272][659]OBJ SavePackage: Finished generating thumbnails for package [/Game/MechaInsurgent/MechaInsurgent/FirstPersonAnim]
[2016.05.13-19.41.31:474][659]LogSavePackage: Save=171.98ms
[2016.05.13-19.41.31:474][659]LogSavePackage: Moving '../../../../../../UnrealProjects/MechProject2/Saved/FirstPersonAnim_Auto1235C8E734759323B3E7DD486275BC427.tmp' to '../../../../../../UnrealProjects/MechProject2/Saved/Autosaves/Game/MechaInsurgent/MechaInsurgent/FirstPersonAnim_Auto1.uasset'
[2016.05.13-19.41.31:477][659]LogSavePackage: Total save time: 200.89ms
[2016.05.13-19.41.31:477][659]LogSavePackage:Display: Finished SavePackage ../../../../../../UnrealProjects/MechProject2/Saved/Autosaves/Game/MechaInsurgent/MechaInsurgent/FirstPersonAnim_Auto1.uasset
[2016.05.13-19.41.31:478][659]LogFileHelpers: Auto-saving content packages took 4.228
[2016.05.13-19.43.25:568][  2]LogPlayLevel: PlayLevel: No blueprints needed recompiling
[2016.05.13-19.43.25:569][  2]PIE: New page: PIE session: DEMOmap (May 13, 2016, 10:43:25 AM)
[2016.05.13-19.43.25:569][  2]LogPlayLevel: Creating play world package: /Game/ThirdPersonBP/Maps/UEDPIE_0_DEMOmap
[2016.05.13-19.43.25:606][  2]LogPlayLevel: PIE: StaticDuplicateObject took: (0.037224s)
[2016.05.13-19.43.25:607][  2]LogAIModule: Creating AISystem for world DEMOmap
[2016.05.13-19.43.25:607][  2]LogPlayLevel: PIE: World Init took: (0.001100s)
[2016.05.13-19.43.25:607][  2]LogPlayLevel: PIE: Created PIE world by copying editor world from /Game/ThirdPersonBP/Maps/DEMOmap.DEMOmap to /Game/ThirdPersonBP/Maps/UEDPIE_0_DEMOmap.DEMOmap (0.038614s)
[2016.05.13-19.43.25:607][  2]LogActorComponent: UnregisterComponent: (/Engine/Transient.CharMoveComp) Not registered. Aborting.
[2016.05.13-19.43.25:659][  2]LogInit: XAudio2 using 'Speakers (Realtek High Definition Audio)' : 2 channels at 48 kHz using 32 bits per sample (channel mask 0x3)
[2016.05.13-19.43.25:668][  2]LogInit: FAudioDevice initialized.
[2016.05.13-19.43.25:788][  2]LogWorld: Game class is 'MechGame_C'
[2016.05.13-19.43.25:836][  2]LogWorld: Bringing World /Game/ThirdPersonBP/Maps/UEDPIE_0_DEMOmap.DEMOmap up for play (max tick rate 0) at 2016.05.13-15.43.25
[2016.05.13-19.43.25:838][  2]LogBlueprintUserMessages: [MechChara11_4728] wallruncollide
[2016.05.13-19.43.25:840][  2]LogBlueprintUserMessages: [MechChara10_4327] wallruncollide
[2016.05.13-19.43.25:841][  2]LogBlueprintUserMessages: [MechChara12_5016] wallruncollide
[2016.05.13-19.43.25:842][  2]LogBlueprintUserMessages: [MechChara13_5588] wallruncollide
[2016.05.13-19.43.25:843][  2]LogBlueprintUserMessages: [MechChara14] wallruncollide
[2016.05.13-19.43.25:844][  2]LogBlueprintUserMessages: [MechChara15] wallruncollide
[2016.05.13-19.43.25:845][  2]LogBlueprintUserMessages: [MechChara16] wallruncollide
[2016.05.13-19.43.25:846][  2]LogBlueprintUserMessages: [MechChara17] wallruncollide
[2016.05.13-19.43.25:847][  2]LogBlueprintUserMessages: [MechChara2] wallruncollide
[2016.05.13-19.43.25:848][  2]LogBlueprintUserMessages: [MechChara3] wallruncollide
[2016.05.13-19.43.25:849][  2]LogBlueprintUserMessages: [MechChara4_17492] wallruncollide
[2016.05.13-19.43.25:851][  2]LogBlueprintUserMessages: [MechChara5] wallruncollide
[2016.05.13-19.43.25:852][  2]LogBlueprintUserMessages: [MechChara5] wallruncollide
[2016.05.13-19.43.25:852][  2]LogBlueprintUserMessages: [MechChara6] wallruncollide
[2016.05.13-19.43.25:853][  2]LogBlueprintUserMessages: [MechChara7] wallruncollide
[2016.05.13-19.43.25:854][  2]LogBlueprintUserMessages: [MechChara8_441] wallruncollide
[2016.05.13-19.43.25:855][  2]LogBlueprintUserMessages: [MechChara9_3888] wallruncollide
[2016.05.13-19.43.25:856][  2]LogBlueprintUserMessages: [MechChara_5996] wallruncollide
[2016.05.13-19.43.25:857][  2]LogWorld: Bringing up level for play took: 0.064886
[2016.05.13-19.43.25:858][  2]LogSpawn:Warning: SpawnActor failed because no class was specified
[2016.05.13-19.43.25:863][  2]LogBlueprintUserMessages: [MechChara_C_446] wallruncollide
[2016.05.13-19.43.25:931][  2]PIE: Info Play in editor start time for /Game/ThirdPersonBP/Maps/UEDPIE_0_DEMOmap 0.525
[2016.05.13-19.43.33:658][251]LogPlayLevel: PlayLevel: No blueprints needed recompiling
[2016.05.13-19.43.33:658][251]PIE: New page: PIE session: DEMOmap (May 13, 2016, 10:43:33 AM)
[2016.05.13-19.43.33:658][251]LogPlayLevel: Creating play world package: /Game/ThirdPersonBP/Maps/UEDPIE_0_DEMOmap
[2016.05.13-19.43.33:694][251]LogPlayLevel: PIE: StaticDuplicateObject took: (0.036071s)
[2016.05.13-19.43.33:695][251]LogAIModule: Creating AISystem for world DEMOmap
[2016.05.13-19.43.33:695][251]LogPlayLevel: PIE: World Init took: (0.000903s)
[2016.05.13-19.43.33:695][251]LogPlayLevel: PIE: Created PIE world by copying editor world from /Game/ThirdPersonBP/Maps/DEMOmap.DEMOmap to /Game/ThirdPersonBP/Maps/UEDPIE_0_DEMOmap.DEMOmap (0.037252s)
[2016.05.13-19.43.33:744][251]LogInit: XAudio2 using 'Speakers (Realtek High Definition Audio)' : 2 channels at 48 kHz using 32 bits per sample (channel mask 0x3)
[2016.05.13-19.43.33:754][251]LogInit: FAudioDevice initialized.
[2016.05.13-19.43.33:872][251]LogWorld: Game class is 'MechGame_C'
[2016.05.13-19.43.33:920][251]LogWorld: Bringing World /Game/ThirdPersonBP/Maps/UEDPIE_0_DEMOmap.DEMOmap up for play (max tick rate 0) at 2016.05.13-15.43.33
[2016.05.13-19.43.33:922][251]LogBlueprintUserMessages: [MechChara11_4728] wallruncollide
[2016.05.13-19.43.33:923][251]LogBlueprintUserMessages: [MechChara10_4327] wallruncollide
[2016.05.13-19.43.33:925][251]LogBlueprintUserMessages: [MechChara12_5016] wallruncollide
[2016.05.13-19.43.33:926][251]LogBlueprintUserMessages: [MechChara13_5588] wallruncollide
[2016.05.13-19.43.33:927][251]LogBlueprintUserMessages: [MechChara14] wallruncollide
[2016.05.13-19.43.33:928][251]LogBlueprintUserMessages: [MechChara15] wallruncollide
[2016.05.13-19.43.33:929][251]LogBlueprintUserMessages: [MechChara16] wallruncollide
[2016.05.13-19.43.33:930][251]LogBlueprintUserMessages: [MechChara17] wallruncollide
[2016.05.13-19.43.33:931][251]LogBlueprintUserMessages: [MechChara2] wallruncollide
[2016.05.13-19.43.33:932][251]LogBlueprintUserMessages: [MechChara3] wallruncollide
[2016.05.13-19.43.33:933][251]LogBlueprintUserMessages: [MechChara4_17492] wallruncollide
[2016.05.13-19.43.33:934][251]LogBlueprintUserMessages: [MechChara5] wallruncollide
[2016.05.13-19.43.33:935][251]LogBlueprintUserMessages: [MechChara5] wallruncollide
[2016.05.13-19.43.33:935][251]LogBlueprintUserMessages: [MechChara6] wallruncollide
[2016.05.13-19.43.33:936][251]LogBlueprintUserMessages: [MechChara7] wallruncollide
[2016.05.13-19.43.33:937][251]LogBlueprintUserMessages: [MechChara8_441] wallruncollide
[2016.05.13-19.43.33:938][251]LogBlueprintUserMessages: [MechChara9_3888] wallruncollide
[2016.05.13-19.43.33:939][251]LogBlueprintUserMessages: [MechChara_5996] wallruncollide
[2016.05.13-19.43.33:940][251]LogWorld: Bringing up level for play took: 0.065227
[2016.05.13-19.43.33:942][251]LogSpawn:Warning: SpawnActor failed because no class was specified
[2016.05.13-19.43.33:946][251]LogBlueprintUserMessages: [MechChara_C_447] wallruncollide
[2016.05.13-19.43.34:019][251]PIE: Info Play in editor start time for /Game/ThirdPersonBP/Maps/UEDPIE_0_DEMOmap 0.613
[2016.05.13-19.44.09:237][203]LogPlayLevel: PlayLevel: No blueprints needed recompiling
[2016.05.13-19.44.09:238][203]PIE: New page: PIE session: DEMOmap (May 13, 2016, 10:44:09 AM)
[2016.05.13-19.44.09:238][203]LogPlayLevel: Creating play world package: /Game/ThirdPersonBP/Maps/UEDPIE_0_DEMOmap
[2016.05.13-19.44.09:281][203]LogPlayLevel: PIE: StaticDuplicateObject took: (0.043165s)
[2016.05.13-19.44.09:282][203]LogAIModule: Creating AISystem for world DEMOmap
[2016.05.13-19.44.09:282][203]LogPlayLevel: PIE: World Init took: (0.000844s)
[2016.05.13-19.44.09:282][203]LogPlayLevel: PIE: Created PIE world by copying editor world from /Game/ThirdPersonBP/Maps/DEMOmap.DEMOmap to /Game/ThirdPersonBP/Maps/UEDPIE_0_DEMOmap.DEMOmap (0.044289s)
[2016.05.13-19.44.09:331][203]LogInit: XAudio2 using 'Speakers (Realtek High Definition Audio)' : 2 channels at 48 kHz using 32 bits per sample (channel mask 0x3)
[2016.05.13-19.44.09:341][203]LogInit: FAudioDevice initialized.
[2016.05.13-19.44.09:389][203]LogWorld: Game class is 'MechGame_C'
[2016.05.13-19.44.09:442][203]LogWorld: Bringing World /Game/ThirdPersonBP/Maps/UEDPIE_0_DEMOmap.DEMOmap up for play (max tick rate 0) at 2016.05.13-15.44.09
[2016.05.13-19.44.09:444][203]LogBlueprintUserMessages: [MechChara11_4728] wallruncollide
[2016.05.13-19.44.09:446][203]LogBlueprintUserMessages: [MechChara10_4327] wallruncollide
[2016.05.13-19.44.09:447][203]LogBlueprintUserMessages: [MechChara12_5016] wallruncollide
[2016.05.13-19.44.09:448][203]LogBlueprintUserMessages: [MechChara13_5588] wallruncollide
[2016.05.13-19.44.09:449][203]LogBlueprintUserMessages: [MechChara14] wallruncollide
[2016.05.13-19.44.09:451][203]LogBlueprintUserMessages: [MechChara15] wallruncollide
[2016.05.13-19.44.09:452][203]LogBlueprintUserMessages: [MechChara16] wallruncollide
[2016.05.13-19.44.09:453][203]LogBlueprintUserMessages: [MechChara17] wallruncollide
[2016.05.13-19.44.09:454][203]LogBlueprintUserMessages: [MechChara2] wallruncollide
[2016.05.13-19.44.09:456][203]LogBlueprintUserMessages: [MechChara3] wallruncollide
[2016.05.13-19.44.09:457][203]LogBlueprintUserMessages: [MechChara4_17492] wallruncollide
[2016.05.13-19.44.09:458][203]LogBlueprintUserMessages: [MechChara5] wallruncollide
[2016.05.13-19.44.09:459][203]LogBlueprintUserMessages: [MechChara5] wallruncollide
[2016.05.13-19.44.09:459][203]LogBlueprintUserMessages: [MechChara6] wallruncollide
[2016.05.13-19.44.09:461][203]LogBlueprintUserMessages: [MechChara7] wallruncollide
[2016.05.13-19.44.09:462][203]LogBlueprintUserMessages: [MechChara8_441] wallruncollide
[2016.05.13-19.44.09:463][203]LogBlueprintUserMessages: [MechChara9_3888] wallruncollide
[2016.05.13-19.44.09:464][203]LogBlueprintUserMessages: [MechChara_5996] wallruncollide
[2016.05.13-19.44.09:466][203]LogWorld: Bringing up level for play took: 0.073365
[2016.05.13-19.44.09:467][203]LogSpawn:Warning: SpawnActor failed because no class was specified
[2016.05.13-19.44.09:474][203]LogBlueprintUserMessages: [MechChara_C_448] wallruncollide
[2016.05.13-19.44.09:509][203]PIE: Info Play in editor start time for /Game/ThirdPersonBP/Maps/UEDPIE_0_DEMOmap 0.103
[2016.05.13-19.44.09:631][204]LogRenderer: Reallocating scene render targets to support 1920x1080 (Frame:46395).
[2016.05.13-19.44.09:766][205]LogRenderTargetPool:Warning: r.RenderTargetPoolMin exceeded 410/400 MB (ok in editor, bad on fixed memory platform)
[2016.05.13-19.44.31:919][135]LogBlueprintUserMessages: [MechChara_C_448] wallruncollide
[2016.05.13-19.44.31:920][135]LogBlueprintUserMessages: [MechChara_C_448] RightOn
[2016.05.13-19.44.32:395][155]LogScript:Warning: Accessed None trying to read property K2Node_ComponentBoundEvent_OtherActor5
	MechChara_C /Game/ThirdPersonBP/Maps/UEDPIE_0_DEMOmap.DEMOmap:PersistentLevel.MechChara_C_448
	Function /Game/MechaInsurgent/MechaInsurgent/MechChara.MechChara_C:ExecuteUbergraph_MechChara:09F0
[2016.05.13-19.44.32:395][155]PIE:Error: Error Blueprint Runtime Error: Accessed None trying to read property K2Node_ComponentBoundEvent_OtherActor5 from function: 'ExecuteUbergraph_MechChara' from node: Launch Character in graph: EventGraph in object: MechChara
[2016.05.13-19.44.32:395][155]LogBlueprintUserMessages: [MechChara_C_448] Hello
[2016.05.13-19.44.33:396][197]LogBlueprintUserMessages: [MechChara_C_448] 1
[2016.05.13-19.44.33:935][219]LogBlueprintUserMessages: [MechChara_C_448] RightOff
[2016.05.13-19.44.35:133][269]LogBlueprintUserMessages: [MechChara_C_448] wallruncollide
[2016.05.13-19.44.35:133][269]LogBlueprintUserMessages: [MechChara_C_448] leftOn
[2016.05.13-19.44.35:531][286]LogBlueprintUserMessages: [MechChara_C_448] Hello
[2016.05.13-19.44.36:516][327]LogBlueprintUserMessages: [MechChara_C_448] 1
[2016.05.13-19.44.38:561][412]LogBlueprintUserMessages: [MechChara_C_448] LeftOff
[2016.05.13-19.44.39:603][455]LogBlueprintUserMessages: [MechChara_C_448] RightOn
[2016.05.13-19.44.39:627][456]LogBlueprintUserMessages: [MechChara_C_448] wallruncollide
[2016.05.13-19.44.39:934][469]LogBlueprintUserMessages: [MechChara_C_448] Hello
[2016.05.13-19.44.40:921][509]LogBlueprintUserMessages: [MechChara_C_448] 1
[2016.05.13-19.44.41:817][545]LogBlueprintUserMessages: [MechChara_C_448] RightOff
[2016.05.13-19.45.23:843][329]LogBlueprintUserMessages: [MechChara_C_448] wallruncollide
[2016.05.13-19.45.23:843][329]LogBlueprintUserMessages: [MechChara_C_448] RightOn
[2016.05.13-19.45.25:434][394]LogBlueprintUserMessages: [MechChara_C_448] RightOff
[2016.05.13-19.45.26:358][433]LogBlueprintUserMessages: [MechChara_C_448] wallruncollide
[2016.05.13-19.45.26:358][433]LogBlueprintUserMessages: [MechChara_C_448] RightOn
[2016.05.13-19.45.26:381][434]LogBlueprintUserMessages: [MechChara_C_448] Hello
[2016.05.13-19.45.27:360][474]LogBlueprintUserMessages: [MechChara_C_448] 1
[2016.05.13-19.45.27:410][476]LogBlueprintUserMessages: [MechChara_C_448] RightOff
[2016.05.13-19.45.28:929][539]LogBlueprintUserMessages: [MechChara_C_448] wallruncollide
[2016.05.13-19.45.28:930][539]LogBlueprintUserMessages: [MechChara_C_448] leftOn
[2016.05.13-19.45.29:329][556]LogBlueprintUserMessages: [MechChara_C_448] Hello
[2016.05.13-19.45.30:329][597]LogBlueprintUserMessages: [MechChara_C_448] 1
[2016.05.13-19.45.30:523][605]LogBlueprintUserMessages: [MechChara_C_448] LeftOff
[2016.05.13-19.45.31:425][643]LogBlueprintUserMessages: [MechChara_C_448] wallruncollide
[2016.05.13-19.45.31:426][643]LogBlueprintUserMessages: [MechChara_C_448] leftOn
[2016.05.13-19.45.31:702][654]LogBlueprintUserMessages: [MechChara_C_448] LeftOff
[2016.05.13-19.45.32:625][692]LogBlueprintUserMessages: [MechChara_C_448] wallruncollide
[2016.05.13-19.45.32:625][692]LogBlueprintUserMessages: [MechChara_C_448] leftOn
[2016.05.13-19.45.32:950][706]LogBlueprintUserMessages: [MechChara_C_448] Hello
[2016.05.13-19.45.33:478][728]LogBlueprintUserMessages: [MechChara_C_448] wallruncollide
[2016.05.13-19.45.33:479][728]LogBlueprintUserMessages: [MechChara_C_448] LeftOff
[2016.05.13-19.45.33:955][748]LogBlueprintUserMessages: [MechChara_C_448] 1
[2016.05.13-19.45.36:454][852]LogBlueprintUserMessages: [MechChara_C_448] RightOn
[2016.05.13-19.45.36:483][853]LogBlueprintUserMessages: [MechChara_C_448] wallruncollide
[2016.05.13-19.45.36:528][855]LogBlueprintUserMessages: [MechChara_C_448] Hello
[2016.05.13-19.45.37:533][896]LogBlueprintUserMessages: [MechChara_C_448] 1
[2016.05.13-19.45.39:097][961]LogBlueprintUserMessages: [MechChara_C_448] RightOff
[2016.05.13-19.45.40:567][ 22]LogBlueprintUserMessages: [MechChara_C_448] RightOn
[2016.05.13-19.45.40:591][ 23]LogBlueprintUserMessages: [MechChara_C_448] wallruncollide
[2016.05.13-19.45.40:804][ 32]LogBlueprintUserMessages: [MechChara_C_448] RightOff
[2016.05.13-19.45.40:828][ 33]LogBlueprintUserMessages: [MechChara_C_448] wallruncollide
[2016.05.13-19.45.40:828][ 33]LogBlueprintUserMessages: [MechChara_C_448] RightOn
[2016.05.13-19.45.40:829][ 33]LogBlueprintUserMessages: [MechChara_C_448] RightOff
[2016.05.13-19.45.43:317][137]LogBlueprintUserMessages: [MechChara_C_448] leftOn
[2016.05.13-19.45.43:341][138]LogBlueprintUserMessages: [MechChara_C_448] wallruncollide
[2016.05.13-19.45.43:506][145]LogBlueprintUserMessages: [MechChara_C_448] Hello
[2016.05.13-19.45.44:487][185]LogBlueprintUserMessages: [MechChara_C_448] 1
[2016.05.13-19.45.44:822][199]LogBlueprintUserMessages: [MechChara_C_448] LeftOff
[2016.05.13-19.45.46:036][250]LogBlueprintUserMessages: [MechChara_C_448] wallruncollide
[2016.05.13-19.45.46:036][250]LogBlueprintUserMessages: [MechChara_C_448] leftOn
[2016.05.13-19.53.46:343][306]Cmd: OBJ SAVEPACKAGE PACKAGE="/Game/MechaInsurgent/MechaInsurgent/MechChara" FILE="../../../../../../UnrealProjects/MechProject2/Content/MechaInsurgent/MechaInsurgent/MechChara.uasset" SILENT=true
[2016.05.13-19.53.50:279][306]LogSavePackage: Save=3635.96ms
[2016.05.13-19.53.50:280][306]LogSavePackage: Moving '../../../../../../UnrealProjects/MechProject2/Saved/MechCharaFB4845C544A4386E131140A76F8421EA.tmp' to '../../../../../../UnrealProjects/MechProject2/Content/MechaInsurgent/MechaInsurgent/MechChara.uasset'
[2016.05.13-19.53.50:291][306]LogSavePackage: Total save time: 3943.95ms
[2016.05.13-19.53.50:291][306]LogSavePackage:Display: Finished SavePackage ../../../../../../UnrealProjects/MechProject2/Content/MechaInsurgent/MechaInsurgent/MechChara.uasset
[2016.05.13-19.53.50:485][306]LogSavePackage: Save=149.38ms
[2016.05.13-19.53.50:485][306]LogSavePackage: Moving '../../../../../../UnrealProjects/MechProject2/Saved/FirstPersonAnim95D399BA4023C6E9959777BD560F0E03.tmp' to '../../../../../../UnrealProjects/MechProject2/Content/MechaInsurgent/MechaInsurgent/FirstPersonAnim.uasset'
[2016.05.13-19.53.50:491][306]LogSavePackage: Total save time: 183.73ms
[2016.05.13-19.53.50:491][306]LogSavePackage:Display: Finished SavePackage ../../../../../../UnrealProjects/MechProject2/Content/MechaInsurgent/MechaInsurgent/FirstPersonAnim.uasset
[2016.05.13-19.53.52:198][384]Cmd: QUIT_EDITOR
[2016.05.13-19.53.52:334][384]LogExit: Preparing to exit.
[2016.05.13-19.53.53:290][384]LogExit: Editor shut down
[2016.05.13-19.53.53:290][384]LogExit: Transaction tracking system shut down
[2016.05.13-19.53.53:555][384]LogObj: Freed 0b from 0 cluster array pools.
[2016.05.13-19.53.53:556][384]LogExit: Object subsystem successfully closed.
[2016.05.13-19.53.53:580][384]LogD3D11RHI: Shutdown
[2016.05.13-19.53.53:580][384]LogD3D11RHI: CleanupD3DDevice
[2016.05.13-19.53.53:707][384]LogD3D11RHI: ~FD3D11DynamicRHI
[2016.05.13-19.53.53:907][384]LogDerivedDataCache: Shutdown
[2016.05.13-19.53.53:908][384]LogModuleManager: Shutting down and abandoning module ExternalImagePicker (207)
[2016.05.13-19.53.53:908][384]LogModuleManager: Shutting down and abandoning module BlueprintGraph (206)
[2016.05.13-19.53.53:908][384]LogModuleManager: Shutting down and abandoning module MovieSceneCapture (205)
[2016.05.13-19.53.53:908][384]LogModuleManager: Shutting down and abandoning module HierarchicalLODOutliner (204)
[2016.05.13-19.53.53:908][384]LogModuleManager: Shutting down and abandoning module CrashTracker (203)
[2016.05.13-19.53.53:908][384]LogModuleManager: Shutting down and abandoning module SceneOutliner (202)
[2016.05.13-19.53.53:908][384]LogModuleManager: Shutting down and abandoning module SuperSearch (201)
[2016.05.13-19.53.53:908][384]LogModuleManager: Shutting down and abandoning module WidgetCarousel (200)
[2016.05.13-19.53.53:909][384]LogModuleManager: Shutting down and abandoning module AddContentDialog (199)
[2016.05.13-19.53.53:911][384]LogModuleManager: Shutting down and abandoning module GameplayTags (198)
[2016.05.13-19.53.53:911][384]LogModuleManager: Shutting down and abandoning module EditorWidgets (197)
[2016.05.13-19.53.53:911][384]LogModuleManager: Shutting down and abandoning module CollectionManager (196)
[2016.05.13-19.53.53:911][384]LogModuleManager: Shutting down and abandoning module StatsViewer (195)
[2016.05.13-19.53.53:912][384]LogModuleManager: Shutting down and abandoning module FoliageEdit (194)
[2016.05.13-19.53.53:912][384]LogModuleManager: Shutting down and abandoning module LandscapeEditor (193)
[2016.05.13-19.53.53:912][384]LogModuleManager: Shutting down and abandoning module ActorPickerMode (192)
[2016.05.13-19.53.53:912][384]LogModuleManager: Shutting down and abandoning module GeometryMode (191)
[2016.05.13-19.53.53:912][384]LogModuleManager: Shutting down and abandoning module TextureAlignMode (190)
[2016.05.13-19.53.53:912][384]LogModuleManager: Shutting down and abandoning module BspMode (189)
[2016.05.13-19.53.53:912][384]LogModuleManager: Shutting down and abandoning module PlacementMode (188)
[2016.05.13-19.53.53:912][384]LogModuleManager: Shutting down and abandoning module AutomationWorker (187)
[2016.05.13-19.53.53:912][384]LogModuleManager: Shutting down and abandoning module CharacterAI (186)
[2016.05.13-19.53.53:912][384]LogModuleManager: Shutting down and abandoning module SmartSnapping (185)
[2016.05.13-19.53.53:912][384]LogModuleManager: Shutting down and abandoning module ViewportSnapping (184)
[2016.05.13-19.53.53:912][384]LogModuleManager: Shutting down and abandoning module LogVisualizer (183)
[2016.05.13-19.53.53:913][384]LogModuleManager: Shutting down and abandoning module GameProjectGeneration (182)
[2016.05.13-19.53.53:913][384]LogModuleManager: Shutting down and abandoning module IntroTutorials (181)
[2016.05.13-19.53.53:913][384]LogModuleManager: Shutting down and abandoning module EditorLiveStreaming (180)
[2016.05.13-19.53.53:913][384]LogModuleManager: Shutting down and abandoning module IOSPlatformEditor (179)
[2016.05.13-19.53.53:913][384]LogModuleManager: Shutting down and abandoning module HTML5PlatformEditor (178)
[2016.05.13-19.53.53:913][384]LogModuleManager: Shutting down and abandoning module AndroidDeviceDetection (177)
[2016.05.13-19.53.54:898][384]LogModuleManager: Shutting down and abandoning module AndroidPlatformEditor (176)
[2016.05.13-19.53.54:898][384]LogModuleManager: Shutting down and abandoning module IOSRuntimeSettings (175)
[2016.05.13-19.53.54:898][384]LogModuleManager: Shutting down and abandoning module AndroidRuntimeSettings (174)
[2016.05.13-19.53.54:898][384]LogModuleManager: Shutting down and abandoning module MergeActors (173)
[2016.05.13-19.53.54:898][384]LogModuleManager: Shutting down and abandoning module SizeMap (172)
[2016.05.13-19.53.54:898][384]LogModuleManager: Shutting down and abandoning module TreeMap (171)
[2016.05.13-19.53.54:899][384]LogModuleManager: Shutting down and abandoning module ReferenceViewer (170)
[2016.05.13-19.53.54:899][384]LogModuleManager: Shutting down and abandoning module LocalizationService (169)
[2016.05.13-19.53.54:899][384]LogModuleManager: Shutting down and abandoning module LocalizationDashboard (168)
[2016.05.13-19.53.54:899][384]LogModuleManager: Shutting down and abandoning module HardwareTargeting (167)
[2016.05.13-19.53.54:899][384]LogModuleManager: Shutting down and abandoning module DeviceProfileEditor (166)
[2016.05.13-19.53.54:899][384]LogModuleManager: Shutting down and abandoning module UndoHistory (165)
[2016.05.13-19.53.54:899][384]LogModuleManager: Shutting down and abandoning module UserFeedback (164)
[2016.05.13-19.53.54:899][384]LogModuleManager: Shutting down and abandoning module XmlParser (163)
[2016.05.13-19.53.54:899][384]LogModuleManager: Shutting down and abandoning module Blutility (162)
[2016.05.13-19.53.54:899][384]LogModuleManager: Shutting down and abandoning module ProjectTargetPlatformEditor (161)
[2016.05.13-19.53.54:899][384]LogModuleManager: Shutting down and abandoning module ProjectSettingsViewer (160)
[2016.05.13-19.53.54:899][384]LogModuleManager: Shutting down and abandoning module InputBindingEditor (159)
[2016.05.13-19.53.54:900][384]LogModuleManager: Shutting down and abandoning module EditorSettingsViewer (158)
[2016.05.13-19.53.54:900][384]LogModuleManager: Shutting down and abandoning module SettingsEditor (157)
[2016.05.13-19.53.54:900][384]LogModuleManager: Shutting down and abandoning module ProjectLauncher (156)
[2016.05.13-19.53.54:900][384]LogModuleManager: Shutting down and abandoning module SessionFrontend (155)
[2016.05.13-19.53.54:900][384]LogModuleManager: Shutting down and abandoning module ProfilerClient (154)
[2016.05.13-19.53.54:900][384]LogModuleManager: Shutting down and abandoning module TargetDeviceServices (153)
[2016.05.13-19.53.54:900][384]LogModuleManager: Shutting down and abandoning module DeviceManager (152)
[2016.05.13-19.53.54:930][384]LogModuleManager: Shutting down and abandoning module AutomationController (151)
[2016.05.13-19.53.54:930][384]LogModuleManager: Shutting down and abandoning module AutomationWindow (150)
[2016.05.13-19.53.54:930][384]LogModuleManager: Shutting down and abandoning module Layers (149)
[2016.05.13-19.53.54:930][384]LogModuleManager: Shutting down and abandoning module ComponentVisualizers (148)
[2016.05.13-19.53.54:930][384]LogModuleManager: Shutting down and abandoning module DetailCustomizations (147)
[2016.05.13-19.53.54:930][384]LogModuleManager: Shutting down and abandoning module PackagesDialog (146)
[2016.05.13-19.53.54:930][384]LogModuleManager: Shutting down and abandoning module Persona (145)
[2016.05.13-19.53.54:930][384]LogModuleManager: Shutting down and abandoning module Kismet (144)
[2016.05.13-19.53.54:930][384]LogModuleManager: Shutting down and abandoning module GraphEditor (143)
[2016.05.13-19.53.54:930][384]LogModuleManager: Shutting down and abandoning module ClassViewer (142)
[2016.05.13-19.53.54:930][384]LogModuleManager: Shutting down and abandoning module Toolbox (141)
[2016.05.13-19.53.54:931][384]LogModuleManager: Shutting down and abandoning module ModuleUI (140)
[2016.05.13-19.53.54:931][384]LogModuleManager: Shutting down and abandoning module MovieSceneTools (139)
[2016.05.13-19.53.54:931][384]LogModuleManager: Shutting down and abandoning module OutputLog (138)
[2016.05.13-19.53.54:931][384]LogModuleManager: Shutting down and abandoning module GammaUI (137)
[2016.05.13-19.53.54:931][384]LogModuleManager: Shutting down and abandoning module Documentation (136)
[2016.05.13-19.53.54:931][384]LogModuleManager: Shutting down and abandoning module StreamingPauseRendering (135)
[2016.05.13-19.53.54:931][384]LogModuleManager: Shutting down and abandoning module AnalyticsET (134)
[2016.05.13-19.53.54:931][384]LogModuleManager: Shutting down and abandoning module Analytics (133)
[2016.05.13-19.53.54:931][384]LogModuleManager: Shutting down and abandoning module PortalServices (132)
[2016.05.13-19.53.54:931][384]LogModuleManager: Shutting down and abandoning module PortalRpc (131)
[2016.05.13-19.53.54:931][384]LogModuleManager: Shutting down and abandoning module MessagingRpc (130)
[2016.05.13-19.53.54:931][384]LogModuleManager: Shutting down and abandoning module AITestSuite (129)
[2016.05.13-19.53.54:931][384]LogModuleManager: Shutting down and abandoning module GameplayDebugger (128)
[2016.05.13-19.53.54:931][384]LogModuleManager: Shutting down and abandoning module AIModule (127)
[2016.05.13-19.53.54:931][384]LogModuleManager: Shutting down and abandoning module ProfilerService (126)
[2016.05.13-19.53.55:149][384]LogModuleManager: Shutting down and abandoning module TaskGraph (125)
[2016.05.13-19.53.55:149][384]LogModuleManager: Shutting down and abandoning module SlateRemote (124)
[2016.05.13-19.53.55:150][384]LogModuleManager: Shutting down and abandoning module SteamVRController (123)
[2016.05.13-19.53.55:150][384]LogModuleManager: Shutting down and abandoning module SteamVR (122)
[2016.05.13-19.53.55:150][384]LogModuleManager: Shutting down and abandoning module ProceduralMeshComponent (121)
[2016.05.13-19.53.55:150][384]LogModuleManager: Shutting down and abandoning module OculusLibrary (120)
[2016.05.13-19.53.55:150][384]LogModuleManager: Shutting down and abandoning module OculusInput (119)
[2016.05.13-19.53.55:150][384]LogModuleManager: Shutting down and abandoning module CustomMeshComponent (118)
[2016.05.13-19.53.55:150][384]LogModuleManager: Shutting down and abandoning module CableComponent (117)
[2016.05.13-19.53.55:150][384]LogModuleManager: Shutting down and abandoning module ArchVisCharacter (116)
[2016.05.13-19.53.55:150][384]LogModuleManager: Shutting down and abandoning module MediaPlayerEditor (115)
[2016.05.13-19.53.55:150][384]LogModuleManager: Shutting down and abandoning module HTML5Networking (114)
[2016.05.13-19.53.55:150][384]LogModuleManager: Shutting down and abandoning module SpeedTreeImporter (113)
[2016.05.13-19.53.55:150][384]LogModuleManager: Shutting down and abandoning module PluginBrowser (112)
[2016.05.13-19.53.55:150][384]LogModuleManager: Shutting down and abandoning module EpicSurvey (111)
[2016.05.13-19.53.55:150][384]LogModuleManager: Shutting down and abandoning module DesktopPlatform (110)
[2016.05.13-19.53.55:150][384]LogModuleManager: Shutting down and abandoning module VisualStudioSourceCodeAccess (109)
[2016.05.13-19.53.55:150][384]LogModuleManager: Shutting down and abandoning module UObjectPlugin (108)
[2016.05.13-19.53.55:150][384]LogModuleManager: Shutting down and abandoning module SubversionSourceControl (107)
[2016.05.13-19.53.55:150][384]LogModuleManager: Shutting down and abandoning module PerforceSourceControl (106)
[2016.05.13-19.53.55:150][384]LogModuleManager: Shutting down and abandoning module SourceControl (105)
[2016.05.13-19.53.55:151][384]LogModuleManager: Shutting down and abandoning module GitSourceControl (104)
[2016.05.13-19.53.55:151][384]LogModuleManager: Shutting down and abandoning module LightPropagationVolumeEditor (103)
[2016.05.13-19.53.55:151][384]LogModuleManager: Shutting down and abandoning module PaperTiledImporter (102)
[2016.05.13-19.53.55:151][384]LogModuleManager: Shutting down and abandoning module PaperSpriteSheetImporter (101)
[2016.05.13-19.53.55:151][384]LogModuleManager: Shutting down and abandoning module MeshPaint (100)
[2016.05.13-19.53.55:151][384]LogModuleManager: Shutting down and abandoning module HotReload (99)
[2016.05.13-19.53.55:152][384]LogModuleManager: Shutting down and abandoning module MainFrame (98)
[2016.05.13-19.53.55:152][384]LogModuleManager: Shutting down and abandoning module LevelEditor (97)
[2016.05.13-19.53.55:154][384]LogModuleManager: Shutting down and abandoning module DirectoryWatcher (96)
[2016.05.13-19.53.55:155][384]LogModuleManager: Shutting down and abandoning module AssetRegistry (95)
[2016.05.13-19.53.56:301][384]LogModuleManager: Shutting down and abandoning module ContentBrowser (94)
[2016.05.13-19.53.56:303][384]LogModuleManager: Shutting down and abandoning module Paper2DEditor (93)
[2016.05.13-19.53.56:303][384]LogModuleManager: Shutting down and abandoning module UdpMessaging (92)
[2016.05.13-19.53.56:403][384]LogModuleManager: Shutting down and abandoning module LightPropagationVolumeRuntime (91)
[2016.05.13-19.53.56:403][384]LogModuleManager: Shutting down and abandoning module Paper2D (90)
[2016.05.13-19.53.56:403][384]LogModuleManager: Shutting down and abandoning module WindowsMoviePlayer (89)
[2016.05.13-19.53.56:403][384]LogModuleManager: Shutting down and abandoning module Media (88)
[2016.05.13-19.53.56:403][384]LogModuleManager: Shutting down and abandoning module WmfMedia (87)
[2016.05.13-19.53.56:404][384]LogModuleManager: Shutting down and abandoning module MediaAssets (86)
[2016.05.13-19.53.56:404][384]LogModuleManager: Shutting down and abandoning module GameLiveStreaming (85)
[2016.05.13-19.53.56:404][384]LogModuleManager: Shutting down and abandoning module GameplayTagsEditor (84)
[2016.05.13-19.53.56:404][384]LogModuleManager: Shutting down and abandoning module OnlineBlueprintSupport (83)
[2016.05.13-19.53.56:404][384]LogModuleManager: Shutting down and abandoning module GameplayTasksEditor (82)
[2016.05.13-19.53.56:404][384]LogModuleManager: Shutting down and abandoning module PropertyEditor (81)
[2016.05.13-19.53.56:405][384]LogModuleManager: Shutting down and abandoning module BehaviorTreeEditor (80)
[2016.05.13-19.53.56:405][384]LogModuleManager: Shutting down and abandoning module FunctionalTesting (79)
[2016.05.13-19.53.56:405][384]LogModuleManager: Shutting down and abandoning module CollisionAnalyzer (78)
[2016.05.13-19.53.56:405][384]LogModuleManager: Shutting down and abandoning module WorkspaceMenuStructure (77)
[2016.05.13-19.53.56:405][384]LogModuleManager: Shutting down and abandoning module MessageLog (76)
[2016.05.13-19.53.56:405][384]LogModuleManager: Shutting down and abandoning module Sequencer (75)
[2016.05.13-19.53.56:405][384]LogModuleManager: Shutting down and abandoning module AssetTools (74)
[2016.05.13-19.53.56:405][384]LogModuleManager: Shutting down and abandoning module UMGEditor (73)
[2016.05.13-19.53.56:405][384]LogModuleManager: Shutting down and abandoning module UMG (72)
[2016.05.13-19.53.56:405][384]LogModuleManager: Shutting down and abandoning module SlateReflector (71)
[2016.05.13-19.53.56:405][384]LogModuleManager: Shutting down and abandoning module Slate (70)
[2016.05.13-19.53.56:405][384]LogModuleManager: Shutting down and abandoning module EditorStyle (69)
[2016.05.13-19.53.56:409][384]LogModuleManager: Shutting down and abandoning module SessionServices (68)
[2016.05.13-19.53.56:409][384]LogModuleManager: Shutting down and abandoning module SourceCodeAccess (67)
[2016.05.13-19.53.56:409][384]LogModuleManager: Shutting down and abandoning module HeadMountedDisplay (66)
[2016.05.13-19.53.56:409][384]LogModuleManager: Shutting down and abandoning module XAudio2 (65)
[2016.05.13-19.53.56:409][384]LogModuleManager: Shutting down and abandoning module Networking (63)
[2016.05.13-19.53.56:409][384]LogModuleManager: Shutting down and abandoning module Core (62)
[2016.05.13-19.53.56:409][384]LogModuleManager: Shutting down and abandoning module KismetCompiler (61)
[2016.05.13-19.53.56:409][384]LogModuleManager: Shutting down and abandoning module PhysXFormats (60)
[2016.05.13-19.53.56:409][384]LogModuleManager: Shutting down and abandoning module MeshUtilities (59)
[2016.05.13-19.53.56:409][384]LogModuleManager: Shutting down and abandoning module CookingStats (58)
[2016.05.13-19.53.56:410][384]LogModuleManager: Shutting down and abandoning module DerivedDataCache (57)
[2016.05.13-19.53.56:410][384]LogDerivedDataCache: Shutdown
[2016.05.13-19.53.56:410][384]LogModuleManager: Shutting down and abandoning module ShaderFormatOpenGL (56)
[2016.05.13-19.53.56:410][384]LogModuleManager: Shutting down and abandoning module ShaderFormatD3D (55)
[2016.05.13-19.53.56:410][384]LogModuleManager: Shutting down and abandoning module MetalShaderFormat (54)
[2016.05.13-19.53.56:410][384]LogModuleManager: Shutting down and abandoning module TextureFormatUncompressed (53)
[2016.05.13-19.53.56:410][384]LogModuleManager: Shutting down and abandoning module TextureFormatPVR (52)
[2016.05.13-19.53.56:410][384]LogModuleManager: Shutting down and abandoning module TextureFormatIntelISPCTexComp (51)
[2016.05.13-19.53.56:410][384]LogModuleManager: Shutting down and abandoning module TextureFormatDXT (50)
[2016.05.13-19.53.56:410][384]LogModuleManager: Shutting down and abandoning module ImageWrapper (49)
[2016.05.13-19.53.56:410][384]LogModuleManager: Shutting down and abandoning module TextureFormatASTC (48)
[2016.05.13-19.53.56:410][384]LogModuleManager: Shutting down and abandoning module TextureFormatAndroid (47)
[2016.05.13-19.53.56:410][384]LogModuleManager: Shutting down and abandoning module AudioFormatOpus (46)
[2016.05.13-19.53.56:410][384]LogModuleManager: Shutting down and abandoning module AudioFormatOgg (45)
[2016.05.13-19.53.56:410][384]LogModuleManager: Shutting down and abandoning module AudioFormatADPCM (44)
[2016.05.13-19.53.56:410][384]LogModuleManager: Shutting down and abandoning module LinuxTargetPlatform (43)
[2016.05.13-19.53.56:410][384]LogModuleManager: Shutting down and abandoning module LinuxServerTargetPlatform (42)
[2016.05.13-19.53.56:410][384]LogModuleManager: Shutting down and abandoning module LinuxNoEditorTargetPlatform (41)
[2016.05.13-19.53.56:410][384]LogModuleManager: Shutting down and abandoning module TVOSTargetPlatform (40)
[2016.05.13-19.53.56:410][384]LogModuleManager: Shutting down and abandoning module Messaging (39)
[2016.05.13-19.53.56:410][384]LogModuleManager: Shutting down and abandoning module IOSTargetPlatform (38)
[2016.05.13-19.53.56:410][384]LogModuleManager: Shutting down and abandoning module HTML5TargetPlatform (37)
[2016.05.13-19.53.56:410][384]LogModuleManager: Shutting down and abandoning module Android_PVRTCTargetPlatform (36)
[2016.05.13-19.53.56:410][384]LogModuleManager: Shutting down and abandoning module Android_MultiTargetPlatform (35)
[2016.05.13-19.53.56:410][384]LogModuleManager: Shutting down and abandoning module Android_ETC2TargetPlatform (34)
[2016.05.13-19.53.56:410][384]LogModuleManager: Shutting down and abandoning module Android_ETC1TargetPlatform (33)
[2016.05.13-19.53.56:410][384]LogModuleManager: Shutting down and abandoning module Android_DXTTargetPlatform (32)
[2016.05.13-19.53.56:410][384]LogModuleManager: Shutting down and abandoning module Android_ATCTargetPlatform (31)
[2016.05.13-19.53.56:410][384]LogModuleManager: Shutting down and abandoning module Android_ASTCTargetPlatform (30)
[2016.05.13-19.53.56:410][384]LogModuleManager: Shutting down and abandoning module AndroidTargetPlatform (29)
[2016.05.13-19.53.56:410][384]LogModuleManager: Shutting down and abandoning module WindowsTargetPlatform (28)
[2016.05.13-19.53.56:411][384]LogModuleManager: Shutting down and abandoning module WindowsServerTargetPlatform (27)
[2016.05.13-19.53.56:411][384]LogModuleManager: Shutting down and abandoning module WindowsNoEditorTargetPlatform (26)
[2016.05.13-19.53.56:411][384]LogModuleManager: Shutting down and abandoning module WindowsClientTargetPlatform (25)
[2016.05.13-19.53.56:411][384]LogModuleManager: Shutting down and abandoning module AllDesktopTargetPlatform (24)
[2016.05.13-19.53.56:411][384]LogModuleManager: Shutting down and abandoning module TargetPlatform (23)
[2016.05.13-19.53.56:411][384]LogModuleManager: Shutting down and abandoning module InputCore (22)
[2016.05.13-19.53.56:411][384]LogModuleManager: Shutting down and abandoning module Settings (21)
[2016.05.13-19.53.56:411][384]LogModuleManager: Shutting down and abandoning module OnlineSubsystem (19)
[2016.05.13-19.53.56:411][384]LogModuleManager: Shutting down and abandoning module HTTP (18)
[2016.05.13-19.53.57:411][384]LogModuleManager: Shutting down and abandoning module XMPP (17)
[2016.05.13-19.53.57:411][384]LogModuleManager: Shutting down and abandoning module OculusRift (16)
[2016.05.13-19.53.57:411][384]LogModuleManager: Shutting down and abandoning module ExampleDeviceProfileSelector (15)
[2016.05.13-19.53.57:411][384]LogModuleManager: Shutting down and abandoning module TextureCompressor (14)
[2016.05.13-19.53.57:411][384]LogModuleManager: Shutting down and abandoning module ShaderCore (13)
[2016.05.13-19.53.57:411][384]LogModuleManager: Shutting down and abandoning module Landscape (12)
[2016.05.13-19.53.57:411][384]LogModuleManager: Shutting down and abandoning module SlateRHIRenderer (11)
[2016.05.13-19.53.57:416][384]LogModuleManager: Shutting down and abandoning module OpenGLDrv (10)
[2016.05.13-19.53.57:416][384]LogModuleManager: Shutting down and abandoning module D3D11RHI (9)
[2016.05.13-19.53.57:416][384]LogModuleManager: Shutting down and abandoning module AnimGraphRuntime (8)
[2016.05.13-19.53.57:416][384]LogModuleManager: Shutting down and abandoning module Renderer (7)
[2016.05.13-19.53.57:416][384]LogModuleManager: Shutting down and abandoning module Engine (6)
[2016.05.13-19.53.57:416][384]LogModuleManager: Shutting down and abandoning module CoreUObject (5)
[2016.05.13-19.53.57:416][384]LogModuleManager: Shutting down and abandoning module NetworkFile (4)
[2016.05.13-19.53.57:416][384]LogModuleManager: Shutting down and abandoning module StreamingFile (3)
[2016.05.13-19.53.57:416][384]LogModuleManager: Shutting down and abandoning module SandboxFile (2)
[2016.05.13-19.53.57:416][384]LogModuleManager: Shutting down and abandoning module PakFile (1)
[2016.05.13-19.53.57:420][384]LogExit: Exiting.
[2016.05.13-19.53.57:448][384]Log file closed, 05/13/16 15:53:57
