Log file open, 05/14/16 13:36:53
LogInit:Display: Running engine for game: MechProject2
LogPlatformFile: Not using cached read wrapper
LogInit:Display: RandInit(-404727144) SRandInit(-404727142).
LogTaskGraph: Started task graph with 4 named threads and 11 total threads.
LogStats: Stats thread started at 0.116730
LogInit: Version: 4.11.2-2946394+++UE4+Release-4.11
LogInit: API Version: 2927265
LogInit: Compiled (64-bit): Apr 18 2016 02:18:46
LogInit: Compiled with Visual C++: 19.00.23026.00
LogInit: Build Configuration: Development
LogInit: Branch Name: ++UE4+Release-4.11
LogInit: Command line: -EpicPortal 
LogInit: Base directory: F:/Programs/Epic Games/4.11/Engine/Binaries/Win64/
LogInit: Installed Engine Build: 1
LogInit: Using libcurl 7.41.0
LogInit:  - built for x86_64-pc-win32
LogInit:  - supports SSL with WinSSL
LogInit:  - other features:
LogInit:      CURL_VERSION_SSL
LogInit:      CURL_VERSION_IPV6
LogInit:      CURL_VERSION_ASYNCHDNS
LogInit:      CURL_VERSION_LARGEFILE
LogInit:      CURL_VERSION_IDN
LogInit:  CurlRequestOptions (configurable via config and command line):
LogInit:  - bVerifyPeer = true  - Libcurl will verify peer certificate
LogInit:  - bUseHttpProxy = false  - Libcurl will NOT use HTTP proxy
LogInit:  - bDontReuseConnections = false  - Libcurl will reuse connections
LogInit:  - CertBundlePath = nullptr  - Libcurl will use whatever was configured at build time.
LogInit: Presizing for max 16777216 objects, including 0 objects not considered by GC, pre-allocating 0 bytes for permanent pool.
LogInit: Object subsystem initialized
[2016.05.14-17.36.53:391][  0]LogInit: Selected Device Profile: [Windows]
[2016.05.14-17.36.53:391][  0]LogInit: Applying CVar settings loaded from the selected device profile: [Windows]
[2016.05.14-17.36.53:409][  0]LogInit: Computer: Z600-PC
[2016.05.14-17.36.53:409][  0]LogInit: User: Z600
[2016.05.14-17.36.53:409][  0]LogInit: CPU Page size=65536, Cores=8
[2016.05.14-17.36.53:409][  0]LogInit: High frequency timer resolution =2.597705 MHz
[2016.05.14-17.36.53:409][  0]LogMemory: Memory total: Physical=12.0GB (12GB approx)
[2016.05.14-17.36.53:409][  0]LogMemory: Platform Memory Stats for Windows
[2016.05.14-17.36.53:409][  0]LogMemory: Process Physical Memory: 315.97 MB used, 315.97 MB peak
[2016.05.14-17.36.53:409][  0]LogMemory: Process Virtual Memory: 320.87 MB used, 320.87 MB peak
[2016.05.14-17.36.53:409][  0]LogMemory: Physical Memory: 4799.41 MB used, 12271.22 MB total
[2016.05.14-17.36.53:409][  0]LogMemory: Virtual Memory: 623.86 MB used, 8388608.00 MB total
[2016.05.14-17.36.53:475][  0]LogTextLocalizationManager: No specific translations for ('en-US') exist, so ('en') translations will be used.
[2016.05.14-17.36.54:103][  0]LogD3D11RHI: D3D11 adapters:
[2016.05.14-17.36.54:130][  0]LogD3D11RHI:    0. 'NVIDIA GeForce GTX 750 Ti' (Feature Level 11_0)
[2016.05.14-17.36.54:130][  0]LogD3D11RHI:       1992MB of dedicated video memory, 0MB of dedicated system memory, and 2048MB of shared system memory, 2 output[s]
[2016.05.14-17.36.54:130][  0]LogD3D11RHI: Chosen D3D11 Adapter: 0
[2016.05.14-17.36.54:150][  0]LogD3D11RHI: Creating new Direct3DDevice
[2016.05.14-17.36.54:152][  0]LogD3D11RHI:     Adapter Name: NVIDIA GeForce GTX 750 Ti
[2016.05.14-17.36.54:152][  0]LogD3D11RHI:   Driver Version: Unknown (internal Unknown)
[2016.05.14-17.36.54:152][  0]LogD3D11RHI:      Driver Date: Unknown
[2016.05.14-17.36.54:152][  0]LogRHI: Texture pool is 1361 MB (70% of 1945 MB)
[2016.05.14-17.36.54:167][  0]LogD3D11RHI: Async texture creation enabled
[2016.05.14-17.36.54:187][  0]LogShaderCompilers: Guid format shader working directory is 0 characters bigger than the processId version (../../../../../../UnrealProjects/MechProject2/Intermediate/Shaders/WorkingDirectory/3428/).
[2016.05.14-17.36.54:187][  0]LogShaderCompilers: Cleaned the shader compiler working directory 'C:/Users/Z600/AppData/Local/Temp/UnrealShaderWorkingDir/EAD679F9431733C74D93CABA6A25FFD1/'.
[2016.05.14-17.36.54:187][  0]LogShaderCompilers:Display: Using Local Shader Compiler.
[2016.05.14-17.36.55:439][  0]LogTemp:Display: Loaded TP AllDesktopTargetPlatform
[2016.05.14-17.36.55:448][  0]LogTemp:Display: Loaded TP WindowsClientTargetPlatform
[2016.05.14-17.36.55:455][  0]LogTemp:Display: Loaded TP WindowsNoEditorTargetPlatform
[2016.05.14-17.36.55:461][  0]LogTemp:Display: Loaded TP WindowsServerTargetPlatform
[2016.05.14-17.36.55:467][  0]LogTemp:Display: Loaded TP WindowsTargetPlatform
[2016.05.14-17.36.55:471][  0]LogTemp:Display: Loaded TP AndroidTargetPlatform
[2016.05.14-17.36.55:477][  0]LogTemp:Display: Loaded TP Android_ASTCTargetPlatform
[2016.05.14-17.36.55:481][  0]LogTemp:Display: Loaded TP Android_ATCTargetPlatform
[2016.05.14-17.36.55:486][  0]LogTemp:Display: Loaded TP Android_DXTTargetPlatform
[2016.05.14-17.36.55:491][  0]LogTemp:Display: Loaded TP Android_ETC1TargetPlatform
[2016.05.14-17.36.55:495][  0]LogTemp:Display: Loaded TP Android_ETC2TargetPlatform
[2016.05.14-17.36.55:505][  0]LogTemp:Display: Loaded TP Android_MultiTargetPlatform
[2016.05.14-17.36.55:505][  0]LogTemp:Display: Loaded TP Android_PVRTCTargetPlatform
[2016.05.14-17.36.55:507][  0]LogTemp:Display: Loaded TP HTML5TargetPlatform
[2016.05.14-17.36.55:526][  0]LogTemp:Display: Loaded TP IOSTargetPlatform
[2016.05.14-17.36.55:530][  0]LogTemp:Display: Loaded TP TVOSTargetPlatform
[2016.05.14-17.36.55:535][  0]LogTemp:Display: Loaded TP LinuxNoEditorTargetPlatform
[2016.05.14-17.36.55:540][  0]LogTemp:Display: Loaded TP LinuxServerTargetPlatform
[2016.05.14-17.36.55:546][  0]LogTemp:Display: Loaded TP LinuxTargetPlatform
[2016.05.14-17.36.55:546][  0]LogTargetPlatformManager:Display: Building Assets For Windows
[2016.05.14-17.36.55:672][  0]LogDerivedDataCache:Display: Max Cache Size: 512 MB
[2016.05.14-17.36.55:745][  0]LogDerivedDataCache: Loaded boot cache 0.07s 46MB C:/Users/Z600/AppData/Local/UnrealEngine/4.11/DerivedDataCache/Boot.ddc.
[2016.05.14-17.36.55:746][  0]LogDerivedDataCache:Display: Loaded Boot cache: C:/Users/Z600/AppData/Local/UnrealEngine/4.11/DerivedDataCache/Boot.ddc
[2016.05.14-17.36.55:746][  0]LogDerivedDataCache: FDerivedDataBackendGraph:  Pak pak cache file ../../../../../../UnrealProjects/MechProject2/DerivedDataCache/DDC.ddp not found, will not use a pak cache.
[2016.05.14-17.36.55:746][  0]LogDerivedDataCache: Unable to find inner node Pak for hierarchical cache Hierarchy.
[2016.05.14-17.36.55:746][  0]LogDerivedDataCache: FDerivedDataBackendGraph:  CompressedPak pak cache file ../../../../../../UnrealProjects/MechProject2/DerivedDataCache/Compressed.ddp not found, will not use a pak cache.
[2016.05.14-17.36.55:746][  0]LogDerivedDataCache: Unable to find inner node CompressedPak for hierarchical cache Hierarchy.
[2016.05.14-17.36.55:768][  0]LogDerivedDataCache:Display: Pak cache opened for reading ../../../Engine/DerivedDataCache/Compressed.ddp.
[2016.05.14-17.36.55:780][  0]LogDerivedDataCache: Using Local data cache path C:/Users/Z600/AppData/Local/UnrealEngine/Common/DerivedDataCache: Writable
[2016.05.14-17.36.56:041][  0]LogInit: Selected Device Profile: [Windows]
[2016.05.14-17.36.56:042][  0]LogContentStreaming: Texture pool size is 0.00 MB
[2016.05.14-17.36.56:076][  0]LogMaterial: Uniform references updated for custom material expression Custom.
[2016.05.14-17.36.56:289][  0]LogMeshUtilities: No automatic mesh reduction module available
[2016.05.14-17.36.56:289][  0]LogMeshUtilities: No automatic mesh merging module available
[2016.05.14-17.36.56:289][  0]LogMeshUtilities: No distributed automatic mesh merging module available
[2016.05.14-17.36.56:642][  0]LogUObjectArray: 27679 objects as part of root set at end of initial load.
[2016.05.14-17.36.56:642][  0]LogUObjectAllocator: 5591600 out of 0 bytes used by permanent object pool.
[2016.05.14-17.36.56:642][  0]LogUObjectArray: CloseDisregardForGC: 0/0 objects in disregard for GC pool
[2016.05.14-17.36.56:651][  0]LogInit: WinSock: version 1.1 (2.2), MaxSocks=32767, MaxUdp=65467
[2016.05.14-17.36.56:774][  0]LogSlate: SlateFontCache - WITH_FREETYPE: 1, WITH_HARFBUZZ: 1
[2016.05.14-17.36.56:774][  0]LogSlate: SlateFontCache - WITH_FREETYPE: 1, WITH_HARFBUZZ: 1
[2016.05.14-17.36.56:917][  0]LogStreaming:Warning: Failed to read file '../../../Engine/Content/Editor/Slate/Common/Selection_16x.png' error.
[2016.05.14-17.36.56:917][  0]LogSlate: Could not find file for Slate resource: ../../../Engine/Content/Editor/Slate/Common/Selection_16x.png
[2016.05.14-17.36.56:917][  0]LogStreaming:Warning: Failed to read file '../../../Engine/Content/Editor/Slate/Common/Selection_16x.png' error.
[2016.05.14-17.36.56:917][  0]LogSlate: Could not find file for Slate resource: ../../../Engine/Content/Editor/Slate/Common/Selection_16x.png
[2016.05.14-17.36.56:917][  0]LogStreaming:Warning: Failed to read file '../../../Engine/Content/Editor/Slate/Common/Selection_16x.png' error.
[2016.05.14-17.36.56:917][  0]LogSlate: Could not find file for Slate resource: ../../../Engine/Content/Editor/Slate/Common/Selection_16x.png
[2016.05.14-17.36.57:652][  0]LogUdpMessaging: Initializing bridge on interface 0.0.0.0:0 to multicast group 230.0.0.1:6666.
[2016.05.14-17.36.57:761][  0]LogAssetRegistry: FAssetRegistry took 0.0202 seconds to start up
[2016.05.14-17.36.58:182][  0]SourceControl: Info Source control is disabled
[2016.05.14-17.36.58:184][  0]SourceControl: Info Source control is disabled
[2016.05.14-17.36.58:194][  0]SourceControl: Info Source control is disabled
[2016.05.14-17.36.58:205][  0]SourceControl: Info Source control is disabled
[2016.05.14-17.36.58:360][  0]LogHMD: Failed to initialize OpenVR with code 110
[2016.05.14-17.36.58:455][  0]LogEngine: Initializing Engine...
[2016.05.14-17.36.58:687][  0]LogAIModule: Creating AISystem for world NewWorld
[2016.05.14-17.36.58:695][  0]LogInit: XAudio2 using 'Speakers (Realtek High Definition Audio)' : 2 channels at 48 kHz using 32 bits per sample (channel mask 0x3)
[2016.05.14-17.36.58:710][  0]LogInit: FAudioDevice initialized.
[2016.05.14-17.36.58:754][  0]LogDerivedDataCache: Saved boot cache 0.04s 46MB C:/Users/Z600/AppData/Local/UnrealEngine/4.11/DerivedDataCache/Boot.ddc.
[2016.05.14-17.36.58:766][  0]LogInit: Texture streaming: Enabled
[2016.05.14-17.36.58:803][  0]LogInit: Transaction tracking system initialized
[2016.05.14-17.36.58:839][  0]BlueprintLog: New page: Editor Load
[2016.05.14-17.36.58:966][  0]LocalizationService: Info Localization service is disabled
[2016.05.14-17.36.59:075][  0]LogConsoleResponse:Display: 
[2016.05.14-17.36.59:216][  0]LogCook:Display: Max memory allowance for cook 8192mb
[2016.05.14-17.36.59:216][  0]LogCook:Display: Mobile HDR setting 1
[2016.05.14-17.36.59:216][  0]LogCook:Display: Done creating registry. It took  0.00s.
[2016.05.14-17.36.59:290][  0]LogFileCache: Scanning file cache for directory 'F:/UnrealProjects/MechProject2/Content/' took 0.02s
[2016.05.14-17.36.59:290][  0]SourceControl: Info Source control is disabled
[2016.05.14-17.36.59:290][  0]Cmd: MAP LOAD FILE="../../../../../../UnrealProjects/MechProject2/Content/ThirdPersonBP/Maps/TutorialCourse.umap" TEMPLATE=0 SHOWPROGRESS=1 FEATURELEVEL=3
[2016.05.14-17.36.59:290][  0]LightingResults: New page: Lighting Build
[2016.05.14-17.36.59:294][  0]MapCheck: New page: Map Check
[2016.05.14-17.36.59:294][  0]LightingResults: New page: Lighting Build
[2016.05.14-17.37.03:432][  0]LogAIModule: Creating AISystem for world TutorialCourse
[2016.05.14-17.37.03:468][  0]LogEditorServer: Finished looking for orphan Actors (0.000 secs)
[2016.05.14-17.37.03:469][  0]Cmd: MAP CHECKDEP NOCLEARLOG
[2016.05.14-17.37.03:563][  0]MapCheck: Info Map check complete: 0 Error(s), 0 Warning(s), took 94.476ms to complete.
[2016.05.14-17.37.03:563][  0]LogFileHelpers: Loading map 'TutorialCourse' took 4.274
[2016.05.14-17.37.03:731][  0]LogCollectionManager: Loaded 0 collections in 0.001871 seconds
[2016.05.14-17.37.03:783][  0]LogFileCache: Scanning file cache for directory 'F:/UnrealProjects/MechProject2/Saved/Collections/' took 0.01s
[2016.05.14-17.37.03:783][  0]LogFileCache: Scanning file cache for directory 'F:/UnrealProjects/MechProject2/Content/Developers/Z600/Collections/' took 0.01s
[2016.05.14-17.37.03:784][  0]LogFileCache: Scanning file cache for directory 'F:/UnrealProjects/MechProject2/Content/Collections/' took 0.01s
[2016.05.14-17.37.03:784][  0]LogCollectionManager: Rebuilt the GUID cache for 0 collections in 0.000004 seconds
[2016.05.14-17.37.03:799][  0]LogContentBrowser: Native class hierarchy populated in 0.0148 seconds. Added 1979 classes and 343 folders.
[2016.05.14-17.37.03:804][  0]LogStats: UGameplayTagsManager::ConstructGameplayTagTree: Construct from data asset -  0.000 s
[2016.05.14-17.37.03:804][  0]LogStats: UGameplayTagsManager::ConstructGameplayTagTree: GameplayTagTreeChangedEvent.Broadcast -  0.000 s
[2016.05.14-17.37.03:804][  0]LogContentBrowser: Native class hierarchy updated for 'GameplayTags' in 0.0005 seconds. Added 12 classes and 0 folders.
[2016.05.14-17.37.03:809][  0]LogContentBrowser: Native class hierarchy updated for 'WidgetCarousel' in 0.0004 seconds. Added 0 classes and 0 folders.
[2016.05.14-17.37.03:818][  0]LogContentBrowser: Native class hierarchy updated for 'SuperSearch' in 0.0004 seconds. Added 1 classes and 2 folders.
[2016.05.14-17.37.03:868][  0]LogContentBrowser: Native class hierarchy updated for 'AddContentDialog' in 0.0006 seconds. Added 0 classes and 0 folders.
[2016.05.14-17.37.03:878][  0]LogContentBrowser: Native class hierarchy updated for 'SceneOutliner' in 0.0006 seconds. Added 1 classes and 2 folders.
[2016.05.14-17.37.04:008][  0]LogCrashTracker: Crashtracker disabled due to settings.
[2016.05.14-17.37.04:023][  0]LogUObjectGlobals:Warning: Failed to find object 'Class None.'
[2016.05.14-17.37.04:052][  0]LogContentBrowser: Native class hierarchy updated for 'HierarchicalLODOutliner' in 0.0006 seconds. Added 1 classes and 2 folders.
[2016.05.14-17.37.04:052][  0]LogLoad: Full Startup: 13.82 seconds (BP compile: 1.19 seconds)
[2016.05.14-17.37.04:052][  0]LogExternalProfiler:Warning: No registered external profiler was matched with a command-line switch (or the DLL could not be loaded).  External profiling features will not be available.
[2016.05.14-17.37.04:062][  0]LogOcInput: OculusInput pre-init called
[2016.05.14-17.37.04:119][  0]LogContentStreaming: Texture pool size now 1000 MB
[2016.05.14-17.37.04:360][  0]LogRenderer: Reallocating scene render targets to support 1204x576 (Frame:2).
[2016.05.14-17.37.04:551][  2]LogAssetRegistry: Asset discovery search completed in 6.8111 seconds
[2016.05.14-17.37.04:551][  2]LogCollectionManager: Rebuilt the object cache for 0 collections in 0.000002 seconds (found 0 objects)
[2016.05.14-17.37.04:551][  2]LogCollectionManager: Fixed up redirectors for 0 collections in 0.000032 seconds (updated 0 objects)
[2016.05.14-17.37.10:579][270]Cmd: MAP LOAD FILE="F:/UnrealProjects/MechProject2/Content/ThirdPersonBP/Maps/DEMOmap.umap" TEMPLATE=0 SHOWPROGRESS=1 FEATURELEVEL=3
[2016.05.14-17.37.10:603][270]LightingResults: New page: Lighting Build
[2016.05.14-17.37.10:624][270]LoadErrors: New page: Loading map: DEMOmap.umap
[2016.05.14-17.37.10:724][270]MapCheck: New page: Map Check
[2016.05.14-17.37.10:724][270]LightingResults: New page: Lighting Build
[2016.05.14-17.37.10:724][270]LogActorComponent: UnregisterComponent: (/Engine/Transient.CharMoveComp) Not registered. Aborting.
[2016.05.14-17.37.10:986][270]LogAIModule: Creating AISystem for world DEMOmap
[2016.05.14-17.37.10:998][270]LogMaterial:Warning: Material /Game/StarterContent/Materials/M_Basic_Floor.M_Basic_Floor needed to have new flag set bUsedWithSkeletalMesh !
[2016.05.14-17.37.11:032][270]LogMaterial: Missing cached shader map for material M_Basic_Floor, compiling. 
[2016.05.14-17.37.11:117][270]MapCheck:Warning: Warning M_Basic_Floor Material /Game/StarterContent/Materials/M_Basic_Floor.M_Basic_Floor was missing the usage flag bUsedWithSkeletalMesh. If the material asset is not re-saved, it may not render correctly when run outside the editor. Fix
[2016.05.14-17.37.11:136][270]LogMaterial: 0.00 seconds spent updating 1 materials, 1 interfaces, 0 instances, 0 with static permutations.
[2016.05.14-17.37.11:422][270]LogEditorServer: Finished looking for orphan Actors (0.000 secs)
[2016.05.14-17.37.11:770][270]Cmd: MAP CHECKDEP NOCLEARLOG
[2016.05.14-17.37.11:859][270]MapCheck: Info Map check complete: 0 Error(s), 1 Warning(s), took 89.031ms to complete.
[2016.05.14-17.37.11:870][270]LogFileHelpers: Loading map 'DEMOmap' took 1.293
[2016.05.14-17.37.38:063][402]LogPlayLevel: PlayLevel: No blueprints needed recompiling
[2016.05.14-17.37.38:064][402]PIE: New page: PIE session: DEMOmap (May 14, 2016, 8:37:38 AM)
[2016.05.14-17.37.38:064][402]LogPlayLevel: Creating play world package: /Game/ThirdPersonBP/Maps/UEDPIE_0_DEMOmap
[2016.05.14-17.37.38:100][402]LogPlayLevel: PIE: StaticDuplicateObject took: (0.035849s)
[2016.05.14-17.37.38:101][402]LogAIModule: Creating AISystem for world DEMOmap
[2016.05.14-17.37.38:101][402]LogPlayLevel: PIE: World Init took: (0.000845s)
[2016.05.14-17.37.38:101][402]LogPlayLevel: PIE: Created PIE world by copying editor world from /Game/ThirdPersonBP/Maps/DEMOmap.DEMOmap to /Game/ThirdPersonBP/Maps/UEDPIE_0_DEMOmap.DEMOmap (0.036971s)
[2016.05.14-17.37.38:130][402]LogInit: XAudio2 using 'Speakers (Realtek High Definition Audio)' : 2 channels at 48 kHz using 32 bits per sample (channel mask 0x3)
[2016.05.14-17.37.38:140][402]LogInit: FAudioDevice initialized.
[2016.05.14-17.37.38:214][402]LogWorld: Game class is 'MechGame_C'
[2016.05.14-17.37.38:308][402]LogWorld: Bringing World /Game/ThirdPersonBP/Maps/UEDPIE_0_DEMOmap.DEMOmap up for play (max tick rate 0) at 2016.05.14-13.37.38
[2016.05.14-17.37.38:311][402]LogBlueprintUserMessages: [MechChara11_4728] wallruncollide
[2016.05.14-17.37.38:312][402]LogBlueprintUserMessages: [MechChara10_4327] wallruncollide
[2016.05.14-17.37.38:314][402]LogBlueprintUserMessages: [MechChara12_5016] wallruncollide
[2016.05.14-17.37.38:315][402]LogBlueprintUserMessages: [MechChara13_5588] wallruncollide
[2016.05.14-17.37.38:316][402]LogBlueprintUserMessages: [MechChara14] wallruncollide
[2016.05.14-17.37.38:317][402]LogBlueprintUserMessages: [MechChara15] wallruncollide
[2016.05.14-17.37.38:318][402]LogBlueprintUserMessages: [MechChara16] wallruncollide
[2016.05.14-17.37.38:319][402]LogBlueprintUserMessages: [MechChara17] wallruncollide
[2016.05.14-17.37.38:320][402]LogBlueprintUserMessages: [MechChara2] wallruncollide
[2016.05.14-17.37.38:321][402]LogBlueprintUserMessages: [MechChara3] wallruncollide
[2016.05.14-17.37.38:322][402]LogBlueprintUserMessages: [MechChara4_17492] wallruncollide
[2016.05.14-17.37.38:323][402]LogBlueprintUserMessages: [MechChara5] wallruncollide
[2016.05.14-17.37.38:324][402]LogBlueprintUserMessages: [MechChara5] wallruncollide
[2016.05.14-17.37.38:325][402]LogBlueprintUserMessages: [MechChara6] wallruncollide
[2016.05.14-17.37.38:326][402]LogBlueprintUserMessages: [MechChara7] wallruncollide
[2016.05.14-17.37.38:327][402]LogBlueprintUserMessages: [MechChara8_441] wallruncollide
[2016.05.14-17.37.38:328][402]LogBlueprintUserMessages: [MechChara9_3888] wallruncollide
[2016.05.14-17.37.38:329][402]LogBlueprintUserMessages: [MechChara_5996] wallruncollide
[2016.05.14-17.37.38:330][402]LogWorld: Bringing up level for play took: 0.111739
[2016.05.14-17.37.38:332][402]LogSpawn:Warning: SpawnActor failed because no class was specified
[2016.05.14-17.37.38:335][402]LogContentBrowser: Native class hierarchy updated for 'MovieSceneCapture' in 0.0006 seconds. Added 9 classes and 0 folders.
[2016.05.14-17.37.38:341][402]LogBlueprintUserMessages: [MechChara_C_441] wallruncollide
[2016.05.14-17.37.38:374][402]PIE: Info Play in editor start time for /Game/ThirdPersonBP/Maps/UEDPIE_0_DEMOmap -0.482
[2016.05.14-17.37.38:432][403]LogRenderer: Reallocating scene render targets to support 1920x1080 (Frame:686).
[2016.05.14-17.37.38:553][404]LogRenderTargetPool:Warning: r.RenderTargetPoolMin exceeded 429/400 MB (ok in editor, bad on fixed memory platform)
[2016.05.14-17.37.52:535][ 29]LogBlueprintUserMessages: [MechChara_C_441] wallruncollide
[2016.05.14-17.37.52:535][ 29]LogBlueprintUserMessages: [MechChara_C_441] RightOn
[2016.05.14-17.37.52:898][ 45]LogScript:Warning: Accessed None trying to read property K2Node_ComponentBoundEvent_OtherActor5
	MechChara_C /Game/ThirdPersonBP/Maps/UEDPIE_0_DEMOmap.DEMOmap:PersistentLevel.MechChara_C_441
	Function /Game/MechaInsurgent/MechaInsurgent/MechChara.MechChara_C:ExecuteUbergraph_MechChara:0BB6
[2016.05.14-17.37.52:898][ 45]PIE:Error: Error Blueprint Runtime Error: Accessed None trying to read property K2Node_ComponentBoundEvent_OtherActor5 from function: 'ExecuteUbergraph_MechChara' from node: Launch Character in graph: EventGraph in object: MechChara
[2016.05.14-17.37.52:899][ 45]LogBlueprintUserMessages: [MechChara_C_441] Hello
[2016.05.14-17.37.53:897][ 90]LogBlueprintUserMessages: [MechChara_C_441] 1
[2016.05.14-17.37.56:197][196]LogBlueprintUserMessages: [MechChara_C_441] RightOff
[2016.05.14-17.37.57:955][275]LogBlueprintUserMessages: [MechChara_C_441] wallruncollide
[2016.05.14-17.37.57:955][275]LogBlueprintUserMessages: [MechChara_C_441] leftOn
[2016.05.14-17.37.58:090][281]LogBlueprintUserMessages: [MechChara_C_441] Hello
[2016.05.14-17.37.59:077][325]LogBlueprintUserMessages: [MechChara_C_441] 1
[2016.05.14-17.38.00:603][395]LogBlueprintUserMessages: [MechChara_C_441] LeftOff
[2016.05.14-17.38.02:328][475]LogBlueprintUserMessages: [MechChara_C_441] wallruncollide
[2016.05.14-17.38.02:329][475]LogBlueprintUserMessages: [MechChara_C_441] RightOn
[2016.05.14-17.38.02:719][493]LogBlueprintUserMessages: [MechChara_C_441] RightOff
[2016.05.14-17.38.02:719][493]LogBlueprintUserMessages: [MechChara_C_441] leftOn
[2016.05.14-17.38.05:685][632]LogBlueprintUserMessages: [MechChara_C_441] LeftOff
[2016.05.14-17.38.09:120][793]LogBlueprintUserMessages: [MechChara_C_441] wallruncollide
[2016.05.14-17.38.09:121][793]LogBlueprintUserMessages: [MechChara_C_441] leftOn
[2016.05.14-17.38.10:194][842]LogBlueprintUserMessages: [MechChara_C_441] LeftOff
[2016.05.14-17.38.14:687][ 54]LogBlueprintUserMessages: [MechChara_C_441] wallruncollide
[2016.05.14-17.38.14:687][ 54]LogBlueprintUserMessages: [MechChara_C_441] leftOn
[2016.05.14-17.38.14:752][ 57]LogBlueprintUserMessages: [MechChara_C_441] Hello
[2016.05.14-17.38.15:750][103]LogBlueprintUserMessages: [MechChara_C_441] 1
[2016.05.14-17.38.17:404][181]LogBlueprintUserMessages: [MechChara_C_441] LeftOff
[2016.05.14-17.38.23:545][470]LogBlueprintUserMessages: [MechChara_C_441] leftOn
[2016.05.14-17.38.23:564][471]LogBlueprintUserMessages: [MechChara_C_441] wallruncollide
[2016.05.14-17.38.24:648][523]LogBlueprintUserMessages: [MechChara_C_441] LeftOff
[2016.05.14-17.38.26:769][625]LogBlueprintUserMessages: [MechChara_C_441] wallruncollide
[2016.05.14-17.38.26:769][625]LogBlueprintUserMessages: [MechChara_C_441] leftOn
[2016.05.14-17.38.27:572][663]LogBlueprintUserMessages: [MechChara_C_441] LeftOff
[2016.05.14-17.38.30:102][785]LogBlueprintUserMessages: [MechChara_C_441] wallruncollide
[2016.05.14-17.38.30:102][785]LogBlueprintUserMessages: [MechChara_C_441] leftOn
[2016.05.14-17.38.30:162][788]LogBlueprintUserMessages: [MechChara_C_441] Hello
[2016.05.14-17.38.31:154][834]LogBlueprintUserMessages: [MechChara_C_441] 1
[2016.05.14-17.38.32:023][875]LogBlueprintUserMessages: [MechChara_C_441] LeftOff
[2016.05.14-17.38.35:240][ 25]LogBlueprintUserMessages: [MechChara_C_441] wallruncollide
[2016.05.14-17.38.35:240][ 25]LogBlueprintUserMessages: [MechChara_C_441] RightOn
[2016.05.14-17.38.35:345][ 30]LogBlueprintUserMessages: [MechChara_C_441] Hello
[2016.05.14-17.38.36:341][ 76]LogBlueprintUserMessages: [MechChara_C_441] 1
[2016.05.14-17.38.38:095][156]LogBlueprintUserMessages: [MechChara_C_441] RightOff
[2016.05.14-17.38.40:979][292]LogBlueprintUserMessages: [MechChara_C_441] wallruncollide
[2016.05.14-17.38.40:979][292]LogBlueprintUserMessages: [MechChara_C_441] leftOn
[2016.05.14-17.38.41:112][298]LogBlueprintUserMessages: [MechChara_C_441] Hello
[2016.05.14-17.38.42:111][343]LogBlueprintUserMessages: [MechChara_C_441] 1
[2016.05.14-17.38.45:703][511]LogBlueprintUserMessages: [MechChara_C_441] LeftOff
[2016.05.14-17.38.48:747][655]LogBlueprintUserMessages: [MechChara_C_441] wallruncollide
[2016.05.14-17.38.48:747][655]LogBlueprintUserMessages: [MechChara_C_441] RightOn
[2016.05.14-17.38.49:338][683]LogBlueprintUserMessages: [MechChara_C_441] Hello
[2016.05.14-17.38.50:332][729]LogBlueprintUserMessages: [MechChara_C_441] 1
[2016.05.14-17.38.51:138][766]LogBlueprintUserMessages: [MechChara_C_441] RightOff
[2016.05.14-17.38.55:460][966]LogBlueprintUserMessages: [MechChara_C_441] leftOn
[2016.05.14-17.38.55:483][967]LogBlueprintUserMessages: [MechChara_C_441] wallruncollide
[2016.05.14-17.38.55:752][979]LogBlueprintUserMessages: [MechChara_C_441] LeftOff
[2016.05.14-17.38.58:649][115]LogBlueprintUserMessages: [MechChara_C_441] wallruncollide
[2016.05.14-17.38.58:649][115]LogBlueprintUserMessages: [MechChara_C_441] RightOn
[2016.05.14-17.38.59:262][144]LogBlueprintUserMessages: [MechChara_C_441] RightOff
[2016.05.14-17.39.01:130][233]LogBlueprintUserMessages: [MechChara_C_441] RightOn
[2016.05.14-17.39.01:151][234]LogBlueprintUserMessages: [MechChara_C_441] wallruncollide
[2016.05.14-17.39.01:234][238]LogBlueprintUserMessages: [MechChara_C_441] RightOff
[2016.05.14-17.39.02:579][301]LogBlueprintUserMessages: [MechChara_C_441] wallruncollide
[2016.05.14-17.39.02:579][301]LogBlueprintUserMessages: [MechChara_C_441] RightOn
[2016.05.14-17.39.04:471][390]LogBlueprintUserMessages: [MechChara_C_441] leftOn
[2016.05.14-17.39.04:713][401]LogBlueprintUserMessages: [MechChara_C_441] RightOff
[2016.05.14-17.39.04:897][409]LogBlueprintUserMessages: [MechChara_C_441] LeftOff
[2016.05.14-17.39.07:018][509]LogBlueprintUserMessages: [MechChara_C_441] wallruncollide
[2016.05.14-17.39.07:018][509]LogBlueprintUserMessages: [MechChara_C_441] leftOn
[2016.05.14-17.39.07:161][516]LogBlueprintUserMessages: [MechChara_C_441] Hello
[2016.05.14-17.39.07:930][550]LogBlueprintUserMessages: [MechChara_C_441] LeftOff
[2016.05.14-17.39.08:149][560]LogBlueprintUserMessages: [MechChara_C_441] 1
[2016.05.14-17.39.09:465][622]LogBlueprintUserMessages: [MechChara_C_441] wallruncollide
[2016.05.14-17.39.09:465][622]LogBlueprintUserMessages: [MechChara_C_441] leftOn
[2016.05.14-17.39.11:367][712]LogBlueprintUserMessages: [MechChara_C_441] LeftOff
[2016.05.14-17.39.31:740][686]LogRenderTargetPool:Warning: r.RenderTargetPoolMin exceeded 406/400 MB (ok in editor, bad on fixed memory platform)
[2016.05.14-17.39.35:784][846]LogRenderTargetPool:Warning: r.RenderTargetPoolMin exceeded 420/400 MB (ok in editor, bad on fixed memory platform)
[2016.05.14-17.39.40:853][974]LogRenderTargetPool:Warning: r.RenderTargetPoolMin exceeded 439/400 MB (ok in editor, bad on fixed memory platform)
[2016.05.14-17.39.41:656][976]LogContentBrowser: Native class hierarchy updated for 'BlueprintGraph' in 0.0014 seconds. Added 108 classes and 0 folders.
[2016.05.14-17.39.42:793][976]LogBlueprintUserMessages: [MechChara_C_442] wallruncollide
[2016.05.14-17.39.44:398][979]LogRenderTargetPool:Warning: r.RenderTargetPoolMin exceeded 407/400 MB (ok in editor, bad on fixed memory platform)
[2016.05.14-17.39.54:496][384]LogRenderTargetPool:Warning: r.RenderTargetPoolMin exceeded 447/400 MB (ok in editor, bad on fixed memory platform)
[2016.05.14-17.39.56:198][432]LogRenderTargetPool:Warning: r.RenderTargetPoolMin exceeded 431/400 MB (ok in editor, bad on fixed memory platform)
[2016.05.14-17.39.56:473][433]LogContentBrowser: Native class hierarchy updated for 'TextureEditor' in 0.0008 seconds. Added 1 classes and 2 folders.
[2016.05.14-17.39.59:444][637]LogRenderTargetPool:Warning: r.RenderTargetPoolMin exceeded 407/400 MB (ok in editor, bad on fixed memory platform)
[2016.05.14-17.40.01:325][705]LogRenderTargetPool:Warning: r.RenderTargetPoolMin exceeded 423/400 MB (ok in editor, bad on fixed memory platform)
[2016.05.14-17.40.01:833][707]LogSkeletalMesh: InitArticulated: Bodies already created (/Engine/Transient.DebugSkelMeshComponent_0) - call TermArticulated first.
[2016.05.14-17.40.01:961][707]LogContentBrowser:Verbose: The majority of assets in the view are of type: AnimSequence
[2016.05.14-17.40.18:524][648]LogUObjectArray:Warning: Invalid object index 1130914661
[2016.05.14-17.40.18:900][648]LogStats: FPlatformStackWalk::StackWalkAndDump -  0.377 s
[2016.05.14-17.40.18:901][648]LogOutputDevice:Warning: === Handled error: ===

Ensure condition failed: false [File:D:\BuildFarm\buildmachine_++UE4+Release-4.11\Engine\Source\Editor\UnrealEd\Private\Kismet2\KismetDebugUtilities.cpp] [Line: 925]
Error: Invalid (but non-null) property associated with pin; cannot get variable value
Stack: 
UE4Editor-Core.dll
UE4Editor-Core.dll
UE4Editor-Core.dll
UE4Editor-UnrealEd.dll
UE4Editor-BlueprintGraph.dll
UE4Editor-GraphEditor.dll
UE4Editor-GraphEditor.dll
UE4Editor-GraphEditor.dll
UE4Editor-GraphEditor.dll
UE4Editor-Slate.dll
UE4Editor-Slate.dll
UE4Editor-Slate.dll
UE4Editor-Slate.dll
UE4Editor-Slate.dll
UE4Editor-Slate.dll
UE4Editor-Core.dll
UE4Editor-Core.dll
UE4Editor-Core.dll
UE4Editor-Core.dll
USER32.dll
USER32.dll
UE4Editor-Core.dll
UE4Editor.exe
UE4Editor.exe
UE4Editor.exe
UE4Editor.exe
UE4Editor.exe
kernel32.dll
ntdll.dll
ntdll.dll

[2016.05.14-17.40.18:911][648]LogStats:                SubmitErrorReport -  0.011 s
[2016.05.14-17.40.24:759][648]LogStats:                    SendNewReport -  5.848 s
[2016.05.14-17.40.24:759][648]LogStats:             FDebug::EnsureFailed -  6.236 s
[2016.05.14-17.40.24:760][648]LogUObjectArray:Warning: Invalid object index 1130914661
[2016.05.14-17.40.25:483][675]LogUObjectArray:Warning: Invalid object index 1130914661
[2016.05.14-17.40.25:483][675]LogUObjectArray:Warning: Invalid object index 1130914661
[2016.05.14-17.40.25:494][675]LogUObjectArray:Warning: Invalid object index 1130914661
[2016.05.14-17.40.25:500][675]LogUObjectArray:Warning: Invalid object index 1130914661
[2016.05.14-17.40.25:505][675]LogUObjectArray:Warning: Invalid object index 1130914661
[2016.05.14-17.40.25:530][676]LogUObjectArray:Warning: Invalid object index 1130914661
[2016.05.14-17.40.25:533][676]LogUObjectArray:Warning: Invalid object index 1130914661
[2016.05.14-17.40.25:537][676]LogUObjectArray:Warning: Invalid object index 1130914661
[2016.05.14-17.40.25:542][676]LogUObjectArray:Warning: Invalid object index 1130914661
[2016.05.14-17.40.25:550][677]LogUObjectArray:Warning: Invalid object index 1130914661
[2016.05.14-17.40.25:562][677]LogUObjectArray:Warning: Invalid object index 1130914661
[2016.05.14-17.40.25:568][677]LogUObjectArray:Warning: Invalid object index 1130914661
[2016.05.14-17.40.25:583][678]LogUObjectArray:Warning: Invalid object index 1130914661
[2016.05.14-17.40.25:595][678]LogUObjectArray:Warning: Invalid object index 1130914661
[2016.05.14-17.40.25:607][679]LogUObjectArray:Warning: Invalid object index 1130914661
[2016.05.14-17.40.25:618][679]LogUObjectArray:Warning: Invalid object index 1130914661
[2016.05.14-17.40.25:625][679]LogUObjectArray:Warning: Invalid object index 1130914661
[2016.05.14-17.40.27:043][734]LogUObjectArray:Warning: Invalid object index 1130914661
[2016.05.14-17.40.27:043][734]LogUObjectArray:Warning: Invalid object index 1130914661
[2016.05.14-17.40.27:704][770]LogUObjectArray:Warning: Invalid object index 1130914661
[2016.05.14-17.40.27:707][770]LogUObjectArray:Warning: Invalid object index 1130914661
[2016.05.14-17.40.27:709][770]LogUObjectArray:Warning: Invalid object index 1130914661
[2016.05.14-17.40.27:712][770]LogUObjectArray:Warning: Invalid object index 1130914661
[2016.05.14-17.40.27:717][770]LogUObjectArray:Warning: Invalid object index 1130914661
[2016.05.14-17.40.27:726][771]LogUObjectArray:Warning: Invalid object index 1130914661
[2016.05.14-17.40.27:728][771]LogUObjectArray:Warning: Invalid object index 1130914661
[2016.05.14-17.40.27:746][771]LogUObjectArray:Warning: Invalid object index 1130914661
[2016.05.14-17.40.27:750][771]LogUObjectArray:Warning: Invalid object index 1130914661
[2016.05.14-17.40.27:755][771]LogUObjectArray:Warning: Invalid object index 1130914661
[2016.05.14-17.40.27:763][772]LogUObjectArray:Warning: Invalid object index 1130914661
[2016.05.14-17.40.27:764][772]LogUObjectArray:Warning: Invalid object index 1130914661
[2016.05.14-17.40.27:776][772]LogUObjectArray:Warning: Invalid object index 1130914661
[2016.05.14-17.40.27:781][772]LogUObjectArray:Warning: Invalid object index 1130914661
[2016.05.14-17.40.27:786][772]LogUObjectArray:Warning: Invalid object index 1130914661
[2016.05.14-17.40.27:794][773]LogUObjectArray:Warning: Invalid object index 1130914661
[2016.05.14-17.40.27:808][773]LogUObjectArray:Warning: Invalid object index 1130914661
[2016.05.14-17.40.27:815][773]LogUObjectArray:Warning: Invalid object index 1130914661
[2016.05.14-17.40.27:823][774]LogUObjectArray:Warning: Invalid object index 1130914661
[2016.05.14-17.40.28:857][817]BlueprintLog: New page: Compile FirstPersonAnim
[2016.05.14-17.40.28:916][817]LogActorComponent: UnregisterComponent: (/Engine/Transient.CharMoveComp) Not registered. Aborting.
[2016.05.14-17.40.29:090][817]BlueprintEditorCompileResults: Info [0218.85] Compile of FirstPersonAnim successful! [in 232 ms]
[2016.05.14-17.40.31:366][925]LogPlayLevel: PlayLevel: No blueprints needed recompiling
[2016.05.14-17.40.31:366][925]PIE: New page: PIE session: DEMOmap (May 14, 2016, 8:40:31 AM)
[2016.05.14-17.40.31:366][925]LogPlayLevel: Creating play world package: /Game/ThirdPersonBP/Maps/UEDPIE_0_DEMOmap
[2016.05.14-17.40.31:403][925]LogPlayLevel: PIE: StaticDuplicateObject took: (0.037128s)
[2016.05.14-17.40.31:404][925]LogAIModule: Creating AISystem for world DEMOmap
[2016.05.14-17.40.31:405][925]LogPlayLevel: PIE: World Init took: (0.001407s)
[2016.05.14-17.40.31:405][925]LogPlayLevel: PIE: Created PIE world by copying editor world from /Game/ThirdPersonBP/Maps/DEMOmap.DEMOmap to /Game/ThirdPersonBP/Maps/UEDPIE_0_DEMOmap.DEMOmap (0.038920s)
[2016.05.14-17.40.31:455][925]LogInit: XAudio2 using 'Speakers (Realtek High Definition Audio)' : 2 channels at 48 kHz using 32 bits per sample (channel mask 0x3)
[2016.05.14-17.40.31:466][925]LogInit: FAudioDevice initialized.
[2016.05.14-17.40.31:519][925]LogWorld: Game class is 'MechGame_C'
[2016.05.14-17.40.31:574][925]LogWorld: Bringing World /Game/ThirdPersonBP/Maps/UEDPIE_0_DEMOmap.DEMOmap up for play (max tick rate 0) at 2016.05.14-13.40.31
[2016.05.14-17.40.31:578][925]LogBlueprintUserMessages: [MechChara11_4728] wallruncollide
[2016.05.14-17.40.31:579][925]LogBlueprintUserMessages: [MechChara10_4327] wallruncollide
[2016.05.14-17.40.31:580][925]LogBlueprintUserMessages: [MechChara12_5016] wallruncollide
[2016.05.14-17.40.31:581][925]LogBlueprintUserMessages: [MechChara13_5588] wallruncollide
[2016.05.14-17.40.31:582][925]LogBlueprintUserMessages: [MechChara14] wallruncollide
[2016.05.14-17.40.31:584][925]LogBlueprintUserMessages: [MechChara15] wallruncollide
[2016.05.14-17.40.31:585][925]LogBlueprintUserMessages: [MechChara16] wallruncollide
[2016.05.14-17.40.31:586][925]LogBlueprintUserMessages: [MechChara17] wallruncollide
[2016.05.14-17.40.31:587][925]LogBlueprintUserMessages: [MechChara2] wallruncollide
[2016.05.14-17.40.31:588][925]LogBlueprintUserMessages: [MechChara3] wallruncollide
[2016.05.14-17.40.31:589][925]LogBlueprintUserMessages: [MechChara4_17492] wallruncollide
[2016.05.14-17.40.31:591][925]LogBlueprintUserMessages: [MechChara5] wallruncollide
[2016.05.14-17.40.31:592][925]LogBlueprintUserMessages: [MechChara5] wallruncollide
[2016.05.14-17.40.31:592][925]LogBlueprintUserMessages: [MechChara6] wallruncollide
[2016.05.14-17.40.31:593][925]LogBlueprintUserMessages: [MechChara7] wallruncollide
[2016.05.14-17.40.31:594][925]LogBlueprintUserMessages: [MechChara8_441] wallruncollide
[2016.05.14-17.40.31:595][925]LogBlueprintUserMessages: [MechChara9_3888] wallruncollide
[2016.05.14-17.40.31:597][925]LogBlueprintUserMessages: [MechChara_5996] wallruncollide
[2016.05.14-17.40.31:598][925]LogWorld: Bringing up level for play took: 0.076901
[2016.05.14-17.40.31:599][925]LogSpawn:Warning: SpawnActor failed because no class was specified
[2016.05.14-17.40.31:604][925]LogBlueprintUserMessages: [MechChara_C_466] wallruncollide
[2016.05.14-17.40.31:638][925]PIE: Info Play in editor start time for /Game/ThirdPersonBP/Maps/UEDPIE_0_DEMOmap 0.779
[2016.05.14-17.40.31:709][926]LogRenderTargetPool:Warning: r.RenderTargetPoolMin exceeded 420/400 MB (ok in editor, bad on fixed memory platform)
[2016.05.14-17.40.53:379][702]BlueprintLog: New page: Pre-Play auto-recompile
[2016.05.14-17.40.53:390][702]LogPlayLevel: [PlayLevel] Compiling FirstPersonAnim before play...
[2016.05.14-17.40.53:545][702]LogPlayLevel: PlayLevel: Blueprint regeneration took 166 ms (1 blueprints)
[2016.05.14-17.40.53:598][702]PIE: New page: PIE session: DEMOmap (May 14, 2016, 8:40:53 AM)
[2016.05.14-17.40.53:598][702]LogPlayLevel: Creating play world package: /Game/ThirdPersonBP/Maps/UEDPIE_0_DEMOmap
[2016.05.14-17.40.53:632][702]LogPlayLevel: PIE: StaticDuplicateObject took: (0.034162s)
[2016.05.14-17.40.53:633][702]LogAIModule: Creating AISystem for world DEMOmap
[2016.05.14-17.40.53:633][702]LogPlayLevel: PIE: World Init took: (0.000865s)
[2016.05.14-17.40.53:633][702]LogPlayLevel: PIE: Created PIE world by copying editor world from /Game/ThirdPersonBP/Maps/DEMOmap.DEMOmap to /Game/ThirdPersonBP/Maps/UEDPIE_0_DEMOmap.DEMOmap (0.035284s)
[2016.05.14-17.40.53:677][702]LogInit: XAudio2 using 'Speakers (Realtek High Definition Audio)' : 2 channels at 48 kHz using 32 bits per sample (channel mask 0x3)
[2016.05.14-17.40.53:686][702]LogInit: FAudioDevice initialized.
[2016.05.14-17.40.53:742][702]LogWorld: Game class is 'MechGame_C'
[2016.05.14-17.40.53:802][702]LogWorld: Bringing World /Game/ThirdPersonBP/Maps/UEDPIE_0_DEMOmap.DEMOmap up for play (max tick rate 0) at 2016.05.14-13.40.53
[2016.05.14-17.40.53:804][702]LogBlueprintUserMessages: [MechChara11_4728] wallruncollide
[2016.05.14-17.40.53:805][702]LogBlueprintUserMessages: [MechChara10_4327] wallruncollide
[2016.05.14-17.40.53:806][702]LogBlueprintUserMessages: [MechChara12_5016] wallruncollide
[2016.05.14-17.40.53:807][702]LogBlueprintUserMessages: [MechChara13_5588] wallruncollide
[2016.05.14-17.40.53:809][702]LogBlueprintUserMessages: [MechChara14] wallruncollide
[2016.05.14-17.40.53:810][702]LogBlueprintUserMessages: [MechChara15] wallruncollide
[2016.05.14-17.40.53:811][702]LogBlueprintUserMessages: [MechChara16] wallruncollide
[2016.05.14-17.40.53:812][702]LogBlueprintUserMessages: [MechChara17] wallruncollide
[2016.05.14-17.40.53:813][702]LogBlueprintUserMessages: [MechChara2] wallruncollide
[2016.05.14-17.40.53:814][702]LogBlueprintUserMessages: [MechChara3] wallruncollide
[2016.05.14-17.40.53:815][702]LogBlueprintUserMessages: [MechChara4_17492] wallruncollide
[2016.05.14-17.40.53:816][702]LogBlueprintUserMessages: [MechChara5] wallruncollide
[2016.05.14-17.40.53:817][702]LogBlueprintUserMessages: [MechChara5] wallruncollide
[2016.05.14-17.40.53:817][702]LogBlueprintUserMessages: [MechChara6] wallruncollide
[2016.05.14-17.40.53:819][702]LogBlueprintUserMessages: [MechChara7] wallruncollide
[2016.05.14-17.40.53:820][702]LogBlueprintUserMessages: [MechChara8_441] wallruncollide
[2016.05.14-17.40.53:821][702]LogBlueprintUserMessages: [MechChara9_3888] wallruncollide
[2016.05.14-17.40.53:822][702]LogBlueprintUserMessages: [MechChara_5996] wallruncollide
[2016.05.14-17.40.53:823][702]LogWorld: Bringing up level for play took: 0.078586
[2016.05.14-17.40.53:824][702]LogSpawn:Warning: SpawnActor failed because no class was specified
[2016.05.14-17.40.53:829][702]LogBlueprintUserMessages: [MechChara_C_467] wallruncollide
[2016.05.14-17.40.53:860][702]PIE: Info Play in editor start time for /Game/ThirdPersonBP/Maps/UEDPIE_0_DEMOmap 1.001
[2016.05.14-17.40.53:942][703]LogRenderTargetPool:Warning: r.RenderTargetPoolMin exceeded 418/400 MB (ok in editor, bad on fixed memory platform)
[2016.05.14-17.41.23:702][736]LogSavePackage: Save=187.99ms
[2016.05.14-17.41.23:702][736]LogSavePackage: Moving '../../../../../../UnrealProjects/MechProject2/Saved/FirstPersonAnim8AFB50B742698BE6A1F524924C108206.tmp' to '../../../../../../UnrealProjects/MechProject2/Content/MechaInsurgent/MechaInsurgent/FirstPersonAnim.uasset'
[2016.05.14-17.41.23:709][736]LogSavePackage: Total save time: 270.25ms
[2016.05.14-17.41.23:709][736]LogSavePackage:Display: Finished SavePackage ../../../../../../UnrealProjects/MechProject2/Content/MechaInsurgent/MechaInsurgent/FirstPersonAnim.uasset
[2016.05.14-17.49.52:894][292]LogFileHelpers: Editor autosave (incl. sublevels) for '/Game/ThirdPersonBP/Maps/DEMOmap' took 0.046
[2016.05.14-19.34.04:691][255]Cmd: QUIT_EDITOR
[2016.05.14-19.34.04:909][255]LogExit: Preparing to exit.
[2016.05.14-19.34.06:189][255]LogExit: Editor shut down
[2016.05.14-19.34.06:189][255]LogExit: Transaction tracking system shut down
[2016.05.14-19.34.06:480][255]LogObj: Freed 0b from 0 cluster array pools.
[2016.05.14-19.34.06:481][255]LogExit: Object subsystem successfully closed.
[2016.05.14-19.34.06:499][255]LogD3D11RHI: Shutdown
[2016.05.14-19.34.06:499][255]LogD3D11RHI: CleanupD3DDevice
[2016.05.14-19.34.06:599][255]LogD3D11RHI: ~FD3D11DynamicRHI
[2016.05.14-19.34.06:612][255]LogDerivedDataCache: Shutdown
[2016.05.14-19.34.06:612][255]LogModuleManager: Shutting down and abandoning module TextureEditor (208)
[2016.05.14-19.34.06:612][255]LogModuleManager: Shutting down and abandoning module BlueprintGraph (207)
[2016.05.14-19.34.06:613][255]LogModuleManager: Shutting down and abandoning module MovieSceneCapture (206)
[2016.05.14-19.34.06:613][255]LogModuleManager: Shutting down and abandoning module ExternalImagePicker (205)
[2016.05.14-19.34.06:613][255]LogModuleManager: Shutting down and abandoning module HierarchicalLODOutliner (204)
[2016.05.14-19.34.06:613][255]LogModuleManager: Shutting down and abandoning module CrashTracker (203)
[2016.05.14-19.34.06:613][255]LogModuleManager: Shutting down and abandoning module SceneOutliner (202)
[2016.05.14-19.34.06:613][255]LogModuleManager: Shutting down and abandoning module SuperSearch (201)
[2016.05.14-19.34.06:613][255]LogModuleManager: Shutting down and abandoning module WidgetCarousel (200)
[2016.05.14-19.34.06:613][255]LogModuleManager: Shutting down and abandoning module AddContentDialog (199)
[2016.05.14-19.34.06:614][255]LogModuleManager: Shutting down and abandoning module GameplayTags (198)
[2016.05.14-19.34.06:614][255]LogModuleManager: Shutting down and abandoning module EditorWidgets (197)
[2016.05.14-19.34.06:614][255]LogModuleManager: Shutting down and abandoning module CollectionManager (196)
[2016.05.14-19.34.06:615][255]LogModuleManager: Shutting down and abandoning module StatsViewer (195)
[2016.05.14-19.34.06:615][255]LogModuleManager: Shutting down and abandoning module FoliageEdit (194)
[2016.05.14-19.34.06:615][255]LogModuleManager: Shutting down and abandoning module LandscapeEditor (193)
[2016.05.14-19.34.06:615][255]LogModuleManager: Shutting down and abandoning module ActorPickerMode (192)
[2016.05.14-19.34.06:615][255]LogModuleManager: Shutting down and abandoning module GeometryMode (191)
[2016.05.14-19.34.06:615][255]LogModuleManager: Shutting down and abandoning module TextureAlignMode (190)
[2016.05.14-19.34.06:615][255]LogModuleManager: Shutting down and abandoning module BspMode (189)
[2016.05.14-19.34.06:615][255]LogModuleManager: Shutting down and abandoning module PlacementMode (188)
[2016.05.14-19.34.06:615][255]LogModuleManager: Shutting down and abandoning module AutomationWorker (187)
[2016.05.14-19.34.06:615][255]LogModuleManager: Shutting down and abandoning module CharacterAI (186)
[2016.05.14-19.34.06:615][255]LogModuleManager: Shutting down and abandoning module SmartSnapping (185)
[2016.05.14-19.34.06:615][255]LogModuleManager: Shutting down and abandoning module ViewportSnapping (184)
[2016.05.14-19.34.06:615][255]LogModuleManager: Shutting down and abandoning module LogVisualizer (183)
[2016.05.14-19.34.06:615][255]LogModuleManager: Shutting down and abandoning module GameProjectGeneration (182)
[2016.05.14-19.34.06:615][255]LogModuleManager: Shutting down and abandoning module IntroTutorials (181)
[2016.05.14-19.34.06:615][255]LogModuleManager: Shutting down and abandoning module EditorLiveStreaming (180)
[2016.05.14-19.34.06:615][255]LogModuleManager: Shutting down and abandoning module IOSPlatformEditor (179)
[2016.05.14-19.34.06:615][255]LogModuleManager: Shutting down and abandoning module HTML5PlatformEditor (178)
[2016.05.14-19.34.06:615][255]LogModuleManager: Shutting down and abandoning module AndroidDeviceDetection (177)
[2016.05.14-19.34.06:892][255]LogModuleManager: Shutting down and abandoning module AndroidPlatformEditor (176)
[2016.05.14-19.34.06:892][255]LogModuleManager: Shutting down and abandoning module IOSRuntimeSettings (175)
[2016.05.14-19.34.06:892][255]LogModuleManager: Shutting down and abandoning module AndroidRuntimeSettings (174)
[2016.05.14-19.34.06:892][255]LogModuleManager: Shutting down and abandoning module MergeActors (173)
[2016.05.14-19.34.06:892][255]LogModuleManager: Shutting down and abandoning module SizeMap (172)
[2016.05.14-19.34.06:892][255]LogModuleManager: Shutting down and abandoning module TreeMap (171)
[2016.05.14-19.34.06:892][255]LogModuleManager: Shutting down and abandoning module ReferenceViewer (170)
[2016.05.14-19.34.06:892][255]LogModuleManager: Shutting down and abandoning module LocalizationService (169)
[2016.05.14-19.34.06:893][255]LogModuleManager: Shutting down and abandoning module LocalizationDashboard (168)
[2016.05.14-19.34.06:893][255]LogModuleManager: Shutting down and abandoning module HardwareTargeting (167)
[2016.05.14-19.34.06:893][255]LogModuleManager: Shutting down and abandoning module DeviceProfileEditor (166)
[2016.05.14-19.34.06:893][255]LogModuleManager: Shutting down and abandoning module UndoHistory (165)
[2016.05.14-19.34.06:893][255]LogModuleManager: Shutting down and abandoning module UserFeedback (164)
[2016.05.14-19.34.06:893][255]LogModuleManager: Shutting down and abandoning module XmlParser (163)
[2016.05.14-19.34.06:893][255]LogModuleManager: Shutting down and abandoning module Blutility (162)
[2016.05.14-19.34.06:893][255]LogModuleManager: Shutting down and abandoning module ProjectTargetPlatformEditor (161)
[2016.05.14-19.34.06:893][255]LogModuleManager: Shutting down and abandoning module ProjectSettingsViewer (160)
[2016.05.14-19.34.06:893][255]LogModuleManager: Shutting down and abandoning module InputBindingEditor (159)
[2016.05.14-19.34.06:893][255]LogModuleManager: Shutting down and abandoning module EditorSettingsViewer (158)
[2016.05.14-19.34.06:893][255]LogModuleManager: Shutting down and abandoning module SettingsEditor (157)
[2016.05.14-19.34.06:893][255]LogModuleManager: Shutting down and abandoning module ProjectLauncher (156)
[2016.05.14-19.34.06:893][255]LogModuleManager: Shutting down and abandoning module SessionFrontend (155)
[2016.05.14-19.34.06:893][255]LogModuleManager: Shutting down and abandoning module ProfilerClient (154)
[2016.05.14-19.34.06:893][255]LogModuleManager: Shutting down and abandoning module TargetDeviceServices (153)
[2016.05.14-19.34.06:893][255]LogModuleManager: Shutting down and abandoning module DeviceManager (152)
[2016.05.14-19.34.06:924][255]LogModuleManager: Shutting down and abandoning module AutomationController (151)
[2016.05.14-19.34.06:924][255]LogModuleManager: Shutting down and abandoning module AutomationWindow (150)
[2016.05.14-19.34.06:924][255]LogModuleManager: Shutting down and abandoning module Layers (149)
[2016.05.14-19.34.06:924][255]LogModuleManager: Shutting down and abandoning module ComponentVisualizers (148)
[2016.05.14-19.34.06:924][255]LogModuleManager: Shutting down and abandoning module DetailCustomizations (147)
[2016.05.14-19.34.06:924][255]LogModuleManager: Shutting down and abandoning module PackagesDialog (146)
[2016.05.14-19.34.06:924][255]LogModuleManager: Shutting down and abandoning module Persona (145)
[2016.05.14-19.34.06:924][255]LogModuleManager: Shutting down and abandoning module Kismet (144)
[2016.05.14-19.34.06:924][255]LogModuleManager: Shutting down and abandoning module GraphEditor (143)
[2016.05.14-19.34.06:925][255]LogModuleManager: Shutting down and abandoning module ClassViewer (142)
[2016.05.14-19.34.06:925][255]LogModuleManager: Shutting down and abandoning module Toolbox (141)
[2016.05.14-19.34.06:925][255]LogModuleManager: Shutting down and abandoning module ModuleUI (140)
[2016.05.14-19.34.06:925][255]LogModuleManager: Shutting down and abandoning module MovieSceneTools (139)
[2016.05.14-19.34.06:925][255]LogModuleManager: Shutting down and abandoning module OutputLog (138)
[2016.05.14-19.34.06:925][255]LogModuleManager: Shutting down and abandoning module GammaUI (137)
[2016.05.14-19.34.06:925][255]LogModuleManager: Shutting down and abandoning module Documentation (136)
[2016.05.14-19.34.06:925][255]LogModuleManager: Shutting down and abandoning module StreamingPauseRendering (135)
[2016.05.14-19.34.06:925][255]LogModuleManager: Shutting down and abandoning module AnalyticsET (134)
[2016.05.14-19.34.06:925][255]LogModuleManager: Shutting down and abandoning module Analytics (133)
[2016.05.14-19.34.06:925][255]LogModuleManager: Shutting down and abandoning module PortalServices (132)
[2016.05.14-19.34.06:925][255]LogModuleManager: Shutting down and abandoning module PortalRpc (131)
[2016.05.14-19.34.06:925][255]LogModuleManager: Shutting down and abandoning module MessagingRpc (130)
[2016.05.14-19.34.06:925][255]LogModuleManager: Shutting down and abandoning module AITestSuite (129)
[2016.05.14-19.34.06:925][255]LogModuleManager: Shutting down and abandoning module GameplayDebugger (128)
[2016.05.14-19.34.06:925][255]LogModuleManager: Shutting down and abandoning module AIModule (127)
[2016.05.14-19.34.06:925][255]LogModuleManager: Shutting down and abandoning module ProfilerService (126)
[2016.05.14-19.34.06:932][255]LogModuleManager: Shutting down and abandoning module TaskGraph (125)
[2016.05.14-19.34.06:932][255]LogModuleManager: Shutting down and abandoning module SlateRemote (124)
[2016.05.14-19.34.06:932][255]LogModuleManager: Shutting down and abandoning module SteamVRController (123)
[2016.05.14-19.34.06:932][255]LogModuleManager: Shutting down and abandoning module SteamVR (122)
[2016.05.14-19.34.06:932][255]LogModuleManager: Shutting down and abandoning module ProceduralMeshComponent (121)
[2016.05.14-19.34.06:932][255]LogModuleManager: Shutting down and abandoning module OculusLibrary (120)
[2016.05.14-19.34.06:932][255]LogModuleManager: Shutting down and abandoning module OculusInput (119)
[2016.05.14-19.34.06:932][255]LogModuleManager: Shutting down and abandoning module CustomMeshComponent (118)
[2016.05.14-19.34.06:932][255]LogModuleManager: Shutting down and abandoning module CableComponent (117)
[2016.05.14-19.34.06:932][255]LogModuleManager: Shutting down and abandoning module ArchVisCharacter (116)
[2016.05.14-19.34.06:933][255]LogModuleManager: Shutting down and abandoning module MediaPlayerEditor (115)
[2016.05.14-19.34.06:933][255]LogModuleManager: Shutting down and abandoning module HTML5Networking (114)
[2016.05.14-19.34.06:933][255]LogModuleManager: Shutting down and abandoning module SpeedTreeImporter (113)
[2016.05.14-19.34.06:933][255]LogModuleManager: Shutting down and abandoning module PluginBrowser (112)
[2016.05.14-19.34.06:933][255]LogModuleManager: Shutting down and abandoning module EpicSurvey (111)
[2016.05.14-19.34.06:933][255]LogModuleManager: Shutting down and abandoning module DesktopPlatform (110)
[2016.05.14-19.34.06:933][255]LogModuleManager: Shutting down and abandoning module VisualStudioSourceCodeAccess (109)
[2016.05.14-19.34.06:933][255]LogModuleManager: Shutting down and abandoning module UObjectPlugin (108)
[2016.05.14-19.34.06:933][255]LogModuleManager: Shutting down and abandoning module SubversionSourceControl (107)
[2016.05.14-19.34.06:933][255]LogModuleManager: Shutting down and abandoning module PerforceSourceControl (106)
[2016.05.14-19.34.06:933][255]LogModuleManager: Shutting down and abandoning module SourceControl (105)
[2016.05.14-19.34.06:933][255]LogModuleManager: Shutting down and abandoning module GitSourceControl (104)
[2016.05.14-19.34.06:933][255]LogModuleManager: Shutting down and abandoning module LightPropagationVolumeEditor (103)
[2016.05.14-19.34.06:933][255]LogModuleManager: Shutting down and abandoning module PaperTiledImporter (102)
[2016.05.14-19.34.06:933][255]LogModuleManager: Shutting down and abandoning module PaperSpriteSheetImporter (101)
[2016.05.14-19.34.06:933][255]LogModuleManager: Shutting down and abandoning module MeshPaint (100)
[2016.05.14-19.34.06:933][255]LogModuleManager: Shutting down and abandoning module HotReload (99)
[2016.05.14-19.34.06:948][255]LogModuleManager: Shutting down and abandoning module MainFrame (98)
[2016.05.14-19.34.06:948][255]LogModuleManager: Shutting down and abandoning module LevelEditor (97)
[2016.05.14-19.34.06:949][255]LogModuleManager: Shutting down and abandoning module DirectoryWatcher (96)
[2016.05.14-19.34.06:950][255]LogModuleManager: Shutting down and abandoning module AssetRegistry (95)
[2016.05.14-19.34.08:823][255]LogModuleManager: Shutting down and abandoning module ContentBrowser (94)
[2016.05.14-19.34.08:824][255]LogModuleManager: Shutting down and abandoning module Paper2DEditor (93)
[2016.05.14-19.34.08:824][255]LogModuleManager: Shutting down and abandoning module UdpMessaging (92)
[2016.05.14-19.34.08:924][255]LogModuleManager: Shutting down and abandoning module LightPropagationVolumeRuntime (91)
[2016.05.14-19.34.08:924][255]LogModuleManager: Shutting down and abandoning module Paper2D (90)
[2016.05.14-19.34.08:924][255]LogModuleManager: Shutting down and abandoning module WindowsMoviePlayer (89)
[2016.05.14-19.34.08:924][255]LogModuleManager: Shutting down and abandoning module Media (88)
[2016.05.14-19.34.08:924][255]LogModuleManager: Shutting down and abandoning module WmfMedia (87)
[2016.05.14-19.34.08:924][255]LogModuleManager: Shutting down and abandoning module MediaAssets (86)
[2016.05.14-19.34.08:924][255]LogModuleManager: Shutting down and abandoning module GameLiveStreaming (85)
[2016.05.14-19.34.08:924][255]LogModuleManager: Shutting down and abandoning module GameplayTagsEditor (84)
[2016.05.14-19.34.08:924][255]LogModuleManager: Shutting down and abandoning module OnlineBlueprintSupport (83)
[2016.05.14-19.34.08:924][255]LogModuleManager: Shutting down and abandoning module GameplayTasksEditor (82)
[2016.05.14-19.34.08:924][255]LogModuleManager: Shutting down and abandoning module PropertyEditor (81)
[2016.05.14-19.34.08:924][255]LogModuleManager: Shutting down and abandoning module BehaviorTreeEditor (80)
[2016.05.14-19.34.08:924][255]LogModuleManager: Shutting down and abandoning module FunctionalTesting (79)
[2016.05.14-19.34.08:924][255]LogModuleManager: Shutting down and abandoning module CollisionAnalyzer (78)
[2016.05.14-19.34.08:924][255]LogModuleManager: Shutting down and abandoning module WorkspaceMenuStructure (77)
[2016.05.14-19.34.08:924][255]LogModuleManager: Shutting down and abandoning module MessageLog (76)
[2016.05.14-19.34.08:925][255]LogModuleManager: Shutting down and abandoning module Sequencer (75)
[2016.05.14-19.34.08:925][255]LogModuleManager: Shutting down and abandoning module AssetTools (74)
[2016.05.14-19.34.08:925][255]LogModuleManager: Shutting down and abandoning module UMGEditor (73)
[2016.05.14-19.34.08:925][255]LogModuleManager: Shutting down and abandoning module UMG (72)
[2016.05.14-19.34.08:925][255]LogModuleManager: Shutting down and abandoning module SlateReflector (71)
[2016.05.14-19.34.08:925][255]LogModuleManager: Shutting down and abandoning module Slate (70)
[2016.05.14-19.34.08:925][255]LogModuleManager: Shutting down and abandoning module EditorStyle (69)
[2016.05.14-19.34.08:927][255]LogModuleManager: Shutting down and abandoning module SessionServices (68)
[2016.05.14-19.34.08:927][255]LogModuleManager: Shutting down and abandoning module SourceCodeAccess (67)
[2016.05.14-19.34.08:927][255]LogModuleManager: Shutting down and abandoning module HeadMountedDisplay (66)
[2016.05.14-19.34.08:927][255]LogModuleManager: Shutting down and abandoning module XAudio2 (65)
[2016.05.14-19.34.08:927][255]LogModuleManager: Shutting down and abandoning module Networking (63)
[2016.05.14-19.34.08:927][255]LogModuleManager: Shutting down and abandoning module Core (62)
[2016.05.14-19.34.08:927][255]LogModuleManager: Shutting down and abandoning module KismetCompiler (61)
[2016.05.14-19.34.08:927][255]LogModuleManager: Shutting down and abandoning module PhysXFormats (60)
[2016.05.14-19.34.08:927][255]LogModuleManager: Shutting down and abandoning module MeshUtilities (59)
[2016.05.14-19.34.08:927][255]LogModuleManager: Shutting down and abandoning module CookingStats (58)
[2016.05.14-19.34.08:927][255]LogModuleManager: Shutting down and abandoning module DerivedDataCache (57)
[2016.05.14-19.34.08:927][255]LogDerivedDataCache: Shutdown
[2016.05.14-19.34.08:927][255]LogModuleManager: Shutting down and abandoning module ShaderFormatOpenGL (56)
[2016.05.14-19.34.08:927][255]LogModuleManager: Shutting down and abandoning module ShaderFormatD3D (55)
[2016.05.14-19.34.08:927][255]LogModuleManager: Shutting down and abandoning module MetalShaderFormat (54)
[2016.05.14-19.34.08:927][255]LogModuleManager: Shutting down and abandoning module TextureFormatUncompressed (53)
[2016.05.14-19.34.08:927][255]LogModuleManager: Shutting down and abandoning module TextureFormatPVR (52)
[2016.05.14-19.34.08:927][255]LogModuleManager: Shutting down and abandoning module TextureFormatIntelISPCTexComp (51)
[2016.05.14-19.34.08:927][255]LogModuleManager: Shutting down and abandoning module TextureFormatDXT (50)
[2016.05.14-19.34.08:928][255]LogModuleManager: Shutting down and abandoning module ImageWrapper (49)
[2016.05.14-19.34.08:928][255]LogModuleManager: Shutting down and abandoning module TextureFormatASTC (48)
[2016.05.14-19.34.08:928][255]LogModuleManager: Shutting down and abandoning module TextureFormatAndroid (47)
[2016.05.14-19.34.08:928][255]LogModuleManager: Shutting down and abandoning module AudioFormatOpus (46)
[2016.05.14-19.34.08:928][255]LogModuleManager: Shutting down and abandoning module AudioFormatOgg (45)
[2016.05.14-19.34.08:928][255]LogModuleManager: Shutting down and abandoning module AudioFormatADPCM (44)
[2016.05.14-19.34.08:928][255]LogModuleManager: Shutting down and abandoning module LinuxTargetPlatform (43)
[2016.05.14-19.34.08:928][255]LogModuleManager: Shutting down and abandoning module LinuxServerTargetPlatform (42)
[2016.05.14-19.34.08:928][255]LogModuleManager: Shutting down and abandoning module LinuxNoEditorTargetPlatform (41)
[2016.05.14-19.34.08:928][255]LogModuleManager: Shutting down and abandoning module TVOSTargetPlatform (40)
[2016.05.14-19.34.08:928][255]LogModuleManager: Shutting down and abandoning module Messaging (39)
[2016.05.14-19.34.08:928][255]LogModuleManager: Shutting down and abandoning module IOSTargetPlatform (38)
[2016.05.14-19.34.08:928][255]LogModuleManager: Shutting down and abandoning module HTML5TargetPlatform (37)
[2016.05.14-19.34.08:928][255]LogModuleManager: Shutting down and abandoning module Android_PVRTCTargetPlatform (36)
[2016.05.14-19.34.08:928][255]LogModuleManager: Shutting down and abandoning module Android_MultiTargetPlatform (35)
[2016.05.14-19.34.08:928][255]LogModuleManager: Shutting down and abandoning module Android_ETC2TargetPlatform (34)
[2016.05.14-19.34.08:928][255]LogModuleManager: Shutting down and abandoning module Android_ETC1TargetPlatform (33)
[2016.05.14-19.34.08:928][255]LogModuleManager: Shutting down and abandoning module Android_DXTTargetPlatform (32)
[2016.05.14-19.34.08:928][255]LogModuleManager: Shutting down and abandoning module Android_ATCTargetPlatform (31)
[2016.05.14-19.34.08:928][255]LogModuleManager: Shutting down and abandoning module Android_ASTCTargetPlatform (30)
[2016.05.14-19.34.08:928][255]LogModuleManager: Shutting down and abandoning module AndroidTargetPlatform (29)
[2016.05.14-19.34.08:928][255]LogModuleManager: Shutting down and abandoning module WindowsTargetPlatform (28)
[2016.05.14-19.34.08:928][255]LogModuleManager: Shutting down and abandoning module WindowsServerTargetPlatform (27)
[2016.05.14-19.34.08:928][255]LogModuleManager: Shutting down and abandoning module WindowsNoEditorTargetPlatform (26)
[2016.05.14-19.34.08:928][255]LogModuleManager: Shutting down and abandoning module WindowsClientTargetPlatform (25)
[2016.05.14-19.34.08:928][255]LogModuleManager: Shutting down and abandoning module AllDesktopTargetPlatform (24)
[2016.05.14-19.34.08:928][255]LogModuleManager: Shutting down and abandoning module TargetPlatform (23)
[2016.05.14-19.34.08:928][255]LogModuleManager: Shutting down and abandoning module InputCore (22)
[2016.05.14-19.34.08:928][255]LogModuleManager: Shutting down and abandoning module Settings (21)
[2016.05.14-19.34.08:928][255]LogModuleManager: Shutting down and abandoning module OnlineSubsystem (19)
[2016.05.14-19.34.08:928][255]LogModuleManager: Shutting down and abandoning module HTTP (18)
[2016.05.14-19.34.10:928][255]LogModuleManager: Shutting down and abandoning module XMPP (17)
[2016.05.14-19.34.10:928][255]LogModuleManager: Shutting down and abandoning module OculusRift (16)
[2016.05.14-19.34.10:928][255]LogModuleManager: Shutting down and abandoning module ExampleDeviceProfileSelector (15)
[2016.05.14-19.34.10:928][255]LogModuleManager: Shutting down and abandoning module TextureCompressor (14)
[2016.05.14-19.34.10:928][255]LogModuleManager: Shutting down and abandoning module ShaderCore (13)
[2016.05.14-19.34.10:928][255]LogModuleManager: Shutting down and abandoning module Landscape (12)
[2016.05.14-19.34.10:928][255]LogModuleManager: Shutting down and abandoning module SlateRHIRenderer (11)
[2016.05.14-19.34.10:932][255]LogModuleManager: Shutting down and abandoning module OpenGLDrv (10)
[2016.05.14-19.34.10:932][255]LogModuleManager: Shutting down and abandoning module D3D11RHI (9)
[2016.05.14-19.34.10:932][255]LogModuleManager: Shutting down and abandoning module AnimGraphRuntime (8)
[2016.05.14-19.34.10:932][255]LogModuleManager: Shutting down and abandoning module Renderer (7)
[2016.05.14-19.34.10:932][255]LogModuleManager: Shutting down and abandoning module Engine (6)
[2016.05.14-19.34.10:932][255]LogModuleManager: Shutting down and abandoning module CoreUObject (5)
[2016.05.14-19.34.10:932][255]LogModuleManager: Shutting down and abandoning module NetworkFile (4)
[2016.05.14-19.34.10:932][255]LogModuleManager: Shutting down and abandoning module StreamingFile (3)
[2016.05.14-19.34.10:932][255]LogModuleManager: Shutting down and abandoning module SandboxFile (2)
[2016.05.14-19.34.10:932][255]LogModuleManager: Shutting down and abandoning module PakFile (1)
[2016.05.14-19.34.10:935][255]LogExit: Exiting.
[2016.05.14-19.34.11:016][255]Log file closed, 05/14/16 15:34:11
