Log file open, 05/11/16 18:58:43
LogInit:Display: Running engine for game: MechProject
LogPlatformFile: Not using cached read wrapper
LogInit:Display: RandInit(-781968660) SRandInit(-781968659).
LogTaskGraph: Started task graph with 4 named threads and 11 total threads.
LogStats: Stats thread started at 0.116544
LogInit: Version: 4.11.2-2946394+++UE4+Release-4.11
LogInit: API Version: 2927265
LogInit: Compiled (64-bit): Apr 18 2016 02:18:46
LogInit: Compiled with Visual C++: 19.00.23026.00
LogInit: Build Configuration: Development
LogInit: Branch Name: ++UE4+Release-4.11
LogInit: Command line: 
LogInit: Base directory: F:/Programs/Epic Games/4.11/Engine/Binaries/Win64/
LogInit: Installed Engine Build: 1
LogInit: Using libcurl 7.41.0
LogInit:  - built for x86_64-pc-win32
LogInit:  - supports SSL with WinSSL
LogInit:  - other features:
LogInit:      CURL_VERSION_SSL
LogInit:      CURL_VERSION_IPV6
LogInit:      CURL_VERSION_ASYNCHDNS
LogInit:      CURL_VERSION_LARGEFILE
LogInit:      CURL_VERSION_IDN
LogInit:  CurlRequestOptions (configurable via config and command line):
LogInit:  - bVerifyPeer = true  - Libcurl will verify peer certificate
LogInit:  - bUseHttpProxy = false  - Libcurl will NOT use HTTP proxy
LogInit:  - bDontReuseConnections = false  - Libcurl will reuse connections
LogInit:  - CertBundlePath = nullptr  - Libcurl will use whatever was configured at build time.
LogInit: Presizing for max 16777216 objects, including 0 objects not considered by GC, pre-allocating 0 bytes for permanent pool.
LogInit: Object subsystem initialized
[2016.05.11-22.58.43:365][  0]LogInit: Selected Device Profile: [Windows]
[2016.05.11-22.58.43:365][  0]LogInit: Applying CVar settings loaded from the selected device profile: [Windows]
[2016.05.11-22.58.43:383][  0]LogInit: Computer: Z600-PC
[2016.05.11-22.58.43:383][  0]LogInit: User: Z600
[2016.05.11-22.58.43:383][  0]LogInit: CPU Page size=65536, Cores=8
[2016.05.11-22.58.43:383][  0]LogInit: High frequency timer resolution =2.597705 MHz
[2016.05.11-22.58.43:383][  0]LogMemory: Memory total: Physical=12.0GB (12GB approx)
[2016.05.11-22.58.43:383][  0]LogMemory: Platform Memory Stats for Windows
[2016.05.11-22.58.43:383][  0]LogMemory: Process Physical Memory: 316.08 MB used, 316.08 MB peak
[2016.05.11-22.58.43:383][  0]LogMemory: Process Virtual Memory: 319.87 MB used, 319.87 MB peak
[2016.05.11-22.58.43:383][  0]LogMemory: Physical Memory: 5602.73 MB used, 12271.22 MB total
[2016.05.11-22.58.43:383][  0]LogMemory: Virtual Memory: 626.74 MB used, 8388608.00 MB total
[2016.05.11-22.58.43:460][  0]LogTextLocalizationManager: No specific translations for ('en-US') exist, so ('en') translations will be used.
[2016.05.11-22.58.44:119][  0]LogD3D11RHI: D3D11 adapters:
[2016.05.11-22.58.44:140][  0]LogD3D11RHI:    0. 'NVIDIA GeForce GTX 750 Ti' (Feature Level 11_0)
[2016.05.11-22.58.44:140][  0]LogD3D11RHI:       1992MB of dedicated video memory, 0MB of dedicated system memory, and 2048MB of shared system memory, 2 output[s]
[2016.05.11-22.58.44:140][  0]LogD3D11RHI: Chosen D3D11 Adapter: 0
[2016.05.11-22.58.44:146][  0]LogD3D11RHI: Creating new Direct3DDevice
[2016.05.11-22.58.44:146][  0]LogD3D11RHI:     Adapter Name: NVIDIA GeForce GTX 750 Ti
[2016.05.11-22.58.44:146][  0]LogD3D11RHI:   Driver Version: Unknown (internal Unknown)
[2016.05.11-22.58.44:146][  0]LogD3D11RHI:      Driver Date: Unknown
[2016.05.11-22.58.44:146][  0]LogRHI: Texture pool is 1361 MB (70% of 1945 MB)
[2016.05.11-22.58.44:160][  0]LogD3D11RHI: Async texture creation enabled
[2016.05.11-22.58.44:179][  0]LogShaderCompilers: Guid format shader working directory is -13 characters bigger than the processId version (../../../../../../UnrealProjects/UnrealProject/MechProject/Intermediate/Shaders/WorkingDirectory/5392/).
[2016.05.11-22.58.44:179][  0]LogShaderCompilers: Cleaned the shader compiler working directory 'C:/Users/Z600/AppData/Local/Temp/UnrealShaderWorkingDir/617A12AE4A0ACFD7DBF32E8CF378017B/'.
[2016.05.11-22.58.44:179][  0]LogShaderCompilers:Display: Using Local Shader Compiler.
[2016.05.11-22.58.45:733][  0]LogTemp:Display: Loaded TP AllDesktopTargetPlatform
[2016.05.11-22.58.45:739][  0]LogTemp:Display: Loaded TP WindowsClientTargetPlatform
[2016.05.11-22.58.45:745][  0]LogTemp:Display: Loaded TP WindowsNoEditorTargetPlatform
[2016.05.11-22.58.45:752][  0]LogTemp:Display: Loaded TP WindowsServerTargetPlatform
[2016.05.11-22.58.45:758][  0]LogTemp:Display: Loaded TP WindowsTargetPlatform
[2016.05.11-22.58.45:763][  0]LogTemp:Display: Loaded TP AndroidTargetPlatform
[2016.05.11-22.58.45:768][  0]LogTemp:Display: Loaded TP Android_ASTCTargetPlatform
[2016.05.11-22.58.45:773][  0]LogTemp:Display: Loaded TP Android_ATCTargetPlatform
[2016.05.11-22.58.45:777][  0]LogTemp:Display: Loaded TP Android_DXTTargetPlatform
[2016.05.11-22.58.45:782][  0]LogTemp:Display: Loaded TP Android_ETC1TargetPlatform
[2016.05.11-22.58.45:786][  0]LogTemp:Display: Loaded TP Android_ETC2TargetPlatform
[2016.05.11-22.58.45:796][  0]LogTemp:Display: Loaded TP Android_MultiTargetPlatform
[2016.05.11-22.58.45:796][  0]LogTemp:Display: Loaded TP Android_PVRTCTargetPlatform
[2016.05.11-22.58.45:798][  0]LogTemp:Display: Loaded TP HTML5TargetPlatform
[2016.05.11-22.58.45:817][  0]LogTemp:Display: Loaded TP IOSTargetPlatform
[2016.05.11-22.58.45:821][  0]LogTemp:Display: Loaded TP TVOSTargetPlatform
[2016.05.11-22.58.45:826][  0]LogTemp:Display: Loaded TP LinuxNoEditorTargetPlatform
[2016.05.11-22.58.45:831][  0]LogTemp:Display: Loaded TP LinuxServerTargetPlatform
[2016.05.11-22.58.45:836][  0]LogTemp:Display: Loaded TP LinuxTargetPlatform
[2016.05.11-22.58.45:836][  0]LogTargetPlatformManager:Display: Building Assets For Windows
[2016.05.11-22.58.45:947][  0]LogDerivedDataCache:Display: Max Cache Size: 512 MB
[2016.05.11-22.58.46:036][  0]LogDerivedDataCache: Loaded boot cache 0.09s 46MB C:/Users/Z600/AppData/Local/UnrealEngine/4.11/DerivedDataCache/Boot.ddc.
[2016.05.11-22.58.46:037][  0]LogDerivedDataCache:Display: Loaded Boot cache: C:/Users/Z600/AppData/Local/UnrealEngine/4.11/DerivedDataCache/Boot.ddc
[2016.05.11-22.58.46:037][  0]LogDerivedDataCache: FDerivedDataBackendGraph:  Pak pak cache file ../../../../../../UnrealProjects/UnrealProject/MechProject/DerivedDataCache/DDC.ddp not found, will not use a pak cache.
[2016.05.11-22.58.46:037][  0]LogDerivedDataCache: Unable to find inner node Pak for hierarchical cache Hierarchy.
[2016.05.11-22.58.46:037][  0]LogDerivedDataCache: FDerivedDataBackendGraph:  CompressedPak pak cache file ../../../../../../UnrealProjects/UnrealProject/MechProject/DerivedDataCache/Compressed.ddp not found, will not use a pak cache.
[2016.05.11-22.58.46:037][  0]LogDerivedDataCache: Unable to find inner node CompressedPak for hierarchical cache Hierarchy.
[2016.05.11-22.58.46:062][  0]LogDerivedDataCache:Display: Pak cache opened for reading ../../../Engine/DerivedDataCache/Compressed.ddp.
[2016.05.11-22.58.46:074][  0]LogDerivedDataCache: Using Local data cache path C:/Users/Z600/AppData/Local/UnrealEngine/Common/DerivedDataCache: Writable
[2016.05.11-22.58.46:319][  0]LogInit: Selected Device Profile: [Windows]
[2016.05.11-22.58.46:320][  0]LogContentStreaming: Texture pool size is 0.00 MB
[2016.05.11-22.58.46:365][  0]LogMaterial: Uniform references updated for custom material expression Custom.
[2016.05.11-22.58.46:555][  0]LogMeshUtilities: No automatic mesh reduction module available
[2016.05.11-22.58.46:555][  0]LogMeshUtilities: No automatic mesh merging module available
[2016.05.11-22.58.46:555][  0]LogMeshUtilities: No distributed automatic mesh merging module available
[2016.05.11-22.58.46:920][  0]LogUObjectArray: 27679 objects as part of root set at end of initial load.
[2016.05.11-22.58.46:920][  0]LogUObjectAllocator: 5591600 out of 0 bytes used by permanent object pool.
[2016.05.11-22.58.46:920][  0]LogUObjectArray: CloseDisregardForGC: 0/0 objects in disregard for GC pool
[2016.05.11-22.58.46:928][  0]LogInit: WinSock: version 1.1 (2.2), MaxSocks=32767, MaxUdp=65467
[2016.05.11-22.58.47:068][  0]LogSlate: SlateFontCache - WITH_FREETYPE: 1, WITH_HARFBUZZ: 1
[2016.05.11-22.58.47:068][  0]LogSlate: SlateFontCache - WITH_FREETYPE: 1, WITH_HARFBUZZ: 1
[2016.05.11-22.58.47:210][  0]LogStreaming:Warning: Failed to read file '../../../Engine/Content/Editor/Slate/Common/Selection_16x.png' error.
[2016.05.11-22.58.47:210][  0]LogSlate: Could not find file for Slate resource: ../../../Engine/Content/Editor/Slate/Common/Selection_16x.png
[2016.05.11-22.58.47:210][  0]LogStreaming:Warning: Failed to read file '../../../Engine/Content/Editor/Slate/Common/Selection_16x.png' error.
[2016.05.11-22.58.47:210][  0]LogSlate: Could not find file for Slate resource: ../../../Engine/Content/Editor/Slate/Common/Selection_16x.png
[2016.05.11-22.58.47:210][  0]LogStreaming:Warning: Failed to read file '../../../Engine/Content/Editor/Slate/Common/Selection_16x.png' error.
[2016.05.11-22.58.47:210][  0]LogSlate: Could not find file for Slate resource: ../../../Engine/Content/Editor/Slate/Common/Selection_16x.png
[2016.05.11-22.58.47:971][  0]LogUdpMessaging: Initializing bridge on interface 0.0.0.0:0 to multicast group 230.0.0.1:6666.
[2016.05.11-22.58.48:091][  0]LogAssetRegistry: FAssetRegistry took 0.0204 seconds to start up
[2016.05.11-22.58.48:328][  0]SourceControl: Info Source control is disabled
[2016.05.11-22.58.48:329][  0]SourceControl: Info Source control is disabled
[2016.05.11-22.58.48:339][  0]SourceControl: Info Source control is disabled
[2016.05.11-22.58.48:348][  0]SourceControl: Info Source control is disabled
[2016.05.11-22.58.48:496][  0]LogHMD: Failed to initialize OpenVR with code 110
[2016.05.11-22.58.48:594][  0]LogEngine: Initializing Engine...
[2016.05.11-22.58.48:817][  0]LogAIModule: Creating AISystem for world NewWorld
[2016.05.11-22.58.48:827][  0]LogInit: XAudio2 using 'Speakers (Realtek High Definition Audio)' : 2 channels at 48 kHz using 32 bits per sample (channel mask 0x3)
[2016.05.11-22.58.48:841][  0]LogInit: FAudioDevice initialized.
[2016.05.11-22.58.48:874][  0]LogDerivedDataCache: Saved boot cache 0.03s 46MB C:/Users/Z600/AppData/Local/UnrealEngine/4.11/DerivedDataCache/Boot.ddc.
[2016.05.11-22.58.48:884][  0]LogInit: Texture streaming: Enabled
[2016.05.11-22.58.48:920][  0]LogInit: Transaction tracking system initialized
[2016.05.11-22.58.48:953][  0]BlueprintLog: New page: Editor Load
[2016.05.11-22.58.49:166][  0]LocalizationService: Info Localization service is disabled
[2016.05.11-22.58.49:304][  0]LogConsoleResponse:Display: 
[2016.05.11-22.58.49:467][  0]LogCook:Display: Max memory allowance for cook 8192mb
[2016.05.11-22.58.49:467][  0]LogCook:Display: Mobile HDR setting 1
[2016.05.11-22.58.49:467][  0]LogCook:Display: Done creating registry. It took  0.00s.
[2016.05.11-22.58.49:544][  0]LogFileCache: Scanning file cache for directory 'F:/UnrealProjects/UnrealProject/MechProject/Content/' took 0.03s
[2016.05.11-22.58.49:544][  0]SourceControl: Info Source control is disabled
[2016.05.11-22.58.49:545][  0]Cmd: MAP LOAD FILE="../../../../../../UnrealProjects/UnrealProject/MechProject/Content/ThirdPersonBP/Maps/TutorialCourse.umap" TEMPLATE=0 SHOWPROGRESS=1 FEATURELEVEL=3
[2016.05.11-22.58.49:559][  0]LightingResults: New page: Lighting Build
[2016.05.11-22.58.49:562][  0]MapCheck: New page: Map Check
[2016.05.11-22.58.49:562][  0]LightingResults: New page: Lighting Build
[2016.05.11-22.58.57:331][  0]LogAIModule: Creating AISystem for world TutorialCourse
[2016.05.11-22.58.57:376][  0]LogEditorServer: Finished looking for orphan Actors (0.000 secs)
[2016.05.11-22.58.57:377][  0]Cmd: MAP CHECKDEP NOCLEARLOG
[2016.05.11-22.58.57:461][  0]MapCheck: Info Map check complete: 0 Error(s), 0 Warning(s), took 84.506ms to complete.
[2016.05.11-22.58.57:461][  0]LogFileHelpers: Loading map 'TutorialCourse' took 7.917
[2016.05.11-22.58.57:697][  0]LogCollectionManager: Loaded 0 collections in 0.001820 seconds
[2016.05.11-22.58.57:742][  0]LogFileCache: Scanning file cache for directory 'F:/UnrealProjects/UnrealProject/MechProject/Saved/Collections/' took 0.01s
[2016.05.11-22.58.57:742][  0]LogFileCache: Scanning file cache for directory 'F:/UnrealProjects/UnrealProject/MechProject/Content/Developers/Z600/Collections/' took 0.01s
[2016.05.11-22.58.57:742][  0]LogFileCache: Scanning file cache for directory 'F:/UnrealProjects/UnrealProject/MechProject/Content/Collections/' took 0.01s
[2016.05.11-22.58.57:742][  0]LogCollectionManager: Rebuilt the GUID cache for 0 collections in 0.000008 seconds
[2016.05.11-22.58.57:759][  0]LogContentBrowser: Native class hierarchy populated in 0.0163 seconds. Added 1979 classes and 343 folders.
[2016.05.11-22.58.57:766][  0]LogStats: UGameplayTagsManager::ConstructGameplayTagTree: Construct from data asset -  0.000 s
[2016.05.11-22.58.57:766][  0]LogStats: UGameplayTagsManager::ConstructGameplayTagTree: GameplayTagTreeChangedEvent.Broadcast -  0.000 s
[2016.05.11-22.58.57:767][  0]LogContentBrowser: Native class hierarchy updated for 'GameplayTags' in 0.0007 seconds. Added 12 classes and 0 folders.
[2016.05.11-22.58.57:772][  0]LogContentBrowser: Native class hierarchy updated for 'WidgetCarousel' in 0.0004 seconds. Added 0 classes and 0 folders.
[2016.05.11-22.58.57:838][  0]LogContentBrowser: Native class hierarchy updated for 'SuperSearch' in 0.0005 seconds. Added 1 classes and 2 folders.
[2016.05.11-22.58.58:713][  0]LogContentBrowser: Native class hierarchy updated for 'AddContentDialog' in 0.0010 seconds. Added 0 classes and 0 folders.
[2016.05.11-22.58.58:742][  0]LogContentBrowser: Native class hierarchy updated for 'SceneOutliner' in 0.0007 seconds. Added 1 classes and 2 folders.
[2016.05.11-22.58.58:906][  0]LogCrashTracker: Crashtracker disabled due to settings.
[2016.05.11-22.58.58:912][  0]LogUObjectGlobals:Warning: Failed to find object 'Class None.'
[2016.05.11-22.58.58:941][  0]LogContentBrowser: Native class hierarchy updated for 'HierarchicalLODOutliner' in 0.0006 seconds. Added 1 classes and 2 folders.
[2016.05.11-22.58.58:941][  0]LogLoad: Full Startup: 16.95 seconds (BP compile: 1.11 seconds)
[2016.05.11-22.58.58:941][  0]LogExternalProfiler:Warning: No registered external profiler was matched with a command-line switch (or the DLL could not be loaded).  External profiling features will not be available.
[2016.05.11-22.58.58:951][  0]LogOcInput: OculusInput pre-init called
[2016.05.11-22.58.59:054][  0]LogContentStreaming: Texture pool size now 1000 MB
[2016.05.11-22.58.59:368][  0]LogRenderer: Reallocating scene render targets to support 1204x576 (Frame:2).
[2016.05.11-22.58.59:498][  2]LogAssetRegistry: Asset discovery search completed in 11.4284 seconds
[2016.05.11-22.58.59:498][  2]LogCollectionManager: Rebuilt the object cache for 0 collections in 0.000002 seconds (found 0 objects)
[2016.05.11-22.58.59:498][  2]LogCollectionManager: Fixed up redirectors for 0 collections in 0.000027 seconds (updated 0 objects)
[2016.05.11-22.59.28:973][116]LogContentBrowser: Native class hierarchy updated for 'BlueprintGraph' in 0.0011 seconds. Added 108 classes and 0 folders.
[2016.05.11-22.59.30:104][116]LogBlueprintUserMessages: [MechChara_C_50] wallruncollide
[2016.05.11-23.00.33:493][ 88]BlueprintLog: New page: Compile MechChara
[2016.05.11-23.00.34:757][ 88]LogActorComponent: UnregisterComponent: (/Engine/Transient.MovementComponent0) Not registered. Aborting.
[2016.05.11-23.00.34:757][ 88]LogActorComponent: UnregisterComponent: (/Engine/Transient.CharMoveComp) Not registered. Aborting.
[2016.05.11-23.00.35:951][ 88]BlueprintEditorCompileResults: Info [0113.96] Compile of MechChara successful! [in 2,458 ms]
[2016.05.11-23.00.44:645][423]LogPlayLevel: PlayLevel: No blueprints needed recompiling
[2016.05.11-23.00.44:689][423]PIE: New page: PIE session: TutorialCourse (May 11, 2016, 2:00:44 PM)
[2016.05.11-23.00.44:690][423]LogPlayLevel: Creating play world package: /Game/ThirdPersonBP/Maps/UEDPIE_0_TutorialCourse
[2016.05.11-23.00.44:707][423]LogPlayLevel: PIE: StaticDuplicateObject took: (0.017074s)
[2016.05.11-23.00.44:708][423]LogAIModule: Creating AISystem for world TutorialCourse
[2016.05.11-23.00.44:708][423]LogPlayLevel: PIE: World Init took: (0.001228s)
[2016.05.11-23.00.44:708][423]LogPlayLevel: PIE: Created PIE world by copying editor world from /Game/ThirdPersonBP/Maps/TutorialCourse.TutorialCourse to /Game/ThirdPersonBP/Maps/UEDPIE_0_TutorialCourse.TutorialCourse (0.018807s)
[2016.05.11-23.00.44:708][423]LogActorComponent: UnregisterComponent: (/Engine/Transient.CharMoveComp) Not registered. Aborting.
[2016.05.11-23.00.44:761][423]LogInit: XAudio2 using 'Speakers (Realtek High Definition Audio)' : 2 channels at 48 kHz using 32 bits per sample (channel mask 0x3)
[2016.05.11-23.00.44:771][423]LogInit: FAudioDevice initialized.
[2016.05.11-23.00.44:914][423]LogWorld: Game class is 'MechGame_C'
[2016.05.11-23.00.44:926][423]LogWorld: Bringing World /Game/ThirdPersonBP/Maps/UEDPIE_0_TutorialCourse.TutorialCourse up for play (max tick rate 0) at 2016.05.11-19.00.44
[2016.05.11-23.00.44:928][423]LogBlueprintUserMessages: [MechChara2_1583] wallruncollide
[2016.05.11-23.00.44:929][423]LogBlueprintUserMessages: [MechChara_1164] wallruncollide
[2016.05.11-23.00.44:930][423]LogWorld: Bringing up level for play took: 0.013110
[2016.05.11-23.00.44:931][423]LogSpawn:Warning: SpawnActor failed because no class was specified
[2016.05.11-23.00.44:955][423]LogContentBrowser: Native class hierarchy updated for 'MovieSceneCapture' in 0.0006 seconds. Added 9 classes and 0 folders.
[2016.05.11-23.00.44:960][423]LogBlueprintUserMessages: [MechChara_C_150] wallruncollide
[2016.05.11-23.00.45:013][423]PIE: Info Play in editor start time for /Game/ThirdPersonBP/Maps/UEDPIE_0_TutorialCourse 0.54
[2016.05.11-23.00.45:044][423]LogConnectionDrawingPolicy:Warning: Looks like a wire-trace was not injected before the jump from 'Create Hyena Hud Widget' to 'Set HUD refernce'.
[2016.05.11-23.00.45:044][423]LogConnectionDrawingPolicy:Warning: Looks like a wire-trace was not injected before the jump from 'Cast To MechGame' to 'Set Spawn'.
[2016.05.11-23.00.45:044][423]LogConnectionDrawingPolicy:Warning: Looks like a wire-trace was not injected before the jump from 'Cast To MechSurgAnim' to 'Branch'.
[2016.05.11-23.00.45:052][424]LogRenderer: Reallocating scene render targets to support 1920x1080 (Frame:4644).
[2016.05.11-23.47.19:477][639]PIE:Error: Error Blueprint Runtime Error: Accessed None trying to read property CallFunc_LaserTarget_LaserGlow from function: 'ExecuteUbergraph_MechChara' from node: Set Hidden in Game in graph: EventGraph in object: MechChara
[2016.05.11-23.47.19:477][639]PIE:Error: Error Blueprint Runtime Error: Accessed None trying to read property CallFunc_LaserTarget_LaserImpact from function: 'ExecuteUbergraph_MechChara' from node: Set Hidden in Game in graph: EventGraph in object: MechChara
[2016.05.11-23.47.19:477][639]PIE:Error: Error Blueprint Runtime Error: Accessed None trying to read property CallFunc_LaserTarget_LaserGlow from function: 'ExecuteUbergraph_MechChara' from node: Set Hidden in Game in graph: EventGraph in object: MechChara
[2016.05.11-23.47.19:478][639]PIE:Error: Error Blueprint Runtime Error: Accessed None trying to read property CallFunc_LaserTarget_LaserImpact from function: 'ExecuteUbergraph_MechChara' from node: Set Hidden in Game in graph: EventGraph in object: MechChara
[2016.05.11-23.47.19:478][639]PIE:Error: Error Blueprint Runtime Error: Accessed None trying to read property CallFunc_LaserTarget_LaserGlow from function: 'ExecuteUbergraph_MechChara' from node: Set Hidden in Game in graph: EventGraph in object: MechChara
[2016.05.11-23.47.19:478][639]PIE:Error: Error Blueprint Runtime Error: Accessed None trying to read property CallFunc_LaserTarget_LaserImpact from function: 'ExecuteUbergraph_MechChara' from node: Set Hidden in Game in graph: EventGraph in object: MechChara
[2016.05.11-23.47.19:492][639]LogConnectionDrawingPolicy:Warning: Looks like a wire-trace was not injected before the jump from 'Cast To MechSurgAnim' to 'Branch'.
[2016.05.11-23.47.19:492][639]LogConnectionDrawingPolicy:Warning: Looks like a wire-trace was not injected before the jump from 'Cast To MechSurgAnim' to 'Branch'.
[2016.05.11-23.47.19:492][639]LogConnectionDrawingPolicy:Warning: Looks like a wire-trace was not injected before the jump from 'Cast To MechSurgAnim' to 'Branch'.
[2016.05.11-23.47.19:492][639]LogConnectionDrawingPolicy:Warning: Looks like a wire-trace was not injected before the jump from 'Cast To MechSurgAnim' to 'Branch'.
[2016.05.11-23.47.19:492][639]LogConnectionDrawingPolicy:Warning: Looks like a wire-trace was not injected before the jump from 'Cast To MechSurgAnim' to 'Branch'.
[2016.05.11-23.47.19:492][639]LogConnectionDrawingPolicy:Warning: Looks like a wire-trace was not injected before the jump from 'Cast To MechSurgAnim' to 'Branch'.
[2016.05.11-23.47.19:492][639]LogConnectionDrawingPolicy:Warning: Looks like a wire-trace was not injected before the jump from 'Cast To MechSurgAnim' to 'Branch'.
[2016.05.11-23.47.19:492][639]LogConnectionDrawingPolicy:Warning: Looks like a wire-trace was not injected before the jump from 'Cast To MechSurgAnim' to 'Branch'.
[2016.05.11-23.47.19:492][639]LogConnectionDrawingPolicy:Warning: Looks like a wire-trace was not injected before the jump from 'Cast To MechSurgAnim' to 'Branch'.
[2016.05.11-23.47.19:492][639]LogConnectionDrawingPolicy:Warning: Looks like a wire-trace was not injected before the jump from 'Cast To MechSurgAnim' to 'Branch'.
[2016.05.11-23.47.19:493][639]LogConnectionDrawingPolicy:Warning: Looks like a wire-trace was not injected before the jump from 'Cast To MechSurgAnim' to 'Branch'.
[2016.05.11-23.47.19:493][639]LogConnectionDrawingPolicy:Warning: Looks like a wire-trace was not injected before the jump from 'Cast To MechSurgAnim' to 'Branch'.
[2016.05.11-23.47.19:493][639]LogConnectionDrawingPolicy:Warning: Looks like a wire-trace was not injected before the jump from 'Cast To MechSurgAnim' to 'Branch'.
[2016.05.11-23.47.19:493][639]LogConnectionDrawingPolicy:Warning: Looks like a wire-trace was not injected before the jump from 'Cast To MechSurgAnim' to 'Branch'.
[2016.05.11-23.47.19:493][639]LogConnectionDrawingPolicy:Warning: Looks like a wire-trace was not injected before the jump from 'Cast To MechSurgAnim' to 'Branch'.
[2016.05.11-23.47.19:493][639]LogConnectionDrawingPolicy:Warning: Looks like a wire-trace was not injected before the jump from 'Cast To MechSurgAnim' to 'Branch'.
[2016.05.11-23.47.19:493][639]LogConnectionDrawingPolicy:Warning: Looks like a wire-trace was not injected before the jump from 'Cast To MechSurgAnim' to 'Branch'.
[2016.05.11-23.47.19:493][639]LogConnectionDrawingPolicy:Warning: Looks like a wire-trace was not injected before the jump from 'Cast To MechSurgAnim' to 'Branch'.
[2016.05.11-23.47.19:493][639]LogConnectionDrawingPolicy:Warning: Looks like a wire-trace was not injected before the jump from 'Cast To MechSurgAnim' to 'Branch'.
[2016.05.12-00.33.14:795][114]LogRenderTargetPool:Warning: r.RenderTargetPoolMin exceeded 407/400 MB (ok in editor, bad on fixed memory platform)
[2016.05.12-00.33.17:382][303]LogRenderTargetPool:Warning: r.RenderTargetPoolMin exceeded 407/400 MB (ok in editor, bad on fixed memory platform)
[2016.05.12-00.33.17:997][344]LogEditorViewport: Clicking on Actor (context menu): StaticMeshActor (Floor)
[2016.05.12-00.33.18:335][345]LogRenderTargetPool:Warning: r.RenderTargetPoolMin exceeded 431/400 MB (ok in editor, bad on fixed memory platform)
[2016.05.12-00.33.19:634][427]LogEditorViewport: Clicking on Actor (LMB): StaticMeshActor (Cube5)
[2016.05.12-00.33.19:711][428]LogRenderTargetPool:Warning: r.RenderTargetPoolMin exceeded 407/400 MB (ok in editor, bad on fixed memory platform)
[2016.05.12-00.33.19:980][446]LogActorComponent: UnregisterComponent: (/Engine/Transient.CharMoveComp) Not registered. Aborting.
[2016.05.12-00.33.20:074][448]LogRenderTargetPool:Warning: r.RenderTargetPoolMin exceeded 407/400 MB (ok in editor, bad on fixed memory platform)
[2016.05.12-00.33.23:856][645]LogSavePackage: Save=427.72ms
[2016.05.12-00.33.23:856][645]LogSavePackage: Moving '../../../../../../UnrealProjects/UnrealProject/MechProject/Saved/DEMOmap16504DA34E893B5B3D0578A55678238F.tmp' to '../../../../../../UnrealProjects/UnrealProject/MechProject/Content/ThirdPersonBP/Maps/DEMOmap.umap'
[2016.05.12-00.33.23:860][645]LogSavePackage: Total save time: 527.68ms
[2016.05.12-00.33.23:860][645]LogSavePackage:Display: Finished SavePackage ../../../../../../UnrealProjects/UnrealProject/MechProject/Content/ThirdPersonBP/Maps/DEMOmap.umap
[2016.05.12-00.33.27:153][769]Cmd: QUIT_EDITOR
[2016.05.12-00.33.28:615][769]LogExit: Preparing to exit.
[2016.05.12-00.33.30:220][769]LogExit: Editor shut down
[2016.05.12-00.33.30:221][769]LogExit: Transaction tracking system shut down
[2016.05.12-00.33.31:864][769]LogObj: Freed 0b from 0 cluster array pools.
[2016.05.12-00.33.31:867][769]LogExit: Object subsystem successfully closed.
[2016.05.12-00.33.32:105][769]LogD3D11RHI: Shutdown
[2016.05.12-00.33.32:105][769]LogD3D11RHI: CleanupD3DDevice
[2016.05.12-00.33.32:349][769]LogD3D11RHI: ~FD3D11DynamicRHI
[2016.05.12-00.33.32:606][769]LogDerivedDataCache: Shutdown
[2016.05.12-00.33.33:362][769]LogModuleManager: Shutting down and abandoning module MovieSceneCapture (206)
[2016.05.12-00.33.33:376][769]LogModuleManager: Shutting down and abandoning module BlueprintGraph (205)
[2016.05.12-00.33.33:376][769]LogModuleManager: Shutting down and abandoning module HierarchicalLODOutliner (204)
[2016.05.12-00.33.33:389][769]LogModuleManager: Shutting down and abandoning module CrashTracker (203)
[2016.05.12-00.33.33:389][769]LogModuleManager: Shutting down and abandoning module SceneOutliner (202)
[2016.05.12-00.33.33:402][769]LogModuleManager: Shutting down and abandoning module SuperSearch (201)
[2016.05.12-00.33.33:402][769]LogModuleManager: Shutting down and abandoning module WidgetCarousel (200)
[2016.05.12-00.33.33:402][769]LogModuleManager: Shutting down and abandoning module AddContentDialog (199)
[2016.05.12-00.33.33:416][769]LogModuleManager: Shutting down and abandoning module GameplayTags (198)
[2016.05.12-00.33.33:416][769]LogModuleManager: Shutting down and abandoning module EditorWidgets (197)
[2016.05.12-00.33.33:416][769]LogModuleManager: Shutting down and abandoning module CollectionManager (196)
[2016.05.12-00.33.33:429][769]LogModuleManager: Shutting down and abandoning module StatsViewer (195)
[2016.05.12-00.33.33:432][769]LogModuleManager: Shutting down and abandoning module FoliageEdit (194)
[2016.05.12-00.33.33:433][769]LogModuleManager: Shutting down and abandoning module LandscapeEditor (193)
[2016.05.12-00.33.33:447][769]LogModuleManager: Shutting down and abandoning module ActorPickerMode (192)
[2016.05.12-00.33.33:447][769]LogModuleManager: Shutting down and abandoning module GeometryMode (191)
[2016.05.12-00.33.33:447][769]LogModuleManager: Shutting down and abandoning module TextureAlignMode (190)
[2016.05.12-00.33.33:447][769]LogModuleManager: Shutting down and abandoning module BspMode (189)
[2016.05.12-00.33.33:447][769]LogModuleManager: Shutting down and abandoning module PlacementMode (188)
[2016.05.12-00.33.33:447][769]LogModuleManager: Shutting down and abandoning module AutomationWorker (187)
[2016.05.12-00.33.33:447][769]LogModuleManager: Shutting down and abandoning module CharacterAI (186)
[2016.05.12-00.33.33:447][769]LogModuleManager: Shutting down and abandoning module SmartSnapping (185)
[2016.05.12-00.33.33:447][769]LogModuleManager: Shutting down and abandoning module ViewportSnapping (184)
[2016.05.12-00.33.33:447][769]LogModuleManager: Shutting down and abandoning module LogVisualizer (183)
[2016.05.12-00.33.33:464][769]LogModuleManager: Shutting down and abandoning module GameProjectGeneration (182)
[2016.05.12-00.33.33:471][769]LogModuleManager: Shutting down and abandoning module IntroTutorials (181)
[2016.05.12-00.33.33:485][769]LogModuleManager: Shutting down and abandoning module EditorLiveStreaming (180)
[2016.05.12-00.33.33:485][769]LogModuleManager: Shutting down and abandoning module IOSPlatformEditor (179)
[2016.05.12-00.33.33:506][769]LogModuleManager: Shutting down and abandoning module HTML5PlatformEditor (178)
[2016.05.12-00.33.33:506][769]LogModuleManager: Shutting down and abandoning module AndroidDeviceDetection (177)
[2016.05.12-00.33.33:579][769]LogModuleManager: Shutting down and abandoning module AndroidPlatformEditor (176)
[2016.05.12-00.33.33:579][769]LogModuleManager: Shutting down and abandoning module IOSRuntimeSettings (175)
[2016.05.12-00.33.33:579][769]LogModuleManager: Shutting down and abandoning module AndroidRuntimeSettings (174)
[2016.05.12-00.33.33:579][769]LogModuleManager: Shutting down and abandoning module MergeActors (173)
[2016.05.12-00.33.33:589][769]LogModuleManager: Shutting down and abandoning module SizeMap (172)
[2016.05.12-00.33.33:599][769]LogModuleManager: Shutting down and abandoning module TreeMap (171)
[2016.05.12-00.33.33:614][769]LogModuleManager: Shutting down and abandoning module ReferenceViewer (170)
[2016.05.12-00.33.33:615][769]LogModuleManager: Shutting down and abandoning module LocalizationService (169)
[2016.05.12-00.33.33:626][769]LogModuleManager: Shutting down and abandoning module LocalizationDashboard (168)
[2016.05.12-00.33.33:642][769]LogModuleManager: Shutting down and abandoning module HardwareTargeting (167)
[2016.05.12-00.33.33:642][769]LogModuleManager: Shutting down and abandoning module DeviceProfileEditor (166)
[2016.05.12-00.33.33:668][769]LogModuleManager: Shutting down and abandoning module UndoHistory (165)
[2016.05.12-00.33.33:678][769]LogModuleManager: Shutting down and abandoning module UserFeedback (164)
[2016.05.12-00.33.33:678][769]LogModuleManager: Shutting down and abandoning module XmlParser (163)
[2016.05.12-00.33.33:687][769]LogModuleManager: Shutting down and abandoning module Blutility (162)
[2016.05.12-00.33.33:694][769]LogModuleManager: Shutting down and abandoning module ProjectTargetPlatformEditor (161)
[2016.05.12-00.33.33:695][769]LogModuleManager: Shutting down and abandoning module ProjectSettingsViewer (160)
[2016.05.12-00.33.33:695][769]LogModuleManager: Shutting down and abandoning module InputBindingEditor (159)
[2016.05.12-00.33.33:731][769]LogModuleManager: Shutting down and abandoning module EditorSettingsViewer (158)
[2016.05.12-00.33.33:731][769]LogModuleManager: Shutting down and abandoning module SettingsEditor (157)
[2016.05.12-00.33.33:732][769]LogModuleManager: Shutting down and abandoning module ProjectLauncher (156)
[2016.05.12-00.33.33:752][769]LogModuleManager: Shutting down and abandoning module SessionFrontend (155)
[2016.05.12-00.33.33:777][769]LogModuleManager: Shutting down and abandoning module ProfilerClient (154)
[2016.05.12-00.33.33:798][769]LogModuleManager: Shutting down and abandoning module TargetDeviceServices (153)
[2016.05.12-00.33.33:798][769]LogModuleManager: Shutting down and abandoning module DeviceManager (152)
[2016.05.12-00.33.33:850][769]LogModuleManager: Shutting down and abandoning module AutomationController (151)
[2016.05.12-00.33.33:871][769]LogModuleManager: Shutting down and abandoning module AutomationWindow (150)
[2016.05.12-00.33.33:889][769]LogModuleManager: Shutting down and abandoning module Layers (149)
[2016.05.12-00.33.33:909][769]LogModuleManager: Shutting down and abandoning module ComponentVisualizers (148)
[2016.05.12-00.33.33:909][769]LogModuleManager: Shutting down and abandoning module DetailCustomizations (147)
[2016.05.12-00.33.33:929][769]LogModuleManager: Shutting down and abandoning module PackagesDialog (146)
[2016.05.12-00.33.33:929][769]LogModuleManager: Shutting down and abandoning module Persona (145)
[2016.05.12-00.33.33:985][769]LogModuleManager: Shutting down and abandoning module Kismet (144)
[2016.05.12-00.33.33:993][769]LogModuleManager: Shutting down and abandoning module GraphEditor (143)
[2016.05.12-00.33.33:994][769]LogModuleManager: Shutting down and abandoning module ClassViewer (142)
[2016.05.12-00.33.34:012][769]LogModuleManager: Shutting down and abandoning module Toolbox (141)
[2016.05.12-00.33.34:027][769]LogModuleManager: Shutting down and abandoning module ModuleUI (140)
[2016.05.12-00.33.34:048][769]LogModuleManager: Shutting down and abandoning module MovieSceneTools (139)
[2016.05.12-00.33.34:051][769]LogModuleManager: Shutting down and abandoning module OutputLog (138)
[2016.05.12-00.33.34:066][769]LogModuleManager: Shutting down and abandoning module GammaUI (137)
[2016.05.12-00.33.34:091][769]LogModuleManager: Shutting down and abandoning module Documentation (136)
[2016.05.12-00.33.34:091][769]LogModuleManager: Shutting down and abandoning module StreamingPauseRendering (135)
[2016.05.12-00.33.34:091][769]LogModuleManager: Shutting down and abandoning module AnalyticsET (134)
[2016.05.12-00.33.34:091][769]LogModuleManager: Shutting down and abandoning module Analytics (133)
[2016.05.12-00.33.34:091][769]LogModuleManager: Shutting down and abandoning module PortalServices (132)
[2016.05.12-00.33.34:091][769]LogModuleManager: Shutting down and abandoning module PortalRpc (131)
[2016.05.12-00.33.34:091][769]LogModuleManager: Shutting down and abandoning module MessagingRpc (130)
[2016.05.12-00.33.34:091][769]LogModuleManager: Shutting down and abandoning module AITestSuite (129)
[2016.05.12-00.33.34:099][769]LogModuleManager: Shutting down and abandoning module GameplayDebugger (128)
[2016.05.12-00.33.34:108][769]LogModuleManager: Shutting down and abandoning module AIModule (127)
[2016.05.12-00.33.34:108][769]LogModuleManager: Shutting down and abandoning module ProfilerService (126)
[2016.05.12-00.33.34:203][769]LogModuleManager: Shutting down and abandoning module TaskGraph (125)
[2016.05.12-00.33.34:209][769]LogModuleManager: Shutting down and abandoning module SlateRemote (124)
[2016.05.12-00.33.34:209][769]LogModuleManager: Shutting down and abandoning module SteamVRController (123)
[2016.05.12-00.33.34:209][769]LogModuleManager: Shutting down and abandoning module SteamVR (122)
[2016.05.12-00.33.34:209][769]LogModuleManager: Shutting down and abandoning module ProceduralMeshComponent (121)
[2016.05.12-00.33.34:209][769]LogModuleManager: Shutting down and abandoning module OculusLibrary (120)
[2016.05.12-00.33.34:209][769]LogModuleManager: Shutting down and abandoning module OculusInput (119)
[2016.05.12-00.33.34:209][769]LogModuleManager: Shutting down and abandoning module CustomMeshComponent (118)
[2016.05.12-00.33.34:209][769]LogModuleManager: Shutting down and abandoning module CableComponent (117)
[2016.05.12-00.33.34:209][769]LogModuleManager: Shutting down and abandoning module ArchVisCharacter (116)
[2016.05.12-00.33.34:209][769]LogModuleManager: Shutting down and abandoning module MediaPlayerEditor (115)
[2016.05.12-00.33.34:236][769]LogModuleManager: Shutting down and abandoning module HTML5Networking (114)
[2016.05.12-00.33.34:236][769]LogModuleManager: Shutting down and abandoning module SpeedTreeImporter (113)
[2016.05.12-00.33.34:236][769]LogModuleManager: Shutting down and abandoning module PluginBrowser (112)
[2016.05.12-00.33.34:252][769]LogModuleManager: Shutting down and abandoning module EpicSurvey (111)
[2016.05.12-00.33.34:262][769]LogModuleManager: Shutting down and abandoning module DesktopPlatform (110)
[2016.05.12-00.33.34:275][769]LogModuleManager: Shutting down and abandoning module VisualStudioSourceCodeAccess (109)
[2016.05.12-00.33.34:291][769]LogModuleManager: Shutting down and abandoning module UObjectPlugin (108)
[2016.05.12-00.33.34:291][769]LogModuleManager: Shutting down and abandoning module SubversionSourceControl (107)
[2016.05.12-00.33.34:316][769]LogModuleManager: Shutting down and abandoning module PerforceSourceControl (106)
[2016.05.12-00.33.34:332][769]LogModuleManager: Shutting down and abandoning module SourceControl (105)
[2016.05.12-00.33.34:340][769]LogModuleManager: Shutting down and abandoning module GitSourceControl (104)
[2016.05.12-00.33.34:357][769]LogModuleManager: Shutting down and abandoning module LightPropagationVolumeEditor (103)
[2016.05.12-00.33.34:357][769]LogModuleManager: Shutting down and abandoning module PaperTiledImporter (102)
[2016.05.12-00.33.34:359][769]LogModuleManager: Shutting down and abandoning module PaperSpriteSheetImporter (101)
[2016.05.12-00.33.34:359][769]LogModuleManager: Shutting down and abandoning module MeshPaint (100)
[2016.05.12-00.33.34:360][769]LogModuleManager: Shutting down and abandoning module HotReload (99)
[2016.05.12-00.33.34:372][769]LogModuleManager: Shutting down and abandoning module MainFrame (98)
[2016.05.12-00.33.34:372][769]LogModuleManager: Shutting down and abandoning module LevelEditor (97)
[2016.05.12-00.33.34:374][769]LogModuleManager: Shutting down and abandoning module DirectoryWatcher (96)
[2016.05.12-00.33.34:375][769]LogModuleManager: Shutting down and abandoning module AssetRegistry (95)
[2016.05.12-00.33.35:551][769]LogModuleManager: Shutting down and abandoning module ContentBrowser (94)
[2016.05.12-00.33.35:552][769]LogModuleManager: Shutting down and abandoning module Paper2DEditor (93)
[2016.05.12-00.33.35:567][769]LogModuleManager: Shutting down and abandoning module UdpMessaging (92)
[2016.05.12-00.33.35:667][769]LogModuleManager: Shutting down and abandoning module LightPropagationVolumeRuntime (91)
[2016.05.12-00.33.35:667][769]LogModuleManager: Shutting down and abandoning module Paper2D (90)
[2016.05.12-00.33.35:688][769]LogModuleManager: Shutting down and abandoning module WindowsMoviePlayer (89)
[2016.05.12-00.33.35:700][769]LogModuleManager: Shutting down and abandoning module Media (88)
[2016.05.12-00.33.35:700][769]LogModuleManager: Shutting down and abandoning module WmfMedia (87)
[2016.05.12-00.33.35:723][769]LogModuleManager: Shutting down and abandoning module MediaAssets (86)
[2016.05.12-00.33.35:723][769]LogModuleManager: Shutting down and abandoning module GameLiveStreaming (85)
[2016.05.12-00.33.35:723][769]LogModuleManager: Shutting down and abandoning module GameplayTagsEditor (84)
[2016.05.12-00.33.35:723][769]LogModuleManager: Shutting down and abandoning module OnlineBlueprintSupport (83)
[2016.05.12-00.33.35:723][769]LogModuleManager: Shutting down and abandoning module GameplayTasksEditor (82)
[2016.05.12-00.33.35:723][769]LogModuleManager: Shutting down and abandoning module PropertyEditor (81)
[2016.05.12-00.33.35:723][769]LogModuleManager: Shutting down and abandoning module BehaviorTreeEditor (80)
[2016.05.12-00.33.35:753][769]LogModuleManager: Shutting down and abandoning module FunctionalTesting (79)
[2016.05.12-00.33.35:753][769]LogModuleManager: Shutting down and abandoning module CollisionAnalyzer (78)
[2016.05.12-00.33.35:770][769]LogModuleManager: Shutting down and abandoning module WorkspaceMenuStructure (77)
[2016.05.12-00.33.35:770][769]LogModuleManager: Shutting down and abandoning module MessageLog (76)
[2016.05.12-00.33.35:770][769]LogModuleManager: Shutting down and abandoning module Sequencer (75)
[2016.05.12-00.33.35:799][769]LogModuleManager: Shutting down and abandoning module AssetTools (74)
[2016.05.12-00.33.35:837][769]LogModuleManager: Shutting down and abandoning module UMGEditor (73)
[2016.05.12-00.33.35:858][769]LogModuleManager: Shutting down and abandoning module UMG (72)
[2016.05.12-00.33.35:858][769]LogModuleManager: Shutting down and abandoning module SlateReflector (71)
[2016.05.12-00.33.35:885][769]LogModuleManager: Shutting down and abandoning module Slate (70)
[2016.05.12-00.33.35:885][769]LogModuleManager: Shutting down and abandoning module EditorStyle (69)
[2016.05.12-00.33.35:905][769]LogModuleManager: Shutting down and abandoning module SessionServices (68)
[2016.05.12-00.33.35:905][769]LogModuleManager: Shutting down and abandoning module SourceCodeAccess (67)
[2016.05.12-00.33.35:906][769]LogModuleManager: Shutting down and abandoning module HeadMountedDisplay (66)
[2016.05.12-00.33.35:906][769]LogModuleManager: Shutting down and abandoning module XAudio2 (65)
[2016.05.12-00.33.35:906][769]LogModuleManager: Shutting down and abandoning module Networking (63)
[2016.05.12-00.33.35:906][769]LogModuleManager: Shutting down and abandoning module Core (62)
[2016.05.12-00.33.35:906][769]LogModuleManager: Shutting down and abandoning module KismetCompiler (61)
[2016.05.12-00.33.35:915][769]LogModuleManager: Shutting down and abandoning module PhysXFormats (60)
[2016.05.12-00.33.35:928][769]LogModuleManager: Shutting down and abandoning module MeshUtilities (59)
[2016.05.12-00.33.35:954][769]LogModuleManager: Shutting down and abandoning module CookingStats (58)
[2016.05.12-00.33.35:954][769]LogModuleManager: Shutting down and abandoning module DerivedDataCache (57)
[2016.05.12-00.33.35:954][769]LogDerivedDataCache: Shutdown
[2016.05.12-00.33.35:954][769]LogModuleManager: Shutting down and abandoning module ShaderFormatOpenGL (56)
[2016.05.12-00.33.35:970][769]LogModuleManager: Shutting down and abandoning module ShaderFormatD3D (55)
[2016.05.12-00.33.35:993][769]LogModuleManager: Shutting down and abandoning module MetalShaderFormat (54)
[2016.05.12-00.33.36:016][769]LogModuleManager: Shutting down and abandoning module TextureFormatUncompressed (53)
[2016.05.12-00.33.36:016][769]LogModuleManager: Shutting down and abandoning module TextureFormatPVR (52)
[2016.05.12-00.33.36:030][769]LogModuleManager: Shutting down and abandoning module TextureFormatIntelISPCTexComp (51)
[2016.05.12-00.33.36:052][769]LogModuleManager: Shutting down and abandoning module TextureFormatDXT (50)
[2016.05.12-00.33.36:064][769]LogModuleManager: Shutting down and abandoning module ImageWrapper (49)
[2016.05.12-00.33.36:064][769]LogModuleManager: Shutting down and abandoning module TextureFormatASTC (48)
[2016.05.12-00.33.36:064][769]LogModuleManager: Shutting down and abandoning module TextureFormatAndroid (47)
[2016.05.12-00.33.36:064][769]LogModuleManager: Shutting down and abandoning module AudioFormatOpus (46)
[2016.05.12-00.33.36:074][769]LogModuleManager: Shutting down and abandoning module AudioFormatOgg (45)
[2016.05.12-00.33.36:089][769]LogModuleManager: Shutting down and abandoning module AudioFormatADPCM (44)
[2016.05.12-00.33.36:105][769]LogModuleManager: Shutting down and abandoning module LinuxTargetPlatform (43)
[2016.05.12-00.33.36:105][769]LogModuleManager: Shutting down and abandoning module LinuxServerTargetPlatform (42)
[2016.05.12-00.33.36:124][769]LogModuleManager: Shutting down and abandoning module LinuxNoEditorTargetPlatform (41)
[2016.05.12-00.33.36:137][769]LogModuleManager: Shutting down and abandoning module TVOSTargetPlatform (40)
[2016.05.12-00.33.36:137][769]LogModuleManager: Shutting down and abandoning module Messaging (39)
[2016.05.12-00.33.36:137][769]LogModuleManager: Shutting down and abandoning module IOSTargetPlatform (38)
[2016.05.12-00.33.36:137][769]LogModuleManager: Shutting down and abandoning module HTML5TargetPlatform (37)
[2016.05.12-00.33.36:137][769]LogModuleManager: Shutting down and abandoning module Android_PVRTCTargetPlatform (36)
[2016.05.12-00.33.36:137][769]LogModuleManager: Shutting down and abandoning module Android_MultiTargetPlatform (35)
[2016.05.12-00.33.36:149][769]LogModuleManager: Shutting down and abandoning module Android_ETC2TargetPlatform (34)
[2016.05.12-00.33.36:149][769]LogModuleManager: Shutting down and abandoning module Android_ETC1TargetPlatform (33)
[2016.05.12-00.33.36:149][769]LogModuleManager: Shutting down and abandoning module Android_DXTTargetPlatform (32)
[2016.05.12-00.33.36:149][769]LogModuleManager: Shutting down and abandoning module Android_ATCTargetPlatform (31)
[2016.05.12-00.33.36:149][769]LogModuleManager: Shutting down and abandoning module Android_ASTCTargetPlatform (30)
[2016.05.12-00.33.36:149][769]LogModuleManager: Shutting down and abandoning module AndroidTargetPlatform (29)
[2016.05.12-00.33.36:149][769]LogModuleManager: Shutting down and abandoning module WindowsTargetPlatform (28)
[2016.05.12-00.33.36:149][769]LogModuleManager: Shutting down and abandoning module WindowsServerTargetPlatform (27)
[2016.05.12-00.33.36:165][769]LogModuleManager: Shutting down and abandoning module WindowsNoEditorTargetPlatform (26)
[2016.05.12-00.33.36:168][769]LogModuleManager: Shutting down and abandoning module WindowsClientTargetPlatform (25)
[2016.05.12-00.33.36:176][769]LogModuleManager: Shutting down and abandoning module AllDesktopTargetPlatform (24)
[2016.05.12-00.33.36:176][769]LogModuleManager: Shutting down and abandoning module TargetPlatform (23)
[2016.05.12-00.33.36:176][769]LogModuleManager: Shutting down and abandoning module InputCore (22)
[2016.05.12-00.33.36:176][769]LogModuleManager: Shutting down and abandoning module Settings (21)
[2016.05.12-00.33.36:177][769]LogModuleManager: Shutting down and abandoning module OnlineSubsystem (19)
[2016.05.12-00.33.36:177][769]LogModuleManager: Shutting down and abandoning module HTTP (18)
[2016.05.12-00.33.37:678][769]LogModuleManager: Shutting down and abandoning module XMPP (17)
[2016.05.12-00.33.37:938][769]LogModuleManager: Shutting down and abandoning module OculusRift (16)
[2016.05.12-00.33.37:957][769]LogModuleManager: Shutting down and abandoning module ExampleDeviceProfileSelector (15)
[2016.05.12-00.33.37:957][769]LogModuleManager: Shutting down and abandoning module TextureCompressor (14)
[2016.05.12-00.33.37:997][769]LogModuleManager: Shutting down and abandoning module ShaderCore (13)
[2016.05.12-00.33.37:997][769]LogModuleManager: Shutting down and abandoning module Landscape (12)
[2016.05.12-00.33.37:997][769]LogModuleManager: Shutting down and abandoning module SlateRHIRenderer (11)
[2016.05.12-00.33.38:015][769]LogModuleManager: Shutting down and abandoning module OpenGLDrv (10)
[2016.05.12-00.33.38:038][769]LogModuleManager: Shutting down and abandoning module D3D11RHI (9)
[2016.05.12-00.33.38:038][769]LogModuleManager: Shutting down and abandoning module AnimGraphRuntime (8)
[2016.05.12-00.33.38:038][769]LogModuleManager: Shutting down and abandoning module Renderer (7)
[2016.05.12-00.33.38:038][769]LogModuleManager: Shutting down and abandoning module Engine (6)
[2016.05.12-00.33.38:038][769]LogModuleManager: Shutting down and abandoning module CoreUObject (5)
[2016.05.12-00.33.38:038][769]LogModuleManager: Shutting down and abandoning module NetworkFile (4)
[2016.05.12-00.33.38:058][769]LogModuleManager: Shutting down and abandoning module StreamingFile (3)
[2016.05.12-00.33.38:071][769]LogModuleManager: Shutting down and abandoning module SandboxFile (2)
[2016.05.12-00.33.38:083][769]LogModuleManager: Shutting down and abandoning module PakFile (1)
[2016.05.12-00.33.38:103][769]LogExit: Exiting.
[2016.05.12-00.33.38:109][769]Log file closed, 05/11/16 20:33:38
