Log file open, 05/15/16 15:50:10
LogInit:Display: Running engine for game: MechProject2
LogPlatformFile: Not using cached read wrapper
LogInit:Display: RandInit(-1240659) SRandInit(-1240657).
LogTaskGraph: Started task graph with 4 named threads and 11 total threads.
LogStats: Stats thread started at 0.118783
LogInit: Version: 4.11.2-2946394+++UE4+Release-4.11
LogInit: API Version: 2927265
LogInit: Compiled (64-bit): Apr 18 2016 02:18:46
LogInit: Compiled with Visual C++: 19.00.23026.00
LogInit: Build Configuration: Development
LogInit: Branch Name: ++UE4+Release-4.11
LogInit: Command line: -EpicPortal 
LogInit: Base directory: F:/Programs/Epic Games/4.11/Engine/Binaries/Win64/
LogInit: Installed Engine Build: 1
LogInit: Using libcurl 7.41.0
LogInit:  - built for x86_64-pc-win32
LogInit:  - supports SSL with WinSSL
LogInit:  - other features:
LogInit:      CURL_VERSION_SSL
LogInit:      CURL_VERSION_IPV6
LogInit:      CURL_VERSION_ASYNCHDNS
LogInit:      CURL_VERSION_LARGEFILE
LogInit:      CURL_VERSION_IDN
LogInit:  CurlRequestOptions (configurable via config and command line):
LogInit:  - bVerifyPeer = true  - Libcurl will verify peer certificate
LogInit:  - bUseHttpProxy = false  - Libcurl will NOT use HTTP proxy
LogInit:  - bDontReuseConnections = false  - Libcurl will reuse connections
LogInit:  - CertBundlePath = nullptr  - Libcurl will use whatever was configured at build time.
LogInit: Presizing for max 16777216 objects, including 0 objects not considered by GC, pre-allocating 0 bytes for permanent pool.
LogInit: Object subsystem initialized
[2016.05.15-19.50.10:552][  0]LogInit: Selected Device Profile: [Windows]
[2016.05.15-19.50.10:552][  0]LogInit: Applying CVar settings loaded from the selected device profile: [Windows]
[2016.05.15-19.50.10:565][  0]LogInit: Computer: Z600-PC
[2016.05.15-19.50.10:565][  0]LogInit: User: Z600
[2016.05.15-19.50.10:565][  0]LogInit: CPU Page size=65536, Cores=8
[2016.05.15-19.50.10:565][  0]LogInit: High frequency timer resolution =2.597705 MHz
[2016.05.15-19.50.10:565][  0]LogMemory: Memory total: Physical=12.0GB (12GB approx)
[2016.05.15-19.50.10:565][  0]LogMemory: Platform Memory Stats for Windows
[2016.05.15-19.50.10:565][  0]LogMemory: Process Physical Memory: 316.01 MB used, 316.01 MB peak
[2016.05.15-19.50.10:565][  0]LogMemory: Process Virtual Memory: 319.93 MB used, 319.93 MB peak
[2016.05.15-19.50.10:565][  0]LogMemory: Physical Memory: 5290.88 MB used, 12271.22 MB total
[2016.05.15-19.50.10:565][  0]LogMemory: Virtual Memory: 622.92 MB used, 8388608.00 MB total
[2016.05.15-19.50.10:626][  0]LogTextLocalizationManager: No specific translations for ('en-US') exist, so ('en') translations will be used.
[2016.05.15-19.50.11:265][  0]LogD3D11RHI: D3D11 adapters:
[2016.05.15-19.50.11:290][  0]LogD3D11RHI:    0. 'NVIDIA GeForce GTX 750 Ti' (Feature Level 11_0)
[2016.05.15-19.50.11:290][  0]LogD3D11RHI:       1992MB of dedicated video memory, 0MB of dedicated system memory, and 2048MB of shared system memory, 2 output[s]
[2016.05.15-19.50.11:290][  0]LogD3D11RHI: Chosen D3D11 Adapter: 0
[2016.05.15-19.50.11:310][  0]LogD3D11RHI: Creating new Direct3DDevice
[2016.05.15-19.50.11:311][  0]LogD3D11RHI:     Adapter Name: NVIDIA GeForce GTX 750 Ti
[2016.05.15-19.50.11:311][  0]LogD3D11RHI:   Driver Version: Unknown (internal Unknown)
[2016.05.15-19.50.11:311][  0]LogD3D11RHI:      Driver Date: Unknown
[2016.05.15-19.50.11:311][  0]LogRHI: Texture pool is 1361 MB (70% of 1945 MB)
[2016.05.15-19.50.11:326][  0]LogD3D11RHI: Async texture creation enabled
[2016.05.15-19.50.11:348][  0]LogShaderCompilers: Guid format shader working directory is 0 characters bigger than the processId version (../../../../../../UnrealProjects/MechProject2/Intermediate/Shaders/WorkingDirectory/9644/).
[2016.05.15-19.50.11:348][  0]LogShaderCompilers: Cleaned the shader compiler working directory 'C:/Users/Z600/AppData/Local/Temp/UnrealShaderWorkingDir/F008569846570796A8FBCD8441690C22/'.
[2016.05.15-19.50.11:348][  0]LogShaderCompilers:Display: Using Local Shader Compiler.
[2016.05.15-19.50.12:633][  0]LogTemp:Display: Loaded TP AllDesktopTargetPlatform
[2016.05.15-19.50.12:640][  0]LogTemp:Display: Loaded TP WindowsClientTargetPlatform
[2016.05.15-19.50.12:646][  0]LogTemp:Display: Loaded TP WindowsNoEditorTargetPlatform
[2016.05.15-19.50.12:652][  0]LogTemp:Display: Loaded TP WindowsServerTargetPlatform
[2016.05.15-19.50.12:659][  0]LogTemp:Display: Loaded TP WindowsTargetPlatform
[2016.05.15-19.50.12:663][  0]LogTemp:Display: Loaded TP AndroidTargetPlatform
[2016.05.15-19.50.12:668][  0]LogTemp:Display: Loaded TP Android_ASTCTargetPlatform
[2016.05.15-19.50.12:674][  0]LogTemp:Display: Loaded TP Android_ATCTargetPlatform
[2016.05.15-19.50.12:679][  0]LogTemp:Display: Loaded TP Android_DXTTargetPlatform
[2016.05.15-19.50.12:685][  0]LogTemp:Display: Loaded TP Android_ETC1TargetPlatform
[2016.05.15-19.50.12:689][  0]LogTemp:Display: Loaded TP Android_ETC2TargetPlatform
[2016.05.15-19.50.12:699][  0]LogTemp:Display: Loaded TP Android_MultiTargetPlatform
[2016.05.15-19.50.12:699][  0]LogTemp:Display: Loaded TP Android_PVRTCTargetPlatform
[2016.05.15-19.50.12:701][  0]LogTemp:Display: Loaded TP HTML5TargetPlatform
[2016.05.15-19.50.12:722][  0]LogTemp:Display: Loaded TP IOSTargetPlatform
[2016.05.15-19.50.12:731][  0]LogTemp:Display: Loaded TP TVOSTargetPlatform
[2016.05.15-19.50.12:739][  0]LogTemp:Display: Loaded TP LinuxNoEditorTargetPlatform
[2016.05.15-19.50.12:748][  0]LogTemp:Display: Loaded TP LinuxServerTargetPlatform
[2016.05.15-19.50.12:757][  0]LogTemp:Display: Loaded TP LinuxTargetPlatform
[2016.05.15-19.50.12:757][  0]LogTargetPlatformManager:Display: Building Assets For Windows
[2016.05.15-19.50.12:877][  0]LogDerivedDataCache:Display: Max Cache Size: 512 MB
[2016.05.15-19.50.12:949][  0]LogDerivedDataCache: Loaded boot cache 0.07s 46MB C:/Users/Z600/AppData/Local/UnrealEngine/4.11/DerivedDataCache/Boot.ddc.
[2016.05.15-19.50.12:950][  0]LogDerivedDataCache:Display: Loaded Boot cache: C:/Users/Z600/AppData/Local/UnrealEngine/4.11/DerivedDataCache/Boot.ddc
[2016.05.15-19.50.12:950][  0]LogDerivedDataCache: FDerivedDataBackendGraph:  Pak pak cache file ../../../../../../UnrealProjects/MechProject2/DerivedDataCache/DDC.ddp not found, will not use a pak cache.
[2016.05.15-19.50.12:950][  0]LogDerivedDataCache: Unable to find inner node Pak for hierarchical cache Hierarchy.
[2016.05.15-19.50.12:950][  0]LogDerivedDataCache: FDerivedDataBackendGraph:  CompressedPak pak cache file ../../../../../../UnrealProjects/MechProject2/DerivedDataCache/Compressed.ddp not found, will not use a pak cache.
[2016.05.15-19.50.12:950][  0]LogDerivedDataCache: Unable to find inner node CompressedPak for hierarchical cache Hierarchy.
[2016.05.15-19.50.12:972][  0]LogDerivedDataCache:Display: Pak cache opened for reading ../../../Engine/DerivedDataCache/Compressed.ddp.
[2016.05.15-19.50.12:984][  0]LogDerivedDataCache: Using Local data cache path C:/Users/Z600/AppData/Local/UnrealEngine/Common/DerivedDataCache: Writable
[2016.05.15-19.50.13:259][  0]LogInit: Selected Device Profile: [Windows]
[2016.05.15-19.50.13:261][  0]LogContentStreaming: Texture pool size is 0.00 MB
[2016.05.15-19.50.13:302][  0]LogMaterial: Uniform references updated for custom material expression Custom.
[2016.05.15-19.50.13:490][  0]LogMeshUtilities: No automatic mesh reduction module available
[2016.05.15-19.50.13:490][  0]LogMeshUtilities: No automatic mesh merging module available
[2016.05.15-19.50.13:490][  0]LogMeshUtilities: No distributed automatic mesh merging module available
[2016.05.15-19.50.13:816][  0]LogUObjectArray: 27679 objects as part of root set at end of initial load.
[2016.05.15-19.50.13:816][  0]LogUObjectAllocator: 5591600 out of 0 bytes used by permanent object pool.
[2016.05.15-19.50.13:816][  0]LogUObjectArray: CloseDisregardForGC: 0/0 objects in disregard for GC pool
[2016.05.15-19.50.13:825][  0]LogInit: WinSock: version 1.1 (2.2), MaxSocks=32767, MaxUdp=65467
[2016.05.15-19.50.13:945][  0]LogSlate: SlateFontCache - WITH_FREETYPE: 1, WITH_HARFBUZZ: 1
[2016.05.15-19.50.13:945][  0]LogSlate: SlateFontCache - WITH_FREETYPE: 1, WITH_HARFBUZZ: 1
[2016.05.15-19.50.14:074][  0]LogStreaming:Warning: Failed to read file '../../../Engine/Content/Editor/Slate/Common/Selection_16x.png' error.
[2016.05.15-19.50.14:074][  0]LogSlate: Could not find file for Slate resource: ../../../Engine/Content/Editor/Slate/Common/Selection_16x.png
[2016.05.15-19.50.14:075][  0]LogStreaming:Warning: Failed to read file '../../../Engine/Content/Editor/Slate/Common/Selection_16x.png' error.
[2016.05.15-19.50.14:075][  0]LogSlate: Could not find file for Slate resource: ../../../Engine/Content/Editor/Slate/Common/Selection_16x.png
[2016.05.15-19.50.14:075][  0]LogStreaming:Warning: Failed to read file '../../../Engine/Content/Editor/Slate/Common/Selection_16x.png' error.
[2016.05.15-19.50.14:075][  0]LogSlate: Could not find file for Slate resource: ../../../Engine/Content/Editor/Slate/Common/Selection_16x.png
[2016.05.15-19.50.14:869][  0]LogUdpMessaging: Initializing bridge on interface 0.0.0.0:0 to multicast group 230.0.0.1:6666.
[2016.05.15-19.50.14:979][  0]LogAssetRegistry: FAssetRegistry took 0.0208 seconds to start up
[2016.05.15-19.50.15:407][  0]SourceControl: Info Source control is disabled
[2016.05.15-19.50.15:409][  0]SourceControl: Info Source control is disabled
[2016.05.15-19.50.15:422][  0]SourceControl: Info Source control is disabled
[2016.05.15-19.50.15:435][  0]SourceControl: Info Source control is disabled
[2016.05.15-19.50.15:602][  0]LogHMD: Failed to initialize OpenVR with code 110
[2016.05.15-19.50.15:720][  0]LogEngine: Initializing Engine...
[2016.05.15-19.50.15:953][  0]LogAIModule: Creating AISystem for world NewWorld
[2016.05.15-19.50.15:962][  0]LogInit: XAudio2 using 'Speakers (Realtek High Definition Audio)' : 2 channels at 48 kHz using 32 bits per sample (channel mask 0x3)
[2016.05.15-19.50.15:979][  0]LogInit: FAudioDevice initialized.
[2016.05.15-19.50.16:019][  0]LogDerivedDataCache: Saved boot cache 0.04s 46MB C:/Users/Z600/AppData/Local/UnrealEngine/4.11/DerivedDataCache/Boot.ddc.
[2016.05.15-19.50.16:028][  0]LogInit: Texture streaming: Enabled
[2016.05.15-19.50.16:066][  0]LogInit: Transaction tracking system initialized
[2016.05.15-19.50.16:099][  0]BlueprintLog: New page: Editor Load
[2016.05.15-19.50.16:237][  0]LocalizationService: Info Localization service is disabled
[2016.05.15-19.50.16:348][  0]LogConsoleResponse:Display: 
[2016.05.15-19.50.16:477][  0]LogCook:Display: Max memory allowance for cook 8192mb
[2016.05.15-19.50.16:477][  0]LogCook:Display: Mobile HDR setting 1
[2016.05.15-19.50.16:477][  0]LogCook:Display: Done creating registry. It took  0.00s.
[2016.05.15-19.50.16:551][  0]LogFileCache: Scanning file cache for directory 'F:/UnrealProjects/MechProject2/Content/' took 0.02s
[2016.05.15-19.50.16:551][  0]SourceControl: Info Source control is disabled
[2016.05.15-19.50.16:551][  0]Cmd: MAP LOAD FILE="../../../../../../UnrealProjects/MechProject2/Content/ThirdPersonBP/Maps/DEMOmap.umap" TEMPLATE=0 SHOWPROGRESS=1 FEATURELEVEL=3
[2016.05.15-19.50.16:552][  0]LightingResults: New page: Lighting Build
[2016.05.15-19.50.16:555][  0]MapCheck: New page: Map Check
[2016.05.15-19.50.16:555][  0]LightingResults: New page: Lighting Build
[2016.05.15-19.50.21:032][  0]LogAIModule: Creating AISystem for world DEMOmap
[2016.05.15-19.50.21:038][  0]LogMaterial:Warning: Material /Game/StarterContent/Materials/M_Basic_Floor.M_Basic_Floor needed to have new flag set bUsedWithSkeletalMesh !
[2016.05.15-19.50.21:050][  0]LogMaterial: Missing cached shader map for material M_Basic_Floor, compiling. 
[2016.05.15-19.50.21:116][  0]MapCheck:Warning: Warning M_Basic_Floor Material /Game/StarterContent/Materials/M_Basic_Floor.M_Basic_Floor was missing the usage flag bUsedWithSkeletalMesh. If the material asset is not re-saved, it may not render correctly when run outside the editor. Fix
[2016.05.15-19.50.21:116][  0]LogMaterial: 0.00 seconds spent updating 1 materials, 1 interfaces, 0 instances, 0 with static permutations.
[2016.05.15-19.50.21:312][  0]LogEditorServer: Finished looking for orphan Actors (0.000 secs)
[2016.05.15-19.50.21:313][  0]Cmd: MAP CHECKDEP NOCLEARLOG
[2016.05.15-19.50.21:405][  0]MapCheck: Info Map check complete: 0 Error(s), 1 Warning(s), took 91.491ms to complete.
[2016.05.15-19.50.21:430][  0]LogFileHelpers: Loading map 'DEMOmap' took 4.879
[2016.05.15-19.50.21:582][  0]LogCollectionManager: Loaded 0 collections in 0.005066 seconds
[2016.05.15-19.50.21:624][  0]LogFileCache: Scanning file cache for directory 'F:/UnrealProjects/MechProject2/Saved/Collections/' took 0.01s
[2016.05.15-19.50.21:624][  0]LogFileCache: Scanning file cache for directory 'F:/UnrealProjects/MechProject2/Content/Developers/Z600/Collections/' took 0.01s
[2016.05.15-19.50.21:624][  0]LogFileCache: Scanning file cache for directory 'F:/UnrealProjects/MechProject2/Content/Collections/' took 0.01s
[2016.05.15-19.50.21:624][  0]LogCollectionManager: Rebuilt the GUID cache for 0 collections in 0.000003 seconds
[2016.05.15-19.50.21:636][  0]LogContentBrowser: Native class hierarchy populated in 0.0118 seconds. Added 1979 classes and 343 folders.
[2016.05.15-19.50.21:640][  0]LogStats: UGameplayTagsManager::ConstructGameplayTagTree: Construct from data asset -  0.000 s
[2016.05.15-19.50.21:640][  0]LogStats: UGameplayTagsManager::ConstructGameplayTagTree: GameplayTagTreeChangedEvent.Broadcast -  0.000 s
[2016.05.15-19.50.21:641][  0]LogContentBrowser: Native class hierarchy updated for 'GameplayTags' in 0.0005 seconds. Added 12 classes and 0 folders.
[2016.05.15-19.50.21:646][  0]LogContentBrowser: Native class hierarchy updated for 'WidgetCarousel' in 0.0004 seconds. Added 0 classes and 0 folders.
[2016.05.15-19.50.21:656][  0]LogContentBrowser: Native class hierarchy updated for 'SuperSearch' in 0.0006 seconds. Added 1 classes and 2 folders.
[2016.05.15-19.50.21:702][  0]LogContentBrowser: Native class hierarchy updated for 'AddContentDialog' in 0.0005 seconds. Added 0 classes and 0 folders.
[2016.05.15-19.50.21:709][  0]LogContentBrowser: Native class hierarchy updated for 'SceneOutliner' in 0.0004 seconds. Added 1 classes and 2 folders.
[2016.05.15-19.50.21:831][  0]LogCrashTracker: Crashtracker disabled due to settings.
[2016.05.15-19.50.21:843][  0]LogUObjectGlobals:Warning: Failed to find object 'Class None.'
[2016.05.15-19.50.21:870][  0]LogContentBrowser: Native class hierarchy updated for 'HierarchicalLODOutliner' in 0.0007 seconds. Added 1 classes and 2 folders.
[2016.05.15-19.50.21:871][  0]LogLoad: Full Startup: 12.49 seconds (BP compile: 1.21 seconds)
[2016.05.15-19.50.21:871][  0]LogExternalProfiler:Warning: No registered external profiler was matched with a command-line switch (or the DLL could not be loaded).  External profiling features will not be available.
[2016.05.15-19.50.22:210][  0]LogOcInput: OculusInput pre-init called
[2016.05.15-19.50.22:254][  0]LogContentStreaming: Texture pool size now 1000 MB
[2016.05.15-19.50.22:481][  0]LogRenderer: Reallocating scene render targets to support 1204x576 (Frame:2).
[2016.05.15-19.50.22:985][  2]LogAssetRegistry: Asset discovery search completed in 8.0277 seconds
[2016.05.15-19.50.22:985][  2]LogCollectionManager: Rebuilt the object cache for 0 collections in 0.000001 seconds (found 0 objects)
[2016.05.15-19.50.22:985][  2]LogCollectionManager: Fixed up redirectors for 0 collections in 0.000034 seconds (updated 0 objects)
[2016.05.15-20.11.10:065][512]LogPlayLevel: PlayLevel: No blueprints needed recompiling
[2016.05.15-20.11.10:067][512]PIE: New page: PIE session: DEMOmap (May 15, 2016, 11:11:10 AM)
[2016.05.15-20.11.10:067][512]LogPlayLevel: Creating play world package: /Game/ThirdPersonBP/Maps/UEDPIE_0_DEMOmap
[2016.05.15-20.11.10:102][512]LogPlayLevel: PIE: StaticDuplicateObject took: (0.035541s)
[2016.05.15-20.11.10:103][512]LogAIModule: Creating AISystem for world DEMOmap
[2016.05.15-20.11.10:104][512]LogPlayLevel: PIE: World Init took: (0.001094s)
[2016.05.15-20.11.10:104][512]LogPlayLevel: PIE: Created PIE world by copying editor world from /Game/ThirdPersonBP/Maps/DEMOmap.DEMOmap to /Game/ThirdPersonBP/Maps/UEDPIE_0_DEMOmap.DEMOmap (0.036961s)
[2016.05.15-20.11.10:104][512]LogActorComponent: UnregisterComponent: (/Engine/Transient.CharMoveComp) Not registered. Aborting.
[2016.05.15-20.11.10:272][512]LogInit: XAudio2 using 'Speakers (Realtek High Definition Audio)' : 2 channels at 48 kHz using 32 bits per sample (channel mask 0x3)
[2016.05.15-20.11.10:282][512]LogInit: FAudioDevice initialized.
[2016.05.15-20.11.10:359][512]LogWorld: Game class is 'MechGame_C'
[2016.05.15-20.11.10:446][512]LogWorld: Bringing World /Game/ThirdPersonBP/Maps/UEDPIE_0_DEMOmap.DEMOmap up for play (max tick rate 0) at 2016.05.15-16.11.10
[2016.05.15-20.11.10:449][512]LogBlueprintUserMessages: [MechChara10_4327] wallruncollide
[2016.05.15-20.11.10:450][512]LogBlueprintUserMessages: [MechChara11_4728] wallruncollide
[2016.05.15-20.11.10:452][512]LogBlueprintUserMessages: [MechChara12_5016] wallruncollide
[2016.05.15-20.11.10:453][512]LogBlueprintUserMessages: [MechChara13_5588] wallruncollide
[2016.05.15-20.11.10:454][512]LogBlueprintUserMessages: [MechChara14] wallruncollide
[2016.05.15-20.11.10:455][512]LogBlueprintUserMessages: [MechChara15] wallruncollide
[2016.05.15-20.11.10:456][512]LogBlueprintUserMessages: [MechChara16] wallruncollide
[2016.05.15-20.11.10:458][512]LogBlueprintUserMessages: [MechChara17] wallruncollide
[2016.05.15-20.11.10:459][512]LogBlueprintUserMessages: [MechChara2] wallruncollide
[2016.05.15-20.11.10:460][512]LogBlueprintUserMessages: [MechChara3] wallruncollide
[2016.05.15-20.11.10:461][512]LogBlueprintUserMessages: [MechChara4_17492] wallruncollide
[2016.05.15-20.11.10:463][512]LogBlueprintUserMessages: [MechChara5] wallruncollide
[2016.05.15-20.11.10:464][512]LogBlueprintUserMessages: [MechChara5] wallruncollide
[2016.05.15-20.11.10:464][512]LogBlueprintUserMessages: [MechChara6] wallruncollide
[2016.05.15-20.11.10:465][512]LogBlueprintUserMessages: [MechChara7] wallruncollide
[2016.05.15-20.11.10:466][512]LogBlueprintUserMessages: [MechChara8_441] wallruncollide
[2016.05.15-20.11.10:468][512]LogBlueprintUserMessages: [MechChara9_3888] wallruncollide
[2016.05.15-20.11.10:469][512]LogBlueprintUserMessages: [MechChara_5996] wallruncollide
[2016.05.15-20.11.10:470][512]LogWorld: Bringing up level for play took: 0.108366
[2016.05.15-20.11.10:471][512]LogSpawn:Warning: SpawnActor failed because no class was specified
[2016.05.15-20.11.10:476][512]LogContentBrowser: Native class hierarchy updated for 'MovieSceneCapture' in 0.0006 seconds. Added 9 classes and 0 folders.
[2016.05.15-20.11.10:481][512]LogBlueprintUserMessages: [MechChara_C_391] wallruncollide
[2016.05.15-20.11.10:512][512]PIE: Info Play in editor start time for /Game/ThirdPersonBP/Maps/UEDPIE_0_DEMOmap -0.107
[2016.05.15-20.11.10:564][513]LogRenderer: Reallocating scene render targets to support 1920x1080 (Frame:864).
[2016.05.15-20.11.10:723][514]LogRenderTargetPool:Warning: r.RenderTargetPoolMin exceeded 429/400 MB (ok in editor, bad on fixed memory platform)
[2016.05.15-20.11.17:962][869]LogRenderTargetPool:Warning: r.RenderTargetPoolMin exceeded 407/400 MB (ok in editor, bad on fixed memory platform)
[2016.05.15-20.11.23:370][966]LogActorComponent: UnregisterComponent: (/Engine/Transient.CharMoveComp) Not registered. Aborting.
[2016.05.15-20.11.23:858][967]Cmd: QUIT_EDITOR
[2016.05.15-20.11.23:989][967]LogExit: Preparing to exit.
[2016.05.15-20.11.25:142][967]LogExit: Editor shut down
[2016.05.15-20.11.25:143][967]LogExit: Transaction tracking system shut down
[2016.05.15-20.11.25:321][967]LogObj: Freed 0b from 0 cluster array pools.
[2016.05.15-20.11.25:321][967]LogExit: Object subsystem successfully closed.
[2016.05.15-20.11.25:346][967]LogD3D11RHI: Shutdown
[2016.05.15-20.11.25:346][967]LogD3D11RHI: CleanupD3DDevice
[2016.05.15-20.11.25:430][967]LogD3D11RHI: ~FD3D11DynamicRHI
[2016.05.15-20.11.25:494][967]LogDerivedDataCache: Shutdown
[2016.05.15-20.11.25:495][967]LogModuleManager: Shutting down and abandoning module MovieSceneCapture (205)
[2016.05.15-20.11.25:495][967]LogModuleManager: Shutting down and abandoning module HierarchicalLODOutliner (204)
[2016.05.15-20.11.25:495][967]LogModuleManager: Shutting down and abandoning module CrashTracker (203)
[2016.05.15-20.11.25:495][967]LogModuleManager: Shutting down and abandoning module SceneOutliner (202)
[2016.05.15-20.11.25:495][967]LogModuleManager: Shutting down and abandoning module SuperSearch (201)
[2016.05.15-20.11.25:495][967]LogModuleManager: Shutting down and abandoning module WidgetCarousel (200)
[2016.05.15-20.11.25:495][967]LogModuleManager: Shutting down and abandoning module AddContentDialog (199)
[2016.05.15-20.11.25:497][967]LogModuleManager: Shutting down and abandoning module GameplayTags (198)
[2016.05.15-20.11.25:497][967]LogModuleManager: Shutting down and abandoning module EditorWidgets (197)
[2016.05.15-20.11.25:497][967]LogModuleManager: Shutting down and abandoning module CollectionManager (196)
[2016.05.15-20.11.25:497][967]LogModuleManager: Shutting down and abandoning module StatsViewer (195)
[2016.05.15-20.11.25:497][967]LogModuleManager: Shutting down and abandoning module FoliageEdit (194)
[2016.05.15-20.11.25:497][967]LogModuleManager: Shutting down and abandoning module LandscapeEditor (193)
[2016.05.15-20.11.25:498][967]LogModuleManager: Shutting down and abandoning module ActorPickerMode (192)
[2016.05.15-20.11.25:498][967]LogModuleManager: Shutting down and abandoning module GeometryMode (191)
[2016.05.15-20.11.25:498][967]LogModuleManager: Shutting down and abandoning module TextureAlignMode (190)
[2016.05.15-20.11.25:498][967]LogModuleManager: Shutting down and abandoning module BspMode (189)
[2016.05.15-20.11.25:498][967]LogModuleManager: Shutting down and abandoning module PlacementMode (188)
[2016.05.15-20.11.25:498][967]LogModuleManager: Shutting down and abandoning module AutomationWorker (187)
[2016.05.15-20.11.25:498][967]LogModuleManager: Shutting down and abandoning module CharacterAI (186)
[2016.05.15-20.11.25:498][967]LogModuleManager: Shutting down and abandoning module SmartSnapping (185)
[2016.05.15-20.11.25:498][967]LogModuleManager: Shutting down and abandoning module ViewportSnapping (184)
[2016.05.15-20.11.25:498][967]LogModuleManager: Shutting down and abandoning module LogVisualizer (183)
[2016.05.15-20.11.25:498][967]LogModuleManager: Shutting down and abandoning module GameProjectGeneration (182)
[2016.05.15-20.11.25:498][967]LogModuleManager: Shutting down and abandoning module IntroTutorials (181)
[2016.05.15-20.11.25:498][967]LogModuleManager: Shutting down and abandoning module EditorLiveStreaming (180)
[2016.05.15-20.11.25:498][967]LogModuleManager: Shutting down and abandoning module IOSPlatformEditor (179)
[2016.05.15-20.11.25:498][967]LogModuleManager: Shutting down and abandoning module HTML5PlatformEditor (178)
[2016.05.15-20.11.25:498][967]LogModuleManager: Shutting down and abandoning module AndroidDeviceDetection (177)
[2016.05.15-20.11.26:373][967]LogModuleManager: Shutting down and abandoning module AndroidPlatformEditor (176)
[2016.05.15-20.11.26:373][967]LogModuleManager: Shutting down and abandoning module IOSRuntimeSettings (175)
[2016.05.15-20.11.26:373][967]LogModuleManager: Shutting down and abandoning module AndroidRuntimeSettings (174)
[2016.05.15-20.11.26:373][967]LogModuleManager: Shutting down and abandoning module MergeActors (173)
[2016.05.15-20.11.26:374][967]LogModuleManager: Shutting down and abandoning module SizeMap (172)
[2016.05.15-20.11.26:374][967]LogModuleManager: Shutting down and abandoning module TreeMap (171)
[2016.05.15-20.11.26:374][967]LogModuleManager: Shutting down and abandoning module ReferenceViewer (170)
[2016.05.15-20.11.26:374][967]LogModuleManager: Shutting down and abandoning module LocalizationService (169)
[2016.05.15-20.11.26:374][967]LogModuleManager: Shutting down and abandoning module LocalizationDashboard (168)
[2016.05.15-20.11.26:374][967]LogModuleManager: Shutting down and abandoning module HardwareTargeting (167)
[2016.05.15-20.11.26:374][967]LogModuleManager: Shutting down and abandoning module DeviceProfileEditor (166)
[2016.05.15-20.11.26:374][967]LogModuleManager: Shutting down and abandoning module UndoHistory (165)
[2016.05.15-20.11.26:374][967]LogModuleManager: Shutting down and abandoning module UserFeedback (164)
[2016.05.15-20.11.26:374][967]LogModuleManager: Shutting down and abandoning module XmlParser (163)
[2016.05.15-20.11.26:374][967]LogModuleManager: Shutting down and abandoning module Blutility (162)
[2016.05.15-20.11.26:374][967]LogModuleManager: Shutting down and abandoning module ProjectTargetPlatformEditor (161)
[2016.05.15-20.11.26:374][967]LogModuleManager: Shutting down and abandoning module ProjectSettingsViewer (160)
[2016.05.15-20.11.26:374][967]LogModuleManager: Shutting down and abandoning module InputBindingEditor (159)
[2016.05.15-20.11.26:374][967]LogModuleManager: Shutting down and abandoning module EditorSettingsViewer (158)
[2016.05.15-20.11.26:375][967]LogModuleManager: Shutting down and abandoning module SettingsEditor (157)
[2016.05.15-20.11.26:375][967]LogModuleManager: Shutting down and abandoning module ProjectLauncher (156)
[2016.05.15-20.11.26:375][967]LogModuleManager: Shutting down and abandoning module SessionFrontend (155)
[2016.05.15-20.11.26:375][967]LogModuleManager: Shutting down and abandoning module ProfilerClient (154)
[2016.05.15-20.11.26:375][967]LogModuleManager: Shutting down and abandoning module TargetDeviceServices (153)
[2016.05.15-20.11.26:375][967]LogModuleManager: Shutting down and abandoning module DeviceManager (152)
[2016.05.15-20.11.26:405][967]LogModuleManager: Shutting down and abandoning module AutomationController (151)
[2016.05.15-20.11.26:405][967]LogModuleManager: Shutting down and abandoning module AutomationWindow (150)
[2016.05.15-20.11.26:405][967]LogModuleManager: Shutting down and abandoning module Layers (149)
[2016.05.15-20.11.26:405][967]LogModuleManager: Shutting down and abandoning module ComponentVisualizers (148)
[2016.05.15-20.11.26:405][967]LogModuleManager: Shutting down and abandoning module DetailCustomizations (147)
[2016.05.15-20.11.26:405][967]LogModuleManager: Shutting down and abandoning module PackagesDialog (146)
[2016.05.15-20.11.26:405][967]LogModuleManager: Shutting down and abandoning module Persona (145)
[2016.05.15-20.11.26:405][967]LogModuleManager: Shutting down and abandoning module Kismet (144)
[2016.05.15-20.11.26:405][967]LogModuleManager: Shutting down and abandoning module GraphEditor (143)
[2016.05.15-20.11.26:405][967]LogModuleManager: Shutting down and abandoning module ClassViewer (142)
[2016.05.15-20.11.26:405][967]LogModuleManager: Shutting down and abandoning module Toolbox (141)
[2016.05.15-20.11.26:405][967]LogModuleManager: Shutting down and abandoning module ModuleUI (140)
[2016.05.15-20.11.26:405][967]LogModuleManager: Shutting down and abandoning module MovieSceneTools (139)
[2016.05.15-20.11.26:405][967]LogModuleManager: Shutting down and abandoning module OutputLog (138)
[2016.05.15-20.11.26:405][967]LogModuleManager: Shutting down and abandoning module GammaUI (137)
[2016.05.15-20.11.26:405][967]LogModuleManager: Shutting down and abandoning module Documentation (136)
[2016.05.15-20.11.26:405][967]LogModuleManager: Shutting down and abandoning module StreamingPauseRendering (135)
[2016.05.15-20.11.26:405][967]LogModuleManager: Shutting down and abandoning module AnalyticsET (134)
[2016.05.15-20.11.26:405][967]LogModuleManager: Shutting down and abandoning module Analytics (133)
[2016.05.15-20.11.26:405][967]LogModuleManager: Shutting down and abandoning module PortalServices (132)
[2016.05.15-20.11.26:405][967]LogModuleManager: Shutting down and abandoning module PortalRpc (131)
[2016.05.15-20.11.26:405][967]LogModuleManager: Shutting down and abandoning module MessagingRpc (130)
[2016.05.15-20.11.26:405][967]LogModuleManager: Shutting down and abandoning module AITestSuite (129)
[2016.05.15-20.11.26:406][967]LogModuleManager: Shutting down and abandoning module GameplayDebugger (128)
[2016.05.15-20.11.26:406][967]LogModuleManager: Shutting down and abandoning module AIModule (127)
[2016.05.15-20.11.26:406][967]LogModuleManager: Shutting down and abandoning module ProfilerService (126)
[2016.05.15-20.11.26:484][967]LogModuleManager: Shutting down and abandoning module TaskGraph (125)
[2016.05.15-20.11.26:484][967]LogModuleManager: Shutting down and abandoning module SlateRemote (124)
[2016.05.15-20.11.26:484][967]LogModuleManager: Shutting down and abandoning module SteamVRController (123)
[2016.05.15-20.11.26:484][967]LogModuleManager: Shutting down and abandoning module SteamVR (122)
[2016.05.15-20.11.26:484][967]LogModuleManager: Shutting down and abandoning module ProceduralMeshComponent (121)
[2016.05.15-20.11.26:484][967]LogModuleManager: Shutting down and abandoning module OculusLibrary (120)
[2016.05.15-20.11.26:484][967]LogModuleManager: Shutting down and abandoning module OculusInput (119)
[2016.05.15-20.11.26:484][967]LogModuleManager: Shutting down and abandoning module CustomMeshComponent (118)
[2016.05.15-20.11.26:484][967]LogModuleManager: Shutting down and abandoning module CableComponent (117)
[2016.05.15-20.11.26:484][967]LogModuleManager: Shutting down and abandoning module ArchVisCharacter (116)
[2016.05.15-20.11.26:484][967]LogModuleManager: Shutting down and abandoning module MediaPlayerEditor (115)
[2016.05.15-20.11.26:484][967]LogModuleManager: Shutting down and abandoning module HTML5Networking (114)
[2016.05.15-20.11.26:484][967]LogModuleManager: Shutting down and abandoning module SpeedTreeImporter (113)
[2016.05.15-20.11.26:484][967]LogModuleManager: Shutting down and abandoning module PluginBrowser (112)
[2016.05.15-20.11.26:484][967]LogModuleManager: Shutting down and abandoning module EpicSurvey (111)
[2016.05.15-20.11.26:484][967]LogModuleManager: Shutting down and abandoning module DesktopPlatform (110)
[2016.05.15-20.11.26:484][967]LogModuleManager: Shutting down and abandoning module VisualStudioSourceCodeAccess (109)
[2016.05.15-20.11.26:484][967]LogModuleManager: Shutting down and abandoning module UObjectPlugin (108)
[2016.05.15-20.11.26:484][967]LogModuleManager: Shutting down and abandoning module SubversionSourceControl (107)
[2016.05.15-20.11.26:484][967]LogModuleManager: Shutting down and abandoning module PerforceSourceControl (106)
[2016.05.15-20.11.26:484][967]LogModuleManager: Shutting down and abandoning module SourceControl (105)
[2016.05.15-20.11.26:484][967]LogModuleManager: Shutting down and abandoning module GitSourceControl (104)
[2016.05.15-20.11.26:484][967]LogModuleManager: Shutting down and abandoning module LightPropagationVolumeEditor (103)
[2016.05.15-20.11.26:485][967]LogModuleManager: Shutting down and abandoning module PaperTiledImporter (102)
[2016.05.15-20.11.26:485][967]LogModuleManager: Shutting down and abandoning module PaperSpriteSheetImporter (101)
[2016.05.15-20.11.26:485][967]LogModuleManager: Shutting down and abandoning module MeshPaint (100)
[2016.05.15-20.11.26:485][967]LogModuleManager: Shutting down and abandoning module HotReload (99)
[2016.05.15-20.11.26:486][967]LogModuleManager: Shutting down and abandoning module MainFrame (98)
[2016.05.15-20.11.26:486][967]LogModuleManager: Shutting down and abandoning module LevelEditor (97)
[2016.05.15-20.11.26:488][967]LogModuleManager: Shutting down and abandoning module DirectoryWatcher (96)
[2016.05.15-20.11.26:490][967]LogModuleManager: Shutting down and abandoning module AssetRegistry (95)
[2016.05.15-20.11.27:713][967]LogModuleManager: Shutting down and abandoning module ContentBrowser (94)
[2016.05.15-20.11.27:714][967]LogModuleManager: Shutting down and abandoning module Paper2DEditor (93)
[2016.05.15-20.11.27:715][967]LogModuleManager: Shutting down and abandoning module UdpMessaging (92)
[2016.05.15-20.11.27:815][967]LogModuleManager: Shutting down and abandoning module LightPropagationVolumeRuntime (91)
[2016.05.15-20.11.27:815][967]LogModuleManager: Shutting down and abandoning module Paper2D (90)
[2016.05.15-20.11.27:815][967]LogModuleManager: Shutting down and abandoning module WindowsMoviePlayer (89)
[2016.05.15-20.11.27:815][967]LogModuleManager: Shutting down and abandoning module Media (88)
[2016.05.15-20.11.27:815][967]LogModuleManager: Shutting down and abandoning module WmfMedia (87)
[2016.05.15-20.11.27:815][967]LogModuleManager: Shutting down and abandoning module MediaAssets (86)
[2016.05.15-20.11.27:816][967]LogModuleManager: Shutting down and abandoning module GameLiveStreaming (85)
[2016.05.15-20.11.27:816][967]LogModuleManager: Shutting down and abandoning module GameplayTagsEditor (84)
[2016.05.15-20.11.27:816][967]LogModuleManager: Shutting down and abandoning module OnlineBlueprintSupport (83)
[2016.05.15-20.11.27:816][967]LogModuleManager: Shutting down and abandoning module GameplayTasksEditor (82)
[2016.05.15-20.11.27:816][967]LogModuleManager: Shutting down and abandoning module PropertyEditor (81)
[2016.05.15-20.11.27:816][967]LogModuleManager: Shutting down and abandoning module BehaviorTreeEditor (80)
[2016.05.15-20.11.27:816][967]LogModuleManager: Shutting down and abandoning module FunctionalTesting (79)
[2016.05.15-20.11.27:816][967]LogModuleManager: Shutting down and abandoning module CollisionAnalyzer (78)
[2016.05.15-20.11.27:816][967]LogModuleManager: Shutting down and abandoning module WorkspaceMenuStructure (77)
[2016.05.15-20.11.27:816][967]LogModuleManager: Shutting down and abandoning module MessageLog (76)
[2016.05.15-20.11.27:816][967]LogModuleManager: Shutting down and abandoning module Sequencer (75)
[2016.05.15-20.11.27:816][967]LogModuleManager: Shutting down and abandoning module AssetTools (74)
[2016.05.15-20.11.27:816][967]LogModuleManager: Shutting down and abandoning module UMGEditor (73)
[2016.05.15-20.11.27:817][967]LogModuleManager: Shutting down and abandoning module UMG (72)
[2016.05.15-20.11.27:817][967]LogModuleManager: Shutting down and abandoning module SlateReflector (71)
[2016.05.15-20.11.27:817][967]LogModuleManager: Shutting down and abandoning module Slate (70)
[2016.05.15-20.11.27:817][967]LogModuleManager: Shutting down and abandoning module EditorStyle (69)
[2016.05.15-20.11.27:819][967]LogModuleManager: Shutting down and abandoning module SessionServices (68)
[2016.05.15-20.11.27:819][967]LogModuleManager: Shutting down and abandoning module SourceCodeAccess (67)
[2016.05.15-20.11.27:819][967]LogModuleManager: Shutting down and abandoning module HeadMountedDisplay (66)
[2016.05.15-20.11.27:819][967]LogModuleManager: Shutting down and abandoning module XAudio2 (65)
[2016.05.15-20.11.27:819][967]LogModuleManager: Shutting down and abandoning module Networking (63)
[2016.05.15-20.11.27:819][967]LogModuleManager: Shutting down and abandoning module Core (62)
[2016.05.15-20.11.27:819][967]LogModuleManager: Shutting down and abandoning module KismetCompiler (61)
[2016.05.15-20.11.27:819][967]LogModuleManager: Shutting down and abandoning module PhysXFormats (60)
[2016.05.15-20.11.27:819][967]LogModuleManager: Shutting down and abandoning module MeshUtilities (59)
[2016.05.15-20.11.27:819][967]LogModuleManager: Shutting down and abandoning module CookingStats (58)
[2016.05.15-20.11.27:819][967]LogModuleManager: Shutting down and abandoning module DerivedDataCache (57)
[2016.05.15-20.11.27:819][967]LogDerivedDataCache: Shutdown
[2016.05.15-20.11.27:819][967]LogModuleManager: Shutting down and abandoning module ShaderFormatOpenGL (56)
[2016.05.15-20.11.27:819][967]LogModuleManager: Shutting down and abandoning module ShaderFormatD3D (55)
[2016.05.15-20.11.27:819][967]LogModuleManager: Shutting down and abandoning module MetalShaderFormat (54)
[2016.05.15-20.11.27:819][967]LogModuleManager: Shutting down and abandoning module TextureFormatUncompressed (53)
[2016.05.15-20.11.27:819][967]LogModuleManager: Shutting down and abandoning module TextureFormatPVR (52)
[2016.05.15-20.11.27:819][967]LogModuleManager: Shutting down and abandoning module TextureFormatIntelISPCTexComp (51)
[2016.05.15-20.11.27:819][967]LogModuleManager: Shutting down and abandoning module TextureFormatDXT (50)
[2016.05.15-20.11.27:819][967]LogModuleManager: Shutting down and abandoning module ImageWrapper (49)
[2016.05.15-20.11.27:819][967]LogModuleManager: Shutting down and abandoning module TextureFormatASTC (48)
[2016.05.15-20.11.27:819][967]LogModuleManager: Shutting down and abandoning module TextureFormatAndroid (47)
[2016.05.15-20.11.27:819][967]LogModuleManager: Shutting down and abandoning module AudioFormatOpus (46)
[2016.05.15-20.11.27:819][967]LogModuleManager: Shutting down and abandoning module AudioFormatOgg (45)
[2016.05.15-20.11.27:819][967]LogModuleManager: Shutting down and abandoning module AudioFormatADPCM (44)
[2016.05.15-20.11.27:819][967]LogModuleManager: Shutting down and abandoning module LinuxTargetPlatform (43)
[2016.05.15-20.11.27:819][967]LogModuleManager: Shutting down and abandoning module LinuxServerTargetPlatform (42)
[2016.05.15-20.11.27:819][967]LogModuleManager: Shutting down and abandoning module LinuxNoEditorTargetPlatform (41)
[2016.05.15-20.11.27:819][967]LogModuleManager: Shutting down and abandoning module TVOSTargetPlatform (40)
[2016.05.15-20.11.27:819][967]LogModuleManager: Shutting down and abandoning module Messaging (39)
[2016.05.15-20.11.27:819][967]LogModuleManager: Shutting down and abandoning module IOSTargetPlatform (38)
[2016.05.15-20.11.27:819][967]LogModuleManager: Shutting down and abandoning module HTML5TargetPlatform (37)
[2016.05.15-20.11.27:820][967]LogModuleManager: Shutting down and abandoning module Android_PVRTCTargetPlatform (36)
[2016.05.15-20.11.27:820][967]LogModuleManager: Shutting down and abandoning module Android_MultiTargetPlatform (35)
[2016.05.15-20.11.27:820][967]LogModuleManager: Shutting down and abandoning module Android_ETC2TargetPlatform (34)
[2016.05.15-20.11.27:820][967]LogModuleManager: Shutting down and abandoning module Android_ETC1TargetPlatform (33)
[2016.05.15-20.11.27:820][967]LogModuleManager: Shutting down and abandoning module Android_DXTTargetPlatform (32)
[2016.05.15-20.11.27:820][967]LogModuleManager: Shutting down and abandoning module Android_ATCTargetPlatform (31)
[2016.05.15-20.11.27:820][967]LogModuleManager: Shutting down and abandoning module Android_ASTCTargetPlatform (30)
[2016.05.15-20.11.27:820][967]LogModuleManager: Shutting down and abandoning module AndroidTargetPlatform (29)
[2016.05.15-20.11.27:820][967]LogModuleManager: Shutting down and abandoning module WindowsTargetPlatform (28)
[2016.05.15-20.11.27:820][967]LogModuleManager: Shutting down and abandoning module WindowsServerTargetPlatform (27)
[2016.05.15-20.11.27:820][967]LogModuleManager: Shutting down and abandoning module WindowsNoEditorTargetPlatform (26)
[2016.05.15-20.11.27:820][967]LogModuleManager: Shutting down and abandoning module WindowsClientTargetPlatform (25)
[2016.05.15-20.11.27:820][967]LogModuleManager: Shutting down and abandoning module AllDesktopTargetPlatform (24)
[2016.05.15-20.11.27:820][967]LogModuleManager: Shutting down and abandoning module TargetPlatform (23)
[2016.05.15-20.11.27:820][967]LogModuleManager: Shutting down and abandoning module InputCore (22)
[2016.05.15-20.11.27:820][967]LogModuleManager: Shutting down and abandoning module Settings (21)
[2016.05.15-20.11.27:820][967]LogModuleManager: Shutting down and abandoning module OnlineSubsystem (19)
[2016.05.15-20.11.27:820][967]LogModuleManager: Shutting down and abandoning module HTTP (18)
[2016.05.15-20.11.29:320][967]LogModuleManager: Shutting down and abandoning module XMPP (17)
[2016.05.15-20.11.29:320][967]LogModuleManager: Shutting down and abandoning module OculusRift (16)
[2016.05.15-20.11.29:320][967]LogModuleManager: Shutting down and abandoning module ExampleDeviceProfileSelector (15)
[2016.05.15-20.11.29:320][967]LogModuleManager: Shutting down and abandoning module TextureCompressor (14)
[2016.05.15-20.11.29:320][967]LogModuleManager: Shutting down and abandoning module ShaderCore (13)
[2016.05.15-20.11.29:320][967]LogModuleManager: Shutting down and abandoning module Landscape (12)
[2016.05.15-20.11.29:320][967]LogModuleManager: Shutting down and abandoning module SlateRHIRenderer (11)
[2016.05.15-20.11.29:322][967]LogModuleManager: Shutting down and abandoning module OpenGLDrv (10)
[2016.05.15-20.11.29:322][967]LogModuleManager: Shutting down and abandoning module D3D11RHI (9)
[2016.05.15-20.11.29:322][967]LogModuleManager: Shutting down and abandoning module AnimGraphRuntime (8)
[2016.05.15-20.11.29:322][967]LogModuleManager: Shutting down and abandoning module Renderer (7)
[2016.05.15-20.11.29:322][967]LogModuleManager: Shutting down and abandoning module Engine (6)
[2016.05.15-20.11.29:322][967]LogModuleManager: Shutting down and abandoning module CoreUObject (5)
[2016.05.15-20.11.29:322][967]LogModuleManager: Shutting down and abandoning module NetworkFile (4)
[2016.05.15-20.11.29:322][967]LogModuleManager: Shutting down and abandoning module StreamingFile (3)
[2016.05.15-20.11.29:322][967]LogModuleManager: Shutting down and abandoning module SandboxFile (2)
[2016.05.15-20.11.29:323][967]LogModuleManager: Shutting down and abandoning module PakFile (1)
[2016.05.15-20.11.29:326][967]LogExit: Exiting.
[2016.05.15-20.11.29:328][967]Log file closed, 05/15/16 16:11:29
