Log file open, 05/15/16 09:48:38
LogInit:Display: Running engine for game: MechProject2
LogPlatformFile: Not using cached read wrapper
LogInit:Display: RandInit(-516205678) SRandInit(-516205677).
LogTaskGraph: Started task graph with 4 named threads and 11 total threads.
LogStats: Stats thread started at 0.114839
LogInit: Version: 4.11.2-2946394+++UE4+Release-4.11
LogInit: API Version: 2927265
LogInit: Compiled (64-bit): Apr 18 2016 02:18:46
LogInit: Compiled with Visual C++: 19.00.23026.00
LogInit: Build Configuration: Development
LogInit: Branch Name: ++UE4+Release-4.11
LogInit: Command line: 
LogInit: Base directory: F:/Programs/Epic Games/4.11/Engine/Binaries/Win64/
LogInit: Installed Engine Build: 1
LogInit: Using libcurl 7.41.0
LogInit:  - built for x86_64-pc-win32
LogInit:  - supports SSL with WinSSL
LogInit:  - other features:
LogInit:      CURL_VERSION_SSL
LogInit:      CURL_VERSION_IPV6
LogInit:      CURL_VERSION_ASYNCHDNS
LogInit:      CURL_VERSION_LARGEFILE
LogInit:      CURL_VERSION_IDN
LogInit:  CurlRequestOptions (configurable via config and command line):
LogInit:  - bVerifyPeer = true  - Libcurl will verify peer certificate
LogInit:  - bUseHttpProxy = false  - Libcurl will NOT use HTTP proxy
LogInit:  - bDontReuseConnections = false  - Libcurl will reuse connections
LogInit:  - CertBundlePath = nullptr  - Libcurl will use whatever was configured at build time.
LogInit: Presizing for max 16777216 objects, including 0 objects not considered by GC, pre-allocating 0 bytes for permanent pool.
LogInit: Object subsystem initialized
[2016.05.15-13.48.38:250][  0]LogInit: Selected Device Profile: [Windows]
[2016.05.15-13.48.38:250][  0]LogInit: Applying CVar settings loaded from the selected device profile: [Windows]
[2016.05.15-13.48.38:346][  0]LogInit: Computer: Z600-PC
[2016.05.15-13.48.38:346][  0]LogInit: User: Z600
[2016.05.15-13.48.38:346][  0]LogInit: CPU Page size=65536, Cores=8
[2016.05.15-13.48.38:346][  0]LogInit: High frequency timer resolution =2.597705 MHz
[2016.05.15-13.48.38:346][  0]LogMemory: Memory total: Physical=12.0GB (12GB approx)
[2016.05.15-13.48.38:346][  0]LogMemory: Platform Memory Stats for Windows
[2016.05.15-13.48.38:346][  0]LogMemory: Process Physical Memory: 316.00 MB used, 316.00 MB peak
[2016.05.15-13.48.38:346][  0]LogMemory: Process Virtual Memory: 320.89 MB used, 320.89 MB peak
[2016.05.15-13.48.38:346][  0]LogMemory: Physical Memory: 6631.45 MB used, 12271.22 MB total
[2016.05.15-13.48.38:346][  0]LogMemory: Virtual Memory: 623.86 MB used, 8388608.00 MB total
[2016.05.15-13.48.38:416][  0]LogTextLocalizationManager: No specific translations for ('en-US') exist, so ('en') translations will be used.
[2016.05.15-13.48.39:038][  0]LogD3D11RHI: D3D11 adapters:
[2016.05.15-13.48.39:066][  0]LogD3D11RHI:    0. 'NVIDIA GeForce GTX 750 Ti' (Feature Level 11_0)
[2016.05.15-13.48.39:066][  0]LogD3D11RHI:       1992MB of dedicated video memory, 0MB of dedicated system memory, and 2048MB of shared system memory, 2 output[s]
[2016.05.15-13.48.39:066][  0]LogD3D11RHI: Chosen D3D11 Adapter: 0
[2016.05.15-13.48.39:073][  0]LogD3D11RHI: Creating new Direct3DDevice
[2016.05.15-13.48.39:074][  0]LogD3D11RHI:     Adapter Name: NVIDIA GeForce GTX 750 Ti
[2016.05.15-13.48.39:074][  0]LogD3D11RHI:   Driver Version: Unknown (internal Unknown)
[2016.05.15-13.48.39:074][  0]LogD3D11RHI:      Driver Date: Unknown
[2016.05.15-13.48.39:074][  0]LogRHI: Texture pool is 1361 MB (70% of 1945 MB)
[2016.05.15-13.48.39:088][  0]LogD3D11RHI: Async texture creation enabled
[2016.05.15-13.48.39:105][  0]LogShaderCompilers: Guid format shader working directory is 0 characters bigger than the processId version (../../../../../../UnrealProjects/MechProject2/Intermediate/Shaders/WorkingDirectory/8568/).
[2016.05.15-13.48.39:105][  0]LogShaderCompilers: Cleaned the shader compiler working directory 'C:/Users/Z600/AppData/Local/Temp/UnrealShaderWorkingDir/A4DD89774461D6C1D7F4FC9224CE9D2A/'.
[2016.05.15-13.48.39:105][  0]LogShaderCompilers:Display: Using Local Shader Compiler.
[2016.05.15-13.48.40:369][  0]LogTemp:Display: Loaded TP AllDesktopTargetPlatform
[2016.05.15-13.48.40:375][  0]LogTemp:Display: Loaded TP WindowsClientTargetPlatform
[2016.05.15-13.48.40:380][  0]LogTemp:Display: Loaded TP WindowsNoEditorTargetPlatform
[2016.05.15-13.48.40:386][  0]LogTemp:Display: Loaded TP WindowsServerTargetPlatform
[2016.05.15-13.48.40:392][  0]LogTemp:Display: Loaded TP WindowsTargetPlatform
[2016.05.15-13.48.40:397][  0]LogTemp:Display: Loaded TP AndroidTargetPlatform
[2016.05.15-13.48.40:401][  0]LogTemp:Display: Loaded TP Android_ASTCTargetPlatform
[2016.05.15-13.48.40:406][  0]LogTemp:Display: Loaded TP Android_ATCTargetPlatform
[2016.05.15-13.48.40:410][  0]LogTemp:Display: Loaded TP Android_DXTTargetPlatform
[2016.05.15-13.48.40:415][  0]LogTemp:Display: Loaded TP Android_ETC1TargetPlatform
[2016.05.15-13.48.40:419][  0]LogTemp:Display: Loaded TP Android_ETC2TargetPlatform
[2016.05.15-13.48.40:428][  0]LogTemp:Display: Loaded TP Android_MultiTargetPlatform
[2016.05.15-13.48.40:428][  0]LogTemp:Display: Loaded TP Android_PVRTCTargetPlatform
[2016.05.15-13.48.40:431][  0]LogTemp:Display: Loaded TP HTML5TargetPlatform
[2016.05.15-13.48.40:450][  0]LogTemp:Display: Loaded TP IOSTargetPlatform
[2016.05.15-13.48.40:457][  0]LogTemp:Display: Loaded TP TVOSTargetPlatform
[2016.05.15-13.48.40:464][  0]LogTemp:Display: Loaded TP LinuxNoEditorTargetPlatform
[2016.05.15-13.48.40:471][  0]LogTemp:Display: Loaded TP LinuxServerTargetPlatform
[2016.05.15-13.48.40:479][  0]LogTemp:Display: Loaded TP LinuxTargetPlatform
[2016.05.15-13.48.40:479][  0]LogTargetPlatformManager:Display: Building Assets For Windows
[2016.05.15-13.48.40:594][  0]LogDerivedDataCache:Display: Max Cache Size: 512 MB
[2016.05.15-13.48.40:667][  0]LogDerivedDataCache: Loaded boot cache 0.07s 46MB C:/Users/Z600/AppData/Local/UnrealEngine/4.11/DerivedDataCache/Boot.ddc.
[2016.05.15-13.48.40:667][  0]LogDerivedDataCache:Display: Loaded Boot cache: C:/Users/Z600/AppData/Local/UnrealEngine/4.11/DerivedDataCache/Boot.ddc
[2016.05.15-13.48.40:668][  0]LogDerivedDataCache: FDerivedDataBackendGraph:  Pak pak cache file ../../../../../../UnrealProjects/MechProject2/DerivedDataCache/DDC.ddp not found, will not use a pak cache.
[2016.05.15-13.48.40:668][  0]LogDerivedDataCache: Unable to find inner node Pak for hierarchical cache Hierarchy.
[2016.05.15-13.48.40:668][  0]LogDerivedDataCache: FDerivedDataBackendGraph:  CompressedPak pak cache file ../../../../../../UnrealProjects/MechProject2/DerivedDataCache/Compressed.ddp not found, will not use a pak cache.
[2016.05.15-13.48.40:668][  0]LogDerivedDataCache: Unable to find inner node CompressedPak for hierarchical cache Hierarchy.
[2016.05.15-13.48.40:690][  0]LogDerivedDataCache:Display: Pak cache opened for reading ../../../Engine/DerivedDataCache/Compressed.ddp.
[2016.05.15-13.48.40:702][  0]LogDerivedDataCache: Using Local data cache path C:/Users/Z600/AppData/Local/UnrealEngine/Common/DerivedDataCache: Writable
[2016.05.15-13.48.40:965][  0]LogInit: Selected Device Profile: [Windows]
[2016.05.15-13.48.40:966][  0]LogContentStreaming: Texture pool size is 0.00 MB
[2016.05.15-13.48.41:000][  0]LogMaterial: Uniform references updated for custom material expression Custom.
[2016.05.15-13.48.41:207][  0]LogMeshUtilities: No automatic mesh reduction module available
[2016.05.15-13.48.41:207][  0]LogMeshUtilities: No automatic mesh merging module available
[2016.05.15-13.48.41:207][  0]LogMeshUtilities: No distributed automatic mesh merging module available
[2016.05.15-13.48.41:529][  0]LogUObjectArray: 27679 objects as part of root set at end of initial load.
[2016.05.15-13.48.41:529][  0]LogUObjectAllocator: 5591600 out of 0 bytes used by permanent object pool.
[2016.05.15-13.48.41:529][  0]LogUObjectArray: CloseDisregardForGC: 0/0 objects in disregard for GC pool
[2016.05.15-13.48.41:540][  0]LogInit: WinSock: version 1.1 (2.2), MaxSocks=32767, MaxUdp=65467
[2016.05.15-13.48.41:665][  0]LogSlate: SlateFontCache - WITH_FREETYPE: 1, WITH_HARFBUZZ: 1
[2016.05.15-13.48.41:665][  0]LogSlate: SlateFontCache - WITH_FREETYPE: 1, WITH_HARFBUZZ: 1
[2016.05.15-13.48.41:817][  0]LogStreaming:Warning: Failed to read file '../../../Engine/Content/Editor/Slate/Common/Selection_16x.png' error.
[2016.05.15-13.48.41:817][  0]LogSlate: Could not find file for Slate resource: ../../../Engine/Content/Editor/Slate/Common/Selection_16x.png
[2016.05.15-13.48.41:817][  0]LogStreaming:Warning: Failed to read file '../../../Engine/Content/Editor/Slate/Common/Selection_16x.png' error.
[2016.05.15-13.48.41:817][  0]LogSlate: Could not find file for Slate resource: ../../../Engine/Content/Editor/Slate/Common/Selection_16x.png
[2016.05.15-13.48.41:817][  0]LogStreaming:Warning: Failed to read file '../../../Engine/Content/Editor/Slate/Common/Selection_16x.png' error.
[2016.05.15-13.48.41:817][  0]LogSlate: Could not find file for Slate resource: ../../../Engine/Content/Editor/Slate/Common/Selection_16x.png
[2016.05.15-13.48.42:585][  0]LogUdpMessaging: Initializing bridge on interface 0.0.0.0:0 to multicast group 230.0.0.1:6666.
[2016.05.15-13.48.42:695][  0]LogAssetRegistry: FAssetRegistry took 0.0199 seconds to start up
[2016.05.15-13.48.43:836][  0]SourceControl: Info Source control is disabled
[2016.05.15-13.48.43:838][  0]SourceControl: Info Source control is disabled
[2016.05.15-13.48.43:850][  0]SourceControl: Info Source control is disabled
[2016.05.15-13.48.43:863][  0]SourceControl: Info Source control is disabled
[2016.05.15-13.48.43:997][  0]LogHMD: Failed to initialize OpenVR with code 110
[2016.05.15-13.48.44:094][  0]LogEngine: Initializing Engine...
[2016.05.15-13.48.44:306][  0]LogAIModule: Creating AISystem for world NewWorld
[2016.05.15-13.48.44:314][  0]LogInit: XAudio2 using 'Speakers (Realtek High Definition Audio)' : 2 channels at 48 kHz using 32 bits per sample (channel mask 0x3)
[2016.05.15-13.48.44:330][  0]LogInit: FAudioDevice initialized.
[2016.05.15-13.48.44:374][  0]LogDerivedDataCache: Saved boot cache 0.04s 46MB C:/Users/Z600/AppData/Local/UnrealEngine/4.11/DerivedDataCache/Boot.ddc.
[2016.05.15-13.48.44:385][  0]LogInit: Texture streaming: Enabled
[2016.05.15-13.48.44:481][  0]LogInit: Transaction tracking system initialized
[2016.05.15-13.48.44:515][  0]BlueprintLog: New page: Editor Load
[2016.05.15-13.48.44:716][  0]LocalizationService: Info Localization service is disabled
[2016.05.15-13.48.44:840][  0]LogConsoleResponse:Display: 
[2016.05.15-13.48.45:038][  0]LogCook:Display: Max memory allowance for cook 8192mb
[2016.05.15-13.48.45:038][  0]LogCook:Display: Mobile HDR setting 1
[2016.05.15-13.48.45:038][  0]LogCook:Display: Done creating registry. It took  0.00s.
[2016.05.15-13.48.45:105][  0]LogFileCache: Scanning file cache for directory 'F:/UnrealProjects/MechProject2/Content/' took 0.02s
[2016.05.15-13.48.45:105][  0]SourceControl: Info Source control is disabled
[2016.05.15-13.48.45:105][  0]Cmd: MAP LOAD FILE="../../../../../../UnrealProjects/MechProject2/Content/ThirdPersonBP/Maps/DEMOmap.umap" TEMPLATE=0 SHOWPROGRESS=1 FEATURELEVEL=3
[2016.05.15-13.48.45:143][  0]LightingResults: New page: Lighting Build
[2016.05.15-13.48.45:147][  0]MapCheck: New page: Map Check
[2016.05.15-13.48.45:147][  0]LightingResults: New page: Lighting Build
[2016.05.15-13.49.02:693][  0]LogAIModule: Creating AISystem for world DEMOmap
[2016.05.15-13.49.02:774][  0]LogMaterial:Warning: Material /Game/StarterContent/Materials/M_Basic_Floor.M_Basic_Floor needed to have new flag set bUsedWithSkeletalMesh !
[2016.05.15-13.49.02:795][  0]LogMaterial: Missing cached shader map for material M_Basic_Floor, compiling. 
[2016.05.15-13.49.02:964][  0]MapCheck:Warning: Warning M_Basic_Floor Material /Game/StarterContent/Materials/M_Basic_Floor.M_Basic_Floor was missing the usage flag bUsedWithSkeletalMesh. If the material asset is not re-saved, it may not render correctly when run outside the editor. Fix
[2016.05.15-13.49.02:964][  0]LogMaterial: 0.00 seconds spent updating 1 materials, 1 interfaces, 0 instances, 0 with static permutations.
[2016.05.15-13.49.03:332][  0]LogEditorServer: Finished looking for orphan Actors (0.000 secs)
[2016.05.15-13.49.03:376][  0]Cmd: MAP CHECKDEP NOCLEARLOG
[2016.05.15-13.49.03:456][  0]MapCheck: Info Map check complete: 0 Error(s), 1 Warning(s), took 79.243ms to complete.
[2016.05.15-13.49.03:561][  0]LogFileHelpers: Loading map 'DEMOmap' took 18.456
[2016.05.15-13.49.04:264][  0]LogCollectionManager: Loaded 0 collections in 0.001807 seconds
[2016.05.15-13.49.04:429][  0]LogFileCache: Scanning file cache for directory 'F:/UnrealProjects/MechProject2/Saved/Collections/' took 0.01s
[2016.05.15-13.49.04:429][  0]LogFileCache: Scanning file cache for directory 'F:/UnrealProjects/MechProject2/Content/Developers/Z600/Collections/' took 0.01s
[2016.05.15-13.49.04:429][  0]LogFileCache: Scanning file cache for directory 'F:/UnrealProjects/MechProject2/Content/Collections/' took 0.01s
[2016.05.15-13.49.04:429][  0]LogCollectionManager: Rebuilt the GUID cache for 0 collections in 0.000003 seconds
[2016.05.15-13.49.04:443][  0]LogContentBrowser: Native class hierarchy populated in 0.0125 seconds. Added 1979 classes and 343 folders.
[2016.05.15-13.49.04:541][  0]LogStats: UGameplayTagsManager::ConstructGameplayTagTree: Construct from data asset -  0.000 s
[2016.05.15-13.49.04:541][  0]LogStats: UGameplayTagsManager::ConstructGameplayTagTree: GameplayTagTreeChangedEvent.Broadcast -  0.000 s
[2016.05.15-13.49.04:543][  0]LogContentBrowser: Native class hierarchy updated for 'GameplayTags' in 0.0007 seconds. Added 12 classes and 0 folders.
[2016.05.15-13.49.04:581][  0]LogContentBrowser: Native class hierarchy updated for 'WidgetCarousel' in 0.0007 seconds. Added 0 classes and 0 folders.
[2016.05.15-13.49.04:725][  0]LogContentBrowser: Native class hierarchy updated for 'SuperSearch' in 0.0005 seconds. Added 1 classes and 2 folders.
[2016.05.15-13.49.05:664][  0]LogContentBrowser: Native class hierarchy updated for 'AddContentDialog' in 0.0005 seconds. Added 0 classes and 0 folders.
[2016.05.15-13.49.05:738][  0]LogContentBrowser: Native class hierarchy updated for 'SceneOutliner' in 0.0006 seconds. Added 1 classes and 2 folders.
[2016.05.15-13.49.06:695][  0]LogCrashTracker: Crashtracker disabled due to settings.
[2016.05.15-13.49.06:825][  0]LogUObjectGlobals:Warning: Failed to find object 'Class None.'
[2016.05.15-13.49.06:869][  0]LogContentBrowser: Native class hierarchy updated for 'HierarchicalLODOutliner' in 0.0005 seconds. Added 1 classes and 2 folders.
[2016.05.15-13.49.06:870][  0]LogLoad: Full Startup: 29.94 seconds (BP compile: 1.47 seconds)
[2016.05.15-13.49.06:870][  0]LogExternalProfiler:Warning: No registered external profiler was matched with a command-line switch (or the DLL could not be loaded).  External profiling features will not be available.
[2016.05.15-13.49.06:879][  0]LogOcInput: OculusInput pre-init called
[2016.05.15-13.49.07:142][  0]LogContentStreaming: Texture pool size now 1000 MB
[2016.05.15-13.49.07:779][  0]LogRenderer: Reallocating scene render targets to support 1204x576 (Frame:2).
[2016.05.15-13.49.08:323][  2]LogAssetRegistry: Asset discovery search completed in 25.6478 seconds
[2016.05.15-13.49.08:323][  2]LogCollectionManager: Rebuilt the object cache for 0 collections in 0.000001 seconds (found 0 objects)
[2016.05.15-13.49.08:323][  2]LogCollectionManager: Fixed up redirectors for 0 collections in 0.000027 seconds (updated 0 objects)
[2016.05.15-13.49.18:194][244]LogContentBrowser: Native class hierarchy updated for 'BlueprintGraph' in 0.0012 seconds. Added 108 classes and 0 folders.
[2016.05.15-13.49.22:665][244]LogD3D11RHI: Timed out while waiting for GPU to catch up. (500 ms)
[2016.05.15-13.49.23:775][244]LogSkeletalMesh: InitArticulated: Bodies already created (/Engine/Transient.DebugSkelMeshComponent_0) - call TermArticulated first.
[2016.05.15-13.49.34:323][244]LogActorComponent: RegisterComponentWithWorld: (/Engine/Transient.DebugSkelMeshComponent_0) Already registered. Aborting.
[2016.05.15-13.49.34:541][244]LogBlueprintUserMessages: [MechChara_C_391] wallruncollide
[2016.05.15-13.49.35:080][244]LogContentBrowser:Verbose: The majority of assets in the view are of type: AnimSequence
[2016.05.15-13.49.42:568][322]LogRenderer: Reallocating scene render targets to support 1204x620 (Frame:434).
[2016.05.15-13.49.44:432][402]LogPlayLevel: PlayLevel: No blueprints needed recompiling
[2016.05.15-13.49.44:532][402]PIE: New page: PIE session: DEMOmap (May 15, 2016, 4:49:44 AM)
[2016.05.15-13.49.44:533][402]LogPlayLevel: Creating play world package: /Game/ThirdPersonBP/Maps/UEDPIE_0_DEMOmap
[2016.05.15-13.49.44:594][402]LogPlayLevel: PIE: StaticDuplicateObject took: (0.060913s)
[2016.05.15-13.49.44:594][402]LogAIModule: Creating AISystem for world DEMOmap
[2016.05.15-13.49.44:594][402]LogPlayLevel: PIE: World Init took: (0.000890s)
[2016.05.15-13.49.44:595][402]LogPlayLevel: PIE: Created PIE world by copying editor world from /Game/ThirdPersonBP/Maps/DEMOmap.DEMOmap to /Game/ThirdPersonBP/Maps/UEDPIE_0_DEMOmap.DEMOmap (0.062142s)
[2016.05.15-13.49.44:605][402]LogActorComponent: UnregisterComponent: (/Engine/Transient.CharMoveComp) Not registered. Aborting.
[2016.05.15-13.49.44:793][402]LogInit: XAudio2 using 'Speakers (Realtek High Definition Audio)' : 2 channels at 48 kHz using 32 bits per sample (channel mask 0x3)
[2016.05.15-13.49.44:806][402]LogInit: FAudioDevice initialized.
[2016.05.15-13.49.44:933][402]LogWorld: Game class is 'MechGame_C'
[2016.05.15-13.49.45:095][402]LogWorld: Bringing World /Game/ThirdPersonBP/Maps/UEDPIE_0_DEMOmap.DEMOmap up for play (max tick rate 0) at 2016.05.15-09.49.45
[2016.05.15-13.49.45:097][402]LogBlueprintUserMessages: [MechChara11_4728] wallruncollide
[2016.05.15-13.49.45:132][402]LogBlueprintUserMessages: [MechChara10_4327] wallruncollide
[2016.05.15-13.49.45:133][402]LogBlueprintUserMessages: [MechChara12_5016] wallruncollide
[2016.05.15-13.49.45:134][402]LogBlueprintUserMessages: [MechChara13_5588] wallruncollide
[2016.05.15-13.49.45:135][402]LogBlueprintUserMessages: [MechChara14] wallruncollide
[2016.05.15-13.49.45:136][402]LogBlueprintUserMessages: [MechChara15] wallruncollide
[2016.05.15-13.49.45:137][402]LogBlueprintUserMessages: [MechChara16] wallruncollide
[2016.05.15-13.49.45:138][402]LogBlueprintUserMessages: [MechChara17] wallruncollide
[2016.05.15-13.49.45:139][402]LogBlueprintUserMessages: [MechChara2] wallruncollide
[2016.05.15-13.49.45:141][402]LogBlueprintUserMessages: [MechChara3] wallruncollide
[2016.05.15-13.49.45:142][402]LogBlueprintUserMessages: [MechChara4_17492] wallruncollide
[2016.05.15-13.49.45:143][402]LogBlueprintUserMessages: [MechChara5] wallruncollide
[2016.05.15-13.49.45:144][402]LogBlueprintUserMessages: [MechChara5] wallruncollide
[2016.05.15-13.49.45:144][402]LogBlueprintUserMessages: [MechChara6] wallruncollide
[2016.05.15-13.49.45:145][402]LogBlueprintUserMessages: [MechChara7] wallruncollide
[2016.05.15-13.49.45:146][402]LogBlueprintUserMessages: [MechChara8_441] wallruncollide
[2016.05.15-13.49.45:147][402]LogBlueprintUserMessages: [MechChara9_3888] wallruncollide
[2016.05.15-13.49.45:148][402]LogBlueprintUserMessages: [MechChara_5996] wallruncollide
[2016.05.15-13.49.45:149][402]LogWorld: Bringing up level for play took: 0.213011
[2016.05.15-13.49.45:266][402]LogSpawn:Warning: SpawnActor failed because no class was specified
[2016.05.15-13.49.45:286][402]LogContentBrowser: Native class hierarchy updated for 'MovieSceneCapture' in 0.0008 seconds. Added 9 classes and 0 folders.
[2016.05.15-13.49.45:292][402]LogBlueprintUserMessages: [MechChara_C_392] wallruncollide
[2016.05.15-13.49.45:428][402]PIE: Info Play in editor start time for /Game/ThirdPersonBP/Maps/UEDPIE_0_DEMOmap 1.237
[2016.05.15-13.49.45:548][403]LogRenderer: Reallocating scene render targets to support 1920x1080 (Frame:579).
[2016.05.15-13.49.45:659][404]LogRenderTargetPool:Warning: r.RenderTargetPoolMin exceeded 433/400 MB (ok in editor, bad on fixed memory platform)
[2016.05.15-13.50.05:721][210]LogRenderTargetPool:Warning: r.RenderTargetPoolMin exceeded 424/400 MB (ok in editor, bad on fixed memory platform)
[2016.05.15-13.50.07:143][294]LogRenderTargetPool:Warning: r.RenderTargetPoolMin exceeded 434/400 MB (ok in editor, bad on fixed memory platform)
[2016.05.15-13.50.12:766][538]LogContentBrowser:Verbose: The majority of assets in the view are of type: AnimSequence
[2016.05.15-13.50.17:621][835]LogUObjectArray:Warning: Invalid object index 6619235
[2016.05.15-13.50.17:898][835]LogStats: FPlatformStackWalk::StackWalkAndDump -  0.276 s
[2016.05.15-13.50.17:898][835]LogOutputDevice:Warning: === Handled error: ===

Ensure condition failed: false [File:D:\BuildFarm\buildmachine_++UE4+Release-4.11\Engine\Source\Editor\UnrealEd\Private\Kismet2\KismetDebugUtilities.cpp] [Line: 925]
Error: Invalid (but non-null) property associated with pin; cannot get variable value
Stack: 
UE4Editor-Core.dll
UE4Editor-Core.dll
UE4Editor-Core.dll
UE4Editor-UnrealEd.dll
UE4Editor-BlueprintGraph.dll
UE4Editor-GraphEditor.dll
UE4Editor-GraphEditor.dll
UE4Editor-GraphEditor.dll
UE4Editor-GraphEditor.dll
UE4Editor-Slate.dll
UE4Editor-Slate.dll
UE4Editor-Slate.dll
UE4Editor-Slate.dll
UE4Editor-Slate.dll
UE4Editor-Slate.dll
UE4Editor-Core.dll
UE4Editor-Core.dll
UE4Editor-Core.dll
UE4Editor-Core.dll
USER32.dll
USER32.dll
UE4Editor-Core.dll
UE4Editor.exe
UE4Editor.exe
UE4Editor.exe
UE4Editor.exe
UE4Editor.exe
kernel32.dll
ntdll.dll
ntdll.dll

[2016.05.15-13.50.17:908][835]LogStats:                SubmitErrorReport -  0.010 s
[2016.05.15-13.50.23:317][835]LogStats:                    SendNewReport -  5.407 s
[2016.05.15-13.50.23:317][835]LogStats:             FDebug::EnsureFailed -  5.695 s
[2016.05.15-13.50.23:318][835]LogUObjectArray:Warning: Invalid object index 6619235
[2016.05.15-13.50.28:530][160]LogPlayLevel: PlayLevel: No blueprints needed recompiling
[2016.05.15-13.50.28:530][160]PIE: New page: PIE session: DEMOmap (May 15, 2016, 4:50:28 AM)
[2016.05.15-13.50.28:531][160]LogPlayLevel: Creating play world package: /Game/ThirdPersonBP/Maps/UEDPIE_0_DEMOmap
[2016.05.15-13.50.28:565][160]LogPlayLevel: PIE: StaticDuplicateObject took: (0.034740s)
[2016.05.15-13.50.28:566][160]LogAIModule: Creating AISystem for world DEMOmap
[2016.05.15-13.50.28:566][160]LogPlayLevel: PIE: World Init took: (0.000885s)
[2016.05.15-13.50.28:566][160]LogPlayLevel: PIE: Created PIE world by copying editor world from /Game/ThirdPersonBP/Maps/DEMOmap.DEMOmap to /Game/ThirdPersonBP/Maps/UEDPIE_0_DEMOmap.DEMOmap (0.035898s)
[2016.05.15-13.50.28:620][160]LogInit: XAudio2 using 'Speakers (Realtek High Definition Audio)' : 2 channels at 48 kHz using 32 bits per sample (channel mask 0x3)
[2016.05.15-13.50.28:630][160]LogInit: FAudioDevice initialized.
[2016.05.15-13.50.28:678][160]LogWorld: Game class is 'MechGame_C'
[2016.05.15-13.50.28:726][160]LogWorld: Bringing World /Game/ThirdPersonBP/Maps/UEDPIE_0_DEMOmap.DEMOmap up for play (max tick rate 0) at 2016.05.15-09.50.28
[2016.05.15-13.50.28:728][160]LogBlueprintUserMessages: [MechChara11_4728] wallruncollide
[2016.05.15-13.50.28:729][160]LogBlueprintUserMessages: [MechChara10_4327] wallruncollide
[2016.05.15-13.50.28:730][160]LogBlueprintUserMessages: [MechChara12_5016] wallruncollide
[2016.05.15-13.50.28:731][160]LogBlueprintUserMessages: [MechChara13_5588] wallruncollide
[2016.05.15-13.50.28:732][160]LogBlueprintUserMessages: [MechChara14] wallruncollide
[2016.05.15-13.50.28:733][160]LogBlueprintUserMessages: [MechChara15] wallruncollide
[2016.05.15-13.50.28:734][160]LogBlueprintUserMessages: [MechChara16] wallruncollide
[2016.05.15-13.50.28:735][160]LogBlueprintUserMessages: [MechChara17] wallruncollide
[2016.05.15-13.50.28:736][160]LogBlueprintUserMessages: [MechChara2] wallruncollide
[2016.05.15-13.50.28:737][160]LogBlueprintUserMessages: [MechChara3] wallruncollide
[2016.05.15-13.50.28:738][160]LogBlueprintUserMessages: [MechChara4_17492] wallruncollide
[2016.05.15-13.50.28:739][160]LogBlueprintUserMessages: [MechChara5] wallruncollide
[2016.05.15-13.50.28:742][160]LogBlueprintUserMessages: [MechChara5] wallruncollide
[2016.05.15-13.50.28:742][160]LogBlueprintUserMessages: [MechChara6] wallruncollide
[2016.05.15-13.50.28:743][160]LogBlueprintUserMessages: [MechChara7] wallruncollide
[2016.05.15-13.50.28:745][160]LogBlueprintUserMessages: [MechChara8_441] wallruncollide
[2016.05.15-13.50.28:747][160]LogBlueprintUserMessages: [MechChara9_3888] wallruncollide
[2016.05.15-13.50.28:749][160]LogBlueprintUserMessages: [MechChara_5996] wallruncollide
[2016.05.15-13.50.28:750][160]LogWorld: Bringing up level for play took: 0.069148
[2016.05.15-13.50.28:752][160]LogSpawn:Warning: SpawnActor failed because no class was specified
[2016.05.15-13.50.28:759][160]LogBlueprintUserMessages: [MechChara_C_393] wallruncollide
[2016.05.15-13.50.28:791][160]PIE: Info Play in editor start time for /Game/ThirdPersonBP/Maps/UEDPIE_0_DEMOmap 0.598
[2016.05.15-13.50.28:907][161]LogRenderTargetPool:Warning: r.RenderTargetPoolMin exceeded 420/400 MB (ok in editor, bad on fixed memory platform)
[2016.05.15-13.50.47:041][949]BlueprintLog: New page: Compile FirstPersonAnim
[2016.05.15-13.50.47:488][949]BlueprintEditorCompileResults: Info [0130.55] Compile of FirstPersonAnim successful! [in 446 ms]
[2016.05.15-13.50.48:230][981]LogPlayLevel: PlayLevel: No blueprints needed recompiling
[2016.05.15-13.50.48:230][981]PIE: New page: PIE session: DEMOmap (May 15, 2016, 4:50:48 AM)
[2016.05.15-13.50.48:230][981]LogPlayLevel: Creating play world package: /Game/ThirdPersonBP/Maps/UEDPIE_0_DEMOmap
[2016.05.15-13.50.48:266][981]LogPlayLevel: PIE: StaticDuplicateObject took: (0.035144s)
[2016.05.15-13.50.48:266][981]LogAIModule: Creating AISystem for world DEMOmap
[2016.05.15-13.50.48:267][981]LogPlayLevel: PIE: World Init took: (0.000947s)
[2016.05.15-13.50.48:267][981]LogPlayLevel: PIE: Created PIE world by copying editor world from /Game/ThirdPersonBP/Maps/DEMOmap.DEMOmap to /Game/ThirdPersonBP/Maps/UEDPIE_0_DEMOmap.DEMOmap (0.036389s)
[2016.05.15-13.50.48:316][981]LogInit: XAudio2 using 'Speakers (Realtek High Definition Audio)' : 2 channels at 48 kHz using 32 bits per sample (channel mask 0x3)
[2016.05.15-13.50.48:326][981]LogInit: FAudioDevice initialized.
[2016.05.15-13.50.48:378][981]LogWorld: Game class is 'MechGame_C'
[2016.05.15-13.50.48:425][981]LogWorld: Bringing World /Game/ThirdPersonBP/Maps/UEDPIE_0_DEMOmap.DEMOmap up for play (max tick rate 0) at 2016.05.15-09.50.48
[2016.05.15-13.50.48:427][981]LogBlueprintUserMessages: [MechChara11_4728] wallruncollide
[2016.05.15-13.50.48:429][981]LogBlueprintUserMessages: [MechChara10_4327] wallruncollide
[2016.05.15-13.50.48:430][981]LogBlueprintUserMessages: [MechChara12_5016] wallruncollide
[2016.05.15-13.50.48:431][981]LogBlueprintUserMessages: [MechChara13_5588] wallruncollide
[2016.05.15-13.50.48:432][981]LogBlueprintUserMessages: [MechChara14] wallruncollide
[2016.05.15-13.50.48:433][981]LogBlueprintUserMessages: [MechChara15] wallruncollide
[2016.05.15-13.50.48:434][981]LogBlueprintUserMessages: [MechChara16] wallruncollide
[2016.05.15-13.50.48:435][981]LogBlueprintUserMessages: [MechChara17] wallruncollide
[2016.05.15-13.50.48:436][981]LogBlueprintUserMessages: [MechChara2] wallruncollide
[2016.05.15-13.50.48:437][981]LogBlueprintUserMessages: [MechChara3] wallruncollide
[2016.05.15-13.50.48:438][981]LogBlueprintUserMessages: [MechChara4_17492] wallruncollide
[2016.05.15-13.50.48:439][981]LogBlueprintUserMessages: [MechChara5] wallruncollide
[2016.05.15-13.50.48:440][981]LogBlueprintUserMessages: [MechChara5] wallruncollide
[2016.05.15-13.50.48:440][981]LogBlueprintUserMessages: [MechChara6] wallruncollide
[2016.05.15-13.50.48:441][981]LogBlueprintUserMessages: [MechChara7] wallruncollide
[2016.05.15-13.50.48:442][981]LogBlueprintUserMessages: [MechChara8_441] wallruncollide
[2016.05.15-13.50.48:443][981]LogBlueprintUserMessages: [MechChara9_3888] wallruncollide
[2016.05.15-13.50.48:444][981]LogBlueprintUserMessages: [MechChara_5996] wallruncollide
[2016.05.15-13.50.48:445][981]LogWorld: Bringing up level for play took: 0.064294
[2016.05.15-13.50.48:446][981]LogSpawn:Warning: SpawnActor failed because no class was specified
[2016.05.15-13.50.48:451][981]LogBlueprintUserMessages: [MechChara_C_394] wallruncollide
[2016.05.15-13.50.48:482][981]PIE: Info Play in editor start time for /Game/ThirdPersonBP/Maps/UEDPIE_0_DEMOmap 0.29
[2016.05.15-13.50.48:547][982]LogRenderTargetPool:Warning: r.RenderTargetPoolMin exceeded 418/400 MB (ok in editor, bad on fixed memory platform)
[2016.05.15-13.51.41:298][674]LogContentBrowser:Verbose: The majority of assets in the view are of type: AnimSequence
[2016.05.15-13.52.05:202][256]LogRenderTargetPool:Warning: r.RenderTargetPoolMin exceeded 434/400 MB (ok in editor, bad on fixed memory platform)
[2016.05.15-13.52.06:169][289]LogPlayLevel: PlayLevel: No blueprints needed recompiling
[2016.05.15-13.52.06:169][289]PIE: New page: PIE session: DEMOmap (May 15, 2016, 4:52:06 AM)
[2016.05.15-13.52.06:169][289]LogPlayLevel: Creating play world package: /Game/ThirdPersonBP/Maps/UEDPIE_0_DEMOmap
[2016.05.15-13.52.06:204][289]LogPlayLevel: PIE: StaticDuplicateObject took: (0.034612s)
[2016.05.15-13.52.06:205][289]LogAIModule: Creating AISystem for world DEMOmap
[2016.05.15-13.52.06:205][289]LogPlayLevel: PIE: World Init took: (0.000917s)
[2016.05.15-13.52.06:205][289]LogPlayLevel: PIE: Created PIE world by copying editor world from /Game/ThirdPersonBP/Maps/DEMOmap.DEMOmap to /Game/ThirdPersonBP/Maps/UEDPIE_0_DEMOmap.DEMOmap (0.035794s)
[2016.05.15-13.52.06:255][289]LogInit: XAudio2 using 'Speakers (Realtek High Definition Audio)' : 2 channels at 48 kHz using 32 bits per sample (channel mask 0x3)
[2016.05.15-13.52.06:265][289]LogInit: FAudioDevice initialized.
[2016.05.15-13.52.06:315][289]LogWorld: Game class is 'MechGame_C'
[2016.05.15-13.52.06:363][289]LogWorld: Bringing World /Game/ThirdPersonBP/Maps/UEDPIE_0_DEMOmap.DEMOmap up for play (max tick rate 0) at 2016.05.15-09.52.06
[2016.05.15-13.52.06:365][289]LogBlueprintUserMessages: [MechChara11_4728] wallruncollide
[2016.05.15-13.52.06:366][289]LogBlueprintUserMessages: [MechChara10_4327] wallruncollide
[2016.05.15-13.52.06:367][289]LogBlueprintUserMessages: [MechChara12_5016] wallruncollide
[2016.05.15-13.52.06:368][289]LogBlueprintUserMessages: [MechChara13_5588] wallruncollide
[2016.05.15-13.52.06:369][289]LogBlueprintUserMessages: [MechChara14] wallruncollide
[2016.05.15-13.52.06:370][289]LogBlueprintUserMessages: [MechChara15] wallruncollide
[2016.05.15-13.52.06:371][289]LogBlueprintUserMessages: [MechChara16] wallruncollide
[2016.05.15-13.52.06:372][289]LogBlueprintUserMessages: [MechChara17] wallruncollide
[2016.05.15-13.52.06:373][289]LogBlueprintUserMessages: [MechChara2] wallruncollide
[2016.05.15-13.52.06:374][289]LogBlueprintUserMessages: [MechChara3] wallruncollide
[2016.05.15-13.52.06:376][289]LogBlueprintUserMessages: [MechChara4_17492] wallruncollide
[2016.05.15-13.52.06:377][289]LogBlueprintUserMessages: [MechChara5] wallruncollide
[2016.05.15-13.52.06:378][289]LogBlueprintUserMessages: [MechChara5] wallruncollide
[2016.05.15-13.52.06:378][289]LogBlueprintUserMessages: [MechChara6] wallruncollide
[2016.05.15-13.52.06:379][289]LogBlueprintUserMessages: [MechChara7] wallruncollide
[2016.05.15-13.52.06:380][289]LogBlueprintUserMessages: [MechChara8_441] wallruncollide
[2016.05.15-13.52.06:381][289]LogBlueprintUserMessages: [MechChara9_3888] wallruncollide
[2016.05.15-13.52.06:382][289]LogBlueprintUserMessages: [MechChara_5996] wallruncollide
[2016.05.15-13.52.06:383][289]LogWorld: Bringing up level for play took: 0.064893
[2016.05.15-13.52.06:384][289]LogSpawn:Warning: SpawnActor failed because no class was specified
[2016.05.15-13.52.06:389][289]LogBlueprintUserMessages: [MechChara_C_395] wallruncollide
[2016.05.15-13.52.06:418][289]PIE: Info Play in editor start time for /Game/ThirdPersonBP/Maps/UEDPIE_0_DEMOmap 0.225
[2016.05.15-13.52.06:496][290]LogRenderTargetPool:Warning: r.RenderTargetPoolMin exceeded 427/400 MB (ok in editor, bad on fixed memory platform)
[2016.05.15-13.52.44:385][ 47]LogRenderTargetPool:Warning: r.RenderTargetPoolMin exceeded 434/400 MB (ok in editor, bad on fixed memory platform)
[2016.05.15-13.52.45:785][117]LogRenderTargetPool:Warning: r.RenderTargetPoolMin exceeded 434/400 MB (ok in editor, bad on fixed memory platform)
[2016.05.15-13.52.49:748][309]LogContentBrowser:Verbose: The majority of assets in the view are of type: AnimSequence
[2016.05.15-13.52.59:066][701]BlueprintLog: New page: Pre-Play auto-recompile
[2016.05.15-13.52.59:077][701]LogPlayLevel: [PlayLevel] Compiling FirstPersonAnim before play...
[2016.05.15-13.52.59:242][701]LogPlayLevel: PlayLevel: Blueprint regeneration took 176 ms (1 blueprints)
[2016.05.15-13.52.59:295][701]PIE: New page: PIE session: DEMOmap (May 15, 2016, 4:52:59 AM)
[2016.05.15-13.52.59:295][701]LogPlayLevel: Creating play world package: /Game/ThirdPersonBP/Maps/UEDPIE_0_DEMOmap
[2016.05.15-13.52.59:330][701]LogPlayLevel: PIE: StaticDuplicateObject took: (0.034888s)
[2016.05.15-13.52.59:331][701]LogAIModule: Creating AISystem for world DEMOmap
[2016.05.15-13.52.59:332][701]LogPlayLevel: PIE: World Init took: (0.001312s)
[2016.05.15-13.52.59:332][701]LogPlayLevel: PIE: Created PIE world by copying editor world from /Game/ThirdPersonBP/Maps/DEMOmap.DEMOmap to /Game/ThirdPersonBP/Maps/UEDPIE_0_DEMOmap.DEMOmap (0.036600s)
[2016.05.15-13.52.59:378][701]LogInit: XAudio2 using 'Speakers (Realtek High Definition Audio)' : 2 channels at 48 kHz using 32 bits per sample (channel mask 0x3)
[2016.05.15-13.52.59:386][701]LogInit: FAudioDevice initialized.
[2016.05.15-13.52.59:434][701]LogWorld: Game class is 'MechGame_C'
[2016.05.15-13.52.59:488][701]LogWorld: Bringing World /Game/ThirdPersonBP/Maps/UEDPIE_0_DEMOmap.DEMOmap up for play (max tick rate 0) at 2016.05.15-09.52.59
[2016.05.15-13.52.59:490][701]LogBlueprintUserMessages: [MechChara11_4728] wallruncollide
[2016.05.15-13.52.59:491][701]LogBlueprintUserMessages: [MechChara10_4327] wallruncollide
[2016.05.15-13.52.59:492][701]LogBlueprintUserMessages: [MechChara12_5016] wallruncollide
[2016.05.15-13.52.59:493][701]LogBlueprintUserMessages: [MechChara13_5588] wallruncollide
[2016.05.15-13.52.59:494][701]LogBlueprintUserMessages: [MechChara14] wallruncollide
[2016.05.15-13.52.59:495][701]LogBlueprintUserMessages: [MechChara15] wallruncollide
[2016.05.15-13.52.59:496][701]LogBlueprintUserMessages: [MechChara16] wallruncollide
[2016.05.15-13.52.59:497][701]LogBlueprintUserMessages: [MechChara17] wallruncollide
[2016.05.15-13.52.59:498][701]LogBlueprintUserMessages: [MechChara2] wallruncollide
[2016.05.15-13.52.59:499][701]LogBlueprintUserMessages: [MechChara3] wallruncollide
[2016.05.15-13.52.59:500][701]LogBlueprintUserMessages: [MechChara4_17492] wallruncollide
[2016.05.15-13.52.59:502][701]LogBlueprintUserMessages: [MechChara5] wallruncollide
[2016.05.15-13.52.59:503][701]LogBlueprintUserMessages: [MechChara5] wallruncollide
[2016.05.15-13.52.59:503][701]LogBlueprintUserMessages: [MechChara6] wallruncollide
[2016.05.15-13.52.59:504][701]LogBlueprintUserMessages: [MechChara7] wallruncollide
[2016.05.15-13.52.59:505][701]LogBlueprintUserMessages: [MechChara8_441] wallruncollide
[2016.05.15-13.52.59:506][701]LogBlueprintUserMessages: [MechChara9_3888] wallruncollide
[2016.05.15-13.52.59:507][701]LogBlueprintUserMessages: [MechChara_5996] wallruncollide
[2016.05.15-13.52.59:508][701]LogWorld: Bringing up level for play took: 0.071892
[2016.05.15-13.52.59:509][701]LogSpawn:Warning: SpawnActor failed because no class was specified
[2016.05.15-13.52.59:514][701]LogBlueprintUserMessages: [MechChara_C_396] wallruncollide
[2016.05.15-13.52.59:542][701]PIE: Info Play in editor start time for /Game/ThirdPersonBP/Maps/UEDPIE_0_DEMOmap 1.348
[2016.05.15-13.52.59:650][703]LogRenderTargetPool:Warning: r.RenderTargetPoolMin exceeded 452/400 MB (ok in editor, bad on fixed memory platform)
[2016.05.15-13.53.27:574][824]BlueprintLog: New page: Compile FirstPersonAnim
[2016.05.15-13.53.27:772][824]BlueprintEditorCompileResults: Info [0290.84] Compile of FirstPersonAnim successful! [in 198 ms]
[2016.05.15-13.53.28:924][880]LogPlayLevel: PlayLevel: No blueprints needed recompiling
[2016.05.15-13.53.28:924][880]PIE: New page: PIE session: DEMOmap (May 15, 2016, 4:53:28 AM)
[2016.05.15-13.53.28:924][880]LogPlayLevel: Creating play world package: /Game/ThirdPersonBP/Maps/UEDPIE_0_DEMOmap
[2016.05.15-13.53.28:959][880]LogPlayLevel: PIE: StaticDuplicateObject took: (0.034500s)
[2016.05.15-13.53.28:960][880]LogAIModule: Creating AISystem for world DEMOmap
[2016.05.15-13.53.28:960][880]LogPlayLevel: PIE: World Init took: (0.000918s)
[2016.05.15-13.53.28:960][880]LogPlayLevel: PIE: Created PIE world by copying editor world from /Game/ThirdPersonBP/Maps/DEMOmap.DEMOmap to /Game/ThirdPersonBP/Maps/UEDPIE_0_DEMOmap.DEMOmap (0.035680s)
[2016.05.15-13.53.29:011][880]LogInit: XAudio2 using 'Speakers (Realtek High Definition Audio)' : 2 channels at 48 kHz using 32 bits per sample (channel mask 0x3)
[2016.05.15-13.53.29:021][880]LogInit: FAudioDevice initialized.
[2016.05.15-13.53.29:073][880]LogWorld: Game class is 'MechGame_C'
[2016.05.15-13.53.29:120][880]LogWorld: Bringing World /Game/ThirdPersonBP/Maps/UEDPIE_0_DEMOmap.DEMOmap up for play (max tick rate 0) at 2016.05.15-09.53.29
[2016.05.15-13.53.29:122][880]LogBlueprintUserMessages: [MechChara11_4728] wallruncollide
[2016.05.15-13.53.29:123][880]LogBlueprintUserMessages: [MechChara10_4327] wallruncollide
[2016.05.15-13.53.29:124][880]LogBlueprintUserMessages: [MechChara12_5016] wallruncollide
[2016.05.15-13.53.29:126][880]LogBlueprintUserMessages: [MechChara13_5588] wallruncollide
[2016.05.15-13.53.29:128][880]LogBlueprintUserMessages: [MechChara14] wallruncollide
[2016.05.15-13.53.29:130][880]LogBlueprintUserMessages: [MechChara15] wallruncollide
[2016.05.15-13.53.29:131][880]LogBlueprintUserMessages: [MechChara16] wallruncollide
[2016.05.15-13.53.29:133][880]LogBlueprintUserMessages: [MechChara17] wallruncollide
[2016.05.15-13.53.29:135][880]LogBlueprintUserMessages: [MechChara2] wallruncollide
[2016.05.15-13.53.29:136][880]LogBlueprintUserMessages: [MechChara3] wallruncollide
[2016.05.15-13.53.29:138][880]LogBlueprintUserMessages: [MechChara4_17492] wallruncollide
[2016.05.15-13.53.29:140][880]LogBlueprintUserMessages: [MechChara5] wallruncollide
[2016.05.15-13.53.29:142][880]LogBlueprintUserMessages: [MechChara5] wallruncollide
[2016.05.15-13.53.29:142][880]LogBlueprintUserMessages: [MechChara6] wallruncollide
[2016.05.15-13.53.29:144][880]LogBlueprintUserMessages: [MechChara7] wallruncollide
[2016.05.15-13.53.29:145][880]LogBlueprintUserMessages: [MechChara8_441] wallruncollide
[2016.05.15-13.53.29:147][880]LogBlueprintUserMessages: [MechChara9_3888] wallruncollide
[2016.05.15-13.53.29:148][880]LogBlueprintUserMessages: [MechChara_5996] wallruncollide
[2016.05.15-13.53.29:149][880]LogWorld: Bringing up level for play took: 0.074240
[2016.05.15-13.53.29:150][880]LogSpawn:Warning: SpawnActor failed because no class was specified
[2016.05.15-13.53.29:155][880]LogBlueprintUserMessages: [MechChara_C_397] wallruncollide
[2016.05.15-13.53.29:185][880]PIE: Info Play in editor start time for /Game/ThirdPersonBP/Maps/UEDPIE_0_DEMOmap 0.99
[2016.05.15-13.53.29:246][881]LogRenderTargetPool:Warning: r.RenderTargetPoolMin exceeded 418/400 MB (ok in editor, bad on fixed memory platform)
[2016.05.15-13.53.45:966][753]BlueprintLog: New page: Compile FirstPersonAnim
[2016.05.15-13.53.46:245][753]BlueprintEditorCompileResults: Info [0309.31] Compile of FirstPersonAnim successful! [in 278 ms]
[2016.05.15-13.53.46:898][775]LogPlayLevel: PlayLevel: No blueprints needed recompiling
[2016.05.15-13.53.46:898][775]PIE: New page: PIE session: DEMOmap (May 15, 2016, 4:53:46 AM)
[2016.05.15-13.53.46:898][775]LogPlayLevel: Creating play world package: /Game/ThirdPersonBP/Maps/UEDPIE_0_DEMOmap
[2016.05.15-13.53.46:933][775]LogPlayLevel: PIE: StaticDuplicateObject took: (0.034693s)
[2016.05.15-13.53.46:934][775]LogAIModule: Creating AISystem for world DEMOmap
[2016.05.15-13.53.46:934][775]LogPlayLevel: PIE: World Init took: (0.000932s)
[2016.05.15-13.53.46:934][775]LogPlayLevel: PIE: Created PIE world by copying editor world from /Game/ThirdPersonBP/Maps/DEMOmap.DEMOmap to /Game/ThirdPersonBP/Maps/UEDPIE_0_DEMOmap.DEMOmap (0.035885s)
[2016.05.15-13.53.46:983][775]LogInit: XAudio2 using 'Speakers (Realtek High Definition Audio)' : 2 channels at 48 kHz using 32 bits per sample (channel mask 0x3)
[2016.05.15-13.53.46:992][775]LogInit: FAudioDevice initialized.
[2016.05.15-13.53.47:049][775]LogWorld: Game class is 'MechGame_C'
[2016.05.15-13.53.47:103][775]LogWorld: Bringing World /Game/ThirdPersonBP/Maps/UEDPIE_0_DEMOmap.DEMOmap up for play (max tick rate 0) at 2016.05.15-09.53.47
[2016.05.15-13.53.47:106][775]LogBlueprintUserMessages: [MechChara11_4728] wallruncollide
[2016.05.15-13.53.47:107][775]LogBlueprintUserMessages: [MechChara10_4327] wallruncollide
[2016.05.15-13.53.47:108][775]LogBlueprintUserMessages: [MechChara12_5016] wallruncollide
[2016.05.15-13.53.47:110][775]LogBlueprintUserMessages: [MechChara13_5588] wallruncollide
[2016.05.15-13.53.47:111][775]LogBlueprintUserMessages: [MechChara14] wallruncollide
[2016.05.15-13.53.47:112][775]LogBlueprintUserMessages: [MechChara15] wallruncollide
[2016.05.15-13.53.47:113][775]LogBlueprintUserMessages: [MechChara16] wallruncollide
[2016.05.15-13.53.47:115][775]LogBlueprintUserMessages: [MechChara17] wallruncollide
[2016.05.15-13.53.47:116][775]LogBlueprintUserMessages: [MechChara2] wallruncollide
[2016.05.15-13.53.47:117][775]LogBlueprintUserMessages: [MechChara3] wallruncollide
[2016.05.15-13.53.47:118][775]LogBlueprintUserMessages: [MechChara4_17492] wallruncollide
[2016.05.15-13.53.47:119][775]LogBlueprintUserMessages: [MechChara5] wallruncollide
[2016.05.15-13.53.47:120][775]LogBlueprintUserMessages: [MechChara5] wallruncollide
[2016.05.15-13.53.47:121][775]LogBlueprintUserMessages: [MechChara6] wallruncollide
[2016.05.15-13.53.47:122][775]LogBlueprintUserMessages: [MechChara7] wallruncollide
[2016.05.15-13.53.47:123][775]LogBlueprintUserMessages: [MechChara8_441] wallruncollide
[2016.05.15-13.53.47:124][775]LogBlueprintUserMessages: [MechChara9_3888] wallruncollide
[2016.05.15-13.53.47:125][775]LogBlueprintUserMessages: [MechChara_5996] wallruncollide
[2016.05.15-13.53.47:126][775]LogWorld: Bringing up level for play took: 0.073814
[2016.05.15-13.53.47:127][775]LogSpawn:Warning: SpawnActor failed because no class was specified
[2016.05.15-13.53.47:132][775]LogBlueprintUserMessages: [MechChara_C_398] wallruncollide
[2016.05.15-13.53.47:162][775]PIE: Info Play in editor start time for /Game/ThirdPersonBP/Maps/UEDPIE_0_DEMOmap 0.967
[2016.05.15-13.53.47:227][776]LogRenderTargetPool:Warning: r.RenderTargetPoolMin exceeded 418/400 MB (ok in editor, bad on fixed memory platform)
[2016.05.15-13.54.33:819][710]BlueprintLog: New page: Compile FirstPersonAnim
[2016.05.15-13.54.34:020][710]BlueprintEditorCompileResults: Info [0357.08] Compile of FirstPersonAnim successful! [in 200 ms]
[2016.05.15-13.54.34:759][742]LogPlayLevel: PlayLevel: No blueprints needed recompiling
[2016.05.15-13.54.34:759][742]PIE: New page: PIE session: DEMOmap (May 15, 2016, 4:54:34 AM)
[2016.05.15-13.54.34:759][742]LogPlayLevel: Creating play world package: /Game/ThirdPersonBP/Maps/UEDPIE_0_DEMOmap
[2016.05.15-13.54.34:794][742]LogPlayLevel: PIE: StaticDuplicateObject took: (0.034690s)
[2016.05.15-13.54.34:795][742]LogAIModule: Creating AISystem for world DEMOmap
[2016.05.15-13.54.34:795][742]LogPlayLevel: PIE: World Init took: (0.000892s)
[2016.05.15-13.54.34:795][742]LogPlayLevel: PIE: Created PIE world by copying editor world from /Game/ThirdPersonBP/Maps/DEMOmap.DEMOmap to /Game/ThirdPersonBP/Maps/UEDPIE_0_DEMOmap.DEMOmap (0.035850s)
[2016.05.15-13.54.34:843][742]LogInit: XAudio2 using 'Speakers (Realtek High Definition Audio)' : 2 channels at 48 kHz using 32 bits per sample (channel mask 0x3)
[2016.05.15-13.54.34:852][742]LogInit: FAudioDevice initialized.
[2016.05.15-13.54.34:906][742]LogWorld: Game class is 'MechGame_C'
[2016.05.15-13.54.34:954][742]LogWorld: Bringing World /Game/ThirdPersonBP/Maps/UEDPIE_0_DEMOmap.DEMOmap up for play (max tick rate 0) at 2016.05.15-09.54.34
[2016.05.15-13.54.34:956][742]LogBlueprintUserMessages: [MechChara11_4728] wallruncollide
[2016.05.15-13.54.34:957][742]LogBlueprintUserMessages: [MechChara10_4327] wallruncollide
[2016.05.15-13.54.34:959][742]LogBlueprintUserMessages: [MechChara12_5016] wallruncollide
[2016.05.15-13.54.34:961][742]LogBlueprintUserMessages: [MechChara13_5588] wallruncollide
[2016.05.15-13.54.34:963][742]LogBlueprintUserMessages: [MechChara14] wallruncollide
[2016.05.15-13.54.34:964][742]LogBlueprintUserMessages: [MechChara15] wallruncollide
[2016.05.15-13.54.34:966][742]LogBlueprintUserMessages: [MechChara16] wallruncollide
[2016.05.15-13.54.34:968][742]LogBlueprintUserMessages: [MechChara17] wallruncollide
[2016.05.15-13.54.34:969][742]LogBlueprintUserMessages: [MechChara2] wallruncollide
[2016.05.15-13.54.34:971][742]LogBlueprintUserMessages: [MechChara3] wallruncollide
[2016.05.15-13.54.34:972][742]LogBlueprintUserMessages: [MechChara4_17492] wallruncollide
[2016.05.15-13.54.34:974][742]LogBlueprintUserMessages: [MechChara5] wallruncollide
[2016.05.15-13.54.34:976][742]LogBlueprintUserMessages: [MechChara5] wallruncollide
[2016.05.15-13.54.34:976][742]LogBlueprintUserMessages: [MechChara6] wallruncollide
[2016.05.15-13.54.34:978][742]LogBlueprintUserMessages: [MechChara7] wallruncollide
[2016.05.15-13.54.34:979][742]LogBlueprintUserMessages: [MechChara8_441] wallruncollide
[2016.05.15-13.54.34:981][742]LogBlueprintUserMessages: [MechChara9_3888] wallruncollide
[2016.05.15-13.54.34:982][742]LogBlueprintUserMessages: [MechChara_5996] wallruncollide
[2016.05.15-13.54.34:984][742]LogWorld: Bringing up level for play took: 0.074800
[2016.05.15-13.54.34:986][742]LogSpawn:Warning: SpawnActor failed because no class was specified
[2016.05.15-13.54.34:993][742]LogBlueprintUserMessages: [MechChara_C_399] wallruncollide
[2016.05.15-13.54.35:024][742]PIE: Info Play in editor start time for /Game/ThirdPersonBP/Maps/UEDPIE_0_DEMOmap 0.827
[2016.05.15-13.54.35:085][743]LogRenderTargetPool:Warning: r.RenderTargetPoolMin exceeded 418/400 MB (ok in editor, bad on fixed memory platform)
[2016.05.15-13.54.50:080][306]LogBlueprintUserMessages: [MechChara_C_399] wallruncollide
[2016.05.15-13.54.50:080][306]LogBlueprintUserMessages: [MechChara_C_399] RightOn
[2016.05.15-13.54.50:188][310]LogBlueprintUserMessages: [MechChara_C_399] RightOff
[2016.05.15-13.56.01:012][694]BlueprintLog: New page: Compile FirstPersonAnim
[2016.05.15-13.56.01:339][694]BlueprintEditorCompileResults: Info [0444.40] Compile of FirstPersonAnim successful! [in 326 ms]
[2016.05.15-13.56.02:001][725]LogPlayLevel: PlayLevel: No blueprints needed recompiling
[2016.05.15-13.56.02:001][725]PIE: New page: PIE session: DEMOmap (May 15, 2016, 4:56:02 AM)
[2016.05.15-13.56.02:002][725]LogPlayLevel: Creating play world package: /Game/ThirdPersonBP/Maps/UEDPIE_0_DEMOmap
[2016.05.15-13.56.02:037][725]LogPlayLevel: PIE: StaticDuplicateObject took: (0.035005s)
[2016.05.15-13.56.02:037][725]LogAIModule: Creating AISystem for world DEMOmap
[2016.05.15-13.56.02:038][725]LogPlayLevel: PIE: World Init took: (0.000932s)
[2016.05.15-13.56.02:038][725]LogPlayLevel: PIE: Created PIE world by copying editor world from /Game/ThirdPersonBP/Maps/DEMOmap.DEMOmap to /Game/ThirdPersonBP/Maps/UEDPIE_0_DEMOmap.DEMOmap (0.036202s)
[2016.05.15-13.56.02:085][725]LogInit: XAudio2 using 'Speakers (Realtek High Definition Audio)' : 2 channels at 48 kHz using 32 bits per sample (channel mask 0x3)
[2016.05.15-13.56.02:096][725]LogInit: FAudioDevice initialized.
[2016.05.15-13.56.02:147][725]LogWorld: Game class is 'MechGame_C'
[2016.05.15-13.56.02:194][725]LogWorld: Bringing World /Game/ThirdPersonBP/Maps/UEDPIE_0_DEMOmap.DEMOmap up for play (max tick rate 0) at 2016.05.15-09.56.02
[2016.05.15-13.56.02:196][725]LogBlueprintUserMessages: [MechChara11_4728] wallruncollide
[2016.05.15-13.56.02:197][725]LogBlueprintUserMessages: [MechChara10_4327] wallruncollide
[2016.05.15-13.56.02:198][725]LogBlueprintUserMessages: [MechChara12_5016] wallruncollide
[2016.05.15-13.56.02:199][725]LogBlueprintUserMessages: [MechChara13_5588] wallruncollide
[2016.05.15-13.56.02:200][725]LogBlueprintUserMessages: [MechChara14] wallruncollide
[2016.05.15-13.56.02:201][725]LogBlueprintUserMessages: [MechChara15] wallruncollide
[2016.05.15-13.56.02:202][725]LogBlueprintUserMessages: [MechChara16] wallruncollide
[2016.05.15-13.56.02:203][725]LogBlueprintUserMessages: [MechChara17] wallruncollide
[2016.05.15-13.56.02:204][725]LogBlueprintUserMessages: [MechChara2] wallruncollide
[2016.05.15-13.56.02:205][725]LogBlueprintUserMessages: [MechChara3] wallruncollide
[2016.05.15-13.56.02:206][725]LogBlueprintUserMessages: [MechChara4_17492] wallruncollide
[2016.05.15-13.56.02:207][725]LogBlueprintUserMessages: [MechChara5] wallruncollide
[2016.05.15-13.56.02:208][725]LogBlueprintUserMessages: [MechChara5] wallruncollide
[2016.05.15-13.56.02:208][725]LogBlueprintUserMessages: [MechChara6] wallruncollide
[2016.05.15-13.56.02:209][725]LogBlueprintUserMessages: [MechChara7] wallruncollide
[2016.05.15-13.56.02:210][725]LogBlueprintUserMessages: [MechChara8_441] wallruncollide
[2016.05.15-13.56.02:211][725]LogBlueprintUserMessages: [MechChara9_3888] wallruncollide
[2016.05.15-13.56.02:213][725]LogBlueprintUserMessages: [MechChara_5996] wallruncollide
[2016.05.15-13.56.02:213][725]LogWorld: Bringing up level for play took: 0.064264
[2016.05.15-13.56.02:215][725]LogSpawn:Warning: SpawnActor failed because no class was specified
[2016.05.15-13.56.02:219][725]LogBlueprintUserMessages: [MechChara_C_400] wallruncollide
[2016.05.15-13.56.02:248][725]PIE: Info Play in editor start time for /Game/ThirdPersonBP/Maps/UEDPIE_0_DEMOmap 0.049
[2016.05.15-13.56.02:311][726]LogRenderTargetPool:Warning: r.RenderTargetPoolMin exceeded 418/400 MB (ok in editor, bad on fixed memory platform)
[2016.05.15-13.57.04:156][978]BlueprintLog: New page: Compile FirstPersonAnim
[2016.05.15-13.57.04:371][978]BlueprintEditorCompileResults: Info [0507.43] Compile of FirstPersonAnim successful! [in 214 ms]
[2016.05.15-13.57.05:036][ 10]LogPlayLevel: PlayLevel: No blueprints needed recompiling
[2016.05.15-13.57.05:036][ 10]PIE: New page: PIE session: DEMOmap (May 15, 2016, 4:57:05 AM)
[2016.05.15-13.57.05:036][ 10]LogPlayLevel: Creating play world package: /Game/ThirdPersonBP/Maps/UEDPIE_0_DEMOmap
[2016.05.15-13.57.05:071][ 10]LogPlayLevel: PIE: StaticDuplicateObject took: (0.034824s)
[2016.05.15-13.57.05:072][ 10]LogAIModule: Creating AISystem for world DEMOmap
[2016.05.15-13.57.05:072][ 10]LogPlayLevel: PIE: World Init took: (0.000959s)
[2016.05.15-13.57.05:072][ 10]LogPlayLevel: PIE: Created PIE world by copying editor world from /Game/ThirdPersonBP/Maps/DEMOmap.DEMOmap to /Game/ThirdPersonBP/Maps/UEDPIE_0_DEMOmap.DEMOmap (0.036046s)
[2016.05.15-13.57.05:124][ 10]LogInit: XAudio2 using 'Speakers (Realtek High Definition Audio)' : 2 channels at 48 kHz using 32 bits per sample (channel mask 0x3)
[2016.05.15-13.57.05:134][ 10]LogInit: FAudioDevice initialized.
[2016.05.15-13.57.05:186][ 10]LogWorld: Game class is 'MechGame_C'
[2016.05.15-13.57.05:241][ 10]LogWorld: Bringing World /Game/ThirdPersonBP/Maps/UEDPIE_0_DEMOmap.DEMOmap up for play (max tick rate 0) at 2016.05.15-09.57.05
[2016.05.15-13.57.05:244][ 10]LogBlueprintUserMessages: [MechChara11_4728] wallruncollide
[2016.05.15-13.57.05:246][ 10]LogBlueprintUserMessages: [MechChara10_4327] wallruncollide
[2016.05.15-13.57.05:247][ 10]LogBlueprintUserMessages: [MechChara12_5016] wallruncollide
[2016.05.15-13.57.05:249][ 10]LogBlueprintUserMessages: [MechChara13_5588] wallruncollide
[2016.05.15-13.57.05:251][ 10]LogBlueprintUserMessages: [MechChara14] wallruncollide
[2016.05.15-13.57.05:252][ 10]LogBlueprintUserMessages: [MechChara15] wallruncollide
[2016.05.15-13.57.05:254][ 10]LogBlueprintUserMessages: [MechChara16] wallruncollide
[2016.05.15-13.57.05:256][ 10]LogBlueprintUserMessages: [MechChara17] wallruncollide
[2016.05.15-13.57.05:258][ 10]LogBlueprintUserMessages: [MechChara2] wallruncollide
[2016.05.15-13.57.05:259][ 10]LogBlueprintUserMessages: [MechChara3] wallruncollide
[2016.05.15-13.57.05:261][ 10]LogBlueprintUserMessages: [MechChara4_17492] wallruncollide
[2016.05.15-13.57.05:263][ 10]LogBlueprintUserMessages: [MechChara5] wallruncollide
[2016.05.15-13.57.05:264][ 10]LogBlueprintUserMessages: [MechChara5] wallruncollide
[2016.05.15-13.57.05:265][ 10]LogBlueprintUserMessages: [MechChara6] wallruncollide
[2016.05.15-13.57.05:266][ 10]LogBlueprintUserMessages: [MechChara7] wallruncollide
[2016.05.15-13.57.05:268][ 10]LogBlueprintUserMessages: [MechChara8_441] wallruncollide
[2016.05.15-13.57.05:269][ 10]LogBlueprintUserMessages: [MechChara9_3888] wallruncollide
[2016.05.15-13.57.05:270][ 10]LogBlueprintUserMessages: [MechChara_5996] wallruncollide
[2016.05.15-13.57.05:271][ 10]LogWorld: Bringing up level for play took: 0.082245
[2016.05.15-13.57.05:272][ 10]LogSpawn:Warning: SpawnActor failed because no class was specified
[2016.05.15-13.57.05:277][ 10]LogBlueprintUserMessages: [MechChara_C_401] wallruncollide
[2016.05.15-13.57.05:309][ 10]PIE: Info Play in editor start time for /Game/ThirdPersonBP/Maps/UEDPIE_0_DEMOmap 1.108
[2016.05.15-13.57.05:372][ 11]LogRenderTargetPool:Warning: r.RenderTargetPoolMin exceeded 418/400 MB (ok in editor, bad on fixed memory platform)
[2016.05.15-13.57.16:346][463]BlueprintLog: New page: Pre-Play auto-recompile
[2016.05.15-13.57.16:358][463]LogPlayLevel: [PlayLevel] Compiling FirstPersonAnim before play...
[2016.05.15-13.57.16:496][463]LogPlayLevel: PlayLevel: Blueprint regeneration took 150 ms (1 blueprints)
[2016.05.15-13.57.16:548][463]PIE: New page: PIE session: DEMOmap (May 15, 2016, 4:57:16 AM)
[2016.05.15-13.57.16:549][463]LogPlayLevel: Creating play world package: /Game/ThirdPersonBP/Maps/UEDPIE_0_DEMOmap
[2016.05.15-13.57.16:583][463]LogPlayLevel: PIE: StaticDuplicateObject took: (0.034433s)
[2016.05.15-13.57.16:584][463]LogAIModule: Creating AISystem for world DEMOmap
[2016.05.15-13.57.16:584][463]LogPlayLevel: PIE: World Init took: (0.000894s)
[2016.05.15-13.57.16:584][463]LogPlayLevel: PIE: Created PIE world by copying editor world from /Game/ThirdPersonBP/Maps/DEMOmap.DEMOmap to /Game/ThirdPersonBP/Maps/UEDPIE_0_DEMOmap.DEMOmap (0.035583s)
[2016.05.15-13.57.16:626][463]LogInit: XAudio2 using 'Speakers (Realtek High Definition Audio)' : 2 channels at 48 kHz using 32 bits per sample (channel mask 0x3)
[2016.05.15-13.57.16:635][463]LogInit: FAudioDevice initialized.
[2016.05.15-13.57.16:688][463]LogWorld: Game class is 'MechGame_C'
[2016.05.15-13.57.16:735][463]LogWorld: Bringing World /Game/ThirdPersonBP/Maps/UEDPIE_0_DEMOmap.DEMOmap up for play (max tick rate 0) at 2016.05.15-09.57.16
[2016.05.15-13.57.16:737][463]LogBlueprintUserMessages: [MechChara11_4728] wallruncollide
[2016.05.15-13.57.16:738][463]LogBlueprintUserMessages: [MechChara10_4327] wallruncollide
[2016.05.15-13.57.16:739][463]LogBlueprintUserMessages: [MechChara12_5016] wallruncollide
[2016.05.15-13.57.16:740][463]LogBlueprintUserMessages: [MechChara13_5588] wallruncollide
[2016.05.15-13.57.16:741][463]LogBlueprintUserMessages: [MechChara14] wallruncollide
[2016.05.15-13.57.16:742][463]LogBlueprintUserMessages: [MechChara15] wallruncollide
[2016.05.15-13.57.16:743][463]LogBlueprintUserMessages: [MechChara16] wallruncollide
[2016.05.15-13.57.16:744][463]LogBlueprintUserMessages: [MechChara17] wallruncollide
[2016.05.15-13.57.16:745][463]LogBlueprintUserMessages: [MechChara2] wallruncollide
[2016.05.15-13.57.16:746][463]LogBlueprintUserMessages: [MechChara3] wallruncollide
[2016.05.15-13.57.16:747][463]LogBlueprintUserMessages: [MechChara4_17492] wallruncollide
[2016.05.15-13.57.16:748][463]LogBlueprintUserMessages: [MechChara5] wallruncollide
[2016.05.15-13.57.16:749][463]LogBlueprintUserMessages: [MechChara5] wallruncollide
[2016.05.15-13.57.16:749][463]LogBlueprintUserMessages: [MechChara6] wallruncollide
[2016.05.15-13.57.16:750][463]LogBlueprintUserMessages: [MechChara7] wallruncollide
[2016.05.15-13.57.16:751][463]LogBlueprintUserMessages: [MechChara8_441] wallruncollide
[2016.05.15-13.57.16:752][463]LogBlueprintUserMessages: [MechChara9_3888] wallruncollide
[2016.05.15-13.57.16:753][463]LogBlueprintUserMessages: [MechChara_5996] wallruncollide
[2016.05.15-13.57.16:754][463]LogWorld: Bringing up level for play took: 0.064160
[2016.05.15-13.57.16:755][463]LogSpawn:Warning: SpawnActor failed because no class was specified
[2016.05.15-13.57.16:760][463]LogBlueprintUserMessages: [MechChara_C_402] wallruncollide
[2016.05.15-13.57.16:789][463]PIE: Info Play in editor start time for /Game/ThirdPersonBP/Maps/UEDPIE_0_DEMOmap 0.59
[2016.05.15-13.57.16:866][464]LogRenderTargetPool:Warning: r.RenderTargetPoolMin exceeded 418/400 MB (ok in editor, bad on fixed memory platform)
[2016.05.15-13.58.19:755][888]LogD3D11RHI: Timed out while waiting for GPU to catch up. (0.5 s)
[2016.05.15-14.02.42:775][676]LogFileHelpers: Editor autosave (incl. sublevels) for '/Game/ThirdPersonBP/Maps/DEMOmap' took 0.045
[2016.05.15-14.02.42:782][676]OBJ SavePackage: Generating thumbnails for [1] asset(s) in package [/Game/MechaInsurgent/MechaInsurgent/FirstPersonAnim] ([1] browsable assets)...
[2016.05.15-14.02.42:873][676]OBJ SavePackage:     Rendered thumbnail for [AnimBlueprint /Game/MechaInsurgent/MechaInsurgent/FirstPersonAnim.FirstPersonAnim]
[2016.05.15-14.02.42:873][676]OBJ SavePackage: Finished generating thumbnails for package [/Game/MechaInsurgent/MechaInsurgent/FirstPersonAnim]
[2016.05.15-14.02.43:229][676]LogSavePackage: Save=243.25ms
[2016.05.15-14.02.43:229][676]LogSavePackage: Moving '../../../../../../UnrealProjects/MechProject2/Saved/FirstPersonAnim_Auto1BC0B06D64847CDD5A6605E8DC558A0A5.tmp' to '../../../../../../UnrealProjects/MechProject2/Saved/Autosaves/Game/MechaInsurgent/MechaInsurgent/FirstPersonAnim_Auto1.uasset'
[2016.05.15-14.02.43:260][676]LogSavePackage: Total save time: 382.49ms
[2016.05.15-14.02.43:260][676]LogSavePackage:Display: Finished SavePackage ../../../../../../UnrealProjects/MechProject2/Saved/Autosaves/Game/MechaInsurgent/MechaInsurgent/FirstPersonAnim_Auto1.uasset
[2016.05.15-14.02.43:260][676]LogFileHelpers: Auto-saving content packages took 0.484
[2016.05.15-14.44.27:583][261]LogSavePackage: Save=171.10ms
[2016.05.15-14.44.27:584][261]LogSavePackage: Moving '../../../../../../UnrealProjects/MechProject2/Saved/FirstPersonAnim2937E74F4621D2191DEDB4AADF3C23EE.tmp' to '../../../../../../UnrealProjects/MechProject2/Content/MechaInsurgent/MechaInsurgent/FirstPersonAnim.uasset'
[2016.05.15-14.44.27:591][261]LogSavePackage: Total save time: 206.43ms
[2016.05.15-14.44.27:591][261]LogSavePackage:Display: Finished SavePackage ../../../../../../UnrealProjects/MechProject2/Content/MechaInsurgent/MechaInsurgent/FirstPersonAnim.uasset
[2016.05.15-14.44.28:200][262]Cmd: QUIT_EDITOR
[2016.05.15-14.44.28:373][262]LogExit: Preparing to exit.
[2016.05.15-14.44.29:486][262]LogExit: Editor shut down
[2016.05.15-14.44.29:487][262]LogExit: Transaction tracking system shut down
[2016.05.15-14.44.29:771][262]LogObj: Freed 0b from 0 cluster array pools.
[2016.05.15-14.44.29:771][262]LogExit: Object subsystem successfully closed.
[2016.05.15-14.44.29:792][262]LogD3D11RHI: Shutdown
[2016.05.15-14.44.29:792][262]LogD3D11RHI: CleanupD3DDevice
[2016.05.15-14.44.29:886][262]LogD3D11RHI: ~FD3D11DynamicRHI
[2016.05.15-14.44.29:963][262]LogDerivedDataCache: Shutdown
[2016.05.15-14.44.29:964][262]LogModuleManager: Shutting down and abandoning module MovieSceneCapture (206)
[2016.05.15-14.44.29:964][262]LogModuleManager: Shutting down and abandoning module BlueprintGraph (205)
[2016.05.15-14.44.29:964][262]LogModuleManager: Shutting down and abandoning module HierarchicalLODOutliner (204)
[2016.05.15-14.44.29:964][262]LogModuleManager: Shutting down and abandoning module CrashTracker (203)
[2016.05.15-14.44.29:964][262]LogModuleManager: Shutting down and abandoning module SceneOutliner (202)
[2016.05.15-14.44.29:964][262]LogModuleManager: Shutting down and abandoning module SuperSearch (201)
[2016.05.15-14.44.29:964][262]LogModuleManager: Shutting down and abandoning module WidgetCarousel (200)
[2016.05.15-14.44.29:964][262]LogModuleManager: Shutting down and abandoning module AddContentDialog (199)
[2016.05.15-14.44.29:965][262]LogModuleManager: Shutting down and abandoning module GameplayTags (198)
[2016.05.15-14.44.29:965][262]LogModuleManager: Shutting down and abandoning module EditorWidgets (197)
[2016.05.15-14.44.29:965][262]LogModuleManager: Shutting down and abandoning module CollectionManager (196)
[2016.05.15-14.44.29:966][262]LogModuleManager: Shutting down and abandoning module StatsViewer (195)
[2016.05.15-14.44.29:966][262]LogModuleManager: Shutting down and abandoning module FoliageEdit (194)
[2016.05.15-14.44.29:966][262]LogModuleManager: Shutting down and abandoning module LandscapeEditor (193)
[2016.05.15-14.44.29:966][262]LogModuleManager: Shutting down and abandoning module ActorPickerMode (192)
[2016.05.15-14.44.29:966][262]LogModuleManager: Shutting down and abandoning module GeometryMode (191)
[2016.05.15-14.44.29:966][262]LogModuleManager: Shutting down and abandoning module TextureAlignMode (190)
[2016.05.15-14.44.29:966][262]LogModuleManager: Shutting down and abandoning module BspMode (189)
[2016.05.15-14.44.29:966][262]LogModuleManager: Shutting down and abandoning module PlacementMode (188)
[2016.05.15-14.44.29:966][262]LogModuleManager: Shutting down and abandoning module AutomationWorker (187)
[2016.05.15-14.44.29:966][262]LogModuleManager: Shutting down and abandoning module CharacterAI (186)
[2016.05.15-14.44.29:966][262]LogModuleManager: Shutting down and abandoning module SmartSnapping (185)
[2016.05.15-14.44.29:966][262]LogModuleManager: Shutting down and abandoning module ViewportSnapping (184)
[2016.05.15-14.44.29:966][262]LogModuleManager: Shutting down and abandoning module LogVisualizer (183)
[2016.05.15-14.44.29:966][262]LogModuleManager: Shutting down and abandoning module GameProjectGeneration (182)
[2016.05.15-14.44.29:966][262]LogModuleManager: Shutting down and abandoning module IntroTutorials (181)
[2016.05.15-14.44.29:966][262]LogModuleManager: Shutting down and abandoning module EditorLiveStreaming (180)
[2016.05.15-14.44.29:966][262]LogModuleManager: Shutting down and abandoning module IOSPlatformEditor (179)
[2016.05.15-14.44.29:966][262]LogModuleManager: Shutting down and abandoning module HTML5PlatformEditor (178)
[2016.05.15-14.44.29:966][262]LogModuleManager: Shutting down and abandoning module AndroidDeviceDetection (177)
[2016.05.15-14.44.30:226][262]LogModuleManager: Shutting down and abandoning module AndroidPlatformEditor (176)
[2016.05.15-14.44.30:226][262]LogModuleManager: Shutting down and abandoning module IOSRuntimeSettings (175)
[2016.05.15-14.44.30:226][262]LogModuleManager: Shutting down and abandoning module AndroidRuntimeSettings (174)
[2016.05.15-14.44.30:226][262]LogModuleManager: Shutting down and abandoning module MergeActors (173)
[2016.05.15-14.44.30:226][262]LogModuleManager: Shutting down and abandoning module SizeMap (172)
[2016.05.15-14.44.30:226][262]LogModuleManager: Shutting down and abandoning module TreeMap (171)
[2016.05.15-14.44.30:227][262]LogModuleManager: Shutting down and abandoning module ReferenceViewer (170)
[2016.05.15-14.44.30:227][262]LogModuleManager: Shutting down and abandoning module LocalizationService (169)
[2016.05.15-14.44.30:227][262]LogModuleManager: Shutting down and abandoning module LocalizationDashboard (168)
[2016.05.15-14.44.30:227][262]LogModuleManager: Shutting down and abandoning module HardwareTargeting (167)
[2016.05.15-14.44.30:227][262]LogModuleManager: Shutting down and abandoning module DeviceProfileEditor (166)
[2016.05.15-14.44.30:227][262]LogModuleManager: Shutting down and abandoning module UndoHistory (165)
[2016.05.15-14.44.30:227][262]LogModuleManager: Shutting down and abandoning module UserFeedback (164)
[2016.05.15-14.44.30:227][262]LogModuleManager: Shutting down and abandoning module XmlParser (163)
[2016.05.15-14.44.30:227][262]LogModuleManager: Shutting down and abandoning module Blutility (162)
[2016.05.15-14.44.30:227][262]LogModuleManager: Shutting down and abandoning module ProjectTargetPlatformEditor (161)
[2016.05.15-14.44.30:227][262]LogModuleManager: Shutting down and abandoning module ProjectSettingsViewer (160)
[2016.05.15-14.44.30:227][262]LogModuleManager: Shutting down and abandoning module InputBindingEditor (159)
[2016.05.15-14.44.30:227][262]LogModuleManager: Shutting down and abandoning module EditorSettingsViewer (158)
[2016.05.15-14.44.30:227][262]LogModuleManager: Shutting down and abandoning module SettingsEditor (157)
[2016.05.15-14.44.30:228][262]LogModuleManager: Shutting down and abandoning module ProjectLauncher (156)
[2016.05.15-14.44.30:228][262]LogModuleManager: Shutting down and abandoning module SessionFrontend (155)
[2016.05.15-14.44.30:228][262]LogModuleManager: Shutting down and abandoning module ProfilerClient (154)
[2016.05.15-14.44.30:228][262]LogModuleManager: Shutting down and abandoning module TargetDeviceServices (153)
[2016.05.15-14.44.30:228][262]LogModuleManager: Shutting down and abandoning module DeviceManager (152)
[2016.05.15-14.44.30:258][262]LogModuleManager: Shutting down and abandoning module AutomationController (151)
[2016.05.15-14.44.30:258][262]LogModuleManager: Shutting down and abandoning module AutomationWindow (150)
[2016.05.15-14.44.30:258][262]LogModuleManager: Shutting down and abandoning module Layers (149)
[2016.05.15-14.44.30:258][262]LogModuleManager: Shutting down and abandoning module ComponentVisualizers (148)
[2016.05.15-14.44.30:258][262]LogModuleManager: Shutting down and abandoning module DetailCustomizations (147)
[2016.05.15-14.44.30:258][262]LogModuleManager: Shutting down and abandoning module PackagesDialog (146)
[2016.05.15-14.44.30:258][262]LogModuleManager: Shutting down and abandoning module Persona (145)
[2016.05.15-14.44.30:258][262]LogModuleManager: Shutting down and abandoning module Kismet (144)
[2016.05.15-14.44.30:258][262]LogModuleManager: Shutting down and abandoning module GraphEditor (143)
[2016.05.15-14.44.30:258][262]LogModuleManager: Shutting down and abandoning module ClassViewer (142)
[2016.05.15-14.44.30:258][262]LogModuleManager: Shutting down and abandoning module Toolbox (141)
[2016.05.15-14.44.30:258][262]LogModuleManager: Shutting down and abandoning module ModuleUI (140)
[2016.05.15-14.44.30:258][262]LogModuleManager: Shutting down and abandoning module MovieSceneTools (139)
[2016.05.15-14.44.30:258][262]LogModuleManager: Shutting down and abandoning module OutputLog (138)
[2016.05.15-14.44.30:258][262]LogModuleManager: Shutting down and abandoning module GammaUI (137)
[2016.05.15-14.44.30:259][262]LogModuleManager: Shutting down and abandoning module Documentation (136)
[2016.05.15-14.44.30:259][262]LogModuleManager: Shutting down and abandoning module StreamingPauseRendering (135)
[2016.05.15-14.44.30:259][262]LogModuleManager: Shutting down and abandoning module AnalyticsET (134)
[2016.05.15-14.44.30:259][262]LogModuleManager: Shutting down and abandoning module Analytics (133)
[2016.05.15-14.44.30:259][262]LogModuleManager: Shutting down and abandoning module PortalServices (132)
[2016.05.15-14.44.30:259][262]LogModuleManager: Shutting down and abandoning module PortalRpc (131)
[2016.05.15-14.44.30:259][262]LogModuleManager: Shutting down and abandoning module MessagingRpc (130)
[2016.05.15-14.44.30:259][262]LogModuleManager: Shutting down and abandoning module AITestSuite (129)
[2016.05.15-14.44.30:259][262]LogModuleManager: Shutting down and abandoning module GameplayDebugger (128)
[2016.05.15-14.44.30:259][262]LogModuleManager: Shutting down and abandoning module AIModule (127)
[2016.05.15-14.44.30:259][262]LogModuleManager: Shutting down and abandoning module ProfilerService (126)
[2016.05.15-14.44.30:477][262]LogModuleManager: Shutting down and abandoning module TaskGraph (125)
[2016.05.15-14.44.30:477][262]LogModuleManager: Shutting down and abandoning module SlateRemote (124)
[2016.05.15-14.44.30:478][262]LogModuleManager: Shutting down and abandoning module SteamVRController (123)
[2016.05.15-14.44.30:478][262]LogModuleManager: Shutting down and abandoning module SteamVR (122)
[2016.05.15-14.44.30:478][262]LogModuleManager: Shutting down and abandoning module ProceduralMeshComponent (121)
[2016.05.15-14.44.30:478][262]LogModuleManager: Shutting down and abandoning module OculusLibrary (120)
[2016.05.15-14.44.30:478][262]LogModuleManager: Shutting down and abandoning module OculusInput (119)
[2016.05.15-14.44.30:478][262]LogModuleManager: Shutting down and abandoning module CustomMeshComponent (118)
[2016.05.15-14.44.30:478][262]LogModuleManager: Shutting down and abandoning module CableComponent (117)
[2016.05.15-14.44.30:478][262]LogModuleManager: Shutting down and abandoning module ArchVisCharacter (116)
[2016.05.15-14.44.30:478][262]LogModuleManager: Shutting down and abandoning module MediaPlayerEditor (115)
[2016.05.15-14.44.30:478][262]LogModuleManager: Shutting down and abandoning module HTML5Networking (114)
[2016.05.15-14.44.30:478][262]LogModuleManager: Shutting down and abandoning module SpeedTreeImporter (113)
[2016.05.15-14.44.30:478][262]LogModuleManager: Shutting down and abandoning module PluginBrowser (112)
[2016.05.15-14.44.30:478][262]LogModuleManager: Shutting down and abandoning module EpicSurvey (111)
[2016.05.15-14.44.30:478][262]LogModuleManager: Shutting down and abandoning module DesktopPlatform (110)
[2016.05.15-14.44.30:478][262]LogModuleManager: Shutting down and abandoning module VisualStudioSourceCodeAccess (109)
[2016.05.15-14.44.30:478][262]LogModuleManager: Shutting down and abandoning module UObjectPlugin (108)
[2016.05.15-14.44.30:478][262]LogModuleManager: Shutting down and abandoning module SubversionSourceControl (107)
[2016.05.15-14.44.30:478][262]LogModuleManager: Shutting down and abandoning module PerforceSourceControl (106)
[2016.05.15-14.44.30:478][262]LogModuleManager: Shutting down and abandoning module SourceControl (105)
[2016.05.15-14.44.30:478][262]LogModuleManager: Shutting down and abandoning module GitSourceControl (104)
[2016.05.15-14.44.30:478][262]LogModuleManager: Shutting down and abandoning module LightPropagationVolumeEditor (103)
[2016.05.15-14.44.30:478][262]LogModuleManager: Shutting down and abandoning module PaperTiledImporter (102)
[2016.05.15-14.44.30:478][262]LogModuleManager: Shutting down and abandoning module PaperSpriteSheetImporter (101)
[2016.05.15-14.44.30:478][262]LogModuleManager: Shutting down and abandoning module MeshPaint (100)
[2016.05.15-14.44.30:478][262]LogModuleManager: Shutting down and abandoning module HotReload (99)
[2016.05.15-14.44.30:481][262]LogModuleManager: Shutting down and abandoning module MainFrame (98)
[2016.05.15-14.44.30:481][262]LogModuleManager: Shutting down and abandoning module LevelEditor (97)
[2016.05.15-14.44.30:482][262]LogModuleManager: Shutting down and abandoning module DirectoryWatcher (96)
[2016.05.15-14.44.30:483][262]LogModuleManager: Shutting down and abandoning module AssetRegistry (95)
[2016.05.15-14.44.31:610][262]LogModuleManager: Shutting down and abandoning module ContentBrowser (94)
[2016.05.15-14.44.31:612][262]LogModuleManager: Shutting down and abandoning module Paper2DEditor (93)
[2016.05.15-14.44.31:612][262]LogModuleManager: Shutting down and abandoning module UdpMessaging (92)
[2016.05.15-14.44.31:712][262]LogModuleManager: Shutting down and abandoning module LightPropagationVolumeRuntime (91)
[2016.05.15-14.44.31:712][262]LogModuleManager: Shutting down and abandoning module Paper2D (90)
[2016.05.15-14.44.31:712][262]LogModuleManager: Shutting down and abandoning module WindowsMoviePlayer (89)
[2016.05.15-14.44.31:712][262]LogModuleManager: Shutting down and abandoning module Media (88)
[2016.05.15-14.44.31:712][262]LogModuleManager: Shutting down and abandoning module WmfMedia (87)
[2016.05.15-14.44.31:713][262]LogModuleManager: Shutting down and abandoning module MediaAssets (86)
[2016.05.15-14.44.31:713][262]LogModuleManager: Shutting down and abandoning module GameLiveStreaming (85)
[2016.05.15-14.44.31:713][262]LogModuleManager: Shutting down and abandoning module GameplayTagsEditor (84)
[2016.05.15-14.44.31:713][262]LogModuleManager: Shutting down and abandoning module OnlineBlueprintSupport (83)
[2016.05.15-14.44.31:713][262]LogModuleManager: Shutting down and abandoning module GameplayTasksEditor (82)
[2016.05.15-14.44.31:713][262]LogModuleManager: Shutting down and abandoning module PropertyEditor (81)
[2016.05.15-14.44.31:713][262]LogModuleManager: Shutting down and abandoning module BehaviorTreeEditor (80)
[2016.05.15-14.44.31:713][262]LogModuleManager: Shutting down and abandoning module FunctionalTesting (79)
[2016.05.15-14.44.31:713][262]LogModuleManager: Shutting down and abandoning module CollisionAnalyzer (78)
[2016.05.15-14.44.31:713][262]LogModuleManager: Shutting down and abandoning module WorkspaceMenuStructure (77)
[2016.05.15-14.44.31:713][262]LogModuleManager: Shutting down and abandoning module MessageLog (76)
[2016.05.15-14.44.31:713][262]LogModuleManager: Shutting down and abandoning module Sequencer (75)
[2016.05.15-14.44.31:713][262]LogModuleManager: Shutting down and abandoning module AssetTools (74)
[2016.05.15-14.44.31:713][262]LogModuleManager: Shutting down and abandoning module UMGEditor (73)
[2016.05.15-14.44.31:714][262]LogModuleManager: Shutting down and abandoning module UMG (72)
[2016.05.15-14.44.31:714][262]LogModuleManager: Shutting down and abandoning module SlateReflector (71)
[2016.05.15-14.44.31:714][262]LogModuleManager: Shutting down and abandoning module Slate (70)
[2016.05.15-14.44.31:714][262]LogModuleManager: Shutting down and abandoning module EditorStyle (69)
[2016.05.15-14.44.31:717][262]LogModuleManager: Shutting down and abandoning module SessionServices (68)
[2016.05.15-14.44.31:717][262]LogModuleManager: Shutting down and abandoning module SourceCodeAccess (67)
[2016.05.15-14.44.31:717][262]LogModuleManager: Shutting down and abandoning module HeadMountedDisplay (66)
[2016.05.15-14.44.31:717][262]LogModuleManager: Shutting down and abandoning module XAudio2 (65)
[2016.05.15-14.44.31:717][262]LogModuleManager: Shutting down and abandoning module Networking (63)
[2016.05.15-14.44.31:717][262]LogModuleManager: Shutting down and abandoning module Core (62)
[2016.05.15-14.44.31:717][262]LogModuleManager: Shutting down and abandoning module KismetCompiler (61)
[2016.05.15-14.44.31:717][262]LogModuleManager: Shutting down and abandoning module PhysXFormats (60)
[2016.05.15-14.44.31:717][262]LogModuleManager: Shutting down and abandoning module MeshUtilities (59)
[2016.05.15-14.44.31:717][262]LogModuleManager: Shutting down and abandoning module CookingStats (58)
[2016.05.15-14.44.31:717][262]LogModuleManager: Shutting down and abandoning module DerivedDataCache (57)
[2016.05.15-14.44.31:717][262]LogDerivedDataCache: Shutdown
[2016.05.15-14.44.31:717][262]LogModuleManager: Shutting down and abandoning module ShaderFormatOpenGL (56)
[2016.05.15-14.44.31:717][262]LogModuleManager: Shutting down and abandoning module ShaderFormatD3D (55)
[2016.05.15-14.44.31:717][262]LogModuleManager: Shutting down and abandoning module MetalShaderFormat (54)
[2016.05.15-14.44.31:717][262]LogModuleManager: Shutting down and abandoning module TextureFormatUncompressed (53)
[2016.05.15-14.44.31:717][262]LogModuleManager: Shutting down and abandoning module TextureFormatPVR (52)
[2016.05.15-14.44.31:717][262]LogModuleManager: Shutting down and abandoning module TextureFormatIntelISPCTexComp (51)
[2016.05.15-14.44.31:717][262]LogModuleManager: Shutting down and abandoning module TextureFormatDXT (50)
[2016.05.15-14.44.31:717][262]LogModuleManager: Shutting down and abandoning module ImageWrapper (49)
[2016.05.15-14.44.31:717][262]LogModuleManager: Shutting down and abandoning module TextureFormatASTC (48)
[2016.05.15-14.44.31:717][262]LogModuleManager: Shutting down and abandoning module TextureFormatAndroid (47)
[2016.05.15-14.44.31:717][262]LogModuleManager: Shutting down and abandoning module AudioFormatOpus (46)
[2016.05.15-14.44.31:718][262]LogModuleManager: Shutting down and abandoning module AudioFormatOgg (45)
[2016.05.15-14.44.31:718][262]LogModuleManager: Shutting down and abandoning module AudioFormatADPCM (44)
[2016.05.15-14.44.31:718][262]LogModuleManager: Shutting down and abandoning module LinuxTargetPlatform (43)
[2016.05.15-14.44.31:718][262]LogModuleManager: Shutting down and abandoning module LinuxServerTargetPlatform (42)
[2016.05.15-14.44.31:718][262]LogModuleManager: Shutting down and abandoning module LinuxNoEditorTargetPlatform (41)
[2016.05.15-14.44.31:718][262]LogModuleManager: Shutting down and abandoning module TVOSTargetPlatform (40)
[2016.05.15-14.44.31:718][262]LogModuleManager: Shutting down and abandoning module Messaging (39)
[2016.05.15-14.44.31:718][262]LogModuleManager: Shutting down and abandoning module IOSTargetPlatform (38)
[2016.05.15-14.44.31:718][262]LogModuleManager: Shutting down and abandoning module HTML5TargetPlatform (37)
[2016.05.15-14.44.31:718][262]LogModuleManager: Shutting down and abandoning module Android_PVRTCTargetPlatform (36)
[2016.05.15-14.44.31:718][262]LogModuleManager: Shutting down and abandoning module Android_MultiTargetPlatform (35)
[2016.05.15-14.44.31:718][262]LogModuleManager: Shutting down and abandoning module Android_ETC2TargetPlatform (34)
[2016.05.15-14.44.31:718][262]LogModuleManager: Shutting down and abandoning module Android_ETC1TargetPlatform (33)
[2016.05.15-14.44.31:718][262]LogModuleManager: Shutting down and abandoning module Android_DXTTargetPlatform (32)
[2016.05.15-14.44.31:718][262]LogModuleManager: Shutting down and abandoning module Android_ATCTargetPlatform (31)
[2016.05.15-14.44.31:718][262]LogModuleManager: Shutting down and abandoning module Android_ASTCTargetPlatform (30)
[2016.05.15-14.44.31:718][262]LogModuleManager: Shutting down and abandoning module AndroidTargetPlatform (29)
[2016.05.15-14.44.31:718][262]LogModuleManager: Shutting down and abandoning module WindowsTargetPlatform (28)
[2016.05.15-14.44.31:718][262]LogModuleManager: Shutting down and abandoning module WindowsServerTargetPlatform (27)
[2016.05.15-14.44.31:718][262]LogModuleManager: Shutting down and abandoning module WindowsNoEditorTargetPlatform (26)
[2016.05.15-14.44.31:718][262]LogModuleManager: Shutting down and abandoning module WindowsClientTargetPlatform (25)
[2016.05.15-14.44.31:718][262]LogModuleManager: Shutting down and abandoning module AllDesktopTargetPlatform (24)
[2016.05.15-14.44.31:718][262]LogModuleManager: Shutting down and abandoning module TargetPlatform (23)
[2016.05.15-14.44.31:718][262]LogModuleManager: Shutting down and abandoning module InputCore (22)
[2016.05.15-14.44.31:718][262]LogModuleManager: Shutting down and abandoning module Settings (21)
[2016.05.15-14.44.31:718][262]LogModuleManager: Shutting down and abandoning module OnlineSubsystem (19)
[2016.05.15-14.44.31:718][262]LogModuleManager: Shutting down and abandoning module HTTP (18)
[2016.05.15-14.44.33:719][262]LogModuleManager: Shutting down and abandoning module XMPP (17)
[2016.05.15-14.44.33:719][262]LogModuleManager: Shutting down and abandoning module OculusRift (16)
[2016.05.15-14.44.33:719][262]LogModuleManager: Shutting down and abandoning module ExampleDeviceProfileSelector (15)
[2016.05.15-14.44.33:719][262]LogModuleManager: Shutting down and abandoning module TextureCompressor (14)
[2016.05.15-14.44.33:719][262]LogModuleManager: Shutting down and abandoning module ShaderCore (13)
[2016.05.15-14.44.33:719][262]LogModuleManager: Shutting down and abandoning module Landscape (12)
[2016.05.15-14.44.33:719][262]LogModuleManager: Shutting down and abandoning module SlateRHIRenderer (11)
[2016.05.15-14.44.33:723][262]LogModuleManager: Shutting down and abandoning module OpenGLDrv (10)
[2016.05.15-14.44.33:723][262]LogModuleManager: Shutting down and abandoning module D3D11RHI (9)
[2016.05.15-14.44.33:723][262]LogModuleManager: Shutting down and abandoning module AnimGraphRuntime (8)
[2016.05.15-14.44.33:723][262]LogModuleManager: Shutting down and abandoning module Renderer (7)
[2016.05.15-14.44.33:723][262]LogModuleManager: Shutting down and abandoning module Engine (6)
[2016.05.15-14.44.33:723][262]LogModuleManager: Shutting down and abandoning module CoreUObject (5)
[2016.05.15-14.44.33:723][262]LogModuleManager: Shutting down and abandoning module NetworkFile (4)
[2016.05.15-14.44.33:723][262]LogModuleManager: Shutting down and abandoning module StreamingFile (3)
[2016.05.15-14.44.33:723][262]LogModuleManager: Shutting down and abandoning module SandboxFile (2)
[2016.05.15-14.44.33:723][262]LogModuleManager: Shutting down and abandoning module PakFile (1)
[2016.05.15-14.44.33:726][262]LogExit: Exiting.
[2016.05.15-14.44.33:729][262]Log file closed, 05/15/16 10:44:33
