Log file open, 05/14/16 21:44:23
LogInit:Display: Running engine for game: MechProject2
LogPlatformFile: Not using cached read wrapper
LogInit:Display: RandInit(-1726121979) SRandInit(-1726121978).
LogTaskGraph: Started task graph with 4 named threads and 11 total threads.
LogStats: Stats thread started at 0.113627
LogInit: Version: 4.11.2-2946394+++UE4+Release-4.11
LogInit: API Version: 2927265
LogInit: Compiled (64-bit): Apr 18 2016 02:18:46
LogInit: Compiled with Visual C++: 19.00.23026.00
LogInit: Build Configuration: Development
LogInit: Branch Name: ++UE4+Release-4.11
LogInit: Command line: -EpicPortal 
LogInit: Base directory: F:/Programs/Epic Games/4.11/Engine/Binaries/Win64/
LogInit: Installed Engine Build: 1
LogInit: Using libcurl 7.41.0
LogInit:  - built for x86_64-pc-win32
LogInit:  - supports SSL with WinSSL
LogInit:  - other features:
LogInit:      CURL_VERSION_SSL
LogInit:      CURL_VERSION_IPV6
LogInit:      CURL_VERSION_ASYNCHDNS
LogInit:      CURL_VERSION_LARGEFILE
LogInit:      CURL_VERSION_IDN
LogInit:  CurlRequestOptions (configurable via config and command line):
LogInit:  - bVerifyPeer = true  - Libcurl will verify peer certificate
LogInit:  - bUseHttpProxy = false  - Libcurl will NOT use HTTP proxy
LogInit:  - bDontReuseConnections = false  - Libcurl will reuse connections
LogInit:  - CertBundlePath = nullptr  - Libcurl will use whatever was configured at build time.
LogInit: Presizing for max 16777216 objects, including 0 objects not considered by GC, pre-allocating 0 bytes for permanent pool.
LogInit: Object subsystem initialized
[2016.05.15-01.44.23:811][  0]LogInit: Selected Device Profile: [Windows]
[2016.05.15-01.44.23:811][  0]LogInit: Applying CVar settings loaded from the selected device profile: [Windows]
[2016.05.15-01.44.23:827][  0]LogInit: Computer: Z600-PC
[2016.05.15-01.44.23:827][  0]LogInit: User: Z600
[2016.05.15-01.44.23:827][  0]LogInit: CPU Page size=65536, Cores=8
[2016.05.15-01.44.23:827][  0]LogInit: High frequency timer resolution =2.597705 MHz
[2016.05.15-01.44.23:827][  0]LogMemory: Memory total: Physical=12.0GB (12GB approx)
[2016.05.15-01.44.23:827][  0]LogMemory: Platform Memory Stats for Windows
[2016.05.15-01.44.23:827][  0]LogMemory: Process Physical Memory: 316.02 MB used, 316.02 MB peak
[2016.05.15-01.44.23:827][  0]LogMemory: Process Virtual Memory: 319.93 MB used, 319.93 MB peak
[2016.05.15-01.44.23:827][  0]LogMemory: Physical Memory: 6157.10 MB used, 12271.22 MB total
[2016.05.15-01.44.23:827][  0]LogMemory: Virtual Memory: 622.92 MB used, 8388608.00 MB total
[2016.05.15-01.44.23:889][  0]LogTextLocalizationManager: No specific translations for ('en-US') exist, so ('en') translations will be used.
[2016.05.15-01.44.24:528][  0]LogD3D11RHI: D3D11 adapters:
[2016.05.15-01.44.24:549][  0]LogD3D11RHI:    0. 'NVIDIA GeForce GTX 750 Ti' (Feature Level 11_0)
[2016.05.15-01.44.24:549][  0]LogD3D11RHI:       1992MB of dedicated video memory, 0MB of dedicated system memory, and 2048MB of shared system memory, 2 output[s]
[2016.05.15-01.44.24:549][  0]LogD3D11RHI: Chosen D3D11 Adapter: 0
[2016.05.15-01.44.24:568][  0]LogD3D11RHI: Creating new Direct3DDevice
[2016.05.15-01.44.24:568][  0]LogD3D11RHI:     Adapter Name: NVIDIA GeForce GTX 750 Ti
[2016.05.15-01.44.24:568][  0]LogD3D11RHI:   Driver Version: Unknown (internal Unknown)
[2016.05.15-01.44.24:568][  0]LogD3D11RHI:      Driver Date: Unknown
[2016.05.15-01.44.24:568][  0]LogRHI: Texture pool is 1361 MB (70% of 1945 MB)
[2016.05.15-01.44.24:583][  0]LogD3D11RHI: Async texture creation enabled
[2016.05.15-01.44.24:604][  0]LogShaderCompilers: Guid format shader working directory is 0 characters bigger than the processId version (../../../../../../UnrealProjects/MechProject2/Intermediate/Shaders/WorkingDirectory/8528/).
[2016.05.15-01.44.24:604][  0]LogShaderCompilers: Cleaned the shader compiler working directory 'C:/Users/Z600/AppData/Local/Temp/UnrealShaderWorkingDir/E80E730645464D5B4C3ECA93136A682A/'.
[2016.05.15-01.44.24:604][  0]LogShaderCompilers:Display: Using Local Shader Compiler.
[2016.05.15-01.44.25:893][  0]LogTemp:Display: Loaded TP AllDesktopTargetPlatform
[2016.05.15-01.44.25:899][  0]LogTemp:Display: Loaded TP WindowsClientTargetPlatform
[2016.05.15-01.44.25:906][  0]LogTemp:Display: Loaded TP WindowsNoEditorTargetPlatform
[2016.05.15-01.44.25:912][  0]LogTemp:Display: Loaded TP WindowsServerTargetPlatform
[2016.05.15-01.44.25:917][  0]LogTemp:Display: Loaded TP WindowsTargetPlatform
[2016.05.15-01.44.25:922][  0]LogTemp:Display: Loaded TP AndroidTargetPlatform
[2016.05.15-01.44.25:927][  0]LogTemp:Display: Loaded TP Android_ASTCTargetPlatform
[2016.05.15-01.44.25:931][  0]LogTemp:Display: Loaded TP Android_ATCTargetPlatform
[2016.05.15-01.44.25:936][  0]LogTemp:Display: Loaded TP Android_DXTTargetPlatform
[2016.05.15-01.44.25:941][  0]LogTemp:Display: Loaded TP Android_ETC1TargetPlatform
[2016.05.15-01.44.25:946][  0]LogTemp:Display: Loaded TP Android_ETC2TargetPlatform
[2016.05.15-01.44.25:956][  0]LogTemp:Display: Loaded TP Android_MultiTargetPlatform
[2016.05.15-01.44.25:956][  0]LogTemp:Display: Loaded TP Android_PVRTCTargetPlatform
[2016.05.15-01.44.25:958][  0]LogTemp:Display: Loaded TP HTML5TargetPlatform
[2016.05.15-01.44.25:980][  0]LogTemp:Display: Loaded TP IOSTargetPlatform
[2016.05.15-01.44.25:985][  0]LogTemp:Display: Loaded TP TVOSTargetPlatform
[2016.05.15-01.44.25:990][  0]LogTemp:Display: Loaded TP LinuxNoEditorTargetPlatform
[2016.05.15-01.44.25:994][  0]LogTemp:Display: Loaded TP LinuxServerTargetPlatform
[2016.05.15-01.44.25:999][  0]LogTemp:Display: Loaded TP LinuxTargetPlatform
[2016.05.15-01.44.25:999][  0]LogTargetPlatformManager:Display: Building Assets For Windows
[2016.05.15-01.44.26:103][  0]LogDerivedDataCache:Display: Max Cache Size: 512 MB
[2016.05.15-01.44.26:186][  0]LogDerivedDataCache: Loaded boot cache 0.08s 46MB C:/Users/Z600/AppData/Local/UnrealEngine/4.11/DerivedDataCache/Boot.ddc.
[2016.05.15-01.44.26:186][  0]LogDerivedDataCache:Display: Loaded Boot cache: C:/Users/Z600/AppData/Local/UnrealEngine/4.11/DerivedDataCache/Boot.ddc
[2016.05.15-01.44.26:186][  0]LogDerivedDataCache: FDerivedDataBackendGraph:  Pak pak cache file ../../../../../../UnrealProjects/MechProject2/DerivedDataCache/DDC.ddp not found, will not use a pak cache.
[2016.05.15-01.44.26:186][  0]LogDerivedDataCache: Unable to find inner node Pak for hierarchical cache Hierarchy.
[2016.05.15-01.44.26:186][  0]LogDerivedDataCache: FDerivedDataBackendGraph:  CompressedPak pak cache file ../../../../../../UnrealProjects/MechProject2/DerivedDataCache/Compressed.ddp not found, will not use a pak cache.
[2016.05.15-01.44.26:186][  0]LogDerivedDataCache: Unable to find inner node CompressedPak for hierarchical cache Hierarchy.
[2016.05.15-01.44.26:209][  0]LogDerivedDataCache:Display: Pak cache opened for reading ../../../Engine/DerivedDataCache/Compressed.ddp.
[2016.05.15-01.44.26:221][  0]LogDerivedDataCache: Using Local data cache path C:/Users/Z600/AppData/Local/UnrealEngine/Common/DerivedDataCache: Writable
[2016.05.15-01.44.26:480][  0]LogInit: Selected Device Profile: [Windows]
[2016.05.15-01.44.26:481][  0]LogContentStreaming: Texture pool size is 0.00 MB
[2016.05.15-01.44.26:516][  0]LogMaterial: Uniform references updated for custom material expression Custom.
[2016.05.15-01.44.26:721][  0]LogMeshUtilities: No automatic mesh reduction module available
[2016.05.15-01.44.26:721][  0]LogMeshUtilities: No automatic mesh merging module available
[2016.05.15-01.44.26:721][  0]LogMeshUtilities: No distributed automatic mesh merging module available
[2016.05.15-01.44.27:075][  0]LogUObjectArray: 27679 objects as part of root set at end of initial load.
[2016.05.15-01.44.27:075][  0]LogUObjectAllocator: 5591600 out of 0 bytes used by permanent object pool.
[2016.05.15-01.44.27:075][  0]LogUObjectArray: CloseDisregardForGC: 0/0 objects in disregard for GC pool
[2016.05.15-01.44.27:084][  0]LogInit: WinSock: version 1.1 (2.2), MaxSocks=32767, MaxUdp=65467
[2016.05.15-01.44.27:211][  0]LogSlate: SlateFontCache - WITH_FREETYPE: 1, WITH_HARFBUZZ: 1
[2016.05.15-01.44.27:212][  0]LogSlate: SlateFontCache - WITH_FREETYPE: 1, WITH_HARFBUZZ: 1
[2016.05.15-01.44.27:347][  0]LogStreaming:Warning: Failed to read file '../../../Engine/Content/Editor/Slate/Common/Selection_16x.png' error.
[2016.05.15-01.44.27:347][  0]LogSlate: Could not find file for Slate resource: ../../../Engine/Content/Editor/Slate/Common/Selection_16x.png
[2016.05.15-01.44.27:348][  0]LogStreaming:Warning: Failed to read file '../../../Engine/Content/Editor/Slate/Common/Selection_16x.png' error.
[2016.05.15-01.44.27:348][  0]LogSlate: Could not find file for Slate resource: ../../../Engine/Content/Editor/Slate/Common/Selection_16x.png
[2016.05.15-01.44.27:348][  0]LogStreaming:Warning: Failed to read file '../../../Engine/Content/Editor/Slate/Common/Selection_16x.png' error.
[2016.05.15-01.44.27:348][  0]LogSlate: Could not find file for Slate resource: ../../../Engine/Content/Editor/Slate/Common/Selection_16x.png
[2016.05.15-01.44.28:102][  0]LogUdpMessaging: Initializing bridge on interface 0.0.0.0:0 to multicast group 230.0.0.1:6666.
[2016.05.15-01.44.28:223][  0]LogAssetRegistry: FAssetRegistry took 0.0204 seconds to start up
[2016.05.15-01.44.28:506][  0]SourceControl: Info Source control is disabled
[2016.05.15-01.44.28:507][  0]SourceControl: Info Source control is disabled
[2016.05.15-01.44.28:517][  0]SourceControl: Info Source control is disabled
[2016.05.15-01.44.28:526][  0]SourceControl: Info Source control is disabled
[2016.05.15-01.44.28:660][  0]LogHMD: Failed to initialize OpenVR with code 110
[2016.05.15-01.44.28:754][  0]LogEngine: Initializing Engine...
[2016.05.15-01.44.28:968][  0]LogAIModule: Creating AISystem for world NewWorld
[2016.05.15-01.44.28:977][  0]LogInit: XAudio2 using 'Speakers (Realtek High Definition Audio)' : 2 channels at 48 kHz using 32 bits per sample (channel mask 0x3)
[2016.05.15-01.44.28:991][  0]LogInit: FAudioDevice initialized.
[2016.05.15-01.44.29:032][  0]LogDerivedDataCache: Saved boot cache 0.04s 46MB C:/Users/Z600/AppData/Local/UnrealEngine/4.11/DerivedDataCache/Boot.ddc.
[2016.05.15-01.44.29:043][  0]LogInit: Texture streaming: Enabled
[2016.05.15-01.44.29:079][  0]LogInit: Transaction tracking system initialized
[2016.05.15-01.44.29:111][  0]BlueprintLog: New page: Editor Load
[2016.05.15-01.44.29:322][  0]LocalizationService: Info Localization service is disabled
[2016.05.15-01.44.29:558][  0]LogConsoleResponse:Display: 
[2016.05.15-01.44.29:864][  0]LogFileCache: Scanning file cache for directory 'F:/UnrealProjects/MechProject2/Content/' took 0.03s
[2016.05.15-01.44.29:864][  0]LogCook:Display: Max memory allowance for cook 8192mb
[2016.05.15-01.44.29:864][  0]LogCook:Display: Mobile HDR setting 1
[2016.05.15-01.44.29:865][  0]LogCook:Display: Done creating registry. It took  0.00s.
[2016.05.15-01.44.29:954][  0]SourceControl: Info Source control is disabled
[2016.05.15-01.44.29:954][  0]Cmd: MAP LOAD FILE="../../../../../../UnrealProjects/MechProject2/Content/ThirdPersonBP/Maps/DEMOmap.umap" TEMPLATE=0 SHOWPROGRESS=1 FEATURELEVEL=3
[2016.05.15-01.44.30:046][  0]LightingResults: New page: Lighting Build
[2016.05.15-01.44.30:050][  0]MapCheck: New page: Map Check
[2016.05.15-01.44.30:051][  0]LightingResults: New page: Lighting Build
[2016.05.15-01.44.46:625][  0]LogAIModule: Creating AISystem for world DEMOmap
[2016.05.15-01.44.46:638][  0]LogMaterial:Warning: Material /Game/StarterContent/Materials/M_Basic_Floor.M_Basic_Floor needed to have new flag set bUsedWithSkeletalMesh !
[2016.05.15-01.44.46:660][  0]LogMaterial: Missing cached shader map for material M_Basic_Floor, compiling. 
[2016.05.15-01.44.46:874][  0]MapCheck:Warning: Warning M_Basic_Floor Material /Game/StarterContent/Materials/M_Basic_Floor.M_Basic_Floor was missing the usage flag bUsedWithSkeletalMesh. If the material asset is not re-saved, it may not render correctly when run outside the editor. Fix
[2016.05.15-01.44.46:874][  0]LogMaterial: 0.00 seconds spent updating 1 materials, 1 interfaces, 0 instances, 0 with static permutations.
[2016.05.15-01.44.47:127][  0]LogEditorServer: Finished looking for orphan Actors (0.000 secs)
[2016.05.15-01.44.47:168][  0]Cmd: MAP CHECKDEP NOCLEARLOG
[2016.05.15-01.44.47:246][  0]MapCheck: Info Map check complete: 0 Error(s), 1 Warning(s), took 78.295ms to complete.
[2016.05.15-01.44.47:526][  0]LogFileHelpers: Loading map 'DEMOmap' took 17.572
[2016.05.15-01.44.48:147][  0]LogCollectionManager: Loaded 0 collections in 0.002175 seconds
[2016.05.15-01.44.48:329][  0]LogFileCache: Scanning file cache for directory 'F:/UnrealProjects/MechProject2/Saved/Collections/' took 0.01s
[2016.05.15-01.44.48:329][  0]LogFileCache: Scanning file cache for directory 'F:/UnrealProjects/MechProject2/Content/Developers/Z600/Collections/' took 0.01s
[2016.05.15-01.44.48:329][  0]LogFileCache: Scanning file cache for directory 'F:/UnrealProjects/MechProject2/Content/Collections/' took 0.00s
[2016.05.15-01.44.48:329][  0]LogCollectionManager: Rebuilt the GUID cache for 0 collections in 0.000007 seconds
[2016.05.15-01.44.48:343][  0]LogContentBrowser: Native class hierarchy populated in 0.0133 seconds. Added 1979 classes and 343 folders.
[2016.05.15-01.44.48:412][  0]LogStats: UGameplayTagsManager::ConstructGameplayTagTree: Construct from data asset -  0.000 s
[2016.05.15-01.44.48:413][  0]LogStats: UGameplayTagsManager::ConstructGameplayTagTree: GameplayTagTreeChangedEvent.Broadcast -  0.000 s
[2016.05.15-01.44.48:414][  0]LogContentBrowser: Native class hierarchy updated for 'GameplayTags' in 0.0008 seconds. Added 12 classes and 0 folders.
[2016.05.15-01.44.48:451][  0]LogContentBrowser: Native class hierarchy updated for 'WidgetCarousel' in 0.0005 seconds. Added 0 classes and 0 folders.
[2016.05.15-01.44.48:607][  0]LogContentBrowser: Native class hierarchy updated for 'SuperSearch' in 0.0005 seconds. Added 1 classes and 2 folders.
[2016.05.15-01.44.49:656][  0]LogContentBrowser: Native class hierarchy updated for 'AddContentDialog' in 0.0005 seconds. Added 0 classes and 0 folders.
[2016.05.15-01.44.49:728][  0]LogContentBrowser: Native class hierarchy updated for 'SceneOutliner' in 0.0006 seconds. Added 1 classes and 2 folders.
[2016.05.15-01.44.50:677][  0]LogCrashTracker: Crashtracker disabled due to settings.
[2016.05.15-01.44.50:832][  0]LogUObjectGlobals:Warning: Failed to find object 'Class None.'
[2016.05.15-01.44.50:880][  0]LogContentBrowser: Native class hierarchy updated for 'HierarchicalLODOutliner' in 0.0005 seconds. Added 1 classes and 2 folders.
[2016.05.15-01.44.50:881][  0]LogLoad: Full Startup: 28.12 seconds (BP compile: 1.53 seconds)
[2016.05.15-01.44.50:881][  0]LogExternalProfiler:Warning: No registered external profiler was matched with a command-line switch (or the DLL could not be loaded).  External profiling features will not be available.
[2016.05.15-01.44.50:890][  0]LogOcInput: OculusInput pre-init called
[2016.05.15-01.44.51:268][  0]LogContentStreaming: Texture pool size now 1000 MB
[2016.05.15-01.44.51:922][  0]LogRenderer: Reallocating scene render targets to support 1204x576 (Frame:2).
[2016.05.15-01.44.52:401][  2]LogAssetRegistry: Asset discovery search completed in 24.1981 seconds
[2016.05.15-01.44.52:401][  2]LogCollectionManager: Rebuilt the object cache for 0 collections in 0.000002 seconds (found 0 objects)
[2016.05.15-01.44.52:401][  2]LogCollectionManager: Fixed up redirectors for 0 collections in 0.000044 seconds (updated 0 objects)
[2016.05.15-01.45.28:156][451]LogPlayLevel: PlayLevel: No blueprints needed recompiling
[2016.05.15-01.45.28:284][451]PIE: New page: PIE session: DEMOmap (May 14, 2016, 4:45:28 PM)
[2016.05.15-01.45.28:312][451]LogPlayLevel: Creating play world package: /Game/ThirdPersonBP/Maps/UEDPIE_0_DEMOmap
[2016.05.15-01.45.28:386][451]LogPlayLevel: PIE: StaticDuplicateObject took: (0.073931s)
[2016.05.15-01.45.28:386][451]LogAIModule: Creating AISystem for world DEMOmap
[2016.05.15-01.45.28:387][451]LogPlayLevel: PIE: World Init took: (0.000949s)
[2016.05.15-01.45.28:387][451]LogPlayLevel: PIE: Created PIE world by copying editor world from /Game/ThirdPersonBP/Maps/DEMOmap.DEMOmap to /Game/ThirdPersonBP/Maps/UEDPIE_0_DEMOmap.DEMOmap (0.075233s)
[2016.05.15-01.45.28:397][451]LogActorComponent: UnregisterComponent: (/Engine/Transient.CharMoveComp) Not registered. Aborting.
[2016.05.15-01.45.28:525][451]LogInit: XAudio2 using 'Speakers (Realtek High Definition Audio)' : 2 channels at 48 kHz using 32 bits per sample (channel mask 0x3)
[2016.05.15-01.45.28:536][451]LogInit: FAudioDevice initialized.
[2016.05.15-01.45.28:667][451]LogWorld: Game class is 'MechGame_C'
[2016.05.15-01.45.28:907][451]LogWorld: Bringing World /Game/ThirdPersonBP/Maps/UEDPIE_0_DEMOmap.DEMOmap up for play (max tick rate 0) at 2016.05.14-21.45.28
[2016.05.15-01.45.28:977][451]LogBlueprintUserMessages: [MechChara11_4728] wallruncollide
[2016.05.15-01.45.29:025][451]LogBlueprintUserMessages: [MechChara10_4327] wallruncollide
[2016.05.15-01.45.29:037][451]LogBlueprintUserMessages: [MechChara12_5016] wallruncollide
[2016.05.15-01.45.29:039][451]LogBlueprintUserMessages: [MechChara13_5588] wallruncollide
[2016.05.15-01.45.29:041][451]LogBlueprintUserMessages: [MechChara14] wallruncollide
[2016.05.15-01.45.29:043][451]LogBlueprintUserMessages: [MechChara15] wallruncollide
[2016.05.15-01.45.29:044][451]LogBlueprintUserMessages: [MechChara16] wallruncollide
[2016.05.15-01.45.29:046][451]LogBlueprintUserMessages: [MechChara17] wallruncollide
[2016.05.15-01.45.29:048][451]LogBlueprintUserMessages: [MechChara2] wallruncollide
[2016.05.15-01.45.29:050][451]LogBlueprintUserMessages: [MechChara3] wallruncollide
[2016.05.15-01.45.29:052][451]LogBlueprintUserMessages: [MechChara4_17492] wallruncollide
[2016.05.15-01.45.29:053][451]LogBlueprintUserMessages: [MechChara5] wallruncollide
[2016.05.15-01.45.29:055][451]LogBlueprintUserMessages: [MechChara5] wallruncollide
[2016.05.15-01.45.29:055][451]LogBlueprintUserMessages: [MechChara6] wallruncollide
[2016.05.15-01.45.29:057][451]LogBlueprintUserMessages: [MechChara7] wallruncollide
[2016.05.15-01.45.29:058][451]LogBlueprintUserMessages: [MechChara8_441] wallruncollide
[2016.05.15-01.45.29:059][451]LogBlueprintUserMessages: [MechChara9_3888] wallruncollide
[2016.05.15-01.45.29:060][451]LogBlueprintUserMessages: [MechChara_5996] wallruncollide
[2016.05.15-01.45.29:063][451]LogWorld: Bringing up level for play took: 0.369984
[2016.05.15-01.45.29:179][451]LogSpawn:Warning: SpawnActor failed because no class was specified
[2016.05.15-01.45.29:198][451]LogContentBrowser: Native class hierarchy updated for 'MovieSceneCapture' in 0.0008 seconds. Added 9 classes and 0 folders.
[2016.05.15-01.45.29:207][451]LogBlueprintUserMessages: [MechChara_C_391] wallruncollide
[2016.05.15-01.45.29:374][451]PIE: Info Play in editor start time for /Game/ThirdPersonBP/Maps/UEDPIE_0_DEMOmap 1.969
[2016.05.15-01.45.29:580][452]LogRenderer: Reallocating scene render targets to support 1920x1080 (Frame:2443).
[2016.05.15-01.45.29:667][453]LogRenderTargetPool:Warning: r.RenderTargetPoolMin exceeded 429/400 MB (ok in editor, bad on fixed memory platform)
[2016.05.15-01.45.38:938][914]LogBlueprintUserMessages: [MechChara_C_391] wallruncollide
[2016.05.15-01.45.38:938][914]LogBlueprintUserMessages: [MechChara_C_391] RightOn
[2016.05.15-01.45.39:220][927]LogScript:Warning: Accessed None trying to read property K2Node_ComponentBoundEvent_OtherActor5
	MechChara_C /Game/ThirdPersonBP/Maps/UEDPIE_0_DEMOmap.DEMOmap:PersistentLevel.MechChara_C_391
	Function /Game/MechaInsurgent/MechaInsurgent/MechChara.MechChara_C:ExecuteUbergraph_MechChara:0BB6
[2016.05.15-01.45.39:220][927]PIE:Error: Error Blueprint Runtime Error: Accessed None trying to read property K2Node_ComponentBoundEvent_OtherActor5 from function: 'ExecuteUbergraph_MechChara' from node: Launch Character in graph: EventGraph in object: MechChara
[2016.05.15-01.45.39:221][927]LogBlueprintUserMessages: [MechChara_C_391] Hello
[2016.05.15-01.45.40:205][974]LogBlueprintUserMessages: [MechChara_C_391] 1
[2016.05.15-01.45.41:872][ 59]LogBlueprintUserMessages: [MechChara_C_391] RightOff
[2016.05.15-01.45.44:061][167]LogBlueprintUserMessages: [MechChara_C_391] wallruncollide
[2016.05.15-01.45.44:061][167]LogBlueprintUserMessages: [MechChara_C_391] leftOn
[2016.05.15-01.45.44:296][179]LogBlueprintUserMessages: [MechChara_C_391] Hello
[2016.05.15-01.45.45:286][228]LogBlueprintUserMessages: [MechChara_C_391] 1
[2016.05.15-01.45.45:603][244]LogBlueprintUserMessages: [MechChara_C_391] LeftOff
[2016.05.15-01.45.51:405][547]LogBlueprintUserMessages: [MechChara_C_391] wallruncollide
[2016.05.15-01.45.51:405][547]LogBlueprintUserMessages: [MechChara_C_391] leftOn
[2016.05.15-01.45.51:487][551]LogBlueprintUserMessages: [MechChara_C_391] Hello
[2016.05.15-01.45.52:473][602]LogBlueprintUserMessages: [MechChara_C_391] 1
[2016.05.15-01.45.55:451][754]LogBlueprintUserMessages: [MechChara_C_391] LeftOff
[2016.05.15-01.45.58:560][912]Set new viewmode: Wireframe
[2016.05.15-01.45.59:209][944]Set new viewmode: Unlit
[2016.05.15-01.45.59:743][971]Set new viewmode: Lit
[2016.05.15-01.46.09:085][427]LogRenderTargetPool:Warning: r.RenderTargetPoolMin exceeded 412/400 MB (ok in editor, bad on fixed memory platform)
[2016.05.15-01.46.13:182][501]LogContentBrowser: Native class hierarchy updated for 'BlueprintGraph' in 0.0017 seconds. Added 108 classes and 0 folders.
[2016.05.15-01.46.14:950][501]LogBlueprintUserMessages: [MechChara_C_392] wallruncollide
[2016.05.15-01.46.17:673][504]LogRenderTargetPool:Warning: r.RenderTargetPoolMin exceeded 407/400 MB (ok in editor, bad on fixed memory platform)
[2016.05.15-01.46.20:613][611]LogRenderTargetPool:Warning: r.RenderTargetPoolMin exceeded 407/400 MB (ok in editor, bad on fixed memory platform)
[2016.05.15-01.46.23:125][683]LogRenderTargetPool:Warning: r.RenderTargetPoolMin exceeded 423/400 MB (ok in editor, bad on fixed memory platform)
[2016.05.15-01.46.24:203][684]LogSkeletalMesh: InitArticulated: Bodies already created (/Engine/Transient.DebugSkelMeshComponent_0) - call TermArticulated first.
[2016.05.15-01.46.24:479][684]LogContentBrowser:Verbose: The majority of assets in the view are of type: AnimSequence
[2016.05.15-01.48.07:594][380]LogContentBrowser:Verbose: The majority of assets in the view are of type: AnimSequence
[2016.05.15-01.48.42:504][310]LogContentBrowser:Verbose: The majority of assets in the view are of type: AnimSequence
[2016.05.15-01.49.14:477][482]BlueprintLog: New page: Compile FirstPersonAnim
[2016.05.15-01.49.14:624][482]LogActorComponent: UnregisterComponent: (/Engine/Transient.CharMoveComp) Not registered. Aborting.
[2016.05.15-01.49.15:056][482]BlueprintEditorCompileResults: Info [0292.29] Compile of FirstPersonAnim successful! [in 579 ms]
[2016.05.15-01.49.18:855][696]BlueprintLog: New page: Compile FirstPersonAnim
[2016.05.15-01.49.19:140][696]BlueprintEditorCompileResults: Info [0296.37] Compile of FirstPersonAnim successful! [in 285 ms]
[2016.05.15-01.49.39:707][143]LogAnimation:Warning: Setting an additve animation (FPDrage) on an AnimSingleNodeInstance is not allowed. This will not function correctly in cooked builds!
[2016.05.15-01.50.03:712][327]BlueprintLog: New page: Compile FirstPersonAnim
[2016.05.15-01.50.04:046][327]BlueprintEditorCompileResults: Info [0341.27] Compile of FirstPersonAnim successful! [in 333 ms]
[2016.05.15-01.50.06:657][483]LogPlayLevel: PlayLevel: No blueprints needed recompiling
[2016.05.15-01.50.06:657][483]PIE: New page: PIE session: DEMOmap (May 14, 2016, 4:50:06 PM)
[2016.05.15-01.50.06:657][483]LogPlayLevel: Creating play world package: /Game/ThirdPersonBP/Maps/UEDPIE_0_DEMOmap
[2016.05.15-01.50.06:695][483]LogPlayLevel: PIE: StaticDuplicateObject took: (0.037608s)
[2016.05.15-01.50.06:696][483]LogAIModule: Creating AISystem for world DEMOmap
[2016.05.15-01.50.06:696][483]LogPlayLevel: PIE: World Init took: (0.000990s)
[2016.05.15-01.50.06:696][483]LogPlayLevel: PIE: Created PIE world by copying editor world from /Game/ThirdPersonBP/Maps/DEMOmap.DEMOmap to /Game/ThirdPersonBP/Maps/UEDPIE_0_DEMOmap.DEMOmap (0.038899s)
[2016.05.15-01.50.06:755][483]LogInit: XAudio2 using 'Speakers (Realtek High Definition Audio)' : 2 channels at 48 kHz using 32 bits per sample (channel mask 0x3)
[2016.05.15-01.50.06:765][483]LogInit: FAudioDevice initialized.
[2016.05.15-01.50.06:819][483]LogWorld: Game class is 'MechGame_C'
[2016.05.15-01.50.06:871][483]LogWorld: Bringing World /Game/ThirdPersonBP/Maps/UEDPIE_0_DEMOmap.DEMOmap up for play (max tick rate 0) at 2016.05.14-21.50.06
[2016.05.15-01.50.06:874][483]LogBlueprintUserMessages: [MechChara11_4728] wallruncollide
[2016.05.15-01.50.06:875][483]LogBlueprintUserMessages: [MechChara10_4327] wallruncollide
[2016.05.15-01.50.06:876][483]LogBlueprintUserMessages: [MechChara12_5016] wallruncollide
[2016.05.15-01.50.06:877][483]LogBlueprintUserMessages: [MechChara13_5588] wallruncollide
[2016.05.15-01.50.06:878][483]LogBlueprintUserMessages: [MechChara14] wallruncollide
[2016.05.15-01.50.06:879][483]LogBlueprintUserMessages: [MechChara15] wallruncollide
[2016.05.15-01.50.06:880][483]LogBlueprintUserMessages: [MechChara16] wallruncollide
[2016.05.15-01.50.06:881][483]LogBlueprintUserMessages: [MechChara17] wallruncollide
[2016.05.15-01.50.06:882][483]LogBlueprintUserMessages: [MechChara2] wallruncollide
[2016.05.15-01.50.06:883][483]LogBlueprintUserMessages: [MechChara3] wallruncollide
[2016.05.15-01.50.06:885][483]LogBlueprintUserMessages: [MechChara4_17492] wallruncollide
[2016.05.15-01.50.06:886][483]LogBlueprintUserMessages: [MechChara5] wallruncollide
[2016.05.15-01.50.06:888][483]LogBlueprintUserMessages: [MechChara5] wallruncollide
[2016.05.15-01.50.06:888][483]LogBlueprintUserMessages: [MechChara6] wallruncollide
[2016.05.15-01.50.06:889][483]LogBlueprintUserMessages: [MechChara7] wallruncollide
[2016.05.15-01.50.06:890][483]LogBlueprintUserMessages: [MechChara8_441] wallruncollide
[2016.05.15-01.50.06:891][483]LogBlueprintUserMessages: [MechChara9_3888] wallruncollide
[2016.05.15-01.50.06:893][483]LogBlueprintUserMessages: [MechChara_5996] wallruncollide
[2016.05.15-01.50.06:894][483]LogWorld: Bringing up level for play took: 0.073577
[2016.05.15-01.50.06:895][483]LogSpawn:Warning: SpawnActor failed because no class was specified
[2016.05.15-01.50.06:900][483]LogBlueprintUserMessages: [MechChara_C_393] wallruncollide
[2016.05.15-01.50.06:929][483]PIE: Info Play in editor start time for /Game/ThirdPersonBP/Maps/UEDPIE_0_DEMOmap -0.481
[2016.05.15-01.50.07:002][484]LogRenderTargetPool:Warning: r.RenderTargetPoolMin exceeded 444/400 MB (ok in editor, bad on fixed memory platform)
[2016.05.15-01.50.22:884][253]BlueprintLog: New page: Compile FirstPersonAnim
[2016.05.15-01.50.23:169][253]BlueprintEditorCompileResults: Info [0360.40] Compile of FirstPersonAnim successful! [in 285 ms]
[2016.05.15-01.50.24:285][305]LogPlayLevel: PlayLevel: No blueprints needed recompiling
[2016.05.15-01.50.24:285][305]PIE: New page: PIE session: DEMOmap (May 14, 2016, 4:50:24 PM)
[2016.05.15-01.50.24:285][305]LogPlayLevel: Creating play world package: /Game/ThirdPersonBP/Maps/UEDPIE_0_DEMOmap
[2016.05.15-01.50.24:324][305]LogPlayLevel: PIE: StaticDuplicateObject took: (0.038469s)
[2016.05.15-01.50.24:324][305]LogAIModule: Creating AISystem for world DEMOmap
[2016.05.15-01.50.24:325][305]LogPlayLevel: PIE: World Init took: (0.000885s)
[2016.05.15-01.50.24:325][305]LogPlayLevel: PIE: Created PIE world by copying editor world from /Game/ThirdPersonBP/Maps/DEMOmap.DEMOmap to /Game/ThirdPersonBP/Maps/UEDPIE_0_DEMOmap.DEMOmap (0.039642s)
[2016.05.15-01.50.24:372][305]LogInit: XAudio2 using 'Speakers (Realtek High Definition Audio)' : 2 channels at 48 kHz using 32 bits per sample (channel mask 0x3)
[2016.05.15-01.50.24:382][305]LogInit: FAudioDevice initialized.
[2016.05.15-01.50.24:433][305]LogWorld: Game class is 'MechGame_C'
[2016.05.15-01.50.24:484][305]LogWorld: Bringing World /Game/ThirdPersonBP/Maps/UEDPIE_0_DEMOmap.DEMOmap up for play (max tick rate 0) at 2016.05.14-21.50.24
[2016.05.15-01.50.24:486][305]LogBlueprintUserMessages: [MechChara11_4728] wallruncollide
[2016.05.15-01.50.24:487][305]LogBlueprintUserMessages: [MechChara10_4327] wallruncollide
[2016.05.15-01.50.24:488][305]LogBlueprintUserMessages: [MechChara12_5016] wallruncollide
[2016.05.15-01.50.24:489][305]LogBlueprintUserMessages: [MechChara13_5588] wallruncollide
[2016.05.15-01.50.24:490][305]LogBlueprintUserMessages: [MechChara14] wallruncollide
[2016.05.15-01.50.24:491][305]LogBlueprintUserMessages: [MechChara15] wallruncollide
[2016.05.15-01.50.24:492][305]LogBlueprintUserMessages: [MechChara16] wallruncollide
[2016.05.15-01.50.24:494][305]LogBlueprintUserMessages: [MechChara17] wallruncollide
[2016.05.15-01.50.24:495][305]LogBlueprintUserMessages: [MechChara2] wallruncollide
[2016.05.15-01.50.24:496][305]LogBlueprintUserMessages: [MechChara3] wallruncollide
[2016.05.15-01.50.24:497][305]LogBlueprintUserMessages: [MechChara4_17492] wallruncollide
[2016.05.15-01.50.24:498][305]LogBlueprintUserMessages: [MechChara5] wallruncollide
[2016.05.15-01.50.24:499][305]LogBlueprintUserMessages: [MechChara5] wallruncollide
[2016.05.15-01.50.24:499][305]LogBlueprintUserMessages: [MechChara6] wallruncollide
[2016.05.15-01.50.24:500][305]LogBlueprintUserMessages: [MechChara7] wallruncollide
[2016.05.15-01.50.24:501][305]LogBlueprintUserMessages: [MechChara8_441] wallruncollide
[2016.05.15-01.50.24:502][305]LogBlueprintUserMessages: [MechChara9_3888] wallruncollide
[2016.05.15-01.50.24:503][305]LogBlueprintUserMessages: [MechChara_5996] wallruncollide
[2016.05.15-01.50.24:504][305]LogWorld: Bringing up level for play took: 0.069364
[2016.05.15-01.50.24:506][305]LogSpawn:Warning: SpawnActor failed because no class was specified
[2016.05.15-01.50.24:510][305]LogBlueprintUserMessages: [MechChara_C_394] wallruncollide
[2016.05.15-01.50.24:540][305]PIE: Info Play in editor start time for /Game/ThirdPersonBP/Maps/UEDPIE_0_DEMOmap 1.13
[2016.05.15-01.50.24:615][306]LogRenderTargetPool:Warning: r.RenderTargetPoolMin exceeded 441/400 MB (ok in editor, bad on fixed memory platform)
[2016.05.15-01.50.46:943][340]LogContentBrowser:Verbose: The majority of assets in the view are of type: AnimSequence
[2016.05.15-01.51.05:729][408]LogSavePackage: Save=62.66ms
[2016.05.15-01.51.05:729][408]LogSavePackage: Moving '../../../../../../UnrealProjects/MechProject2/Saved/HyenaFirstPerson_FP_Drag_Right54661B024FC628F7701544AFEC86DEB8.tmp' to '../../../../../../UnrealProjects/MechProject2/Content/MechaInsurgent/MechaInsurgent/FirstPersonAnimation/HyenaFirstPerson_FP_Drag_Right.uasset'
[2016.05.15-01.51.05:750][408]LogSavePackage: Total save time: 103.69ms
[2016.05.15-01.51.05:750][408]LogSavePackage:Display: Finished SavePackage ../../../../../../UnrealProjects/MechProject2/Content/MechaInsurgent/MechaInsurgent/FirstPersonAnimation/HyenaFirstPerson_FP_Drag_Right.uasset
[2016.05.15-01.51.13:996][993]LogSavePackage: Save=8.74ms
[2016.05.15-01.51.13:996][993]LogSavePackage: Moving '../../../../../../UnrealProjects/MechProject2/Saved/HyenaFirstPerson_FP_Drag_RightC979296C43708109BD77098118286B55.tmp' to '../../../../../../UnrealProjects/MechProject2/Content/MechaInsurgent/MechaInsurgent/FirstPersonAnimation/HyenaFirstPerson_FP_Drag_Right.uasset'
[2016.05.15-01.51.13:999][993]LogSavePackage: Total save time: 15.68ms
[2016.05.15-01.51.13:999][993]LogSavePackage:Display: Finished SavePackage ../../../../../../UnrealProjects/MechProject2/Content/MechaInsurgent/MechaInsurgent/FirstPersonAnimation/HyenaFirstPerson_FP_Drag_Right.uasset
[2016.05.15-01.51.15:779][124]LogRenderTargetPool:Warning: r.RenderTargetPoolMin exceeded 449/400 MB (ok in editor, bad on fixed memory platform)
[2016.05.15-01.51.15:896][130]LogRenderTargetPool:Warning: r.RenderTargetPoolMin exceeded 434/400 MB (ok in editor, bad on fixed memory platform)
[2016.05.15-01.51.16:755][166]LogPlayLevel: PlayLevel: No blueprints needed recompiling
[2016.05.15-01.51.16:755][166]PIE: New page: PIE session: DEMOmap (May 14, 2016, 4:51:16 PM)
[2016.05.15-01.51.16:756][166]LogPlayLevel: Creating play world package: /Game/ThirdPersonBP/Maps/UEDPIE_0_DEMOmap
[2016.05.15-01.51.16:792][166]LogPlayLevel: PIE: StaticDuplicateObject took: (0.036797s)
[2016.05.15-01.51.16:793][166]LogAIModule: Creating AISystem for world DEMOmap
[2016.05.15-01.51.16:793][166]LogPlayLevel: PIE: World Init took: (0.000929s)
[2016.05.15-01.51.16:794][166]LogPlayLevel: PIE: Created PIE world by copying editor world from /Game/ThirdPersonBP/Maps/DEMOmap.DEMOmap to /Game/ThirdPersonBP/Maps/UEDPIE_0_DEMOmap.DEMOmap (0.038098s)
[2016.05.15-01.51.16:845][166]LogInit: XAudio2 using 'Speakers (Realtek High Definition Audio)' : 2 channels at 48 kHz using 32 bits per sample (channel mask 0x3)
[2016.05.15-01.51.16:855][166]LogInit: FAudioDevice initialized.
[2016.05.15-01.51.16:909][166]LogWorld: Game class is 'MechGame_C'
[2016.05.15-01.51.16:958][166]LogWorld: Bringing World /Game/ThirdPersonBP/Maps/UEDPIE_0_DEMOmap.DEMOmap up for play (max tick rate 0) at 2016.05.14-21.51.16
[2016.05.15-01.51.16:960][166]LogBlueprintUserMessages: [MechChara11_4728] wallruncollide
[2016.05.15-01.51.16:961][166]LogBlueprintUserMessages: [MechChara10_4327] wallruncollide
[2016.05.15-01.51.16:962][166]LogBlueprintUserMessages: [MechChara12_5016] wallruncollide
[2016.05.15-01.51.16:963][166]LogBlueprintUserMessages: [MechChara13_5588] wallruncollide
[2016.05.15-01.51.16:964][166]LogBlueprintUserMessages: [MechChara14] wallruncollide
[2016.05.15-01.51.16:965][166]LogBlueprintUserMessages: [MechChara15] wallruncollide
[2016.05.15-01.51.16:966][166]LogBlueprintUserMessages: [MechChara16] wallruncollide
[2016.05.15-01.51.16:967][166]LogBlueprintUserMessages: [MechChara17] wallruncollide
[2016.05.15-01.51.16:968][166]LogBlueprintUserMessages: [MechChara2] wallruncollide
[2016.05.15-01.51.16:969][166]LogBlueprintUserMessages: [MechChara3] wallruncollide
[2016.05.15-01.51.16:971][166]LogBlueprintUserMessages: [MechChara4_17492] wallruncollide
[2016.05.15-01.51.16:972][166]LogBlueprintUserMessages: [MechChara5] wallruncollide
[2016.05.15-01.51.16:973][166]LogBlueprintUserMessages: [MechChara5] wallruncollide
[2016.05.15-01.51.16:973][166]LogBlueprintUserMessages: [MechChara6] wallruncollide
[2016.05.15-01.51.16:974][166]LogBlueprintUserMessages: [MechChara7] wallruncollide
[2016.05.15-01.51.16:975][166]LogBlueprintUserMessages: [MechChara8_441] wallruncollide
[2016.05.15-01.51.16:976][166]LogBlueprintUserMessages: [MechChara9_3888] wallruncollide
[2016.05.15-01.51.16:977][166]LogBlueprintUserMessages: [MechChara_5996] wallruncollide
[2016.05.15-01.51.16:978][166]LogWorld: Bringing up level for play took: 0.066521
[2016.05.15-01.51.16:979][166]LogSpawn:Warning: SpawnActor failed because no class was specified
[2016.05.15-01.51.16:983][166]LogBlueprintUserMessages: [MechChara_C_395] wallruncollide
[2016.05.15-01.51.17:014][166]PIE: Info Play in editor start time for /Game/ThirdPersonBP/Maps/UEDPIE_0_DEMOmap -0.398
[2016.05.15-01.51.17:095][167]LogRenderTargetPool:Warning: r.RenderTargetPoolMin exceeded 427/400 MB (ok in editor, bad on fixed memory platform)
[2016.05.15-01.51.46:262][501]LogRenderTargetPool:Warning: r.RenderTargetPoolMin exceeded 434/400 MB (ok in editor, bad on fixed memory platform)
[2016.05.15-01.51.51:805][686]LogRenderTargetPool:Warning: r.RenderTargetPoolMin exceeded 434/400 MB (ok in editor, bad on fixed memory platform)
[2016.05.15-01.52.41:909][556]LogSavePackage: Save=8.55ms
[2016.05.15-01.52.41:909][556]LogSavePackage: Moving '../../../../../../UnrealProjects/MechProject2/Saved/HyenaFirstPerson_FP_Drag_Right0D8B61E54ABD7111D5027DA0471DA3F5.tmp' to '../../../../../../UnrealProjects/MechProject2/Content/MechaInsurgent/MechaInsurgent/FirstPersonAnimation/HyenaFirstPerson_FP_Drag_Right.uasset'
[2016.05.15-01.52.41:911][556]LogSavePackage: Total save time: 16.88ms
[2016.05.15-01.52.41:911][556]LogSavePackage:Display: Finished SavePackage ../../../../../../UnrealProjects/MechProject2/Content/MechaInsurgent/MechaInsurgent/FirstPersonAnimation/HyenaFirstPerson_FP_Drag_Right.uasset
[2016.05.15-01.53.16:574][606]LogSavePackage: Save=21.28ms
[2016.05.15-01.53.16:574][606]LogSavePackage: Moving '../../../../../../UnrealProjects/MechProject2/Saved/HyenaFirstPerson_FP_DragLeftUp72E158094CE2C264740C8F86F540E57D.tmp' to '../../../../../../UnrealProjects/MechProject2/Content/MechaInsurgent/MechaInsurgent/FirstPersonAnimation/HyenaFirstPerson_FP_DragLeftUp.uasset'
[2016.05.15-01.53.16:576][606]LogSavePackage: Total save time: 34.01ms
[2016.05.15-01.53.16:576][606]LogSavePackage:Display: Finished SavePackage ../../../../../../UnrealProjects/MechProject2/Content/MechaInsurgent/MechaInsurgent/FirstPersonAnimation/HyenaFirstPerson_FP_DragLeftUp.uasset
[2016.05.15-01.53.21:370][808]LogContentBrowser:Verbose: The majority of assets in the view are of type: AnimSequence
[2016.05.15-01.53.28:310][138]BlueprintLog: New page: Compile FirstPersonAnim
[2016.05.15-01.53.28:364][138]LogActorComponent: UnregisterComponent: (/Engine/Transient.CharMoveComp) Not registered. Aborting.
[2016.05.15-01.53.28:516][138]BlueprintEditorCompileResults: Info [0545.74] Compile of FirstPersonAnim successful! [in 205 ms]
[2016.05.15-01.53.29:219][163]LogPlayLevel: PlayLevel: No blueprints needed recompiling
[2016.05.15-01.53.29:220][163]PIE: New page: PIE session: DEMOmap (May 14, 2016, 4:53:29 PM)
[2016.05.15-01.53.29:220][163]LogPlayLevel: Creating play world package: /Game/ThirdPersonBP/Maps/UEDPIE_0_DEMOmap
[2016.05.15-01.53.29:257][163]LogPlayLevel: PIE: StaticDuplicateObject took: (0.037041s)
[2016.05.15-01.53.29:258][163]LogAIModule: Creating AISystem for world DEMOmap
[2016.05.15-01.53.29:258][163]LogPlayLevel: PIE: World Init took: (0.000903s)
[2016.05.15-01.53.29:258][163]LogPlayLevel: PIE: Created PIE world by copying editor world from /Game/ThirdPersonBP/Maps/DEMOmap.DEMOmap to /Game/ThirdPersonBP/Maps/UEDPIE_0_DEMOmap.DEMOmap (0.038239s)
[2016.05.15-01.53.29:306][163]LogInit: XAudio2 using 'Speakers (Realtek High Definition Audio)' : 2 channels at 48 kHz using 32 bits per sample (channel mask 0x3)
[2016.05.15-01.53.29:316][163]LogInit: FAudioDevice initialized.
[2016.05.15-01.53.29:370][163]LogWorld: Game class is 'MechGame_C'
[2016.05.15-01.53.29:422][163]LogWorld: Bringing World /Game/ThirdPersonBP/Maps/UEDPIE_0_DEMOmap.DEMOmap up for play (max tick rate 0) at 2016.05.14-21.53.29
[2016.05.15-01.53.29:424][163]LogBlueprintUserMessages: [MechChara11_4728] wallruncollide
[2016.05.15-01.53.29:425][163]LogBlueprintUserMessages: [MechChara10_4327] wallruncollide
[2016.05.15-01.53.29:426][163]LogBlueprintUserMessages: [MechChara12_5016] wallruncollide
[2016.05.15-01.53.29:428][163]LogBlueprintUserMessages: [MechChara13_5588] wallruncollide
[2016.05.15-01.53.29:429][163]LogBlueprintUserMessages: [MechChara14] wallruncollide
[2016.05.15-01.53.29:430][163]LogBlueprintUserMessages: [MechChara15] wallruncollide
[2016.05.15-01.53.29:431][163]LogBlueprintUserMessages: [MechChara16] wallruncollide
[2016.05.15-01.53.29:432][163]LogBlueprintUserMessages: [MechChara17] wallruncollide
[2016.05.15-01.53.29:433][163]LogBlueprintUserMessages: [MechChara2] wallruncollide
[2016.05.15-01.53.29:434][163]LogBlueprintUserMessages: [MechChara3] wallruncollide
[2016.05.15-01.53.29:435][163]LogBlueprintUserMessages: [MechChara4_17492] wallruncollide
[2016.05.15-01.53.29:436][163]LogBlueprintUserMessages: [MechChara5] wallruncollide
[2016.05.15-01.53.29:437][163]LogBlueprintUserMessages: [MechChara5] wallruncollide
[2016.05.15-01.53.29:438][163]LogBlueprintUserMessages: [MechChara6] wallruncollide
[2016.05.15-01.53.29:439][163]LogBlueprintUserMessages: [MechChara7] wallruncollide
[2016.05.15-01.53.29:440][163]LogBlueprintUserMessages: [MechChara8_441] wallruncollide
[2016.05.15-01.53.29:441][163]LogBlueprintUserMessages: [MechChara9_3888] wallruncollide
[2016.05.15-01.53.29:442][163]LogBlueprintUserMessages: [MechChara_5996] wallruncollide
[2016.05.15-01.53.29:443][163]LogWorld: Bringing up level for play took: 0.069495
[2016.05.15-01.53.29:445][163]LogSpawn:Warning: SpawnActor failed because no class was specified
[2016.05.15-01.53.29:450][163]LogBlueprintUserMessages: [MechChara_C_396] wallruncollide
[2016.05.15-01.53.29:483][163]PIE: Info Play in editor start time for /Game/ThirdPersonBP/Maps/UEDPIE_0_DEMOmap 0.069
[2016.05.15-01.53.29:546][164]LogRenderTargetPool:Warning: r.RenderTargetPoolMin exceeded 420/400 MB (ok in editor, bad on fixed memory platform)
[2016.05.15-01.53.36:983][439]Cmd: disableallscreenmessages
[2016.05.15-01.53.37:070][439]LogEngine: Onscreen warnings/messages are now DISABLED
[2016.05.15-01.53.37:927][469]Cmd: Enableallscreenmessages
[2016.05.15-01.53.37:927][469]LogEngine: Onscreen warngins/messages are now ENABLED
[2016.05.15-01.53.39:519][531]Cmd: disableallscreenmessages
[2016.05.15-01.53.39:519][531]LogEngine: Onscreen warnings/messages are now DISABLED
[2016.05.15-01.53.40:922][586]Cmd: Enableallscreenmessages
[2016.05.15-01.53.40:922][586]LogEngine: Onscreen warngins/messages are now ENABLED
[2016.05.15-01.53.41:344][602]Cmd: disableallscreenmessages
[2016.05.15-01.53.41:344][602]LogEngine: Onscreen warnings/messages are now DISABLED
[2016.05.15-01.53.41:628][613]Cmd: Enableallscreenmessages
[2016.05.15-01.53.41:628][613]LogEngine: Onscreen warngins/messages are now ENABLED
[2016.05.15-01.53.44:552][748]LogPlayLevel: PlayLevel: No blueprints needed recompiling
[2016.05.15-01.53.44:552][748]PIE: New page: PIE session: DEMOmap (May 14, 2016, 4:53:44 PM)
[2016.05.15-01.53.44:552][748]LogPlayLevel: Creating play world package: /Game/ThirdPersonBP/Maps/UEDPIE_0_DEMOmap
[2016.05.15-01.53.44:588][748]LogPlayLevel: PIE: StaticDuplicateObject took: (0.035627s)
[2016.05.15-01.53.44:588][748]LogAIModule: Creating AISystem for world DEMOmap
[2016.05.15-01.53.44:589][748]LogPlayLevel: PIE: World Init took: (0.000886s)
[2016.05.15-01.53.44:589][748]LogPlayLevel: PIE: Created PIE world by copying editor world from /Game/ThirdPersonBP/Maps/DEMOmap.DEMOmap to /Game/ThirdPersonBP/Maps/UEDPIE_0_DEMOmap.DEMOmap (0.036810s)
[2016.05.15-01.53.44:633][748]LogInit: XAudio2 using 'Speakers (Realtek High Definition Audio)' : 2 channels at 48 kHz using 32 bits per sample (channel mask 0x3)
[2016.05.15-01.53.44:642][748]LogInit: FAudioDevice initialized.
[2016.05.15-01.53.44:693][748]LogWorld: Game class is 'MechGame_C'
[2016.05.15-01.53.44:744][748]LogWorld: Bringing World /Game/ThirdPersonBP/Maps/UEDPIE_0_DEMOmap.DEMOmap up for play (max tick rate 0) at 2016.05.14-21.53.44
[2016.05.15-01.53.44:746][748]LogBlueprintUserMessages: [MechChara11_4728] wallruncollide
[2016.05.15-01.53.44:747][748]LogBlueprintUserMessages: [MechChara10_4327] wallruncollide
[2016.05.15-01.53.44:748][748]LogBlueprintUserMessages: [MechChara12_5016] wallruncollide
[2016.05.15-01.53.44:749][748]LogBlueprintUserMessages: [MechChara13_5588] wallruncollide
[2016.05.15-01.53.44:750][748]LogBlueprintUserMessages: [MechChara14] wallruncollide
[2016.05.15-01.53.44:751][748]LogBlueprintUserMessages: [MechChara15] wallruncollide
[2016.05.15-01.53.44:753][748]LogBlueprintUserMessages: [MechChara16] wallruncollide
[2016.05.15-01.53.44:754][748]LogBlueprintUserMessages: [MechChara17] wallruncollide
[2016.05.15-01.53.44:755][748]LogBlueprintUserMessages: [MechChara2] wallruncollide
[2016.05.15-01.53.44:756][748]LogBlueprintUserMessages: [MechChara3] wallruncollide
[2016.05.15-01.53.44:757][748]LogBlueprintUserMessages: [MechChara4_17492] wallruncollide
[2016.05.15-01.53.44:758][748]LogBlueprintUserMessages: [MechChara5] wallruncollide
[2016.05.15-01.53.44:759][748]LogBlueprintUserMessages: [MechChara5] wallruncollide
[2016.05.15-01.53.44:759][748]LogBlueprintUserMessages: [MechChara6] wallruncollide
[2016.05.15-01.53.44:760][748]LogBlueprintUserMessages: [MechChara7] wallruncollide
[2016.05.15-01.53.44:761][748]LogBlueprintUserMessages: [MechChara8_441] wallruncollide
[2016.05.15-01.53.44:762][748]LogBlueprintUserMessages: [MechChara9_3888] wallruncollide
[2016.05.15-01.53.44:763][748]LogBlueprintUserMessages: [MechChara_5996] wallruncollide
[2016.05.15-01.53.44:764][748]LogWorld: Bringing up level for play took: 0.068957
[2016.05.15-01.53.44:765][748]LogSpawn:Warning: SpawnActor failed because no class was specified
[2016.05.15-01.53.44:770][748]LogBlueprintUserMessages: [MechChara_C_397] wallruncollide
[2016.05.15-01.53.44:800][748]PIE: Info Play in editor start time for /Game/ThirdPersonBP/Maps/UEDPIE_0_DEMOmap -0.614
[2016.05.15-01.53.44:857][749]LogRenderTargetPool:Warning: r.RenderTargetPoolMin exceeded 418/400 MB (ok in editor, bad on fixed memory platform)
[2016.05.15-01.53.46:394][808]Cmd: disableallscreenmessages
[2016.05.15-01.53.46:394][808]LogEngine: Onscreen warnings/messages are now DISABLED
[2016.05.15-01.53.46:753][822]Cmd: Enableallscreenmessages
[2016.05.15-01.53.46:753][822]LogEngine: Onscreen warngins/messages are now ENABLED
[2016.05.15-01.54.56:221][169]LogSavePackage: Save=248.95ms
[2016.05.15-01.54.56:221][169]LogSavePackage: Moving '../../../../../../UnrealProjects/MechProject2/Saved/FirstPersonAnim1D2BF122479551CB1105B3B857CFAA8A.tmp' to '../../../../../../UnrealProjects/MechProject2/Content/MechaInsurgent/MechaInsurgent/FirstPersonAnim.uasset'
[2016.05.15-01.54.56:227][169]LogSavePackage: Total save time: 382.39ms
[2016.05.15-01.54.56:227][169]LogSavePackage:Display: Finished SavePackage ../../../../../../UnrealProjects/MechProject2/Content/MechaInsurgent/MechaInsurgent/FirstPersonAnim.uasset
[2016.05.15-01.54.56:297][169]LogSavePackage: Save=21.56ms
[2016.05.15-01.54.56:297][169]LogSavePackage: Moving '../../../../../../UnrealProjects/MechProject2/Saved/HyenaFirstPerson_FP_Drag_Left74D8B6B5470184344FF240AB9A573CE6.tmp' to '../../../../../../UnrealProjects/MechProject2/Content/MechaInsurgent/MechaInsurgent/FirstPersonAnimation/HyenaFirstPerson_FP_Drag_Left.uasset'
[2016.05.15-01.54.56:313][169]LogSavePackage: Total save time: 47.10ms
[2016.05.15-01.54.56:313][169]LogSavePackage:Display: Finished SavePackage ../../../../../../UnrealProjects/MechProject2/Content/MechaInsurgent/MechaInsurgent/FirstPersonAnimation/HyenaFirstPerson_FP_Drag_Left.uasset
[2016.05.15-02.16.48:413][351]Cmd: QUIT_EDITOR
[2016.05.15-02.16.48:565][351]LogExit: Preparing to exit.
[2016.05.15-02.16.49:701][351]LogExit: Editor shut down
[2016.05.15-02.16.49:701][351]LogExit: Transaction tracking system shut down
[2016.05.15-02.16.49:954][351]LogObj: Freed 0b from 0 cluster array pools.
[2016.05.15-02.16.49:955][351]LogExit: Object subsystem successfully closed.
[2016.05.15-02.16.49:977][351]LogD3D11RHI: Shutdown
[2016.05.15-02.16.49:977][351]LogD3D11RHI: CleanupD3DDevice
[2016.05.15-02.16.50:129][351]LogD3D11RHI: ~FD3D11DynamicRHI
[2016.05.15-02.16.50:221][351]LogDerivedDataCache: Shutdown
[2016.05.15-02.16.50:222][351]LogModuleManager: Shutting down and abandoning module BlueprintGraph (206)
[2016.05.15-02.16.50:222][351]LogModuleManager: Shutting down and abandoning module MovieSceneCapture (205)
[2016.05.15-02.16.50:222][351]LogModuleManager: Shutting down and abandoning module HierarchicalLODOutliner (204)
[2016.05.15-02.16.50:222][351]LogModuleManager: Shutting down and abandoning module CrashTracker (203)
[2016.05.15-02.16.50:222][351]LogModuleManager: Shutting down and abandoning module SceneOutliner (202)
[2016.05.15-02.16.50:222][351]LogModuleManager: Shutting down and abandoning module SuperSearch (201)
[2016.05.15-02.16.50:222][351]LogModuleManager: Shutting down and abandoning module WidgetCarousel (200)
[2016.05.15-02.16.50:222][351]LogModuleManager: Shutting down and abandoning module AddContentDialog (199)
[2016.05.15-02.16.50:224][351]LogModuleManager: Shutting down and abandoning module GameplayTags (198)
[2016.05.15-02.16.50:224][351]LogModuleManager: Shutting down and abandoning module EditorWidgets (197)
[2016.05.15-02.16.50:224][351]LogModuleManager: Shutting down and abandoning module CollectionManager (196)
[2016.05.15-02.16.50:224][351]LogModuleManager: Shutting down and abandoning module StatsViewer (195)
[2016.05.15-02.16.50:224][351]LogModuleManager: Shutting down and abandoning module FoliageEdit (194)
[2016.05.15-02.16.50:224][351]LogModuleManager: Shutting down and abandoning module LandscapeEditor (193)
[2016.05.15-02.16.50:224][351]LogModuleManager: Shutting down and abandoning module ActorPickerMode (192)
[2016.05.15-02.16.50:224][351]LogModuleManager: Shutting down and abandoning module GeometryMode (191)
[2016.05.15-02.16.50:224][351]LogModuleManager: Shutting down and abandoning module TextureAlignMode (190)
[2016.05.15-02.16.50:224][351]LogModuleManager: Shutting down and abandoning module BspMode (189)
[2016.05.15-02.16.50:224][351]LogModuleManager: Shutting down and abandoning module PlacementMode (188)
[2016.05.15-02.16.50:224][351]LogModuleManager: Shutting down and abandoning module AutomationWorker (187)
[2016.05.15-02.16.50:224][351]LogModuleManager: Shutting down and abandoning module CharacterAI (186)
[2016.05.15-02.16.50:224][351]LogModuleManager: Shutting down and abandoning module SmartSnapping (185)
[2016.05.15-02.16.50:224][351]LogModuleManager: Shutting down and abandoning module ViewportSnapping (184)
[2016.05.15-02.16.50:224][351]LogModuleManager: Shutting down and abandoning module LogVisualizer (183)
[2016.05.15-02.16.50:225][351]LogModuleManager: Shutting down and abandoning module GameProjectGeneration (182)
[2016.05.15-02.16.50:225][351]LogModuleManager: Shutting down and abandoning module IntroTutorials (181)
[2016.05.15-02.16.50:225][351]LogModuleManager: Shutting down and abandoning module EditorLiveStreaming (180)
[2016.05.15-02.16.50:225][351]LogModuleManager: Shutting down and abandoning module IOSPlatformEditor (179)
[2016.05.15-02.16.50:225][351]LogModuleManager: Shutting down and abandoning module HTML5PlatformEditor (178)
[2016.05.15-02.16.50:225][351]LogModuleManager: Shutting down and abandoning module AndroidDeviceDetection (177)
[2016.05.15-02.16.50:487][351]LogModuleManager: Shutting down and abandoning module AndroidPlatformEditor (176)
[2016.05.15-02.16.50:487][351]LogModuleManager: Shutting down and abandoning module IOSRuntimeSettings (175)
[2016.05.15-02.16.50:488][351]LogModuleManager: Shutting down and abandoning module AndroidRuntimeSettings (174)
[2016.05.15-02.16.50:488][351]LogModuleManager: Shutting down and abandoning module MergeActors (173)
[2016.05.15-02.16.50:488][351]LogModuleManager: Shutting down and abandoning module SizeMap (172)
[2016.05.15-02.16.50:488][351]LogModuleManager: Shutting down and abandoning module TreeMap (171)
[2016.05.15-02.16.50:488][351]LogModuleManager: Shutting down and abandoning module ReferenceViewer (170)
[2016.05.15-02.16.50:488][351]LogModuleManager: Shutting down and abandoning module LocalizationService (169)
[2016.05.15-02.16.50:488][351]LogModuleManager: Shutting down and abandoning module LocalizationDashboard (168)
[2016.05.15-02.16.50:488][351]LogModuleManager: Shutting down and abandoning module HardwareTargeting (167)
[2016.05.15-02.16.50:488][351]LogModuleManager: Shutting down and abandoning module DeviceProfileEditor (166)
[2016.05.15-02.16.50:488][351]LogModuleManager: Shutting down and abandoning module UndoHistory (165)
[2016.05.15-02.16.50:488][351]LogModuleManager: Shutting down and abandoning module UserFeedback (164)
[2016.05.15-02.16.50:488][351]LogModuleManager: Shutting down and abandoning module XmlParser (163)
[2016.05.15-02.16.50:488][351]LogModuleManager: Shutting down and abandoning module Blutility (162)
[2016.05.15-02.16.50:488][351]LogModuleManager: Shutting down and abandoning module ProjectTargetPlatformEditor (161)
[2016.05.15-02.16.50:488][351]LogModuleManager: Shutting down and abandoning module ProjectSettingsViewer (160)
[2016.05.15-02.16.50:488][351]LogModuleManager: Shutting down and abandoning module InputBindingEditor (159)
[2016.05.15-02.16.50:489][351]LogModuleManager: Shutting down and abandoning module EditorSettingsViewer (158)
[2016.05.15-02.16.50:489][351]LogModuleManager: Shutting down and abandoning module SettingsEditor (157)
[2016.05.15-02.16.50:489][351]LogModuleManager: Shutting down and abandoning module ProjectLauncher (156)
[2016.05.15-02.16.50:489][351]LogModuleManager: Shutting down and abandoning module SessionFrontend (155)
[2016.05.15-02.16.50:489][351]LogModuleManager: Shutting down and abandoning module ProfilerClient (154)
[2016.05.15-02.16.50:489][351]LogModuleManager: Shutting down and abandoning module TargetDeviceServices (153)
[2016.05.15-02.16.50:489][351]LogModuleManager: Shutting down and abandoning module DeviceManager (152)
[2016.05.15-02.16.50:519][351]LogModuleManager: Shutting down and abandoning module AutomationController (151)
[2016.05.15-02.16.50:519][351]LogModuleManager: Shutting down and abandoning module AutomationWindow (150)
[2016.05.15-02.16.50:519][351]LogModuleManager: Shutting down and abandoning module Layers (149)
[2016.05.15-02.16.50:519][351]LogModuleManager: Shutting down and abandoning module ComponentVisualizers (148)
[2016.05.15-02.16.50:519][351]LogModuleManager: Shutting down and abandoning module DetailCustomizations (147)
[2016.05.15-02.16.50:519][351]LogModuleManager: Shutting down and abandoning module PackagesDialog (146)
[2016.05.15-02.16.50:519][351]LogModuleManager: Shutting down and abandoning module Persona (145)
[2016.05.15-02.16.50:519][351]LogModuleManager: Shutting down and abandoning module Kismet (144)
[2016.05.15-02.16.50:519][351]LogModuleManager: Shutting down and abandoning module GraphEditor (143)
[2016.05.15-02.16.50:519][351]LogModuleManager: Shutting down and abandoning module ClassViewer (142)
[2016.05.15-02.16.50:519][351]LogModuleManager: Shutting down and abandoning module Toolbox (141)
[2016.05.15-02.16.50:519][351]LogModuleManager: Shutting down and abandoning module ModuleUI (140)
[2016.05.15-02.16.50:520][351]LogModuleManager: Shutting down and abandoning module MovieSceneTools (139)
[2016.05.15-02.16.50:520][351]LogModuleManager: Shutting down and abandoning module OutputLog (138)
[2016.05.15-02.16.50:520][351]LogModuleManager: Shutting down and abandoning module GammaUI (137)
[2016.05.15-02.16.50:520][351]LogModuleManager: Shutting down and abandoning module Documentation (136)
[2016.05.15-02.16.50:520][351]LogModuleManager: Shutting down and abandoning module StreamingPauseRendering (135)
[2016.05.15-02.16.50:520][351]LogModuleManager: Shutting down and abandoning module AnalyticsET (134)
[2016.05.15-02.16.50:520][351]LogModuleManager: Shutting down and abandoning module Analytics (133)
[2016.05.15-02.16.50:520][351]LogModuleManager: Shutting down and abandoning module PortalServices (132)
[2016.05.15-02.16.50:520][351]LogModuleManager: Shutting down and abandoning module PortalRpc (131)
[2016.05.15-02.16.50:520][351]LogModuleManager: Shutting down and abandoning module MessagingRpc (130)
[2016.05.15-02.16.50:520][351]LogModuleManager: Shutting down and abandoning module AITestSuite (129)
[2016.05.15-02.16.50:520][351]LogModuleManager: Shutting down and abandoning module GameplayDebugger (128)
[2016.05.15-02.16.50:520][351]LogModuleManager: Shutting down and abandoning module AIModule (127)
[2016.05.15-02.16.50:520][351]LogModuleManager: Shutting down and abandoning module ProfilerService (126)
[2016.05.15-02.16.50:560][351]LogModuleManager: Shutting down and abandoning module TaskGraph (125)
[2016.05.15-02.16.50:560][351]LogModuleManager: Shutting down and abandoning module SlateRemote (124)
[2016.05.15-02.16.50:560][351]LogModuleManager: Shutting down and abandoning module SteamVRController (123)
[2016.05.15-02.16.50:560][351]LogModuleManager: Shutting down and abandoning module SteamVR (122)
[2016.05.15-02.16.50:560][351]LogModuleManager: Shutting down and abandoning module ProceduralMeshComponent (121)
[2016.05.15-02.16.50:560][351]LogModuleManager: Shutting down and abandoning module OculusLibrary (120)
[2016.05.15-02.16.50:561][351]LogModuleManager: Shutting down and abandoning module OculusInput (119)
[2016.05.15-02.16.50:561][351]LogModuleManager: Shutting down and abandoning module CustomMeshComponent (118)
[2016.05.15-02.16.50:561][351]LogModuleManager: Shutting down and abandoning module CableComponent (117)
[2016.05.15-02.16.50:561][351]LogModuleManager: Shutting down and abandoning module ArchVisCharacter (116)
[2016.05.15-02.16.50:561][351]LogModuleManager: Shutting down and abandoning module MediaPlayerEditor (115)
[2016.05.15-02.16.50:561][351]LogModuleManager: Shutting down and abandoning module HTML5Networking (114)
[2016.05.15-02.16.50:561][351]LogModuleManager: Shutting down and abandoning module SpeedTreeImporter (113)
[2016.05.15-02.16.50:561][351]LogModuleManager: Shutting down and abandoning module PluginBrowser (112)
[2016.05.15-02.16.50:561][351]LogModuleManager: Shutting down and abandoning module EpicSurvey (111)
[2016.05.15-02.16.50:561][351]LogModuleManager: Shutting down and abandoning module DesktopPlatform (110)
[2016.05.15-02.16.50:561][351]LogModuleManager: Shutting down and abandoning module VisualStudioSourceCodeAccess (109)
[2016.05.15-02.16.50:561][351]LogModuleManager: Shutting down and abandoning module UObjectPlugin (108)
[2016.05.15-02.16.50:561][351]LogModuleManager: Shutting down and abandoning module SubversionSourceControl (107)
[2016.05.15-02.16.50:561][351]LogModuleManager: Shutting down and abandoning module PerforceSourceControl (106)
[2016.05.15-02.16.50:561][351]LogModuleManager: Shutting down and abandoning module SourceControl (105)
[2016.05.15-02.16.50:561][351]LogModuleManager: Shutting down and abandoning module GitSourceControl (104)
[2016.05.15-02.16.50:561][351]LogModuleManager: Shutting down and abandoning module LightPropagationVolumeEditor (103)
[2016.05.15-02.16.50:561][351]LogModuleManager: Shutting down and abandoning module PaperTiledImporter (102)
[2016.05.15-02.16.50:561][351]LogModuleManager: Shutting down and abandoning module PaperSpriteSheetImporter (101)
[2016.05.15-02.16.50:561][351]LogModuleManager: Shutting down and abandoning module MeshPaint (100)
[2016.05.15-02.16.50:562][351]LogModuleManager: Shutting down and abandoning module HotReload (99)
[2016.05.15-02.16.50:564][351]LogModuleManager: Shutting down and abandoning module MainFrame (98)
[2016.05.15-02.16.50:564][351]LogModuleManager: Shutting down and abandoning module LevelEditor (97)
[2016.05.15-02.16.50:565][351]LogModuleManager: Shutting down and abandoning module DirectoryWatcher (96)
[2016.05.15-02.16.50:566][351]LogModuleManager: Shutting down and abandoning module AssetRegistry (95)
[2016.05.15-02.16.51:660][351]LogModuleManager: Shutting down and abandoning module ContentBrowser (94)
[2016.05.15-02.16.51:661][351]LogModuleManager: Shutting down and abandoning module Paper2DEditor (93)
[2016.05.15-02.16.51:661][351]LogModuleManager: Shutting down and abandoning module UdpMessaging (92)
[2016.05.15-02.16.51:761][351]LogModuleManager: Shutting down and abandoning module LightPropagationVolumeRuntime (91)
[2016.05.15-02.16.51:761][351]LogModuleManager: Shutting down and abandoning module Paper2D (90)
[2016.05.15-02.16.51:761][351]LogModuleManager: Shutting down and abandoning module WindowsMoviePlayer (89)
[2016.05.15-02.16.51:761][351]LogModuleManager: Shutting down and abandoning module Media (88)
[2016.05.15-02.16.51:761][351]LogModuleManager: Shutting down and abandoning module WmfMedia (87)
[2016.05.15-02.16.51:762][351]LogModuleManager: Shutting down and abandoning module MediaAssets (86)
[2016.05.15-02.16.51:762][351]LogModuleManager: Shutting down and abandoning module GameLiveStreaming (85)
[2016.05.15-02.16.51:762][351]LogModuleManager: Shutting down and abandoning module GameplayTagsEditor (84)
[2016.05.15-02.16.51:762][351]LogModuleManager: Shutting down and abandoning module OnlineBlueprintSupport (83)
[2016.05.15-02.16.51:762][351]LogModuleManager: Shutting down and abandoning module GameplayTasksEditor (82)
[2016.05.15-02.16.51:762][351]LogModuleManager: Shutting down and abandoning module PropertyEditor (81)
[2016.05.15-02.16.51:762][351]LogModuleManager: Shutting down and abandoning module BehaviorTreeEditor (80)
[2016.05.15-02.16.51:762][351]LogModuleManager: Shutting down and abandoning module FunctionalTesting (79)
[2016.05.15-02.16.51:762][351]LogModuleManager: Shutting down and abandoning module CollisionAnalyzer (78)
[2016.05.15-02.16.51:762][351]LogModuleManager: Shutting down and abandoning module WorkspaceMenuStructure (77)
[2016.05.15-02.16.51:762][351]LogModuleManager: Shutting down and abandoning module MessageLog (76)
[2016.05.15-02.16.51:762][351]LogModuleManager: Shutting down and abandoning module Sequencer (75)
[2016.05.15-02.16.51:762][351]LogModuleManager: Shutting down and abandoning module AssetTools (74)
[2016.05.15-02.16.51:763][351]LogModuleManager: Shutting down and abandoning module UMGEditor (73)
[2016.05.15-02.16.51:763][351]LogModuleManager: Shutting down and abandoning module UMG (72)
[2016.05.15-02.16.51:763][351]LogModuleManager: Shutting down and abandoning module SlateReflector (71)
[2016.05.15-02.16.51:763][351]LogModuleManager: Shutting down and abandoning module Slate (70)
[2016.05.15-02.16.51:763][351]LogModuleManager: Shutting down and abandoning module EditorStyle (69)
[2016.05.15-02.16.51:766][351]LogModuleManager: Shutting down and abandoning module SessionServices (68)
[2016.05.15-02.16.51:766][351]LogModuleManager: Shutting down and abandoning module SourceCodeAccess (67)
[2016.05.15-02.16.51:766][351]LogModuleManager: Shutting down and abandoning module HeadMountedDisplay (66)
[2016.05.15-02.16.51:766][351]LogModuleManager: Shutting down and abandoning module XAudio2 (65)
[2016.05.15-02.16.51:767][351]LogModuleManager: Shutting down and abandoning module Networking (63)
[2016.05.15-02.16.51:767][351]LogModuleManager: Shutting down and abandoning module Core (62)
[2016.05.15-02.16.51:767][351]LogModuleManager: Shutting down and abandoning module KismetCompiler (61)
[2016.05.15-02.16.51:767][351]LogModuleManager: Shutting down and abandoning module PhysXFormats (60)
[2016.05.15-02.16.51:767][351]LogModuleManager: Shutting down and abandoning module MeshUtilities (59)
[2016.05.15-02.16.51:767][351]LogModuleManager: Shutting down and abandoning module CookingStats (58)
[2016.05.15-02.16.51:767][351]LogModuleManager: Shutting down and abandoning module DerivedDataCache (57)
[2016.05.15-02.16.51:767][351]LogDerivedDataCache: Shutdown
[2016.05.15-02.16.51:767][351]LogModuleManager: Shutting down and abandoning module ShaderFormatOpenGL (56)
[2016.05.15-02.16.51:767][351]LogModuleManager: Shutting down and abandoning module ShaderFormatD3D (55)
[2016.05.15-02.16.51:767][351]LogModuleManager: Shutting down and abandoning module MetalShaderFormat (54)
[2016.05.15-02.16.51:767][351]LogModuleManager: Shutting down and abandoning module TextureFormatUncompressed (53)
[2016.05.15-02.16.51:767][351]LogModuleManager: Shutting down and abandoning module TextureFormatPVR (52)
[2016.05.15-02.16.51:767][351]LogModuleManager: Shutting down and abandoning module TextureFormatIntelISPCTexComp (51)
[2016.05.15-02.16.51:767][351]LogModuleManager: Shutting down and abandoning module TextureFormatDXT (50)
[2016.05.15-02.16.51:767][351]LogModuleManager: Shutting down and abandoning module ImageWrapper (49)
[2016.05.15-02.16.51:767][351]LogModuleManager: Shutting down and abandoning module TextureFormatASTC (48)
[2016.05.15-02.16.51:767][351]LogModuleManager: Shutting down and abandoning module TextureFormatAndroid (47)
[2016.05.15-02.16.51:767][351]LogModuleManager: Shutting down and abandoning module AudioFormatOpus (46)
[2016.05.15-02.16.51:767][351]LogModuleManager: Shutting down and abandoning module AudioFormatOgg (45)
[2016.05.15-02.16.51:767][351]LogModuleManager: Shutting down and abandoning module AudioFormatADPCM (44)
[2016.05.15-02.16.51:767][351]LogModuleManager: Shutting down and abandoning module LinuxTargetPlatform (43)
[2016.05.15-02.16.51:767][351]LogModuleManager: Shutting down and abandoning module LinuxServerTargetPlatform (42)
[2016.05.15-02.16.51:767][351]LogModuleManager: Shutting down and abandoning module LinuxNoEditorTargetPlatform (41)
[2016.05.15-02.16.51:767][351]LogModuleManager: Shutting down and abandoning module TVOSTargetPlatform (40)
[2016.05.15-02.16.51:767][351]LogModuleManager: Shutting down and abandoning module Messaging (39)
[2016.05.15-02.16.51:767][351]LogModuleManager: Shutting down and abandoning module IOSTargetPlatform (38)
[2016.05.15-02.16.51:767][351]LogModuleManager: Shutting down and abandoning module HTML5TargetPlatform (37)
[2016.05.15-02.16.51:767][351]LogModuleManager: Shutting down and abandoning module Android_PVRTCTargetPlatform (36)
[2016.05.15-02.16.51:767][351]LogModuleManager: Shutting down and abandoning module Android_MultiTargetPlatform (35)
[2016.05.15-02.16.51:767][351]LogModuleManager: Shutting down and abandoning module Android_ETC2TargetPlatform (34)
[2016.05.15-02.16.51:767][351]LogModuleManager: Shutting down and abandoning module Android_ETC1TargetPlatform (33)
[2016.05.15-02.16.51:768][351]LogModuleManager: Shutting down and abandoning module Android_DXTTargetPlatform (32)
[2016.05.15-02.16.51:768][351]LogModuleManager: Shutting down and abandoning module Android_ATCTargetPlatform (31)
[2016.05.15-02.16.51:768][351]LogModuleManager: Shutting down and abandoning module Android_ASTCTargetPlatform (30)
[2016.05.15-02.16.51:768][351]LogModuleManager: Shutting down and abandoning module AndroidTargetPlatform (29)
[2016.05.15-02.16.51:768][351]LogModuleManager: Shutting down and abandoning module WindowsTargetPlatform (28)
[2016.05.15-02.16.51:768][351]LogModuleManager: Shutting down and abandoning module WindowsServerTargetPlatform (27)
[2016.05.15-02.16.51:768][351]LogModuleManager: Shutting down and abandoning module WindowsNoEditorTargetPlatform (26)
[2016.05.15-02.16.51:768][351]LogModuleManager: Shutting down and abandoning module WindowsClientTargetPlatform (25)
[2016.05.15-02.16.51:768][351]LogModuleManager: Shutting down and abandoning module AllDesktopTargetPlatform (24)
[2016.05.15-02.16.51:768][351]LogModuleManager: Shutting down and abandoning module TargetPlatform (23)
[2016.05.15-02.16.51:768][351]LogModuleManager: Shutting down and abandoning module InputCore (22)
[2016.05.15-02.16.51:768][351]LogModuleManager: Shutting down and abandoning module Settings (21)
[2016.05.15-02.16.51:768][351]LogModuleManager: Shutting down and abandoning module OnlineSubsystem (19)
[2016.05.15-02.16.51:768][351]LogModuleManager: Shutting down and abandoning module HTTP (18)
[2016.05.15-02.16.53:768][351]LogModuleManager: Shutting down and abandoning module XMPP (17)
[2016.05.15-02.16.53:768][351]LogModuleManager: Shutting down and abandoning module OculusRift (16)
[2016.05.15-02.16.53:768][351]LogModuleManager: Shutting down and abandoning module ExampleDeviceProfileSelector (15)
[2016.05.15-02.16.53:768][351]LogModuleManager: Shutting down and abandoning module TextureCompressor (14)
[2016.05.15-02.16.53:768][351]LogModuleManager: Shutting down and abandoning module ShaderCore (13)
[2016.05.15-02.16.53:768][351]LogModuleManager: Shutting down and abandoning module Landscape (12)
[2016.05.15-02.16.53:768][351]LogModuleManager: Shutting down and abandoning module SlateRHIRenderer (11)
[2016.05.15-02.16.53:773][351]LogModuleManager: Shutting down and abandoning module OpenGLDrv (10)
[2016.05.15-02.16.53:773][351]LogModuleManager: Shutting down and abandoning module D3D11RHI (9)
[2016.05.15-02.16.53:773][351]LogModuleManager: Shutting down and abandoning module AnimGraphRuntime (8)
[2016.05.15-02.16.53:773][351]LogModuleManager: Shutting down and abandoning module Renderer (7)
[2016.05.15-02.16.53:773][351]LogModuleManager: Shutting down and abandoning module Engine (6)
[2016.05.15-02.16.53:773][351]LogModuleManager: Shutting down and abandoning module CoreUObject (5)
[2016.05.15-02.16.53:773][351]LogModuleManager: Shutting down and abandoning module NetworkFile (4)
[2016.05.15-02.16.53:773][351]LogModuleManager: Shutting down and abandoning module StreamingFile (3)
[2016.05.15-02.16.53:773][351]LogModuleManager: Shutting down and abandoning module SandboxFile (2)
[2016.05.15-02.16.53:773][351]LogModuleManager: Shutting down and abandoning module PakFile (1)
[2016.05.15-02.16.53:777][351]LogExit: Exiting.
[2016.05.15-02.16.53:779][351]Log file closed, 05/14/16 22:16:53
