Log file open, 05/12/16 15:34:51
LogInit:Display: Running engine for game: MechProject2
LogPlatformFile: Not using cached read wrapper
LogInit:Display: RandInit(-1390842125) SRandInit(-1390842123).
LogTaskGraph: Started task graph with 4 named threads and 11 total threads.
LogStats: Stats thread started at 0.118997
LogInit: Version: 4.11.2-2946394+++UE4+Release-4.11
LogInit: API Version: 2927265
LogInit: Compiled (64-bit): Apr 18 2016 02:18:46
LogInit: Compiled with Visual C++: 19.00.23026.00
LogInit: Build Configuration: Development
LogInit: Branch Name: ++UE4+Release-4.11
LogInit: Command line:  
LogInit: Base directory: F:/Programs/Epic Games/4.11/Engine/Binaries/Win64/
LogInit: Installed Engine Build: 1
LogInit: Using libcurl 7.41.0
LogInit:  - built for x86_64-pc-win32
LogInit:  - supports SSL with WinSSL
LogInit:  - other features:
LogInit:      CURL_VERSION_SSL
LogInit:      CURL_VERSION_IPV6
LogInit:      CURL_VERSION_ASYNCHDNS
LogInit:      CURL_VERSION_LARGEFILE
LogInit:      CURL_VERSION_IDN
LogInit:  CurlRequestOptions (configurable via config and command line):
LogInit:  - bVerifyPeer = true  - Libcurl will verify peer certificate
LogInit:  - bUseHttpProxy = false  - Libcurl will NOT use HTTP proxy
LogInit:  - bDontReuseConnections = false  - Libcurl will reuse connections
LogInit:  - CertBundlePath = nullptr  - Libcurl will use whatever was configured at build time.
LogInit: Presizing for max 16777216 objects, including 0 objects not considered by GC, pre-allocating 0 bytes for permanent pool.
LogInit: Object subsystem initialized
[2016.05.12-19.34.51:629][  0]LogInit: Selected Device Profile: [Windows]
[2016.05.12-19.34.51:629][  0]LogInit: Applying CVar settings loaded from the selected device profile: [Windows]
[2016.05.12-19.34.51:643][  0]LogInit: Computer: Z600-PC
[2016.05.12-19.34.51:643][  0]LogInit: User: Z600
[2016.05.12-19.34.51:643][  0]LogInit: CPU Page size=65536, Cores=8
[2016.05.12-19.34.51:643][  0]LogInit: High frequency timer resolution =2.597705 MHz
[2016.05.12-19.34.51:644][  0]LogMemory: Memory total: Physical=12.0GB (12GB approx)
[2016.05.12-19.34.51:644][  0]LogMemory: Platform Memory Stats for Windows
[2016.05.12-19.34.51:644][  0]LogMemory: Process Physical Memory: 316.02 MB used, 316.02 MB peak
[2016.05.12-19.34.51:644][  0]LogMemory: Process Virtual Memory: 321.02 MB used, 321.02 MB peak
[2016.05.12-19.34.51:644][  0]LogMemory: Physical Memory: 5435.23 MB used, 12271.22 MB total
[2016.05.12-19.34.51:644][  0]LogMemory: Virtual Memory: 623.86 MB used, 8388608.00 MB total
[2016.05.12-19.34.51:722][  0]LogTextLocalizationManager: No specific translations for ('en-US') exist, so ('en') translations will be used.
[2016.05.12-19.34.52:275][  0]LogD3D11RHI: D3D11 adapters:
[2016.05.12-19.34.52:297][  0]LogD3D11RHI:    0. 'NVIDIA GeForce GTX 750 Ti' (Feature Level 11_0)
[2016.05.12-19.34.52:297][  0]LogD3D11RHI:       1992MB of dedicated video memory, 0MB of dedicated system memory, and 2048MB of shared system memory, 2 output[s]
[2016.05.12-19.34.52:297][  0]LogD3D11RHI: Chosen D3D11 Adapter: 0
[2016.05.12-19.34.52:303][  0]LogD3D11RHI: Creating new Direct3DDevice
[2016.05.12-19.34.52:303][  0]LogD3D11RHI:     Adapter Name: NVIDIA GeForce GTX 750 Ti
[2016.05.12-19.34.52:303][  0]LogD3D11RHI:   Driver Version: Unknown (internal Unknown)
[2016.05.12-19.34.52:303][  0]LogD3D11RHI:      Driver Date: Unknown
[2016.05.12-19.34.52:303][  0]LogRHI: Texture pool is 1361 MB (70% of 1945 MB)
[2016.05.12-19.34.52:318][  0]LogD3D11RHI: Async texture creation enabled
[2016.05.12-19.34.52:336][  0]LogShaderCompilers: Guid format shader working directory is 0 characters bigger than the processId version (../../../../../../UnrealProjects/MechProject2/Intermediate/Shaders/WorkingDirectory/5592/).
[2016.05.12-19.34.52:336][  0]LogShaderCompilers: Cleaned the shader compiler working directory 'C:/Users/Z600/AppData/Local/Temp/UnrealShaderWorkingDir/128EBA04498F7BD22CC573B9A0A8C50B/'.
[2016.05.12-19.34.52:336][  0]LogShaderCompilers:Display: Using Local Shader Compiler.
[2016.05.12-19.34.56:139][  0]LogTemp:Display: Loaded TP AllDesktopTargetPlatform
[2016.05.12-19.34.56:146][  0]LogTemp:Display: Loaded TP WindowsClientTargetPlatform
[2016.05.12-19.34.56:154][  0]LogTemp:Display: Loaded TP WindowsNoEditorTargetPlatform
[2016.05.12-19.34.56:160][  0]LogTemp:Display: Loaded TP WindowsServerTargetPlatform
[2016.05.12-19.34.56:167][  0]LogTemp:Display: Loaded TP WindowsTargetPlatform
[2016.05.12-19.34.56:173][  0]LogTemp:Display: Loaded TP AndroidTargetPlatform
[2016.05.12-19.34.56:178][  0]LogTemp:Display: Loaded TP Android_ASTCTargetPlatform
[2016.05.12-19.34.56:183][  0]LogTemp:Display: Loaded TP Android_ATCTargetPlatform
[2016.05.12-19.34.56:188][  0]LogTemp:Display: Loaded TP Android_DXTTargetPlatform
[2016.05.12-19.34.56:194][  0]LogTemp:Display: Loaded TP Android_ETC1TargetPlatform
[2016.05.12-19.34.56:199][  0]LogTemp:Display: Loaded TP Android_ETC2TargetPlatform
[2016.05.12-19.34.56:210][  0]LogTemp:Display: Loaded TP Android_MultiTargetPlatform
[2016.05.12-19.34.56:210][  0]LogTemp:Display: Loaded TP Android_PVRTCTargetPlatform
[2016.05.12-19.34.56:212][  0]LogTemp:Display: Loaded TP HTML5TargetPlatform
[2016.05.12-19.34.56:241][  0]LogTemp:Display: Loaded TP IOSTargetPlatform
[2016.05.12-19.34.56:246][  0]LogTemp:Display: Loaded TP TVOSTargetPlatform
[2016.05.12-19.34.56:251][  0]LogTemp:Display: Loaded TP LinuxNoEditorTargetPlatform
[2016.05.12-19.34.56:255][  0]LogTemp:Display: Loaded TP LinuxServerTargetPlatform
[2016.05.12-19.34.56:271][  0]LogTemp:Display: Loaded TP LinuxTargetPlatform
[2016.05.12-19.34.56:271][  0]LogTargetPlatformManager:Display: Building Assets For Windows
[2016.05.12-19.34.56:573][  0]LogDerivedDataCache:Display: Max Cache Size: 512 MB
[2016.05.12-19.34.57:305][  0]LogDerivedDataCache: Loaded boot cache 0.73s 46MB C:/Users/Z600/AppData/Local/UnrealEngine/4.11/DerivedDataCache/Boot.ddc.
[2016.05.12-19.34.57:305][  0]LogDerivedDataCache:Display: Loaded Boot cache: C:/Users/Z600/AppData/Local/UnrealEngine/4.11/DerivedDataCache/Boot.ddc
[2016.05.12-19.34.57:305][  0]LogDerivedDataCache: FDerivedDataBackendGraph:  Pak pak cache file ../../../../../../UnrealProjects/MechProject2/DerivedDataCache/DDC.ddp not found, will not use a pak cache.
[2016.05.12-19.34.57:305][  0]LogDerivedDataCache: Unable to find inner node Pak for hierarchical cache Hierarchy.
[2016.05.12-19.34.57:305][  0]LogDerivedDataCache: FDerivedDataBackendGraph:  CompressedPak pak cache file ../../../../../../UnrealProjects/MechProject2/DerivedDataCache/Compressed.ddp not found, will not use a pak cache.
[2016.05.12-19.34.57:305][  0]LogDerivedDataCache: Unable to find inner node CompressedPak for hierarchical cache Hierarchy.
[2016.05.12-19.34.57:851][  0]LogDerivedDataCache:Display: Pak cache opened for reading ../../../Engine/DerivedDataCache/Compressed.ddp.
[2016.05.12-19.34.57:863][  0]LogDerivedDataCache: Using Local data cache path C:/Users/Z600/AppData/Local/UnrealEngine/Common/DerivedDataCache: Writable
[2016.05.12-19.35.01:000][  0]LogInit: Selected Device Profile: [Windows]
[2016.05.12-19.35.01:027][  0]LogContentStreaming: Texture pool size is 0.00 MB
[2016.05.12-19.35.01:307][  0]LogMaterial: Uniform references updated for custom material expression Custom.
[2016.05.12-19.35.01:629][  0]LogMeshUtilities: No automatic mesh reduction module available
[2016.05.12-19.35.01:629][  0]LogMeshUtilities: No automatic mesh merging module available
[2016.05.12-19.35.01:629][  0]LogMeshUtilities: No distributed automatic mesh merging module available
[2016.05.12-19.35.03:263][  0]LogUObjectArray: 27679 objects as part of root set at end of initial load.
[2016.05.12-19.35.03:263][  0]LogUObjectAllocator: 5591592 out of 0 bytes used by permanent object pool.
[2016.05.12-19.35.03:263][  0]LogUObjectArray: CloseDisregardForGC: 0/0 objects in disregard for GC pool
[2016.05.12-19.35.03:271][  0]LogInit: WinSock: version 1.1 (2.2), MaxSocks=32767, MaxUdp=65467
[2016.05.12-19.35.04:389][  0]LogSlate: SlateFontCache - WITH_FREETYPE: 1, WITH_HARFBUZZ: 1
[2016.05.12-19.35.04:389][  0]LogSlate: SlateFontCache - WITH_FREETYPE: 1, WITH_HARFBUZZ: 1
[2016.05.12-19.35.05:766][  0]LogStreaming:Warning: Failed to read file '../../../Engine/Content/Editor/Slate/Common/Selection_16x.png' error.
[2016.05.12-19.35.05:767][  0]LogSlate: Could not find file for Slate resource: ../../../Engine/Content/Editor/Slate/Common/Selection_16x.png
[2016.05.12-19.35.05:767][  0]LogStreaming:Warning: Failed to read file '../../../Engine/Content/Editor/Slate/Common/Selection_16x.png' error.
[2016.05.12-19.35.05:767][  0]LogSlate: Could not find file for Slate resource: ../../../Engine/Content/Editor/Slate/Common/Selection_16x.png
[2016.05.12-19.35.05:767][  0]LogStreaming:Warning: Failed to read file '../../../Engine/Content/Editor/Slate/Common/Selection_16x.png' error.
[2016.05.12-19.35.05:767][  0]LogSlate: Could not find file for Slate resource: ../../../Engine/Content/Editor/Slate/Common/Selection_16x.png
[2016.05.12-19.35.09:756][  0]LogUdpMessaging: Initializing bridge on interface 0.0.0.0:0 to multicast group 230.0.0.1:6666.
[2016.05.12-19.35.10:034][  0]LogAssetRegistry: FAssetRegistry took 0.0207 seconds to start up
[2016.05.12-19.35.10:270][  0]SourceControl: Info Source control is disabled
[2016.05.12-19.35.10:315][  0]SourceControl: Info Source control is disabled
[2016.05.12-19.35.10:325][  0]SourceControl: Info Source control is disabled
[2016.05.12-19.35.10:334][  0]SourceControl: Info Source control is disabled
[2016.05.12-19.35.10:619][  0]LogHMD: Failed to initialize OpenVR with code 110
[2016.05.12-19.35.10:737][  0]LogEngine: Initializing Engine...
[2016.05.12-19.35.11:088][  0]LogAIModule: Creating AISystem for world NewWorld
[2016.05.12-19.35.11:098][  0]LogInit: XAudio2 using 'Speakers (Realtek High Definition Audio)' : 2 channels at 48 kHz using 32 bits per sample (channel mask 0x3)
[2016.05.12-19.35.11:128][  0]LogInit: FAudioDevice initialized.
[2016.05.12-19.35.11:179][  0]LogDerivedDataCache: Saved boot cache 0.05s 46MB C:/Users/Z600/AppData/Local/UnrealEngine/4.11/DerivedDataCache/Boot.ddc.
[2016.05.12-19.35.11:188][  0]LogInit: Texture streaming: Enabled
[2016.05.12-19.35.11:225][  0]LogInit: Transaction tracking system initialized
[2016.05.12-19.35.11:260][  0]BlueprintLog: New page: Editor Load
[2016.05.12-19.35.11:602][  0]LocalizationService: Info Localization service is disabled
[2016.05.12-19.35.12:227][  0]LogConsoleResponse:Display: 
[2016.05.12-19.35.13:378][  0]LogCook:Display: Max memory allowance for cook 8192mb
[2016.05.12-19.35.13:378][  0]LogCook:Display: Mobile HDR setting 1
[2016.05.12-19.35.13:378][  0]LogCook:Display: Done creating registry. It took  0.00s.
[2016.05.12-19.35.13:615][  0]LogFileCache: Scanning file cache for directory 'F:/UnrealProjects/MechProject2/Content/' took 0.02s
[2016.05.12-19.35.13:615][  0]SourceControl: Info Source control is disabled
[2016.05.12-19.35.13:615][  0]Cmd: MAP LOAD FILE="../../../../../../UnrealProjects/MechProject2/Content/ThirdPersonBP/Maps/TutorialCourse.umap" TEMPLATE=0 SHOWPROGRESS=1 FEATURELEVEL=3
[2016.05.12-19.35.13:616][  0]LightingResults: New page: Lighting Build
[2016.05.12-19.35.13:620][  0]MapCheck: New page: Map Check
[2016.05.12-19.35.13:620][  0]LightingResults: New page: Lighting Build
[2016.05.12-19.35.22:600][  0]LogAIModule: Creating AISystem for world TutorialCourse
[2016.05.12-19.35.22:702][  0]LogEditorServer: Finished looking for orphan Actors (0.000 secs)
[2016.05.12-19.35.22:703][  0]Cmd: MAP CHECKDEP NOCLEARLOG
[2016.05.12-19.35.22:796][  0]MapCheck: Info Map check complete: 0 Error(s), 0 Warning(s), took 93.127ms to complete.
[2016.05.12-19.35.22:796][  0]LogFileHelpers: Loading map 'TutorialCourse' took 9.181
[2016.05.12-19.35.23:208][  0]LogCollectionManager: Loaded 0 collections in 0.001960 seconds
[2016.05.12-19.35.23:256][  0]LogFileCache: Scanning file cache for directory 'F:/UnrealProjects/MechProject2/Saved/Collections/' took 0.01s
[2016.05.12-19.35.23:256][  0]LogFileCache: Scanning file cache for directory 'F:/UnrealPro