Log file open, 05/24/16 18:39:51
LogInit:Display: Running engine for game: MechProject2
LogPlatformFile: Not using cached read wrapper
LogInit:Display: RandInit(1934742886) SRandInit(1934742887).
LogTaskGraph: Started task graph with 4 named threads and 11 total threads.
LogStats: Stats thread started at 0.112495
LogInit: Version: 4.11.2-2946394+++UE4+Release-4.11
LogInit: API Version: 2927265
LogInit: Compiled (64-bit): Apr 18 2016 02:18:46
LogInit: Compiled with Visual C++: 19.00.23026.00
LogInit: Build Configuration: Development
LogInit: Branch Name: ++UE4+Release-4.11
LogInit: Command line: 
LogInit: Base directory: F:/Programs/Epic Games/4.11/Engine/Binaries/Win64/
LogInit: Installed Engine Build: 1
LogInit: Using libcurl 7.41.0
LogInit:  - built for x86_64-pc-win32
LogInit:  - supports SSL with WinSSL
LogInit:  - other features:
LogInit:      CURL_VERSION_SSL
LogInit:      CURL_VERSION_IPV6
LogInit:      CURL_VERSION_ASYNCHDNS
LogInit:      CURL_VERSION_LARGEFILE
LogInit:      CURL_VERSION_IDN
LogInit:  CurlRequestOptions (configurable via config and command line):
LogInit:  - bVerifyPeer = true  - Libcurl will verify peer certificate
LogInit:  - bUseHttpProxy = false  - Libcurl will NOT use HTTP proxy
LogInit:  - bDontReuseConnections = false  - Libcurl will reuse connections
LogInit:  - CertBundlePath = nullptr  - Libcurl will use whatever was configured at build time.
LogInit: Presizing for max 16777216 objects, including 0 objects not considered by GC, pre-allocating 0 bytes for permanent pool.
LogInit: Object subsystem initialized
[2016.05.24-22.39.51:604][  0]LogInit: Selected Device Profile: [Windows]
[2016.05.24-22.39.51:604][  0]LogInit: Applying CVar settings loaded from the selected device profile: [Windows]
[2016.05.24-22.39.51:619][  0]LogInit: Computer: Z600-PC
[2016.05.24-22.39.51:619][  0]LogInit: User: Z600
[2016.05.24-22.39.51:619][  0]LogInit: CPU Page size=65536, Cores=8
[2016.05.24-22.39.51:619][  0]LogInit: High frequency timer resolution =2.597714 MHz
[2016.05.24-22.39.51:619][  0]LogMemory: Memory total: Physical=12.0GB (12GB approx)
[2016.05.24-22.39.51:619][  0]LogMemory: Platform Memory Stats for Windows
[2016.05.24-22.39.51:619][  0]LogMemory: Process Physical Memory: 316.03 MB used, 316.03 MB peak
[2016.05.24-22.39.51:619][  0]LogMemory: Process Virtual Memory: 320.81 MB used, 320.81 MB peak
[2016.05.24-22.39.51:619][  0]LogMemory: Physical Memory: 5936.44 MB used, 12271.22 MB total
[2016.05.24-22.39.51:619][  0]LogMemory: Virtual Memory: 627.68 MB used, 8388608.00 MB total
[2016.05.24-22.39.51:678][  0]LogTextLocalizationManager: No specific translations for ('en-US') exist, so ('en') translations will be used.
[2016.05.24-22.39.52:187][  0]LogD3D11RHI: D3D11 adapters:
[2016.05.24-22.39.52:217][  0]LogD3D11RHI:    0. 'NVIDIA GeForce GTX 750 Ti' (Feature Level 11_0)
[2016.05.24-22.39.52:217][  0]LogD3D11RHI:       1992MB of dedicated video memory, 0MB of dedicated system memory, and 2048MB of shared system memory, 2 output[s]
[2016.05.24-22.39.52:217][  0]LogD3D11RHI: Chosen D3D11 Adapter: 0
[2016.05.24-22.39.52:222][  0]LogD3D11RHI: Creating new Direct3DDevice
[2016.05.24-22.39.52:222][  0]LogD3D11RHI:     Adapter Name: NVIDIA GeForce GTX 750 Ti
[2016.05.24-22.39.52:222][  0]LogD3D11RHI:   Driver Version: Unknown (internal Unknown)
[2016.05.24-22.39.52:222][  0]LogD3D11RHI:      Driver Date: Unknown
[2016.05.24-22.39.52:222][  0]LogRHI: Texture pool is 1361 MB (70% of 1945 MB)
[2016.05.24-22.39.52:236][  0]LogD3D11RHI: Async texture creation enabled
[2016.05.24-22.39.52:254][  0]LogShaderCompilers: Guid format shader working directory is 0 characters bigger than the processId version (../../../../../../UnrealProjects/MechProject2/Intermediate/Shaders/WorkingDirectory/5756/).
[2016.05.24-22.39.52:254][  0]LogShaderCompilers: Cleaned the shader compiler working directory 'C:/Users/Z600/AppData/Local/Temp/UnrealShaderWorkingDir/D352128941E6F90B9C53CAACBFA6666E/'.
[2016.05.24-22.39.52:254][  0]LogShaderCompilers:Display: Using Local Shader Compiler.
[2016.05.24-22.39.53:537][  0]LogTemp:Display: Loaded TP AllDesktopTargetPlatform
[2016.05.24-22.39.53:543][  0]LogTemp:Display: Loaded TP WindowsClientTargetPlatform
[2016.05.24-22.39.53:549][  0]LogTemp:Display: Loaded TP WindowsNoEditorTargetPlatform
[2016.05.24-22.39.53:555][  0]LogTemp:Display: Loaded TP WindowsServerTargetPlatform
[2016.05.24-22.39.53:560][  0]LogTemp:Display: Loaded TP WindowsTargetPlatform
[2016.05.24-22.39.53:565][  0]LogTemp:Display: Loaded TP AndroidTargetPlatform
[2016.05.24-22.39.53:569][  0]LogTemp:Display: Loaded TP Android_ASTCTargetPlatform
[2016.05.24-22.39.53:574][  0]LogTemp:Display: Loaded TP Android_ATCTargetPlatform
[2016.05.24-22.39.53:579][  0]LogTemp:Display: Loaded TP Android_DXTTargetPlatform
[2016.05.24-22.39.53:583][  0]LogTemp:Display: Loaded TP Android_ETC1TargetPlatform
[2016.05.24-22.39.53:588][  0]LogTemp:Display: Loaded TP Android_ETC2TargetPlatform
[2016.05.24-22.39.53:597][  0]LogTemp:Display: Loaded TP Android_MultiTargetPlatform
[2016.05.24-22.39.53:597][  0]LogTemp:Display: Loaded TP Android_PVRTCTargetPlatform
[2016.05.24-22.39.53:599][  0]LogTemp:Display: Loaded TP HTML5TargetPlatform
[2016.05.24-22.39.53:618][  0]LogTemp:Display: Loaded TP IOSTargetPlatform
[2016.05.24-22.39.53:622][  0]LogTemp:Display: Loaded TP TVOSTargetPlatform
[2016.05.24-22.39.53:627][  0]LogTemp:Display: Loaded TP LinuxNoEditorTargetPlatform
[2016.05.24-22.39.53:631][  0]LogTemp:Display: Loaded TP LinuxServerTargetPlatform
[2016.05.24-22.39.53:636][  0]LogTemp:Display: Loaded TP LinuxTargetPlatform
[2016.05.24-22.39.53:636][  0]LogTargetPlatformManager:Display: Building Assets For Windows
[2016.05.24-22.39.53:746][  0]LogDerivedDataCache:Display: Max Cache Size: 512 MB
[2016.05.24-22.39.53:815][  0]LogDerivedDataCache: Loaded boot cache 0.07s 46MB C:/Users/Z600/AppData/Local/UnrealEngine/4.11/DerivedDataCache/Boot.ddc.
[2016.05.24-22.39.53:815][  0]LogDerivedDataCache:Display: Loaded Boot cache: C:/Users/Z600/AppData/Local/UnrealEngine/4.11/DerivedDataCache/Boot.ddc
[2016.05.24-22.39.53:815][  0]LogDerivedDataCache: FDerivedDataBackendGraph:  Pak pak cache file ../../../../../../UnrealProjects/MechProject2/DerivedDataCache/DDC.ddp not found, will not use a pak cache.
[2016.05.24-22.39.53:815][  0]LogDerivedDataCache: Unable to find inner node Pak for hierarchical cache Hierarchy.
[2016.05.24-22.39.53:815][  0]LogDerivedDataCache: FDerivedDataBackendGraph:  CompressedPak pak cache file ../../../../../../UnrealProjects/MechProject2/DerivedDataCache/Compressed.ddp not found, will not use a pak cache.
[2016.05.24-22.39.53:815][  0]LogDerivedDataCache: Unable to find inner node CompressedPak for hierarchical cache Hierarchy.
[2016.05.24-22.39.53:838][  0]LogDerivedDataCache:Display: Pak cache opened for reading ../../../Engine/DerivedDataCache/Compressed.ddp.
[2016.05.24-22.39.53:849][  0]LogDerivedDataCache: Using Local data cache path C:/Users/Z600/AppData/Local/UnrealEngine/Common/DerivedDataCache: Writable
[2016.05.24-22.39.54:095][  0]LogInit: Selected Device Profile: [Windows]
[2016.05.24-22.39.54:097][  0]LogContentStreaming: Texture pool size is 0.00 MB
[2016.05.24-22.39.54:129][  0]LogMaterial: Uniform references updated for custom material expression Custom.
[2016.05.24-22.39.54:313][  0]LogMeshUtilities: No automatic mesh reduction module available
[2016.05.24-22.39.54:313][  0]LogMeshUtilities: No automatic mesh merging module available
[2016.05.24-22.39.54:313][  0]LogMeshUtilities: No distributed automatic mesh merging module available
[2016.05.24-22.39.54:628][  0]LogUObjectArray: 27679 objects as part of root set at end of initial load.
[2016.05.24-22.39.54:628][  0]LogUObjectAllocator: 5591592 out of 0 bytes used by permanent object pool.
[2016.05.24-22.39.54:628][  0]LogUObjectArray: CloseDisregardForGC: 0/0 objects in disregard for GC pool
[2016.05.24-22.39.54:636][  0]LogInit: WinSock: version 1.1 (2.2), MaxSocks=32767, MaxUdp=65467
[2016.05.24-22.39.54:775][  0]LogSlate: SlateFontCache - WITH_FREETYPE: 1, WITH_HARFBUZZ: 1
[2016.05.24-22.39.54:775][  0]LogSlate: SlateFontCache - WITH_FREETYPE: 1, WITH_HARFBUZZ: 1
[2016.05.24-22.39.54:904][  0]LogStreaming:Warning: Failed to read file '../../../Engine/Content/Editor/Slate/Common/Selection_16x.png' error.
[2016.05.24-22.39.54:904][  0]LogSlate: Could not find file for Slate resource: ../../../Engine/Content/Editor/Slate/Common/Selection_16x.png
[2016.05.24-22.39.54:904][  0]LogStreaming:Warning: Failed to read file '../../../Engine/Content/Editor/Slate/Common/Selection_16x.png' error.
[2016.05.24-22.39.54:904][  0]LogSlate: Could not find file for Slate resource: ../../../Engine/Content/Editor/Slate/Common/Selection_16x.png
[2016.05.24-22.39.54:904][  0]LogStreaming:Warning: Failed to read file '../../../Engine/Content/Editor/Slate/Common/Selection_16x.png' error.
[2016.05.24-22.39.54:904][  0]LogSlate: Could not find file for Slate resource: ../../../Engine/Content/Editor/Slate/Common/Selection_16x.png
[2016.05.24-22.39.55:652][  0]LogUdpMessaging: Initializing bridge on interface 0.0.0.0:0 to multicast group 230.0.0.1:6666.
[2016.05.24-22.39.55:776][  0]LogAssetRegistry: FAssetRegistry took 0.0204 seconds to start up
[2016.05.24-22.39.56:309][  0]SourceControl: Info Source control is disabled
[2016.05.24-22.39.56:310][  0]SourceControl: Info Source control is disabled
[2016.05.24-22.39.56:324][  0]SourceControl: Info Source control is disabled
[2016.05.24-22.39.56:337][  0]SourceControl: Info Source control is disabled
[2016.05.24-22.39.56:472][  0]LogHMD: Failed to initialize OpenVR with code 110
[2016.05.24-22.39.56:573][  0]LogEngine: Initializing Engine...
[2016.05.24-22.39.56:760][  0]LogAIModule: Creating AISystem for world NewWorld
[2016.05.24-22.39.56:769][  0]LogInit: XAudio2 using 'Speakers (Realtek High Definition Audio)' : 2 channels at 48 kHz using 32 bits per sample (channel mask 0x3)
[2016.05.24-22.39.56:784][  0]LogInit: FAudioDevice initialized.
[2016.05.24-22.39.56:813][  0]LogDerivedDataCache: Saved boot cache 0.03s 46MB C:/Users/Z600/AppData/Local/UnrealEngine/4.11/DerivedDataCache/Boot.ddc.
[2016.05.24-22.39.56:821][  0]LogInit: Texture streaming: Enabled
[2016.05.24-22.39.56:856][  0]LogInit: Transaction tracking system initialized
[2016.05.24-22.39.56:888][  0]BlueprintLog: New page: Editor Load
[2016.05.24-22.39.57:025][  0]LocalizationService: Info Localization service is disabled
[2016.05.24-22.39.57:132][  0]LogConsoleResponse:Display: 
[2016.05.24-22.39.57:264][  0]LogCook:Display: Max memory allowance for cook 8192mb
[2016.05.24-22.39.57:264][  0]LogCook:Display: Mobile HDR setting 1
[2016.05.24-22.39.57:264][  0]LogCook:Display: Done creating registry. It took  0.00s.
[2016.05.24-22.39.57:335][  0]LogFileCache: Scanning file cache for directory 'F:/UnrealProjects/MechProject2/Content/' took 0.02s
[2016.05.24-22.39.57:335][  0]SourceControl: Info Source control is disabled
[2016.05.24-22.40.05:024][  0]Cmd: MAP LOAD FILE="../../../../../../UnrealProjects/MechProject2/Content/ThirdPersonBP/Maps/DEMOmap.umap" TEMPLATE=0 SHOWPROGRESS=1 FEATURELEVEL=3
[2016.05.24-22.40.05:025][  0]LightingResults: New page: Lighting Build
[2016.05.24-22.40.05:030][  0]MapCheck: New page: Map Check
[2016.05.24-22.40.05:030][  0]LightingResults: New page: Lighting Build
[2016.05.24-22.40.10:752][  0]LogAIModule: Creating AISystem for world DEMOmap
[2016.05.24-22.40.10:757][  0]LogMaterial:Warning: Material /Game/StarterContent/Materials/M_Basic_Floor.M_Basic_Floor needed to have new flag set bUsedWithSkeletalMesh !
[2016.05.24-22.40.10:761][  0]LogMaterial: Missing cached shader map for material M_Basic_Floor, compiling. 
[2016.05.24-22.40.10:834][  0]MapCheck:Warning: Warning M_Basic_Floor Material /Game/StarterContent/Materials/M_Basic_Floor.M_Basic_Floor was missing the usage flag bUsedWithSkeletalMesh. If the material asset is not re-saved, it may not render correctly when run outside the editor. Fix
[2016.05.24-22.40.10:834][  0]LogMaterial: 0.00 seconds spent updating 1 materials, 1 interfaces, 0 instances, 0 with static permutations.
[2016.05.24-22.40.10:979][  0]LogEditorServer: Finished looking for orphan Actors (0.000 secs)
[2016.05.24-22.40.10:981][  0]Cmd: MAP CHECKDEP NOCLEARLOG
[2016.05.24-22.40.11:081][  0]MapCheck: Info Map check complete: 0 Error(s), 1 Warning(s), took 100.31ms to complete.
[2016.05.24-22.40.11:090][  0]LogFileHelpers: Loading map 'DEMOmap' took 6.066
[2016.05.24-22.40.11:186][  0]LogStats:Warning: MetaData mismatch. Did you assign a stat to two groups? New //STATGROUP_Threads//SplashScreenThread///Thread_128_0///####STATCAT_Advanced#### old //STATGROUP_Threads//SplashScreenThread///Thread_1f7c_0///####STATCAT_Advanced####
[2016.05.24-22.40.11:186][  0]LogCollectionManager: Loaded 0 collections in 0.001968 seconds
[2016.05.24-22.40.11:232][  0]LogFileCache: Scanning file cache for directory 'F:/UnrealProjects/MechProject2/Saved/Collections/' took 0.01s
[2016.05.24-22.40.11:232][  0]LogFileCache: Scanning file cache for directory 'F:/UnrealProjects/MechProject2/Content/Developers/Z600/Collections/' took 0.01s
[2016.05.24-22.40.11:232][  0]LogFileCache: Scanning file cache for directory 'F:/UnrealProjects/MechProject2/Content/Collections/' took 0.01s
[2016.05.24-22.40.11:232][  0]LogCollectionManager: Rebuilt the GUID cache for 0 collections in 0.000004 seconds
[2016.05.24-22.40.11:248][  0]LogContentBrowser: Native class hierarchy populated in 0.0157 seconds. Added 1980 classes and 346 folders.
[2016.05.24-22.40.11:253][  0]LogStats: UGameplayTagsManager::ConstructGameplayTagTree: Construct from data asset -  0.000 s
[2016.05.24-22.40.11:253][  0]LogStats: UGameplayTagsManager::ConstructGameplayTagTree: GameplayTagTreeChangedEvent.Broadcast -  0.000 s
[2016.05.24-22.40.11:254][  0]LogContentBrowser: Native class hierarchy updated for 'GameplayTags' in 0.0006 seconds. Added 12 classes and 0 folders.
[2016.05.24-22.40.11:258][  0]LogContentBrowser: Native class hierarchy updated for 'WidgetCarousel' in 0.0004 seconds. Added 0 classes and 0 folders.
[2016.05.24-22.40.11:268][  0]LogContentBrowser: Native class hierarchy updated for 'SuperSearch' in 0.0005 seconds. Added 1 classes and 2 folders.
[2016.05.24-22.40.11:317][  0]LogContentBrowser: Native class hierarchy updated for 'AddContentDialog' in 0.0005 seconds. Added 0 classes and 0 folders.
[2016.05.24-22.40.11:324][  0]LogContentBrowser: Native class hierarchy updated for 'SceneOutliner' in 0.0004 seconds. Added 1 classes and 2 folders.
[2016.05.24-22.40.11:459][  0]LogCrashTracker: Crashtracker disabled due to settings.
[2016.05.24-22.40.11:465][  0]LogUObjectGlobals:Warning: Failed to find object 'Class None.'
[2016.05.24-22.40.11:496][  0]LogContentBrowser: Native class hierarchy updated for 'HierarchicalLODOutliner' in 0.0006 seconds. Added 1 classes and 2 folders.
[2016.05.24-22.40.11:497][  0]LogLoad: Full Startup: 21.90 seconds (BP compile: 1.84 seconds)
[2016.05.24-22.40.11:497][  0]LogExternalProfiler:Warning: No registered external profiler was matched with a command-line switch (or the DLL could not be loaded).  External profiling features will not be available.
[2016.05.24-22.40.11:506][  0]LogOcInput: OculusInput pre-init called
[2016.05.24-22.40.11:564][  0]LogContentStreaming: Texture pool size now 1000 MB
[2016.05.24-22.40.11:825][  0]LogRenderer: Reallocating scene render targets to support 1204x576 (Frame:2).
[2016.05.24-22.40.11:986][  1]LogAssetRegistry: Asset discovery search completed in 16.2300 seconds
[2016.05.24-22.40.11:986][  1]LogCollectionManager: Rebuilt the object cache for 0 collections in 0.000001 seconds (found 0 objects)
[2016.05.24-22.40.11:986][  1]LogCollectionManager: Fixed up redirectors for 0 collections in 0.000026 seconds (updated 0 objects)
[2016.05.24-22.40.16:589][195]LogActorComponent: UnregisterComponent: (/Engine/Transient.CharMoveComp) Not registered. Aborting.
[2016.05.24-22.40.16:589][195]LogActorComponent: UnregisterComponent: (/Engine/Transient.CharacterMovementComponent_0) Not registered. Aborting.
[2016.05.24-22.40.21:212][195]LogObjectTools:Warning: ForceReplaceReferences replaced references for a transient object 'DEADCLASS_MechSurgAnimAI_C_2' or package '/Engine/Transient'.
[2016.05.24-22.40.21:212][195]LogObjectTools:Warning: ForceReplaceReferences replaced references for a transient object 'DEADCLASS_MechSurgAnimAI_C_3' or package '/Engine/Transient'.
[2016.05.24-22.40.21:212][195]LogObjectTools:Warning: ForceReplaceReferences replaced references for a transient object 'DEADCLASS_MechCharaBasicAi_C_0' or package '/Engine/Transient'.
[2016.05.24-22.40.21:212][195]LogObjectTools:Warning: ForceReplaceReferences replaced references for a transient object 'DEADCLASS_MechCharaBasicAi_C_1' or package '/Engine/Transient'.
[2016.05.24-22.40.21:212][195]LogObjectTools:Warning: ForceReplaceReferences replaced references for a transient object 'CharacterMesh0' or package '/Engine/Transient'.
[2016.05.24-22.40.21:213][195]LogObjectTools:Warning: ForceReplaceReferences replaced references for a transient object 'REINST_SKEL_MechSurgAnimAI_C_7' or package '/Engine/Transient'.
[2016.05.24-22.40.21:213][195]LogObjectTools:Warning: ForceReplaceReferences replaced references for a transient object 'REINST_MechSurgAnimAI_C_6' or package '/Engine/Transient'.
[2016.05.24-22.40.21:213][195]LogObjectTools:Warning: ForceReplaceReferences replaced references for a transient object 'REINST_SKEL_MechCharaBasicAi_C_59' or package '/Engine/Transient'.
[2016.05.24-22.40.21:213][195]LogObjectTools:Warning: ForceReplaceReferences replaced references for a transient object 'CharacterMesh0' or package '/Engine/Transient'.
[2016.05.24-22.40.21:213][195]LogObjectTools:Warning: ForceReplaceReferences replaced references for a transient object 'REINST_MechCharaBasicAi_C_58' or package '/Engine/Transient'.
[2016.05.24-22.40.21:846][195]LogCrashTracker: 


[2016.05.24-22.40.21:856][195]LogCrashTracker: 


[2016.05.24-22.40.21:856][195]LogWindows:Error: === Critical error: ===
Fatal error!



[2016.05.24-22.40.21:922][195]LogExit: Executing StaticShutdownAfterError
[2016.05.24-22.40.21:928][195]LogPhysics:Warning: PHYSX: ..\..\PhysX\src\NpScene.cpp (2946) 8 : PxScene::unlockWrite() called without matching call to PxScene::lockWrite(), behaviour will be undefined.
[2016.05.24-22.40.21:928][195]LogPhysics:Warning: PHYSX: ..\..\PhysX\src\NpScene.cpp (2946) 8 : PxScene::unlockWrite() called without matching call to PxScene::lockWrite(), behaviour will be undefined.
[2016.05.24-22.40.21:928][195]LogWindows: FPlatformMisc::RequestExit(1)
[2016.05.24-22.40.21:928][195]Log file closed, 05/24/16 18:40:21
